    {
      "sha": "178f94959fbf9e4bc31f52751d4861d315dc9723",
      "filename": "sysmon/tests/ocsf/11-FileCreate.tql",
      "status": "added",
      "additions": 10,
      "deletions": 0,
      "changes": 10,
      "blob_url": "https://github.com/tenzir/library/blob/2a95f0825ffa5bcf0f716d16f60c6b05a64fd317/sysmon%2Ftests%2Focsf%2F11-FileCreate.tql",
      "raw_url": "https://github.com/tenzir/library/raw/2a95f0825ffa5bcf0f716d16f60c6b05a64fd317/sysmon%2Ftests%2Focsf%2F11-FileCreate.tql",
      "contents_url": "https://api.github.com/repos/tenzir/library/contents/sysmon%2Ftests%2Focsf%2F11-FileCreate.tql?ref=2a95f0825ffa5bcf0f716d16f60c6b05a64fd317",
      "patch": "@@ -0,0 +1,10 @@\n+from_file f\"{env(\"TENZIR_INPUTS\")}/11-FileCreate.xml\" {\n+  read_all\n+}\n+sysmon::ocsf::map data\n+this = ocsf\n+ocsf::derive\n+ocsf::cast\n+\n+// Ensure deterministic tests.\n+drop metadata.processed_time"
    },
    {
      "sha": "cd0914aae7c5bc1a96b2c4cc3bb1f2e49f86c749",
      "filename": "sysmon/tests/ocsf/11-FileCreate.txt",
      "status": "added",
      "additions": 74,
      "deletions": 0,
      "changes": 74,
      "blob_url": "https://github.com/tenzir/library/blob/2a95f0825ffa5bcf0f716d16f60c6b05a64fd317/sysmon%2Ftests%2Focsf%2F11-FileCreate.txt",
      "raw_url": "https://github.com/tenzir/library/raw/2a95f0825ffa5bcf0f716d16f60c6b05a64fd317/sysmon%2Ftests%2Focsf%2F11-FileCreate.txt",
      "contents_url": "https://api.github.com/repos/tenzir/library/contents/sysmon%2Ftests%2Focsf%2F11-FileCreate.txt?ref=2a95f0825ffa5bcf0f716d16f60c6b05a64fd317",
      "patch": "@@ -0,0 +1,74 @@\n+{\n+  activity_id: 1,\n+  activity_name: \"Create\",\n+  actor: {\n+    process: {\n+      file: {\n+        name: \"payload.exe\",\n+        path: \"C:\\\\Users\\\\jdoe\\\\AppData\\\\Local\\\\Temp\\\\payload.exe\",\n+        type: \"Executable File\",\n+        type_id: 8,\n+      },\n+      name: \"payload.exe\",\n+      path: \"C:\\\\Users\\\\jdoe\\\\AppData\\\\Local\\\\Temp\\\\payload.exe\",\n+      pid: 4812,\n+      uid: \"{A23EAE89-BD56-67E0-0000-0010E9D95E03}\",\n+    },\n+    user: {\n+      domain: \"CORP\",\n+      name: \"jdoe\",\n+    },\n+  },\n+  category_name: \"System Activity\",\n+  category_uid: 1,\n+  class_name: \"File System Activity\",\n+  class_uid: 1001,\n+  device: {\n+    hostname: \"WORKSTATION01.corp.local\",\n+  },\n+  file: {\n+    created_time: 2025-03-22T10:22:00Z,\n+    name: \"persist.exe\",\n+    path: \"C:\\\\Users\\\\jdoe\\\\AppData\\\\Roaming\\\\Microsoft\\\\Windows\\\\Start Menu\\\\Programs\\\\Startup\\\\persist.exe\",\n+    type: \"Regular File\",\n+    type_id: 1,\n+  },\n+  metadata: {\n+    event_code: \"11\",\n+    extensions: [\n+      {\n+        name: \"win\",\n+      },\n+    ],\n+    log_format: \"xml\",\n+    log_level: \"4\",\n+    log_name: \"Microsoft-Windows-Sysmon/Operational\",\n+    log_version: \"2\",\n+    logged_time: 2025-03-22T10:22:00Z,\n+    original_event_uid: \"1011\",\n+    product: {\n+      name: \"Microsoft-Windows-Sysmon\",\n+      uid: \"{5770385F-C22A-43E0-BF4C-06F5698FFBD9}\",\n+      vendor_name: \"Microsoft\",\n+    },\n+    profiles: [\n+      \"host\",\n+    ],\n+    version: \"1.7.0\",\n+  },\n+  raw_data: \"<!-- Sysmon EID 11 \u2013 FileCreate (Schema 4.90) -->\\n<!-- Logs file creation and overwrite operations. Useful for detecting dropped payloads. -->\\n<Event xmlns=\\\"http://schemas.microsoft.com/win/2004/08/events/event\\\">\\n  <System>\\n    <Provider Name=\\\"Microsoft-Windows-Sysmon\\\" Guid=\\\"{5770385F-C22A-43E0-BF4C-06F5698FFBD9}\\\"/>\\n    <EventID>11</EventID>\\n    <Version>2</Version>\\n    <Level>4</Level>\\n    <Task>11</Task>\\n    <Opcode>0</Opcode>\\n    <Keywords>0x8000000000000000</Keywords>\\n    <TimeCreated SystemTime=\\\"2025-03-22T10:22:00.000000000Z\\\"/>\\n    <EventRecordID>1011</EventRecordID>\\n    <Correlation/>\\n    <Execution ProcessID=\\\"3216\\\" ThreadID=\\\"3964\\\"/>\\n    <Channel>Microsoft-Windows-Sysmon/Operational</Channel>\\n    <Computer>WORKSTATION01.corp.local</Computer>\\n    <Security UserID=\\\"S-1-5-18\\\"/>\\n  </System>\\n  <EventData>\\n    <Data Name=\\\"RuleName\\\">-</Data>\\n    <Data Name=\\\"UtcTime\\\">2025-03-22 10:22:00.000</Data>\\n    <Data Name=\\\"ProcessGuid\\\">{A23EAE89-BD56-67E0-0000-0010E9D95E03}</Data>\\n    <Data Name=\\\"ProcessId\\\">4812</Data>\\n    <Data Name=\\\"Image\\\">C:\\\\Users\\\\jdoe\\\\AppData\\\\Local\\\\Temp\\\\payload.exe</Data>\\n    <Data Name=\\\"TargetFilename\\\">C:\\\\Users\\\\jdoe\\\\AppData\\\\Roaming\\\\Microsoft\\\\Windows\\\\Start Menu\\\\Programs\\\\Startup\\\\persist.exe</Data>\\n    <Data Name=\\\"CreationUtcTime\\\">2025-03-22 10:22:00.000</Data>\\n    <Data Name=\\\"User\\\">CORP\\\\jdoe</Data>\\n  </EventData>\\n</Event>\\n\",\n+  raw_data_size: 1355,\n+  severity: \"Informational\",\n+  severity_id: 1,\n+  time: 2025-03-22T10:22:00Z,\n+  type_name: \"File System Activity: Create\",\n+  type_uid: 100101,\n+  unmapped: {\n+    System: {\n+      Task: 11,\n+      Opcode: 0,\n+      Keywords: \"0x8000000000000000\",\n+    },\n+    EventData: {},\n+  },\n+}"
    },
    {
      "sha": "9c5bb017be747975b8b9c2bd4efeb2a52224eee1",
      "filename": "sysmon/tests/ocsf/12-RegistryCreateDelete.tql",
      "status": "added",
      "additions": 10,
      "deletions": 0,
      "changes": 10,
      "blob_url": "https://github.com/tenzir/library/blob/2a95f0825ffa5bcf0f716d16f60c6b05a64fd317/sysmon%2Ftests%2Focsf%2F12-RegistryCreateDelete.tql",
      "raw_url": "https://github.com/tenzir/library/raw/2a95f0825ffa5bcf0f716d16f60c6b05a64fd317/sysmon%2Ftests%2Focsf%2F12-RegistryCreateDelete.tql",
      "contents_url": "https://api.github.com/repos/tenzir/library/contents/sysmon%2Ftests%2Focsf%2F12-RegistryCreateDelete.tql?ref=2a95f0825ffa5bcf0f716d16f60c6b05a64fd317",
      "patch": "@@ -0,0 +1,10 @@\n+from_file f\"{env(\"TENZIR_INPUTS\")}/12-RegistryCreateDelete.xml\" {\n+  read_all\n+}\n+sysmon::ocsf::map data\n+this = ocsf\n+ocsf::derive\n+ocsf::cast\n+\n+// Ensure deterministic tests.\n+drop metadata.processed_time"
    },
    {
      "sha": "1a1942ecfd5aa1dc73a9fd7c7829c693b4a3c470",
      "filename": "sysmon/tests/ocsf/12-RegistryCreateDelete.txt",
      "status": "added",
      "additions": 70,
      "deletions": 0,
      "changes": 70,
      "blob_url": "https://github.com/tenzir/library/blob/2a95f0825ffa5bcf0f716d16f60c6b05a64fd317/sysmon%2Ftests%2Focsf%2F12-RegistryCreateDelete.txt",
      "raw_url": "https://github.com/tenzir/library/raw/2a95f0825ffa5bcf0f716d16f60c6b05a64fd317/sysmon%2Ftests%2Focsf%2F12-RegistryCreateDelete.txt",
      "contents_url": "https://api.github.com/repos/tenzir/library/contents/sysmon%2Ftests%2Focsf%2F12-RegistryCreateDelete.txt?ref=2a95f0825ffa5bcf0f716d16f60c6b05a64fd317",
      "patch": "@@ -0,0 +1,70 @@\n+{\n+  activity_id: 1,\n+  activity_name: \"Create\",\n+  actor: {\n+    process: {\n+      file: {\n+        name: \"payload.exe\",\n+        path: \"C:\\\\Users\\\\jdoe\\\\AppData\\\\Local\\\\Temp\\\\payload.exe\",\n+        type: \"Executable File\",\n+        type_id: 8,\n+      },\n+      name: \"payload.exe\",\n+      path: \"C:\\\\Users\\\\jdoe\\\\AppData\\\\Local\\\\Temp\\\\payload.exe\",\n+      pid: 4812,\n+      uid: \"{A23EAE89-BD56-67E0-0000-0010E9D95E03}\",\n+    },\n+    user: {\n+      domain: \"CORP\",\n+      name: \"jdoe\",\n+    },\n+  },\n+  category_name: \"System Activity\",\n+  category_uid: 1,\n+  class_name: \"Registry Key Activity\",\n+  class_uid: 201001,\n+  device: {\n+    hostname: \"WORKSTATION01.corp.local\",\n+  },\n+  metadata: {\n+    event_code: \"12\",\n+    extensions: [\n+      {\n+        name: \"win\",\n+      },\n+    ],\n+    log_format: \"xml\",\n+    log_level: \"4\",\n+    log_name: \"Microsoft-Windows-Sysmon/Operational\",\n+    log_version: \"2\",\n+    logged_time: 2025-03-22T10:23:00Z,\n+    original_event_uid: \"1012\",\n+    product: {\n+      name: \"Microsoft-Windows-Sysmon\",\n+      uid: \"{5770385F-C22A-43E0-BF4C-06F5698FFBD9}\",\n+      vendor_name: \"Microsoft\",\n+    },\n+    profiles: [\n+      \"host\",\n+    ],\n+    version: \"1.7.0\",\n+  },\n+  raw_data: \"<!-- Sysmon EID 12 \u2013 RegistryEvent: Object Created/Deleted (Schema 4.90) -->\\n<!-- Fires on registry key/value creation or deletion. EventType distinguishes the operation. -->\\n<Event xmlns=\\\"http://schemas.microsoft.com/win/2004/08/events/event\\\">\\n  <System>\\n    <Provider Name=\\\"Microsoft-Windows-Sysmon\\\" Guid=\\\"{5770385F-C22A-43E0-BF4C-06F5698FFBD9}\\\"/>\\n    <EventID>12</EventID>\\n    <Version>2</Version>\\n    <Level>4</Level>\\n    <Task>12</Task>\\n    <Opcode>0</Opcode>\\n    <Keywords>0x8000000000000000</Keywords>\\n    <TimeCreated SystemTime=\\\"2025-03-22T10:23:00.000000000Z\\\"/>\\n    <EventRecordID>1012</EventRecordID>\\n    <Correlation/>\\n    <Execution ProcessID=\\\"3216\\\" ThreadID=\\\"3964\\\"/>\\n    <Channel>Microsoft-Windows-Sysmon/Operational</Channel>\\n    <Computer>WORKSTATION01.corp.local</Computer>\\n    <Security UserID=\\\"S-1-5-18\\\"/>\\n  </System>\\n  <EventData>\\n    <Data Name=\\\"RuleName\\\">-</Data>\\n    <Data Name=\\\"EventType\\\">CreateKey</Data>\\n    <Data Name=\\\"UtcTime\\\">2025-03-22 10:23:00.000</Data>\\n    <Data Name=\\\"ProcessGuid\\\">{A23EAE89-BD56-67E0-0000-0010E9D95E03}</Data>\\n    <Data Name=\\\"ProcessId\\\">4812</Data>\\n    <Data Name=\\\"Image\\\">C:\\\\Users\\\\jdoe\\\\AppData\\\\Local\\\\Temp\\\\payload.exe</Data>\\n    <Data Name=\\\"TargetObject\\\">HKLM\\\\SOFTWARE\\\\Microsoft\\\\Windows\\\\CurrentVersion\\\\Run\\\\Persistence</Data>\\n    <Data Name=\\\"User\\\">CORP\\\\jdoe</Data>\\n  </EventData>\\n</Event>\\n\",\n+  raw_data_size: 1340,\n+  reg_key: {\n+    path: \"HKLM\\\\SOFTWARE\\\\Microsoft\\\\Windows\\\\CurrentVersion\\\\Run\\\\Persistence\",\n+  },\n+  severity: \"Informational\",\n+  severity_id: 1,\n+  time: 2025-03-22T10:23:00Z,\n+  type_name: \"Registry Key Activity: Create\",\n+  type_uid: 20100101,\n+  unmapped: {\n+    System: {\n+      Task: 12,\n+      Opcode: 0,\n+      Keywords: \"0x8000000000000000\",\n+    },\n+    EventData: {},\n+  },\n+}"
    },
    {
      "sha": "17b6a3ba0b8a077aa22487d61292e65d3e7c19ea",
      "filename": "sysmon/tests/ocsf/13-RegistryValueSet.tql",
      "status": "added",
      "additions": 10,
      "deletions": 0,
      "changes": 10,
      "blob_url": "https://github.com/tenzir/library/blob/2a95f0825ffa5bcf0f716d16f60c6b05a64fd317/sysmon%2Ftests%2Focsf%2F13-RegistryValueSet.tql",
      "raw_url": "https://github.com/tenzir/library/raw/2a95f0825ffa5bcf0f716d16f60c6b05a64fd317/sysmon%2Ftests%2Focsf%2F13-RegistryValueSet.tql",
      "contents_url": "https://api.github.com/repos/tenzir/library/contents/sysmon%2Ftests%2Focsf%2F13-RegistryValueSet.tql?ref=2a95f0825ffa5bcf0f716d16f60c6b05a64fd317",
      "patch": "@@ -0,0 +1,10 @@\n+from_file f\"{env(\"TENZIR_INPUTS\")}/13-RegistryValueSet.xml\" {\n+  read_all\n+}\n+sysmon::ocsf::map data\n+this = ocsf\n+ocsf::derive\n+ocsf::cast\n+\n+// Ensure deterministic tests.\n+drop metadata.processed_time"
    },
    {
      "sha": "55b6e6c1c624faa891238c805cd866d032cb5f01",
      "filename": "sysmon/tests/ocsf/13-RegistryValueSet.txt",
      "status": "added",
      "additions": 72,
      "deletions": 0,
      "changes": 72,
      "blob_url": "https://github.com/tenzir/library/blob/2a95f0825ffa5bcf0f716d16f60c6b05a64fd317/sysmon%2Ftests%2Focsf%2F13-RegistryValueSet.txt",
      "raw_url": "https://github.com/tenzir/library/raw/2a95f0825ffa5bcf0f716d16f60c6b05a64fd317/sysmon%2Ftests%2Focsf%2F13-RegistryValueSet.txt",
      "contents_url": "https://api.github.com/repos/tenzir/library/contents/sysmon%2Ftests%2Focsf%2F13-RegistryValueSet.txt?ref=2a95f0825ffa5bcf0f716d16f60c6b05a64fd317",
      "patch": "@@ -0,0 +1,72 @@\n+{\n+  activity_id: 2,\n+  activity_name: \"Set\",\n+  actor: {\n+    process: {\n+      file: {\n+        name: \"payload.exe\",\n+        path: \"C:\\\\Users\\\\jdoe\\\\AppData\\\\Local\\\\Temp\\\\payload.exe\",\n+        type: \"Executable File\",\n+        type_id: 8,\n+      },\n+      name: \"payload.exe\",\n+      path: \"C:\\\\Users\\\\jdoe\\\\AppData\\\\Local\\\\Temp\\\\payload.exe\",\n+      pid: 4812,\n+      uid: \"{A23EAE89-BD56-67E0-0000-0010E9D95E03}\",\n+    },\n+    user: {\n+      domain: \"CORP\",\n+      name: \"jdoe\",\n+    },\n+  },\n+  category_name: \"System Activity\",\n+  category_uid: 1,\n+  class_name: \"Registry Value Activity\",\n+  class_uid: 201002,\n+  device: {\n+    hostname: \"WORKSTATION01.corp.local\",\n+  },\n+  metadata: {\n+    event_code: \"13\",\n+    extensions: [\n+      {\n+        name: \"win\",\n+      },\n+    ],\n+    log_format: \"xml\",\n+    log_level: \"4\",\n+    log_name: \"Microsoft-Windows-Sysmon/Operational\",\n+    log_version: \"2\",\n+    logged_time: 2025-03-22T10:23:01Z,\n+    original_event_uid: \"1013\",\n+    product: {\n+      name: \"Microsoft-Windows-Sysmon\",\n+      uid: \"{5770385F-C22A-43E0-BF4C-06F5698FFBD9}\",\n+      vendor_name: \"Microsoft\",\n+    },\n+    profiles: [\n+      \"host\",\n+    ],\n+    version: \"1.7.0\",\n+  },\n+  raw_data: \"<!-- Sysmon EID 13 \u2013 RegistryEvent: Value Set (Schema 4.90) -->\\n<!-- Fires when a registry value is set. Details field contains the new value data. -->\\n<Event xmlns=\\\"http://schemas.microsoft.com/win/2004/08/events/event\\\">\\n  <System>\\n    <Provider Name=\\\"Microsoft-Windows-Sysmon\\\" Guid=\\\"{5770385F-C22A-43E0-BF4C-06F5698FFBD9}\\\"/>\\n    <EventID>13</EventID>\\n    <Version>2</Version>\\n    <Level>4</Level>\\n    <Task>13</Task>\\n    <Opcode>0</Opcode>\\n    <Keywords>0x8000000000000000</Keywords>\\n    <TimeCreated SystemTime=\\\"2025-03-22T10:23:01.000000000Z\\\"/>\\n    <EventRecordID>1013</EventRecordID>\\n    <Correlation/>\\n    <Execution ProcessID=\\\"3216\\\" ThreadID=\\\"3964\\\"/>\\n    <Channel>Microsoft-Windows-Sysmon/Operational</Channel>\\n    <Computer>WORKSTATION01.corp.local</Computer>\\n    <Security UserID=\\\"S-1-5-18\\\"/>\\n  </System>\\n  <EventData>\\n    <Data Name=\\\"RuleName\\\">-</Data>\\n    <Data Name=\\\"EventType\\\">SetValue</Data>\\n    <Data Name=\\\"UtcTime\\\">2025-03-22 10:23:01.000</Data>\\n    <Data Name=\\\"ProcessGuid\\\">{A23EAE89-BD56-67E0-0000-0010E9D95E03}</Data>\\n    <Data Name=\\\"ProcessId\\\">4812</Data>\\n    <Data Name=\\\"Image\\\">C:\\\\Users\\\\jdoe\\\\AppData\\\\Local\\\\Temp\\\\payload.exe</Data>\\n    <Data Name=\\\"TargetObject\\\">HKLM\\\\SOFTWARE\\\\Microsoft\\\\Windows\\\\CurrentVersion\\\\Run\\\\Persistence</Data>\\n    <Data Name=\\\"Details\\\">C:\\\\Users\\\\jdoe\\\\AppData\\\\Roaming\\\\Microsoft\\\\Windows\\\\Start Menu\\\\Programs\\\\Startup\\\\persist.exe</Data>\\n    <Data Name=\\\"User\\\">CORP\\\\jdoe</Data>\\n  </EventData>\\n</Event>\\n\",\n+  raw_data_size: 1436,\n+  reg_value: {\n+    name: \"Persistence\",\n+    path: \"HKLM\\\\SOFTWARE\\\\Microsoft\\\\Windows\\\\CurrentVersion\\\\Run\",\n+    reg_string_data: \"C:\\\\Users\\\\jdoe\\\\AppData\\\\Roaming\\\\Microsoft\\\\Windows\\\\Start Menu\\\\Programs\\\\Startup\\\\persist.exe\",\n+  },\n+  severity: \"Informational\",\n+  severity_id: 1,\n+  time: 2025-03-22T10:23:01Z,\n+  type_name: \"Registry Value Activity: Set\",\n+  type_uid: 20100202,\n+  unmapped: {\n+    System: {\n+      Task: 13,\n+      Opcode: 0,\n+      Keywords: \"0x8000000000000000\",\n+    },\n+    EventData: {},\n+  },\n+}"
    },
    {
      "sha": "6a1849afce7ace57b607f7c4f7d9a96f2884163a",
      "filename": "sysmon/tests/ocsf/14-RegistryRename.tql",
      "status": "added",
      "additions": 10,
      "deletions": 0,
      "changes": 10,
      "blob_url": "https://github.com/tenzir/library/blob/2a95f0825ffa5bcf0f716d16f60c6b05a64fd317/sysmon%2Ftests%2Focsf%2F14-RegistryRename.tql",
      "raw_url": "https://github.com/tenzir/library/raw/2a95f0825ffa5bcf0f716d16f60c6b05a64fd317/sysmon%2Ftests%2Focsf%2F14-RegistryRename.tql",
      "contents_url": "https://api.github.com/repos/tenzir/library/contents/sysmon%2Ftests%2Focsf%2F14-RegistryRename.tql?ref=2a95f0825ffa5bcf0f716d16f60c6b05a64fd317",
      "patch": "@@ -0,0 +1,10 @@\n+from_file f\"{env(\"TENZIR_INPUTS\")}/14-RegistryRename.xml\" {\n+  read_all\n+}\n+sysmon::ocsf::map data\n+this = ocsf\n+ocsf::derive\n+ocsf::cast\n+\n+// Ensure deterministic tests.\n+drop metadata.processed_time"
    },
    {
      "sha": "34d85ebdb2594481c97385afa16ff966259874a1",
      "filename": "sysmon/tests/ocsf/14-RegistryRename.txt",
      "status": "added",
      "additions": 73,
      "deletions": 0,
      "changes": 73,
      "blob_url": "https://github.com/tenzir/library/blob/2a95f0825ffa5bcf0f716d16f60c6b05a64fd317/sysmon%2Ftests%2Focsf%2F14-RegistryRename.txt",
      "raw_url": "https://github.com/tenzir/library/raw/2a95f0825ffa5bcf0f716d16f60c6b05a64fd317/sysmon%2Ftests%2Focsf%2F14-RegistryRename.txt",
      "contents_url": "https://api.github.com/repos/tenzir/library/contents/sysmon%2Ftests%2Focsf%2F14-RegistryRename.txt?ref=2a95f0825ffa5bcf0f716d16f60c6b05a64fd317",
      "patch": "@@ -0,0 +1,73 @@\n+{\n+  activity_id: 5,\n+  activity_name: \"Rename\",\n+  actor: {\n+    process: {\n+      file: {\n+        name: \"payload.exe\",\n+        path: \"C:\\\\Users\\\\jdoe\\\\AppData\\\\Local\\\\Temp\\\\payload.exe\",\n+        type: \"Executable File\",\n+        type_id: 8,\n+      },\n+      name: \"payload.exe\",\n+      path: \"C:\\\\Users\\\\jdoe\\\\AppData\\\\Local\\\\Temp\\\\payload.exe\",\n+      pid: 4812,\n+      uid: \"{A23EAE89-BD56-67E0-0000-0010E9D95E03}\",\n+    },\n+    user: {\n+      domain: \"CORP\",\n+      name: \"jdoe\",\n+    },\n+  },\n+  category_name: \"System Activity\",\n+  category_uid: 1,\n+  class_name: \"Registry Key Activity\",\n+  class_uid: 201001,\n+  device: {\n+    hostname: \"WORKSTATION01.corp.local\",\n+  },\n+  metadata: {\n+    event_code: \"14\",\n+    extensions: [\n+      {\n+        name: \"win\",\n+      },\n+    ],\n+    log_format: \"xml\",\n+    log_level: \"4\",\n+    log_name: \"Microsoft-Windows-Sysmon/Operational\",\n+    log_version: \"2\",\n+    logged_time: 2025-03-22T10:23:05Z,\n+    original_event_uid: \"1014\",\n+    product: {\n+      name: \"Microsoft-Windows-Sysmon\",\n+      uid: \"{5770385F-C22A-43E0-BF4C-06F5698FFBD9}\",\n+      vendor_name: \"Microsoft\",\n+    },\n+    profiles: [\n+      \"host\",\n+    ],\n+    version: \"1.7.0\",\n+  },\n+  prev_reg_key: {\n+    path: \"HKLM\\\\SOFTWARE\\\\Microsoft\\\\Windows\\\\CurrentVersion\\\\Run\\\\TempKey\",\n+  },\n+  raw_data: \"<!-- Sysmon EID 14 \u2013 RegistryEvent: Key/Value Renamed (Schema 4.90) -->\\n<!-- Fires when a registry key or value is renamed. NewName contains the renamed target. -->\\n<Event xmlns=\\\"http://schemas.microsoft.com/win/2004/08/events/event\\\">\\n  <System>\\n    <Provider Name=\\\"Microsoft-Windows-Sysmon\\\" Guid=\\\"{5770385F-C22A-43E0-BF4C-06F5698FFBD9}\\\"/>\\n    <EventID>14</EventID>\\n    <Version>2</Version>\\n    <Level>4</Level>\\n    <Task>14</Task>\\n    <Opcode>0</Opcode>\\n    <Keywords>0x8000000000000000</Keywords>\\n    <TimeCreated SystemTime=\\\"2025-03-22T10:23:05.000000000Z\\\"/>\\n    <EventRecordID>1014</EventRecordID>\\n    <Correlation/>\\n    <Execution ProcessID=\\\"3216\\\" ThreadID=\\\"3964\\\"/>\\n    <Channel>Microsoft-Windows-Sysmon/Operational</Channel>\\n    <Computer>WORKSTATION01.corp.local</Computer>\\n    <Security UserID=\\\"S-1-5-18\\\"/>\\n  </System>\\n  <EventData>\\n    <Data Name=\\\"RuleName\\\">-</Data>\\n    <Data Name=\\\"EventType\\\">RenameKey</Data>\\n    <Data Name=\\\"UtcTime\\\">2025-03-22 10:23:05.000</Data>\\n    <Data Name=\\\"ProcessGuid\\\">{A23EAE89-BD56-67E0-0000-0010E9D95E03}</Data>\\n    <Data Name=\\\"ProcessId\\\">4812</Data>\\n    <Data Name=\\\"Image\\\">C:\\\\Users\\\\jdoe\\\\AppData\\\\Local\\\\Temp\\\\payload.exe</Data>\\n    <Data Name=\\\"TargetObject\\\">HKLM\\\\SOFTWARE\\\\Microsoft\\\\Windows\\\\CurrentVersion\\\\Run\\\\TempKey</Data>\\n    <Data Name=\\\"NewName\\\">HKLM\\\\SOFTWARE\\\\Microsoft\\\\Windows\\\\CurrentVersion\\\\Run\\\\Persistence</Data>\\n    <Data Name=\\\"User\\\">CORP\\\\jdoe</Data>\\n  </EventData>\\n</Event>\\n\",\n+  raw_data_size: 1421,\n+  reg_key: {\n+    path: \"HKLM\\\\SOFTWARE\\\\Microsoft\\\\Windows\\\\CurrentVersion\\\\Run\\\\Persistence\",\n+  },\n+  severity: \"Informational\",\n+  severity_id: 1,\n+  time: 2025-03-22T10:23:05Z,\n+  type_name: \"Registry Key Activity: Rename\",\n+  type_uid: 20100105,\n+  unmapped: {\n+    System: {\n+      Task: 14,\n+      Opcode: 0,\n+      Keywords: \"0x8000000000000000\",\n+    },\n+    EventData: {},\n+  },\n+}"
    },
    {
      "sha": "22bdf0e555c8d282990e7298fb47f10ed8e1e2d5",
      "filename": "sysmon/tests/ocsf/15-FileCreateStreamHash.tql",
      "status": "added",
      "additions": 10,
      "deletions": 0,
      "changes": 10,
      "blob_url": "https://github.com/tenzir/library/blob/2a95f0825ffa5bcf0f716d16f60c6b05a64fd317/sysmon%2Ftests%2Focsf%2F15-FileCreateStreamHash.tql",
      "raw_url": "https://github.com/tenzir/library/raw/2a95f0825ffa5bcf0f716d16f60c6b05a64fd317/sysmon%2Ftests%2Focsf%2F15-FileCreateStreamHash.tql",
      "contents_url": "https://api.github.com/repos/tenzir/library/contents/sysmon%2Ftests%2Focsf%2F15-FileCreateStreamHash.tql?ref=2a95f0825ffa5bcf0f716d16f60c6b05a64fd317",
      "patch": "@@ -0,0 +1,10 @@\n+from_file f\"{env(\"TENZIR_INPUTS\")}/15-FileCreateStreamHash.xml\" {\n+  read_all\n+}\n+sysmon::ocsf::map data\n+this = ocsf\n+ocsf::derive\n+ocsf::cast\n+\n+// Ensure deterministic tests.\n+drop metadata.processed_time"
    },
    {
      "sha": "6392eca56115db587da6c3ea22729b71ef97d0cd",
      "filename": "sysmon/tests/ocsf/15-FileCreateStreamHash.txt",
      "status": "added",
      "additions": 84,
      "deletions": 0,
      "changes": 84,
      "blob_url": "https://github.com/tenzir/library/blob/2a95f0825ffa5bcf0f716d16f60c6b05a64fd317/sysmon%2Ftests%2Focsf%2F15-FileCreateStreamHash.txt",
      "raw_url": "https://github.com/tenzir/library/raw/2a95f0825ffa5bcf0f716d16f60c6b05a64fd317/sysmon%2Ftests%2Focsf%2F15-FileCreateStreamHash.txt",
      "contents_url": "https://api.github.com/repos/tenzir/library/contents/sysmon%2Ftests%2Focsf%2F15-FileCreateStreamHash.txt?ref=2a95f0825ffa5bcf0f716d16f60c6b05a64fd317",
      "patch": "@@ -0,0 +1,84 @@\n+{\n+  activity_id: 1,\n+  activity_name: \"Create\",\n+  actor: {\n+    process: {\n+      file: {\n+        name: \"chrome.exe\",\n+        path: \"C:\\\\Program Files\\\\Google\\\\Chrome\\\\Application\\\\chrome.exe\",\n+        type: \"Executable File\",\n+        type_id: 8,\n+      },\n+      name: \"chrome.exe\",\n+      path: \"C:\\\\Program Files\\\\Google\\\\Chrome\\\\Application\\\\chrome.exe\",\n+      pid: 3108,\n+      uid: \"{A23EAE89-BD56-67E0-0000-0010E9D95E05}\",\n+    },\n+    user: {\n+      domain: \"CORP\",\n+      name: \"jdoe\",\n+    },\n+  },\n+  category_name: \"System Activity\",\n+  category_uid: 1,\n+  class_name: \"File System Activity\",\n+  class_uid: 1001,\n+  component: \"Zone.Identifier\",\n+  device: {\n+    hostname: \"WORKSTATION01.corp.local\",\n+  },\n+  file: {\n+    created_time: 2025-03-22T10:24:00Z,\n+    hashes: [\n+      {\n+        algorithm: \"SHA-256\",\n+        algorithm_id: 3,\n+        value: \"3A4B5C6D7E8F9A0B1C2D3E4F5A6B7C8D9E0F1A2B3C4D5E6F7A8B9C0D1E2F3A4B\",\n+      },\n+    ],\n+    name: \"invoice.exe\",\n+    path: \"C:\\\\Users\\\\jdoe\\\\Downloads\\\\invoice.exe\",\n+    type: \"Regular File\",\n+    type_id: 1,\n+  },\n+  metadata: {\n+    event_code: \"15\",\n+    extensions: [\n+      {\n+        name: \"win\",\n+      },\n+    ],\n+    log_format: \"xml\",\n+    log_level: \"4\",\n+    log_name: \"Microsoft-Windows-Sysmon/Operational\",\n+    log_version: \"2\",\n+    logged_time: 2025-03-22T10:24:00Z,\n+    original_event_uid: \"1015\",\n+    product: {\n+      name: \"Microsoft-Windows-Sysmon\",\n+      uid: \"{5770385F-C22A-43E0-BF4C-06F5698FFBD9}\",\n+      vendor_name: \"Microsoft\",\n+    },\n+    profiles: [\n+      \"host\",\n+    ],\n+    version: \"1.7.0\",\n+  },\n+  raw_data: \"<!-- Sysmon EID 15 \u2013 FileCreateStreamHash (Schema 4.90) -->\\n<!-- Fires when a named alternate data stream (ADS) is created. -->\\n<!-- Classic use: Zone.Identifier stream written by browsers (Mark of the Web). -->\\n<!-- Also used by attackers to hide payloads inside ADS. -->\\n<Event xmlns=\\\"http://schemas.microsoft.com/win/2004/08/events/event\\\">\\n  <System>\\n    <Provider Name=\\\"Microsoft-Windows-Sysmon\\\" Guid=\\\"{5770385F-C22A-43E0-BF4C-06F5698FFBD9}\\\"/>\\n    <EventID>15</EventID>\\n    <Version>2</Version>\\n    <Level>4</Level>\\n    <Task>15</Task>\\n    <Opcode>0</Opcode>\\n    <Keywords>0x8000000000000000</Keywords>\\n    <TimeCreated SystemTime=\\\"2025-03-22T10:24:00.000000000Z\\\"/>\\n    <EventRecordID>1015</EventRecordID>\\n    <Correlation/>\\n    <Execution ProcessID=\\\"3216\\\" ThreadID=\\\"3964\\\"/>\\n    <Channel>Microsoft-Windows-Sysmon/Operational</Channel>\\n    <Computer>WORKSTATION01.corp.local</Computer>\\n    <Security UserID=\\\"S-1-5-18\\\"/>\\n  </System>\\n  <EventData>\\n    <Data Name=\\\"RuleName\\\">-</Data>\\n    <Data Name=\\\"UtcTime\\\">2025-03-22 10:24:00.000</Data>\\n    <Data Name=\\\"ProcessGuid\\\">{A23EAE89-BD56-67E0-0000-0010E9D95E05}</Data>\\n    <Data Name=\\\"ProcessId\\\">3108</Data>\\n    <Data Name=\\\"Image\\\">C:\\\\Program Files\\\\Google\\\\Chrome\\\\Application\\\\chrome.exe</Data>\\n    <Data Name=\\\"TargetFilename\\\">C:\\\\Users\\\\jdoe\\\\Downloads\\\\invoice.exe:Zone.Identifier</Data>\\n    <Data Name=\\\"CreationUtcTime\\\">2025-03-22 10:24:00.000</Data>\\n    <Data Name=\\\"Hash\\\">SHA256=3A4B5C6D7E8F9A0B1C2D3E4F5A6B7C8D9E0F1A2B3C4D5E6F7A8B9C0D1E2F3A4B</Data>\\n    <Data Name=\\\"Contents\\\">[ZoneTransfer]\\nZoneId=3\\nReferrerUrl=https://phishing.example.com/\\nHostUrl=https://phishing.example.com/invoice.exe</Data>\\n    <Data Name=\\\"User\\\">CORP\\\\jdoe</Data>\\n  </EventData>\\n</Event>\\n\",\n+  raw_data_size: 1707,\n+  severity: \"Informational\",\n+  severity_id: 1,\n+  time: 2025-03-22T10:24:00Z,\n+  type_name: \"File System Activity: Create\",\n+  type_uid: 100101,\n+  unmapped: {\n+    System: {\n+      Task: 15,\n+      Opcode: 0,\n+      Keywords: \"0x8000000000000000\",\n+    },\n+    EventData: {\n+      Contents: \"[ZoneTransfer]ZoneId=3ReferrerUrl=https://phishing.example.com/HostUrl=https://phishing.example.com/invoice.exe\",\n+    },\n+  },\n+}"
    },
    {
      "sha": "568f696c72202742cfd5a9b37e3b31daa554628c",
      "filename": "sysmon/tests/ocsf/16-SysmonConfigChange.tql",
      "status": "added",
      "additions": 10,
      "deletions": 0,
      "changes": 10,
      "blob_url": "https://github.com/tenzir/library/blob/2a95f0825ffa5bcf0f716d16f60c6b05a64fd317/sysmon%2Ftests%2Focsf%2F16-SysmonConfigChange.tql",
      "raw_url": "https://github.com/tenzir/library/raw/2a95f0825ffa5bcf0f716d16f60c6b05a64fd317/sysmon%2Ftests%2Focsf%2F16-SysmonConfigChange.tql",
      "contents_url": "https://api.github.com/repos/tenzir/library/contents/sysmon%2Ftests%2Focsf%2F16-SysmonConfigChange.tql?ref=2a95f0825ffa5bcf0f716d16f60c6b05a64fd317",
      "patch": "@@ -0,0 +1,10 @@\n+from_file f\"{env(\"TENZIR_INPUTS\")}/16-SysmonConfigChange.xml\" {\n+  read_all\n+}\n+sysmon::ocsf::map data\n+this = ocsf\n+ocsf::derive\n+ocsf::cast\n+\n+// Ensure deterministic tests.\n+drop metadata.processed_time"
    },
    {
      "sha": "360153edf084bd298532ca8e5a08e5a5cb3be093",
      "filename": "sysmon/tests/ocsf/16-SysmonConfigChange.txt",
      "status": "added",
      "additions": 52,
      "deletions": 0,
      "changes": 52,
      "blob_url": "https://github.com/tenzir/library/blob/2a95f0825ffa5bcf0f716d16f60c6b05a64fd317/sysmon%2Ftests%2Focsf%2F16-SysmonConfigChange.txt",
      "raw_url": "https://github.com/tenzir/library/raw/2a95f0825ffa5bcf0f716d16f60c6b05a64fd317/sysmon%2Ftests%2Focsf%2F16-SysmonConfigChange.txt",
      "contents_url": "https://api.github.com/repos/tenzir/library/contents/sysmon%2Ftests%2Focsf%2F16-SysmonConfigChange.txt?ref=2a95f0825ffa5bcf0f716d16f60c6b05a64fd317",
      "patch": "@@ -0,0 +1,52 @@\n+{\n+  activity_id: 0,\n+  activity_name: \"Unknown\",\n+  category_name: \"Uncategorized\",\n+  category_uid: 0,\n+  class_name: \"Base Event\",\n+  class_uid: 0,\n+  device: {\n+    hostname: \"WORKSTATION01.corp.local\",\n+  },\n+  metadata: {\n+    event_code: \"16\",\n+    extensions: [\n+      {\n+        name: \"win\",\n+      },\n+    ],\n+    log_format: \"xml\",\n+    log_level: \"4\",\n+    log_name: \"Microsoft-Windows-Sysmon/Operational\",\n+    log_version: \"3\",\n+    logged_time: 2025-03-22T10:25:00Z,\n+    original_event_uid: \"1016\",\n+    product: {\n+      name: \"Microsoft-Windows-Sysmon\",\n+      uid: \"{5770385F-C22A-43E0-BF4C-06F5698FFBD9}\",\n+      vendor_name: \"Microsoft\",\n+    },\n+    profiles: [\n+      \"host\",\n+    ],\n+    version: \"1.7.0\",\n+  },\n+  raw_data: \"<!-- Sysmon EID 16 \u2013 SysmonConfigChange (Schema 4.90) -->\\n<!-- Fires whenever the Sysmon configuration is updated (e.g. sysmon.exe -c new_config.xml). -->\\n<!-- An unexpected config change could indicate an attacker blinding telemetry. -->\\n<Event xmlns=\\\"http://schemas.microsoft.com/win/2004/08/events/event\\\">\\n  <System>\\n    <Provider Name=\\\"Microsoft-Windows-Sysmon\\\" Guid=\\\"{5770385F-C22A-43E0-BF4C-06F5698FFBD9}\\\"/>\\n    <EventID>16</EventID>\\n    <Version>3</Version>\\n    <Level>4</Level>\\n    <Task>16</Task>\\n    <Opcode>0</Opcode>\\n    <Keywords>0x8000000000000000</Keywords>\\n    <TimeCreated SystemTime=\\\"2025-03-22T10:25:00.000000000Z\\\"/>\\n    <EventRecordID>1016</EventRecordID>\\n    <Correlation/>\\n    <Execution ProcessID=\\\"3216\\\" ThreadID=\\\"3964\\\"/>\\n    <Channel>Microsoft-Windows-Sysmon/Operational</Channel>\\n    <Computer>WORKSTATION01.corp.local</Computer>\\n    <Security UserID=\\\"S-1-5-18\\\"/>\\n  </System>\\n  <EventData>\\n    <Data Name=\\\"UtcTime\\\">2025-03-22 10:25:00.000</Data>\\n    <Data Name=\\\"Configuration\\\">C:\\\\Windows\\\\sysmon-config.xml</Data>\\n    <Data Name=\\\"ConfigurationFileHash\\\">SHA256=AABBCCDDEEFF00112233445566778899AABBCCDDEEFF00112233445566778899</Data>\\n  </EventData>\\n</Event>\\n\",\n+  raw_data_size: 1182,\n+  severity: \"Informational\",\n+  severity_id: 1,\n+  time: 2025-03-22T10:25:00Z,\n+  type_name: \"Base Event: Unknown\",\n+  type_uid: 0,\n+  unmapped: {\n+    System: {\n+      Task: 16,\n+      Opcode: 0,\n+      Keywords: \"0x8000000000000000\",\n+    },\n+    EventData: {\n+      Configuration: \"C:\\\\Windows\\\\sysmon-config.xml\",\n+      ConfigurationFileHash: \"SHA256=AABBCCDDEEFF00112233445566778899AABBCCDDEEFF00112233445566778899\",\n+    },\n+  },\n+}"
    },
    {
      "sha": "f2abb3c5061e4fc4e3a67803e35813cba4cd0176",
      "filename": "sysmon/tests/ocsf/17-PipeCreated.tql",
      "status": "added",
      "additions": 10,
      "deletions": 0,
      "changes": 10,
      "blob_url": "https://github.com/tenzir/library/blob/2a95f0825ffa5bcf0f716d16f60c6b05a64fd317/sysmon%2Ftests%2Focsf%2F17-PipeCreated.tql",
      "raw_url": "https://github.com/tenzir/library/raw/2a95f0825ffa5bcf0f716d16f60c6b05a64fd317/sysmon%2Ftests%2Focsf%2F17-PipeCreated.tql",
      "contents_url": "https://api.github.com/repos/tenzir/library/contents/sysmon%2Ftests%2Focsf%2F17-PipeCreated.tql?ref=2a95f0825ffa5bcf0f716d16f60c6b05a64fd317",
      "patch": "@@ -0,0 +1,10 @@\n+from_file f\"{env(\"TENZIR_INPUTS\")}/17-PipeCreated.xml\" {\n+  read_all\n+}\n+sysmon::ocsf::map data\n+this = ocsf\n+ocsf::derive\n+ocsf::cast\n+\n+// Ensure deterministic tests.\n+drop metadata.processed_time"
    },
    {
      "sha": "c98e0441945d315b82ec25576cf4574389e9d561",
      "filename": "sysmon/tests/ocsf/17-PipeCreated.txt",
      "status": "added",
      "additions": 73,
      "deletions": 0,
      "changes": 73,
      "blob_url": "https://github.com/tenzir/library/blob/2a95f0825ffa5bcf0f716d16f60c6b05a64fd317/sysmon%2Ftests%2Focsf%2F17-PipeCreated.txt",
      "raw_url": "https://github.com/tenzir/library/raw/2a95f0825ffa5bcf0f716d16f60c6b05a64fd317/sysmon%2Ftests%2Focsf%2F17-PipeCreated.txt",
      "contents_url": "https://api.github.com/repos/tenzir/library/contents/sysmon%2Ftests%2Focsf%2F17-PipeCreated.txt?ref=2a95f0825ffa5bcf0f716d16f60c6b05a64fd317",
      "patch": "@@ -0,0 +1,73 @@\n+{\n+  activity_id: 1,\n+  activity_name: \"Access\",\n+  actor: {\n+    process: {\n+      file: {\n+        name: \"payload.exe\",\n+        path: \"C:\\\\Users\\\\jdoe\\\\AppData\\\\Local\\\\Temp\\\\payload.exe\",\n+        type: \"Executable File\",\n+        type_id: 8,\n+      },\n+      name: \"payload.exe\",\n+      path: \"C:\\\\Users\\\\jdoe\\\\AppData\\\\Local\\\\Temp\\\\payload.exe\",\n+      pid: 4812,\n+      uid: \"{A23EAE89-BD56-67E0-0000-0010E9D95E03}\",\n+    },\n+    user: {\n+      domain: \"CORP\",\n+      name: \"jdoe\",\n+    },\n+  },\n+  category_name: \"System Activity\",\n+  category_uid: 1,\n+  class_name: \"Windows Resource Activity\",\n+  class_uid: 201003,\n+  device: {\n+    hostname: \"WORKSTATION01.corp.local\",\n+  },\n+  metadata: {\n+    event_code: \"17\",\n+    extensions: [\n+      {\n+        name: \"win\",\n+      },\n+    ],\n+    log_format: \"xml\",\n+    log_level: \"4\",\n+    log_name: \"Microsoft-Windows-Sysmon/Operational\",\n+    log_version: \"1\",\n+    logged_time: 2025-03-22T10:26:00Z,\n+    original_event_uid: \"1017\",\n+    product: {\n+      name: \"Microsoft-Windows-Sysmon\",\n+      uid: \"{5770385F-C22A-43E0-BF4C-06F5698FFBD9}\",\n+      vendor_name: \"Microsoft\",\n+    },\n+    profiles: [\n+      \"host\",\n+    ],\n+    version: \"1.7.0\",\n+  },\n+  raw_data: \"<!-- Sysmon EID 17 \u2013 PipeCreated (Schema 4.90) -->\\n<!-- Fires when a named pipe is created. Malware C2 frameworks (Cobalt Strike, Metasploit) -->\\n<!-- use named pipes for lateral movement and inter-process communication. -->\\n<Event xmlns=\\\"http://schemas.microsoft.com/win/2004/08/events/event\\\">\\n  <System>\\n    <Provider Name=\\\"Microsoft-Windows-Sysmon\\\" Guid=\\\"{5770385F-C22A-43E0-BF4C-06F5698FFBD9}\\\"/>\\n    <EventID>17</EventID>\\n    <Version>1</Version>\\n    <Level>4</Level>\\n    <Task>17</Task>\\n    <Opcode>0</Opcode>\\n    <Keywords>0x8000000000000000</Keywords>\\n    <TimeCreated SystemTime=\\\"2025-03-22T10:26:00.000000000Z\\\"/>\\n    <EventRecordID>1017</EventRecordID>\\n    <Correlation/>\\n    <Execution ProcessID=\\\"3216\\\" ThreadID=\\\"3964\\\"/>\\n    <Channel>Microsoft-Windows-Sysmon/Operational</Channel>\\n    <Computer>WORKSTATION01.corp.local</Computer>\\n    <Security UserID=\\\"S-1-5-18\\\"/>\\n  </System>\\n  <EventData>\\n    <Data Name=\\\"RuleName\\\">-</Data>\\n    <Data Name=\\\"EventType\\\">CreatePipe</Data>\\n    <Data Name=\\\"UtcTime\\\">2025-03-22 10:26:00.000</Data>\\n    <Data Name=\\\"ProcessGuid\\\">{A23EAE89-BD56-67E0-0000-0010E9D95E03}</Data>\\n    <Data Name=\\\"ProcessId\\\">4812</Data>\\n    <Data Name=\\\"PipeName\\\">\\\\msagent_f3a1</Data>\\n    <Data Name=\\\"Image\\\">C:\\\\Users\\\\jdoe\\\\AppData\\\\Local\\\\Temp\\\\payload.exe</Data>\\n    <Data Name=\\\"User\\\">CORP\\\\jdoe</Data>\\n  </EventData>\\n</Event>\\n\",\n+  raw_data_size: 1338,\n+  severity: \"Informational\",\n+  severity_id: 1,\n+  time: 2025-03-22T10:26:00Z,\n+  type_name: \"Windows Resource Activity: Access\",\n+  type_uid: 20100301,\n+  unmapped: {\n+    System: {\n+      Task: 17,\n+      Opcode: 0,\n+      Keywords: \"0x8000000000000000\",\n+    },\n+    EventData: {},\n+  },\n+  win_resource: {\n+    details: \"Named Pipe; EventType=CreatePipe\",\n+    name: \"\\\\msagent_f3a1\",\n+    type: \"Other\",\n+    type_id: 99,\n+  },\n+}"
    },
    {
      "sha": "7768d201ec256ae429d6729fec8f4bfd22fa3393",
      "filename": "sysmon/tests/ocsf/18-PipeConnected.tql",
      "status": "added",
      "additions": 10,
      "deletions": 0,
      "changes": 10,
      "blob_url": "https://github.com/tenzir/library/blob/2a95f0825ffa5bcf0f716d16f60c6b05a64fd317/sysmon%2Ftests%2Focsf%2F18-PipeConnected.tql",
      "raw_url": "https://github.com/tenzir/library/raw/2a95f0825ffa5bcf0f716d16f60c6b05a64fd317/sysmon%2Ftests%2Focsf%2F18-PipeConnected.tql",
      "contents_url": "https://api.github.com/repos/tenzir/library/contents/sysmon%2Ftests%2Focsf%2F18-PipeConnected.tql?ref=2a95f0825ffa5bcf0f716d16f60c6b05a64fd317",
      "patch": "@@ -0,0 +1,10 @@\n+from_file f\"{env(\"TENZIR_INPUTS\")}/18-PipeConnected.xml\" {\n+  read_all\n+}\n+sysmon::ocsf::map data\n+this = ocsf\n+ocsf::derive\n+ocsf::cast\n+\n+// Ensure deterministic tests.\n+drop metadata.processed_time"
    },
    {
      "sha": "c7b647c09e1910c7d0feb19b3928b1904f64b515",
      "filename": "sysmon/tests/ocsf/18-PipeConnected.txt",
      "status": "added",
      "additions": 73,
      "deletions": 0,
      "changes": 73,
      "blob_url": "https://github.com/tenzir/library/blob/2a95f0825ffa5bcf0f716d16f60c6b05a64fd317/sysmon%2Ftests%2Focsf%2F18-PipeConnected.txt",
      "raw_url": "https://github.com/tenzir/library/raw/2a95f0825ffa5bcf0f716d16f60c6b05a64fd317/sysmon%2Ftests%2Focsf%2F18-PipeConnected.txt",
      "contents_url": "https://api.github.com/repos/tenzir/library/contents/sysmon%2Ftests%2Focsf%2F18-PipeConnected.txt?ref=2a95f0825ffa5bcf0f716d16f60c6b05a64fd317",
      "patch": "@@ -0,0 +1,73 @@\n+{\n+  activity_id: 1,\n+  activity_name: \"Access\",\n+  actor: {\n+    process: {\n+      file: {\n+        name: \"rundll32.exe\",\n+        path: \"C:\\\\Windows\\\\System32\\\\rundll32.exe\",\n+        type: \"Executable File\",\n+        type_id: 8,\n+      },\n+      name: \"rundll32.exe\",\n+      path: \"C:\\\\Windows\\\\System32\\\\rundll32.exe\",\n+      pid: 6640,\n+      uid: \"{A23EAE89-BD56-67E0-0000-0010E9D95E04}\",\n+    },\n+    user: {\n+      domain: \"CORP\",\n+      name: \"jdoe\",\n+    },\n+  },\n+  category_name: \"System Activity\",\n+  category_uid: 1,\n+  class_name: \"Windows Resource Activity\",\n+  class_uid: 201003,\n+  device: {\n+    hostname: \"WORKSTATION01.corp.local\",\n+  },\n+  metadata: {\n+    event_code: \"18\",\n+    extensions: [\n+      {\n+        name: \"win\",\n+      },\n+    ],\n+    log_format: \"xml\",\n+    log_level: \"4\",\n+    log_name: \"Microsoft-Windows-Sysmon/Operational\",\n+    log_version: \"1\",\n+    logged_time: 2025-03-22T10:26:01Z,\n+    original_event_uid: \"1018\",\n+    product: {\n+      name: \"Microsoft-Windows-Sysmon\",\n+      uid: \"{5770385F-C22A-43E0-BF4C-06F5698FFBD9}\",\n+      vendor_name: \"Microsoft\",\n+    },\n+    profiles: [\n+      \"host\",\n+    ],\n+    version: \"1.7.0\",\n+  },\n+  raw_data: \"<!-- Sysmon EID 18 \u2013 PipeConnected (Schema 4.90) -->\\n<!-- Fires when a client connects to a named pipe. Pair with EID 17 for full pipe activity. -->\\n<Event xmlns=\\\"http://schemas.microsoft.com/win/2004/08/events/event\\\">\\n  <System>\\n    <Provider Name=\\\"Microsoft-Windows-Sysmon\\\" Guid=\\\"{5770385F-C22A-43E0-BF4C-06F5698FFBD9}\\\"/>\\n    <EventID>18</EventID>\\n    <Version>1</Version>\\n    <Level>4</Level>\\n    <Task>18</Task>\\n    <Opcode>0</Opcode>\\n    <Keywords>0x8000000000000000</Keywords>\\n    <TimeCreated SystemTime=\\\"2025-03-22T10:26:01.000000000Z\\\"/>\\n    <EventRecordID>1018</EventRecordID>\\n    <Correlation/>\\n    <Execution ProcessID=\\\"3216\\\" ThreadID=\\\"3964\\\"/>\\n    <Channel>Microsoft-Windows-Sysmon/Operational</Channel>\\n    <Computer>WORKSTATION01.corp.local</Computer>\\n    <Security UserID=\\\"S-1-5-18\\\"/>\\n  </System>\\n  <EventData>\\n    <Data Name=\\\"RuleName\\\">-</Data>\\n    <Data Name=\\\"EventType\\\">ConnectPipe</Data>\\n    <Data Name=\\\"UtcTime\\\">2025-03-22 10:26:01.000</Data>\\n    <Data Name=\\\"ProcessGuid\\\">{A23EAE89-BD56-67E0-0000-0010E9D95E04}</Data>\\n    <Data Name=\\\"ProcessId\\\">6640</Data>\\n    <Data Name=\\\"PipeName\\\">\\\\msagent_f3a1</Data>\\n    <Data Name=\\\"Image\\\">C:\\\\Windows\\\\System32\\\\rundll32.exe</Data>\\n    <Data Name=\\\"User\\\">CORP\\\\jdoe</Data>\\n  </EventData>\\n</Event>\\n\",\n+  raw_data_size: 1251,\n+  severity: \"Informational\",\n+  severity_id: 1,\n+  time: 2025-03-22T10:26:01Z,\n+  type_name: \"Windows Resource Activity: Access\",\n+  type_uid: 20100301,\n+  unmapped: {\n+    System: {\n+      Task: 18,\n+      Opcode: 0,\n+      Keywords: \"0x8000000000000000\",\n+    },\n+    EventData: {},\n+  },\n+  win_resource: {\n+    details: \"Named Pipe; EventType=ConnectPipe\",\n+    name: \"\\\\msagent_f3a1\",\n+    type: \"Other\",\n+    type_id: 99,\n+  },\n+}"
    },
    {
      "sha": "589aecafd32df53684d763d8279ceec116364484",
      "filename": "sysmon/tests/ocsf/19-WmiEventFilter.tql",
      "status": "added",
      "additions": 10,
      "deletions": 0,
      "changes": 10,
      "blob_url": "https://github.com/tenzir/library/blob/2a95f0825ffa5bcf0f716d16f60c6b05a64fd317/sysmon%2Ftests%2Focsf%2F19-WmiEventFilter.tql",
      "raw_url": "https://github.com/tenzir/library/raw/2a95f0825ffa5bcf0f716d16f60c6b05a64fd317/sysmon%2Ftests%2Focsf%2F19-WmiEventFilter.tql",
      "contents_url": "https://api.github.com/repos/tenzir/library/contents/sysmon%2Ftests%2Focsf%2F19-WmiEventFilter.tql?ref=2a95f0825ffa5bcf0f716d16f60c6b05a64fd317",
      "patch": "@@ -0,0 +1,10 @@\n+from_file f\"{env(\"TENZIR_INPUTS\")}/19-WmiEventFilter.xml\" {\n+  read_all\n+}\n+sysmon::ocsf::map data\n+this = ocsf\n+ocsf::derive\n+ocsf::cast\n+\n+// Ensure deterministic tests.\n+drop metadata.processed_time"
    },
    {
      "sha": "b376641a29421107f9511b312d758cb1d9720f81",
      "filename": "sysmon/tests/ocsf/19-WmiEventFilter.txt",
      "status": "added",
      "additions": 56,
      "deletions": 0,
      "changes": 56,
      "blob_url": "https://github.com/tenzir/library/blob/2a95f0825ffa5bcf0f716d16f60c6b05a64fd317/sysmon%2Ftests%2Focsf%2F19-WmiEventFilter.txt",
      "raw_url": "https://github.com/tenzir/library/raw/2a95f0825ffa5bcf0f716d16f60c6b05a64fd317/sysmon%2Ftests%2Focsf%2F19-WmiEventFilter.txt",
      "contents_url": "https://api.github.com/repos/tenzir/library/contents/sysmon%2Ftests%2Focsf%2F19-WmiEventFilter.txt?ref=2a95f0825ffa5bcf0f716d16f60c6b05a64fd317",
      "patch": "@@ -0,0 +1,56 @@\n+{\n+  activity_id: 0,\n+  activity_name: \"Unknown\",\n+  category_name: \"Uncategorized\",\n+  category_uid: 0,\n+  class_name: \"Base Event\",\n+  class_uid: 0,\n+  device: {\n+    hostname: \"WORKSTATION01.corp.local\",\n+  },\n+  metadata: {\n+    event_code: \"19\",\n+    extensions: [\n+      {\n+        name: \"win\",\n+      },\n+    ],\n+    log_format: \"xml\",\n+    log_level: \"4\",\n+    log_name: \"Microsoft-Windows-Sysmon/Operational\",\n+    log_version: \"3\",\n+    logged_time: 2025-03-22T10:27:00Z,\n+    original_event_uid: \"1019\",\n+    product: {\n+      name: \"Microsoft-Windows-Sysmon\",\n+      uid: \"{5770385F-C22A-43E0-BF4C-06F5698FFBD9}\",\n+      vendor_name: \"Microsoft\",\n+    },\n+    profiles: [\n+      \"host\",\n+    ],\n+    version: \"1.7.0\",\n+  },\n+  raw_data: \"<!-- Sysmon EID 19 \u2013 WmiEventFilter (Schema 4.90) -->\\n<!-- Fires when a WMI event filter is registered. WMI subscriptions are a persistence technique. -->\\n<!-- Operation can be: Created, Modified, Deleted -->\\n<Event xmlns=\\\"http://schemas.microsoft.com/win/2004/08/events/event\\\">\\n  <System>\\n    <Provider Name=\\\"Microsoft-Windows-Sysmon\\\" Guid=\\\"{5770385F-C22A-43E0-BF4C-06F5698FFBD9}\\\"/>\\n    <EventID>19</EventID>\\n    <Version>3</Version>\\n    <Level>4</Level>\\n    <Task>19</Task>\\n    <Opcode>0</Opcode>\\n    <Keywords>0x8000000000000000</Keywords>\\n    <TimeCreated SystemTime=\\\"2025-03-22T10:27:00.000000000Z\\\"/>\\n    <EventRecordID>1019</EventRecordID>\\n    <Correlation/>\\n    <Execution ProcessID=\\\"3216\\\" ThreadID=\\\"3964\\\"/>\\n    <Channel>Microsoft-Windows-Sysmon/Operational</Channel>\\n    <Computer>WORKSTATION01.corp.local</Computer>\\n    <Security UserID=\\\"S-1-5-18\\\"/>\\n  </System>\\n  <EventData>\\n    <Data Name=\\\"RuleName\\\">-</Data>\\n    <Data Name=\\\"EventType\\\">WmiFilterEvent</Data>\\n    <Data Name=\\\"UtcTime\\\">2025-03-22 10:27:00.000</Data>\\n    <Data Name=\\\"Operation\\\">Created</Data>\\n    <Data Name=\\\"User\\\">CORP\\\\jdoe</Data>\\n    <Data Name=\\\"EventNamespace\\\">root\\\\subscription</Data>\\n    <Data Name=\\\"Name\\\">EvilFilter</Data>\\n    <Data Name=\\\"Query\\\">SELECT * FROM __InstanceModificationEvent WITHIN 60 WHERE TargetInstance ISA 'Win32_PerfFormattedData_PerfOS_System' AND TargetInstance.SystemUpTime &gt;= 200</Data>\\n  </EventData>\\n</Event>\\n\",\n+  raw_data_size: 1418,\n+  severity: \"Informational\",\n+  severity_id: 1,\n+  time: 2025-03-22T10:27:00Z,\n+  type_name: \"Base Event: Unknown\",\n+  type_uid: 0,\n+  unmapped: {\n+    System: {\n+      Task: 19,\n+      Opcode: 0,\n+      Keywords: \"0x8000000000000000\",\n+    },\n+    EventData: {\n+      EventType: \"WmiFilterEvent\",\n+      Operation: \"Created\",\n+      User: \"CORP\\\\jdoe\",\n+      EventNamespace: \"root\\\\subscription\",\n+      Name: \"EvilFilter\",\n+      Query: \"SELECT * FROM __InstanceModificationEvent WITHIN 60 WHERE TargetInstance ISA 'Win32_PerfFormattedData_PerfOS_System' AND TargetInstance.SystemUpTime >= 200\",\n+    },\n+  },\n+}"
    },
