    {
      "sha": "c89735cdec91944dc117fd5ee6df7710199eedff",
      "filename": "sysmon/tests/ocsf/02-FileCreateTime.tql",
      "status": "added",
      "additions": 10,
      "deletions": 0,
      "changes": 10,
      "blob_url": "https://github.com/tenzir/library/blob/2a95f0825ffa5bcf0f716d16f60c6b05a64fd317/sysmon%2Ftests%2Focsf%2F02-FileCreateTime.tql",
      "raw_url": "https://github.com/tenzir/library/raw/2a95f0825ffa5bcf0f716d16f60c6b05a64fd317/sysmon%2Ftests%2Focsf%2F02-FileCreateTime.tql",
      "contents_url": "https://api.github.com/repos/tenzir/library/contents/sysmon%2Ftests%2Focsf%2F02-FileCreateTime.tql?ref=2a95f0825ffa5bcf0f716d16f60c6b05a64fd317",
      "patch": "@@ -0,0 +1,10 @@\n+from_file f\"{env(\"TENZIR_INPUTS\")}/02-FileCreateTime.xml\" {\n+  read_all\n+}\n+sysmon::ocsf::map data\n+this = ocsf\n+ocsf::derive\n+ocsf::cast\n+\n+// Ensure deterministic tests.\n+drop metadata.processed_time"
    },
    {
      "sha": "a14882249b80d445b0dbfe9e112fe6201be23e25",
      "filename": "sysmon/tests/ocsf/02-FileCreateTime.txt",
      "status": "added",
      "additions": 81,
      "deletions": 0,
      "changes": 81,
      "blob_url": "https://github.com/tenzir/library/blob/2a95f0825ffa5bcf0f716d16f60c6b05a64fd317/sysmon%2Ftests%2Focsf%2F02-FileCreateTime.txt",
      "raw_url": "https://github.com/tenzir/library/raw/2a95f0825ffa5bcf0f716d16f60c6b05a64fd317/sysmon%2Ftests%2Focsf%2F02-FileCreateTime.txt",
      "contents_url": "https://api.github.com/repos/tenzir/library/contents/sysmon%2Ftests%2Focsf%2F02-FileCreateTime.txt?ref=2a95f0825ffa5bcf0f716d16f60c6b05a64fd317",
      "patch": "@@ -0,0 +1,81 @@\n+{\n+  activity_id: 6,\n+  activity_name: \"Set Attributes\",\n+  actor: {\n+    process: {\n+      file: {\n+        name: \"cmd.exe\",\n+        path: \"C:\\\\Windows\\\\System32\\\\cmd.exe\",\n+        type: \"Executable File\",\n+        type_id: 8,\n+      },\n+      name: \"cmd.exe\",\n+      path: \"C:\\\\Windows\\\\System32\\\\cmd.exe\",\n+      pid: 5320,\n+      uid: \"{A23EAE89-BD56-67E0-0000-0010E9D95E02}\",\n+    },\n+    user: {\n+      domain: \"CORP\",\n+      name: \"jdoe\",\n+    },\n+  },\n+  category_name: \"System Activity\",\n+  category_uid: 1,\n+  class_name: \"File System Activity\",\n+  class_uid: 1001,\n+  device: {\n+    hostname: \"WORKSTATION01.corp.local\",\n+  },\n+  file: {\n+    created_time: 2025-03-22T10:14:55.300Z,\n+    name: \"payload.exe\",\n+    path: \"C:\\\\Users\\\\jdoe\\\\AppData\\\\Local\\\\Temp\\\\payload.exe\",\n+    type: \"Regular File\",\n+    type_id: 1,\n+  },\n+  file_result: {\n+    created_time: 2020-01-01T00:00:00Z,\n+    name: \"payload.exe\",\n+    path: \"C:\\\\Users\\\\jdoe\\\\AppData\\\\Local\\\\Temp\\\\payload.exe\",\n+    type: \"Regular File\",\n+    type_id: 1,\n+  },\n+  metadata: {\n+    event_code: \"2\",\n+    extensions: [\n+      {\n+        name: \"win\",\n+      },\n+    ],\n+    log_format: \"xml\",\n+    log_level: \"4\",\n+    log_name: \"Microsoft-Windows-Sysmon/Operational\",\n+    log_version: \"5\",\n+    logged_time: 2025-03-22T10:15:22.100Z,\n+    original_event_uid: \"1002\",\n+    product: {\n+      name: \"Microsoft-Windows-Sysmon\",\n+      uid: \"{5770385F-C22A-43E0-BF4C-06F5698FFBD9}\",\n+      vendor_name: \"Microsoft\",\n+    },\n+    profiles: [\n+      \"host\",\n+    ],\n+    version: \"1.7.0\",\n+  },\n+  raw_data: \"<!-- Sysmon EID 2 \u2013 FileCreateTime (Schema 4.90) -->\\n<!-- Triggered when a process modifies a file's creation timestamp (timestomping). -->\\n<Event xmlns=\\\"http://schemas.microsoft.com/win/2004/08/events/event\\\">\\n  <System>\\n    <Provider Name=\\\"Microsoft-Windows-Sysmon\\\" Guid=\\\"{5770385F-C22A-43E0-BF4C-06F5698FFBD9}\\\"/>\\n    <EventID>2</EventID>\\n    <Version>5</Version>\\n    <Level>4</Level>\\n    <Task>2</Task>\\n    <Opcode>0</Opcode>\\n    <Keywords>0x8000000000000000</Keywords>\\n    <TimeCreated SystemTime=\\\"2025-03-22T10:15:22.100000000Z\\\"/>\\n    <EventRecordID>1002</EventRecordID>\\n    <Correlation/>\\n    <Execution ProcessID=\\\"3216\\\" ThreadID=\\\"3964\\\"/>\\n    <Channel>Microsoft-Windows-Sysmon/Operational</Channel>\\n    <Computer>WORKSTATION01.corp.local</Computer>\\n    <Security UserID=\\\"S-1-5-18\\\"/>\\n  </System>\\n  <EventData>\\n    <Data Name=\\\"RuleName\\\">-</Data>\\n    <Data Name=\\\"UtcTime\\\">2025-03-22 10:15:22.100</Data>\\n    <Data Name=\\\"ProcessGuid\\\">{A23EAE89-BD56-67E0-0000-0010E9D95E02}</Data>\\n    <Data Name=\\\"ProcessId\\\">5320</Data>\\n    <Data Name=\\\"Image\\\">C:\\\\Windows\\\\System32\\\\cmd.exe</Data>\\n    <Data Name=\\\"TargetFilename\\\">C:\\\\Users\\\\jdoe\\\\AppData\\\\Local\\\\Temp\\\\payload.exe</Data>\\n    <Data Name=\\\"CreationUtcTime\\\">2020-01-01 00:00:00.000</Data>\\n    <Data Name=\\\"PreviousCreationUtcTime\\\">2025-03-22 10:14:55.300</Data>\\n    <Data Name=\\\"User\\\">CORP\\\\jdoe</Data>\\n  </EventData>\\n</Event>\\n\",\n+  raw_data_size: 1362,\n+  severity: \"Informational\",\n+  severity_id: 1,\n+  time: 2025-03-22T10:15:22.100Z,\n+  type_name: \"File System Activity: Set Attributes\",\n+  type_uid: 100106,\n+  unmapped: {\n+    System: {\n+      Task: 2,\n+      Opcode: 0,\n+      Keywords: \"0x8000000000000000\",\n+    },\n+    EventData: {},\n+  },\n+}"
    },
    {
      "sha": "08dfa6d9360177dd5f4b810df8b41f31c94ce0cc",
      "filename": "sysmon/tests/ocsf/03-NetworkConnect.tql",
      "status": "added",
      "additions": 10,
      "deletions": 0,
      "changes": 10,
      "blob_url": "https://github.com/tenzir/library/blob/2a95f0825ffa5bcf0f716d16f60c6b05a64fd317/sysmon%2Ftests%2Focsf%2F03-NetworkConnect.tql",
      "raw_url": "https://github.com/tenzir/library/raw/2a95f0825ffa5bcf0f716d16f60c6b05a64fd317/sysmon%2Ftests%2Focsf%2F03-NetworkConnect.tql",
      "contents_url": "https://api.github.com/repos/tenzir/library/contents/sysmon%2Ftests%2Focsf%2F03-NetworkConnect.tql?ref=2a95f0825ffa5bcf0f716d16f60c6b05a64fd317",
      "patch": "@@ -0,0 +1,10 @@\n+from_file f\"{env(\"TENZIR_INPUTS\")}/03-NetworkConnect.xml\" {\n+  read_all\n+}\n+sysmon::ocsf::map data\n+this = ocsf\n+ocsf::derive\n+ocsf::cast\n+\n+// Ensure deterministic tests.\n+drop metadata.processed_time"
    },
    {
      "sha": "126896d3192f7b1584644db4ff6142229bdd09b1",
      "filename": "sysmon/tests/ocsf/03-NetworkConnect.txt",
      "status": "added",
      "additions": 88,
      "deletions": 0,
      "changes": 88,
      "blob_url": "https://github.com/tenzir/library/blob/2a95f0825ffa5bcf0f716d16f60c6b05a64fd317/sysmon%2Ftests%2Focsf%2F03-NetworkConnect.txt",
      "raw_url": "https://github.com/tenzir/library/raw/2a95f0825ffa5bcf0f716d16f60c6b05a64fd317/sysmon%2Ftests%2Focsf%2F03-NetworkConnect.txt",
      "contents_url": "https://api.github.com/repos/tenzir/library/contents/sysmon%2Ftests%2Focsf%2F03-NetworkConnect.txt?ref=2a95f0825ffa5bcf0f716d16f60c6b05a64fd317",
      "patch": "@@ -0,0 +1,88 @@\n+{\n+  activity_id: 1,\n+  activity_name: \"Open\",\n+  actor: {\n+    process: {\n+      file: {\n+        name: \"payload.exe\",\n+        path: \"C:\\\\Users\\\\jdoe\\\\AppData\\\\Local\\\\Temp\\\\payload.exe\",\n+        type: \"Executable File\",\n+        type_id: 8,\n+      },\n+      name: \"payload.exe\",\n+      path: \"C:\\\\Users\\\\jdoe\\\\AppData\\\\Local\\\\Temp\\\\payload.exe\",\n+      pid: 4812,\n+      uid: \"{A23EAE89-BD56-67E0-0000-0010E9D95E03}\",\n+    },\n+    user: {\n+      domain: \"CORP\",\n+      name: \"jdoe\",\n+    },\n+  },\n+  category_name: \"Network Activity\",\n+  category_uid: 4,\n+  class_name: \"Network Activity\",\n+  class_uid: 4001,\n+  connection_info: {\n+    direction: \"Outbound\",\n+    direction_id: 2,\n+    protocol_name: \"tcp\",\n+    protocol_num: 6,\n+    protocol_ver: \"Internet Protocol version 4 (IPv4)\",\n+    protocol_ver_id: 4,\n+  },\n+  device: {\n+    hostname: \"WORKSTATION01.corp.local\",\n+  },\n+  dst_endpoint: {\n+    hostname: null,\n+    ip: 185.220.101.47,\n+    port: 443,\n+    svc_name: \"https\",\n+  },\n+  is_src_dst_assignment_known: true,\n+  metadata: {\n+    event_code: \"3\",\n+    extensions: [\n+      {\n+        name: \"win\",\n+      },\n+    ],\n+    log_format: \"xml\",\n+    log_level: \"4\",\n+    log_name: \"Microsoft-Windows-Sysmon/Operational\",\n+    log_version: \"5\",\n+    logged_time: 2025-03-22T10:16:05.738Z,\n+    original_event_uid: \"1003\",\n+    product: {\n+      name: \"Microsoft-Windows-Sysmon\",\n+      uid: \"{5770385F-C22A-43E0-BF4C-06F5698FFBD9}\",\n+      vendor_name: \"Microsoft\",\n+    },\n+    profiles: [\n+      \"host\",\n+    ],\n+    version: \"1.7.0\",\n+  },\n+  raw_data: \"<!-- Sysmon EID 3 \u2013 NetworkConnect (Schema 4.90) -->\\n<!-- Logs TCP/UDP connections initiated by or received by a process. -->\\n<Event xmlns=\\\"http://schemas.microsoft.com/win/2004/08/events/event\\\">\\n  <System>\\n    <Provider Name=\\\"Microsoft-Windows-Sysmon\\\" Guid=\\\"{5770385F-C22A-43E0-BF4C-06F5698FFBD9}\\\"/>\\n    <EventID>3</EventID>\\n    <Version>5</Version>\\n    <Level>4</Level>\\n    <Task>3</Task>\\n    <Opcode>0</Opcode>\\n    <Keywords>0x8000000000000000</Keywords>\\n    <TimeCreated SystemTime=\\\"2025-03-22T10:16:05.738000000Z\\\"/>\\n    <EventRecordID>1003</EventRecordID>\\n    <Correlation/>\\n    <Execution ProcessID=\\\"3216\\\" ThreadID=\\\"3964\\\"/>\\n    <Channel>Microsoft-Windows-Sysmon/Operational</Channel>\\n    <Computer>WORKSTATION01.corp.local</Computer>\\n    <Security UserID=\\\"S-1-5-18\\\"/>\\n  </System>\\n  <EventData>\\n    <Data Name=\\\"RuleName\\\">-</Data>\\n    <Data Name=\\\"UtcTime\\\">2025-03-22 10:16:05.738</Data>\\n    <Data Name=\\\"ProcessGuid\\\">{A23EAE89-BD56-67E0-0000-0010E9D95E03}</Data>\\n    <Data Name=\\\"ProcessId\\\">4812</Data>\\n    <Data Name=\\\"Image\\\">C:\\\\Users\\\\jdoe\\\\AppData\\\\Local\\\\Temp\\\\payload.exe</Data>\\n    <Data Name=\\\"User\\\">CORP\\\\jdoe</Data>\\n    <Data Name=\\\"Protocol\\\">tcp</Data>\\n    <Data Name=\\\"Initiated\\\">true</Data>\\n    <Data Name=\\\"SourceIsIpv6\\\">false</Data>\\n    <Data Name=\\\"SourceIp\\\">192.168.1.45</Data>\\n    <Data Name=\\\"SourceHostname\\\">WORKSTATION01.corp.local</Data>\\n    <Data Name=\\\"SourcePort\\\">54321</Data>\\n    <Data Name=\\\"SourcePortName\\\">-</Data>\\n    <Data Name=\\\"DestinationIsIpv6\\\">false</Data>\\n    <Data Name=\\\"DestinationIp\\\">185.220.101.47</Data>\\n    <Data Name=\\\"DestinationHostname\\\">-</Data>\\n    <Data Name=\\\"DestinationPort\\\">443</Data>\\n    <Data Name=\\\"DestinationPortName\\\">https</Data>\\n  </EventData>\\n</Event>\\n\",\n+  raw_data_size: 1697,\n+  severity: \"Informational\",\n+  severity_id: 1,\n+  src_endpoint: {\n+    hostname: \"WORKSTATION01.corp.local\",\n+    ip: 192.168.1.45,\n+    port: 54321,\n+    svc_name: null,\n+  },\n+  time: 2025-03-22T10:16:05.738Z,\n+  type_name: \"Network Activity: Open\",\n+  type_uid: 400101,\n+  unmapped: {\n+    System: {\n+      Task: 3,\n+      Opcode: 0,\n+      Keywords: \"0x8000000000000000\",\n+    },\n+    EventData: {},\n+  },\n+}"
    },
    {
      "sha": "b13bb69778b18aedf19561464e1c1750c1d57ffa",
      "filename": "sysmon/tests/ocsf/04-ServiceStateChange.tql",
      "status": "added",
      "additions": 10,
      "deletions": 0,
      "changes": 10,
      "blob_url": "https://github.com/tenzir/library/blob/2a95f0825ffa5bcf0f716d16f60c6b05a64fd317/sysmon%2Ftests%2Focsf%2F04-ServiceStateChange.tql",
      "raw_url": "https://github.com/tenzir/library/raw/2a95f0825ffa5bcf0f716d16f60c6b05a64fd317/sysmon%2Ftests%2Focsf%2F04-ServiceStateChange.tql",
      "contents_url": "https://api.github.com/repos/tenzir/library/contents/sysmon%2Ftests%2Focsf%2F04-ServiceStateChange.tql?ref=2a95f0825ffa5bcf0f716d16f60c6b05a64fd317",
      "patch": "@@ -0,0 +1,10 @@\n+from_file f\"{env(\"TENZIR_INPUTS\")}/04-ServiceStateChange.xml\" {\n+  read_all\n+}\n+sysmon::ocsf::map data\n+this = ocsf\n+ocsf::derive\n+ocsf::cast\n+\n+// Ensure deterministic tests.\n+drop metadata.processed_time"
    },
    {
      "sha": "204acfd4563833a6dd1c2cae6b2a5808508f8ba5",
      "filename": "sysmon/tests/ocsf/04-ServiceStateChange.txt",
      "status": "added",
      "additions": 56,
      "deletions": 0,
      "changes": 56,
      "blob_url": "https://github.com/tenzir/library/blob/2a95f0825ffa5bcf0f716d16f60c6b05a64fd317/sysmon%2Ftests%2Focsf%2F04-ServiceStateChange.txt",
      "raw_url": "https://github.com/tenzir/library/raw/2a95f0825ffa5bcf0f716d16f60c6b05a64fd317/sysmon%2Ftests%2Focsf%2F04-ServiceStateChange.txt",
      "contents_url": "https://api.github.com/repos/tenzir/library/contents/sysmon%2Ftests%2Focsf%2F04-ServiceStateChange.txt?ref=2a95f0825ffa5bcf0f716d16f60c6b05a64fd317",
      "patch": "@@ -0,0 +1,56 @@\n+{\n+  activity_id: 3,\n+  activity_name: \"Start\",\n+  actor: {},\n+  category_name: \"System Activity\",\n+  category_uid: 1,\n+  class_name: \"Windows Service Activity\",\n+  class_uid: 201004,\n+  device: {\n+    hostname: \"WORKSTATION01.corp.local\",\n+  },\n+  metadata: {\n+    event_code: \"4\",\n+    extensions: [\n+      {\n+        name: \"win\",\n+      },\n+    ],\n+    log_format: \"xml\",\n+    log_level: \"4\",\n+    log_name: \"Microsoft-Windows-Sysmon/Operational\",\n+    log_version: \"3\",\n+    logged_time: 2025-03-22T08:00:01Z,\n+    original_event_uid: \"1004\",\n+    product: {\n+      name: \"Microsoft-Windows-Sysmon\",\n+      uid: \"{5770385F-C22A-43E0-BF4C-06F5698FFBD9}\",\n+      vendor_name: \"Microsoft\",\n+    },\n+    profiles: [\n+      \"host\",\n+    ],\n+    version: \"1.7.0\",\n+  },\n+  raw_data: \"<!-- Sysmon EID 4 \u2013 SysmonServiceStateChange (Schema 4.90) -->\\n<!-- Generated when the Sysmon service starts or stops. Not configurable/filterable. -->\\n<Event xmlns=\\\"http://schemas.microsoft.com/win/2004/08/events/event\\\">\\n  <System>\\n    <Provider Name=\\\"Microsoft-Windows-Sysmon\\\" Guid=\\\"{5770385F-C22A-43E0-BF4C-06F5698FFBD9}\\\"/>\\n    <EventID>4</EventID>\\n    <Version>3</Version>\\n    <Level>4</Level>\\n    <Task>4</Task>\\n    <Opcode>0</Opcode>\\n    <Keywords>0x8000000000000000</Keywords>\\n    <TimeCreated SystemTime=\\\"2025-03-22T08:00:01.000000000Z\\\"/>\\n    <EventRecordID>1004</EventRecordID>\\n    <Correlation/>\\n    <Execution ProcessID=\\\"3216\\\" ThreadID=\\\"3964\\\"/>\\n    <Channel>Microsoft-Windows-Sysmon/Operational</Channel>\\n    <Computer>WORKSTATION01.corp.local</Computer>\\n    <Security UserID=\\\"S-1-5-18\\\"/>\\n  </System>\\n  <EventData>\\n    <Data Name=\\\"UtcTime\\\">2025-03-22 08:00:01.000</Data>\\n    <Data Name=\\\"State\\\">Started</Data>\\n    <Data Name=\\\"Version\\\">15.15</Data>\\n    <Data Name=\\\"SchemaVersion\\\">4.90</Data>\\n  </EventData>\\n</Event>\\n\",\n+  raw_data_size: 1027,\n+  severity: \"Informational\",\n+  severity_id: 1,\n+  time: 2025-03-22T08:00:01Z,\n+  type_name: \"Windows Service Activity: Start\",\n+  type_uid: 20100403,\n+  unmapped: {\n+    System: {\n+      Task: 4,\n+      Opcode: 0,\n+      Keywords: \"0x8000000000000000\",\n+    },\n+    EventData: {\n+      SchemaVersion: 4.9,\n+    },\n+  },\n+  win_service: {\n+    name: \"Sysmon\",\n+    version: \"15.15\",\n+  },\n+}"
    },
    {
      "sha": "c041c0db83fe0896afc8ac449ceaeb24cf5914fd",
      "filename": "sysmon/tests/ocsf/05-ProcessTerminate.tql",
      "status": "added",
      "additions": 10,
      "deletions": 0,
      "changes": 10,
      "blob_url": "https://github.com/tenzir/library/blob/2a95f0825ffa5bcf0f716d16f60c6b05a64fd317/sysmon%2Ftests%2Focsf%2F05-ProcessTerminate.tql",
      "raw_url": "https://github.com/tenzir/library/raw/2a95f0825ffa5bcf0f716d16f60c6b05a64fd317/sysmon%2Ftests%2Focsf%2F05-ProcessTerminate.tql",
      "contents_url": "https://api.github.com/repos/tenzir/library/contents/sysmon%2Ftests%2Focsf%2F05-ProcessTerminate.tql?ref=2a95f0825ffa5bcf0f716d16f60c6b05a64fd317",
      "patch": "@@ -0,0 +1,10 @@\n+from_file f\"{env(\"TENZIR_INPUTS\")}/05-ProcessTerminate.xml\" {\n+  read_all\n+}\n+sysmon::ocsf::map data\n+this = ocsf\n+ocsf::derive\n+ocsf::cast\n+\n+// Ensure deterministic tests.\n+drop metadata.processed_time"
    },
    {
      "sha": "96d7caa2bc9f483f871468d0c214e29ab6cfd631",
      "filename": "sysmon/tests/ocsf/05-ProcessTerminate.txt",
      "status": "added",
      "additions": 83,
      "deletions": 0,
      "changes": 83,
      "blob_url": "https://github.com/tenzir/library/blob/2a95f0825ffa5bcf0f716d16f60c6b05a64fd317/sysmon%2Ftests%2Focsf%2F05-ProcessTerminate.txt",
      "raw_url": "https://github.com/tenzir/library/raw/2a95f0825ffa5bcf0f716d16f60c6b05a64fd317/sysmon%2Ftests%2Focsf%2F05-ProcessTerminate.txt",
      "contents_url": "https://api.github.com/repos/tenzir/library/contents/sysmon%2Ftests%2Focsf%2F05-ProcessTerminate.txt?ref=2a95f0825ffa5bcf0f716d16f60c6b05a64fd317",
      "patch": "@@ -0,0 +1,83 @@\n+{\n+  activity_id: 2,\n+  activity_name: \"Terminate\",\n+  actor: {\n+    process: {\n+      file: {\n+        name: \"cmd.exe\",\n+        path: \"C:\\\\Windows\\\\System32\\\\cmd.exe\",\n+        type: \"Executable File\",\n+        type_id: 8,\n+      },\n+      name: \"cmd.exe\",\n+      path: \"C:\\\\Windows\\\\System32\\\\cmd.exe\",\n+      pid: 4812,\n+      uid: \"{A23EAE89-BD56-67E0-0000-0010E9D95E01}\",\n+    },\n+    user: {\n+      domain: \"CORP\",\n+      name: \"jdoe\",\n+    },\n+  },\n+  category_name: \"System Activity\",\n+  category_uid: 1,\n+  class_name: \"Process Activity\",\n+  class_uid: 1007,\n+  device: {\n+    hostname: \"WORKSTATION01.corp.local\",\n+  },\n+  metadata: {\n+    event_code: \"5\",\n+    extensions: [\n+      {\n+        name: \"win\",\n+      },\n+    ],\n+    log_format: \"xml\",\n+    log_level: \"4\",\n+    log_name: \"Microsoft-Windows-Sysmon/Operational\",\n+    log_version: \"3\",\n+    logged_time: 2025-03-22T10:14:04.900Z,\n+    original_event_uid: \"1005\",\n+    product: {\n+      name: \"Microsoft-Windows-Sysmon\",\n+      uid: \"{5770385F-C22A-43E0-BF4C-06F5698FFBD9}\",\n+      vendor_name: \"Microsoft\",\n+    },\n+    profiles: [\n+      \"host\",\n+    ],\n+    version: \"1.7.0\",\n+  },\n+  process: {\n+    file: {\n+      name: \"cmd.exe\",\n+      path: \"C:\\\\Windows\\\\System32\\\\cmd.exe\",\n+      type: \"Executable File\",\n+      type_id: 8,\n+    },\n+    name: \"cmd.exe\",\n+    path: \"C:\\\\Windows\\\\System32\\\\cmd.exe\",\n+    pid: 4812,\n+    uid: \"{A23EAE89-BD56-67E0-0000-0010E9D95E01}\",\n+    user: {\n+      domain: \"CORP\",\n+      name: \"jdoe\",\n+    },\n+  },\n+  raw_data: \"<!-- Sysmon EID 5 \u2013 ProcessTerminate (Schema 4.90) -->\\n<!-- Logs when a process exits. Useful for correlating with EID 1 via ProcessGuid. -->\\n<Event xmlns=\\\"http://schemas.microsoft.com/win/2004/08/events/event\\\">\\n  <System>\\n    <Provider Name=\\\"Microsoft-Windows-Sysmon\\\" Guid=\\\"{5770385F-C22A-43E0-BF4C-06F5698FFBD9}\\\"/>\\n    <EventID>5</EventID>\\n    <Version>3</Version>\\n    <Level>4</Level>\\n    <Task>5</Task>\\n    <Opcode>0</Opcode>\\n    <Keywords>0x8000000000000000</Keywords>\\n    <TimeCreated SystemTime=\\\"2025-03-22T10:14:04.900000000Z\\\"/>\\n    <EventRecordID>1005</EventRecordID>\\n    <Correlation/>\\n    <Execution ProcessID=\\\"3216\\\" ThreadID=\\\"3964\\\"/>\\n    <Channel>Microsoft-Windows-Sysmon/Operational</Channel>\\n    <Computer>WORKSTATION01.corp.local</Computer>\\n    <Security UserID=\\\"S-1-5-18\\\"/>\\n  </System>\\n  <EventData>\\n    <Data Name=\\\"RuleName\\\">-</Data>\\n    <Data Name=\\\"UtcTime\\\">2025-03-22 10:14:04.900</Data>\\n    <Data Name=\\\"ProcessGuid\\\">{A23EAE89-BD56-67E0-0000-0010E9D95E01}</Data>\\n    <Data Name=\\\"ProcessId\\\">4812</Data>\\n    <Data Name=\\\"Image\\\">C:\\\\Windows\\\\System32\\\\cmd.exe</Data>\\n    <Data Name=\\\"User\\\">CORP\\\\jdoe</Data>\\n  </EventData>\\n</Event>\\n\",\n+  raw_data_size: 1144,\n+  severity: \"Informational\",\n+  severity_id: 1,\n+  time: 2025-03-22T10:14:04.900Z,\n+  type_name: \"Process Activity: Terminate\",\n+  type_uid: 100702,\n+  unmapped: {\n+    System: {\n+      Task: 5,\n+      Opcode: 0,\n+      Keywords: \"0x8000000000000000\",\n+    },\n+    EventData: {},\n+  },\n+}"
    },
    {
      "sha": "2b2396c6588988fb8fde7ac25bf710629a205675",
      "filename": "sysmon/tests/ocsf/06-DriverLoad.tql",
      "status": "added",
      "additions": 10,
      "deletions": 0,
      "changes": 10,
      "blob_url": "https://github.com/tenzir/library/blob/2a95f0825ffa5bcf0f716d16f60c6b05a64fd317/sysmon%2Ftests%2Focsf%2F06-DriverLoad.tql",
      "raw_url": "https://github.com/tenzir/library/raw/2a95f0825ffa5bcf0f716d16f60c6b05a64fd317/sysmon%2Ftests%2Focsf%2F06-DriverLoad.tql",
      "contents_url": "https://api.github.com/repos/tenzir/library/contents/sysmon%2Ftests%2Focsf%2F06-DriverLoad.tql?ref=2a95f0825ffa5bcf0f716d16f60c6b05a64fd317",
      "patch": "@@ -0,0 +1,10 @@\n+from_file f\"{env(\"TENZIR_INPUTS\")}/06-DriverLoad.xml\" {\n+  read_all\n+}\n+sysmon::ocsf::map data\n+this = ocsf\n+ocsf::derive\n+ocsf::cast\n+\n+// Ensure deterministic tests.\n+drop metadata.processed_time"
    },
    {
      "sha": "210ae174d48174b910a53065338aa5172efe6b80",
      "filename": "sysmon/tests/ocsf/06-DriverLoad.txt",
      "status": "added",
      "additions": 80,
      "deletions": 0,
      "changes": 80,
      "blob_url": "https://github.com/tenzir/library/blob/2a95f0825ffa5bcf0f716d16f60c6b05a64fd317/sysmon%2Ftests%2Focsf%2F06-DriverLoad.txt",
      "raw_url": "https://github.com/tenzir/library/raw/2a95f0825ffa5bcf0f716d16f60c6b05a64fd317/sysmon%2Ftests%2Focsf%2F06-DriverLoad.txt",
      "contents_url": "https://api.github.com/repos/tenzir/library/contents/sysmon%2Ftests%2Focsf%2F06-DriverLoad.txt?ref=2a95f0825ffa5bcf0f716d16f60c6b05a64fd317",
      "patch": "@@ -0,0 +1,80 @@\n+{\n+  activity_id: 1,\n+  activity_name: \"Load\",\n+  actor: {},\n+  category_name: \"System Activity\",\n+  category_uid: 1,\n+  class_name: \"Kernel Extension Activity\",\n+  class_uid: 1002,\n+  device: {\n+    hostname: \"WORKSTATION01.corp.local\",\n+  },\n+  driver: {\n+    file: {\n+      hashes: [\n+        {\n+          algorithm: \"SHA-1\",\n+          algorithm_id: 2,\n+          value: \"DEADBEEF...\",\n+        },\n+        {\n+          algorithm: \"MD5\",\n+          algorithm_id: 1,\n+          value: \"CAFEBABE...\",\n+        },\n+        {\n+          algorithm: \"SHA-256\",\n+          algorithm_id: 3,\n+          value: \"0000FFFF...\",\n+        },\n+        {\n+          algorithm: \"Other\",\n+          algorithm_id: 99,\n+          value: \"11223344...\",\n+        },\n+      ],\n+      name: \"maldrv.sys\",\n+      path: \"C:\\\\Windows\\\\System32\\\\drivers\\\\maldrv.sys\",\n+      type: \"Executable File\",\n+      type_id: 8,\n+    },\n+  },\n+  metadata: {\n+    event_code: \"6\",\n+    extensions: [\n+      {\n+        name: \"win\",\n+      },\n+    ],\n+    log_format: \"xml\",\n+    log_level: \"4\",\n+    log_name: \"Microsoft-Windows-Sysmon/Operational\",\n+    log_version: \"3\",\n+    logged_time: 2025-03-22T10:17:30Z,\n+    original_event_uid: \"1006\",\n+    product: {\n+      name: \"Microsoft-Windows-Sysmon\",\n+      uid: \"{5770385F-C22A-43E0-BF4C-06F5698FFBD9}\",\n+      vendor_name: \"Microsoft\",\n+    },\n+    profiles: [\n+      \"host\",\n+    ],\n+    version: \"1.7.0\",\n+  },\n+  raw_data: \"<!-- Sysmon EID 6 \u2013 DriverLoad (Schema 4.90) -->\\n<!-- Logs when a driver is loaded into the kernel. Unsigned or low-reputation drivers are suspicious. -->\\n<Event xmlns=\\\"http://schemas.microsoft.com/win/2004/08/events/event\\\">\\n  <System>\\n    <Provider Name=\\\"Microsoft-Windows-Sysmon\\\" Guid=\\\"{5770385F-C22A-43E0-BF4C-06F5698FFBD9}\\\"/>\\n    <EventID>6</EventID>\\n    <Version>3</Version>\\n    <Level>4</Level>\\n    <Task>6</Task>\\n    <Opcode>0</Opcode>\\n    <Keywords>0x8000000000000000</Keywords>\\n    <TimeCreated SystemTime=\\\"2025-03-22T10:17:30.000000000Z\\\"/>\\n    <EventRecordID>1006</EventRecordID>\\n    <Correlation/>\\n    <Execution ProcessID=\\\"4\\\" ThreadID=\\\"8\\\"/>\\n    <Channel>Microsoft-Windows-Sysmon/Operational</Channel>\\n    <Computer>WORKSTATION01.corp.local</Computer>\\n    <Security UserID=\\\"S-1-5-18\\\"/>\\n  </System>\\n  <EventData>\\n    <Data Name=\\\"RuleName\\\">-</Data>\\n    <Data Name=\\\"UtcTime\\\">2025-03-22 10:17:30.000</Data>\\n    <Data Name=\\\"ImageLoaded\\\">C:\\\\Windows\\\\System32\\\\drivers\\\\maldrv.sys</Data>\\n    <Data Name=\\\"Hashes\\\">SHA1=DEADBEEF...,MD5=CAFEBABE...,SHA256=0000FFFF...,IMPHASH=11223344...</Data>\\n    <Data Name=\\\"Signed\\\">false</Data>\\n    <Data Name=\\\"Signature\\\">-</Data>\\n    <Data Name=\\\"SignatureStatus\\\">Unavailable</Data>\\n  </EventData>\\n</Event>\\n\",\n+  raw_data_size: 1243,\n+  severity: \"Informational\",\n+  severity_id: 1,\n+  time: 2025-03-22T10:17:30Z,\n+  type_name: \"Kernel Extension Activity: Load\",\n+  type_uid: 100201,\n+  unmapped: {\n+    System: {\n+      Task: 6,\n+      Opcode: 0,\n+      Keywords: \"0x8000000000000000\",\n+    },\n+    EventData: {},\n+  },\n+}"
    },
    {
      "sha": "6486ff4f8fea4fbf4b864168cd721ad903559756",
      "filename": "sysmon/tests/ocsf/07-ImageLoad.tql",
      "status": "added",
      "additions": 10,
      "deletions": 0,
      "changes": 10,
      "blob_url": "https://github.com/tenzir/library/blob/2a95f0825ffa5bcf0f716d16f60c6b05a64fd317/sysmon%2Ftests%2Focsf%2F07-ImageLoad.tql",
      "raw_url": "https://github.com/tenzir/library/raw/2a95f0825ffa5bcf0f716d16f60c6b05a64fd317/sysmon%2Ftests%2Focsf%2F07-ImageLoad.tql",
      "contents_url": "https://api.github.com/repos/tenzir/library/contents/sysmon%2Ftests%2Focsf%2F07-ImageLoad.tql?ref=2a95f0825ffa5bcf0f716d16f60c6b05a64fd317",
      "patch": "@@ -0,0 +1,10 @@\n+from_file f\"{env(\"TENZIR_INPUTS\")}/07-ImageLoad.xml\" {\n+  read_all\n+}\n+sysmon::ocsf::map data\n+this = ocsf\n+ocsf::derive\n+ocsf::cast\n+\n+// Ensure deterministic tests.\n+drop metadata.processed_time"
    },
    {
      "sha": "72ba6b810a0854d515a440a248541e486576fdc8",
      "filename": "sysmon/tests/ocsf/07-ImageLoad.txt",
      "status": "added",
      "additions": 101,
      "deletions": 0,
      "changes": 101,
      "blob_url": "https://github.com/tenzir/library/blob/2a95f0825ffa5bcf0f716d16f60c6b05a64fd317/sysmon%2Ftests%2Focsf%2F07-ImageLoad.txt",
      "raw_url": "https://github.com/tenzir/library/raw/2a95f0825ffa5bcf0f716d16f60c6b05a64fd317/sysmon%2Ftests%2Focsf%2F07-ImageLoad.txt",
      "contents_url": "https://api.github.com/repos/tenzir/library/contents/sysmon%2Ftests%2Focsf%2F07-ImageLoad.txt?ref=2a95f0825ffa5bcf0f716d16f60c6b05a64fd317",
      "patch": "@@ -0,0 +1,101 @@\n+{\n+  activity_id: 1,\n+  activity_name: \"Load\",\n+  actor: {\n+    process: {\n+      file: {\n+        name: \"payload.exe\",\n+        path: \"C:\\\\Users\\\\jdoe\\\\AppData\\\\Local\\\\Temp\\\\payload.exe\",\n+        type: \"Executable File\",\n+        type_id: 8,\n+      },\n+      name: \"payload.exe\",\n+      path: \"C:\\\\Users\\\\jdoe\\\\AppData\\\\Local\\\\Temp\\\\payload.exe\",\n+      pid: 4812,\n+      uid: \"{A23EAE89-BD56-67E0-0000-0010E9D95E03}\",\n+    },\n+    user: {\n+      domain: \"CORP\",\n+      name: \"jdoe\",\n+    },\n+  },\n+  category_name: \"System Activity\",\n+  category_uid: 1,\n+  class_name: \"Module Activity\",\n+  class_uid: 1005,\n+  device: {\n+    hostname: \"WORKSTATION01.corp.local\",\n+  },\n+  metadata: {\n+    event_code: \"7\",\n+    extensions: [\n+      {\n+        name: \"win\",\n+      },\n+    ],\n+    log_format: \"xml\",\n+    log_level: \"4\",\n+    log_name: \"Microsoft-Windows-Sysmon/Operational\",\n+    log_version: \"3\",\n+    logged_time: 2025-03-22T10:18:00.500Z,\n+    original_event_uid: \"1007\",\n+    product: {\n+      name: \"Microsoft-Windows-Sysmon\",\n+      uid: \"{5770385F-C22A-43E0-BF4C-06F5698FFBD9}\",\n+      vendor_name: \"Microsoft\",\n+    },\n+    profiles: [\n+      \"host\",\n+    ],\n+    version: \"1.7.0\",\n+  },\n+  module: {\n+    file: {\n+      company_name: null,\n+      desc: null,\n+      hashes: [\n+        {\n+          algorithm: \"SHA-1\",\n+          algorithm_id: 2,\n+          value: \"AABBCCDD...\",\n+        },\n+        {\n+          algorithm: \"MD5\",\n+          algorithm_id: 1,\n+          value: \"11223344...\",\n+        },\n+        {\n+          algorithm: \"SHA-256\",\n+          algorithm_id: 3,\n+          value: \"55667788...\",\n+        },\n+        {\n+          algorithm: \"Other\",\n+          algorithm_id: 99,\n+          value: \"99AABBCC...\",\n+        },\n+      ],\n+      internal_name: null,\n+      name: \"evil.dll\",\n+      path: \"C:\\\\Users\\\\jdoe\\\\AppData\\\\Local\\\\Temp\\\\evil.dll\",\n+      type: \"Executable File\",\n+      type_id: 8,\n+      version: null,\n+    },\n+  },\n+  raw_data: \"<!-- Sysmon EID 7 \u2013 ImageLoad (Schema 4.90) -->\\n<!-- Logs DLL/module loads by a process. High volume; typically filtered to unsigned or suspicious paths. -->\\n<Event xmlns=\\\"http://schemas.microsoft.com/win/2004/08/events/event\\\">\\n  <System>\\n    <Provider Name=\\\"Microsoft-Windows-Sysmon\\\" Guid=\\\"{5770385F-C22A-43E0-BF4C-06F5698FFBD9}\\\"/>\\n    <EventID>7</EventID>\\n    <Version>3</Version>\\n    <Level>4</Level>\\n    <Task>7</Task>\\n    <Opcode>0</Opcode>\\n    <Keywords>0x8000000000000000</Keywords>\\n    <TimeCreated SystemTime=\\\"2025-03-22T10:18:00.500000000Z\\\"/>\\n    <EventRecordID>1007</EventRecordID>\\n    <Correlation/>\\n    <Execution ProcessID=\\\"3216\\\" ThreadID=\\\"3964\\\"/>\\n    <Channel>Microsoft-Windows-Sysmon/Operational</Channel>\\n    <Computer>WORKSTATION01.corp.local</Computer>\\n    <Security UserID=\\\"S-1-5-18\\\"/>\\n  </System>\\n  <EventData>\\n    <Data Name=\\\"RuleName\\\">-</Data>\\n    <Data Name=\\\"UtcTime\\\">2025-03-22 10:18:00.500</Data>\\n    <Data Name=\\\"ProcessGuid\\\">{A23EAE89-BD56-67E0-0000-0010E9D95E03}</Data>\\n    <Data Name=\\\"ProcessId\\\">4812</Data>\\n    <Data Name=\\\"Image\\\">C:\\\\Users\\\\jdoe\\\\AppData\\\\Local\\\\Temp\\\\payload.exe</Data>\\n    <Data Name=\\\"ImageLoaded\\\">C:\\\\Users\\\\jdoe\\\\AppData\\\\Local\\\\Temp\\\\evil.dll</Data>\\n    <Data Name=\\\"FileVersion\\\">-</Data>\\n    <Data Name=\\\"Description\\\">-</Data>\\n    <Data Name=\\\"Product\\\">-</Data>\\n    <Data Name=\\\"Company\\\">-</Data>\\n    <Data Name=\\\"OriginalFileName\\\">-</Data>\\n    <Data Name=\\\"Hashes\\\">SHA1=AABBCCDD...,MD5=11223344...,SHA256=55667788...,IMPHASH=99AABBCC...</Data>\\n    <Data Name=\\\"Signed\\\">false</Data>\\n    <Data Name=\\\"Signature\\\">-</Data>\\n    <Data Name=\\\"SignatureStatus\\\">Unavailable</Data>\\n    <Data Name=\\\"User\\\">CORP\\\\jdoe</Data>\\n  </EventData>\\n</Event>\\n\",\n+  raw_data_size: 1670,\n+  severity: \"Informational\",\n+  severity_id: 1,\n+  time: 2025-03-22T10:18:00.500Z,\n+  type_name: \"Module Activity: Load\",\n+  type_uid: 100501,\n+  unmapped: {\n+    System: {\n+      Task: 7,\n+      Opcode: 0,\n+      Keywords: \"0x8000000000000000\",\n+    },\n+    EventData: {},\n+  },\n+}"
    },
    {
      "sha": "312137ad454c3b7bbe12cddef30ecbb590bc0ad7",
      "filename": "sysmon/tests/ocsf/08-CreateRemoteThread.tql",
      "status": "added",
      "additions": 10,
      "deletions": 0,
      "changes": 10,
      "blob_url": "https://github.com/tenzir/library/blob/2a95f0825ffa5bcf0f716d16f60c6b05a64fd317/sysmon%2Ftests%2Focsf%2F08-CreateRemoteThread.tql",
      "raw_url": "https://github.com/tenzir/library/raw/2a95f0825ffa5bcf0f716d16f60c6b05a64fd317/sysmon%2Ftests%2Focsf%2F08-CreateRemoteThread.tql",
      "contents_url": "https://api.github.com/repos/tenzir/library/contents/sysmon%2Ftests%2Focsf%2F08-CreateRemoteThread.tql?ref=2a95f0825ffa5bcf0f716d16f60c6b05a64fd317",
      "patch": "@@ -0,0 +1,10 @@\n+from_file f\"{env(\"TENZIR_INPUTS\")}/08-CreateRemoteThread.xml\" {\n+  read_all\n+}\n+sysmon::ocsf::map data\n+this = ocsf\n+ocsf::derive\n+ocsf::cast\n+\n+// Ensure deterministic tests.\n+drop metadata.processed_time"
    },
    {
      "sha": "47739089385b54bee572b1e1614e12e9b9b72b0d",
      "filename": "sysmon/tests/ocsf/08-CreateRemoteThread.txt",
      "status": "added",
      "additions": 89,
      "deletions": 0,
      "changes": 89,
      "blob_url": "https://github.com/tenzir/library/blob/2a95f0825ffa5bcf0f716d16f60c6b05a64fd317/sysmon%2Ftests%2Focsf%2F08-CreateRemoteThread.txt",
      "raw_url": "https://github.com/tenzir/library/raw/2a95f0825ffa5bcf0f716d16f60c6b05a64fd317/sysmon%2Ftests%2Focsf%2F08-CreateRemoteThread.txt",
      "contents_url": "https://api.github.com/repos/tenzir/library/contents/sysmon%2Ftests%2Focsf%2F08-CreateRemoteThread.txt?ref=2a95f0825ffa5bcf0f716d16f60c6b05a64fd317",
      "patch": "@@ -0,0 +1,89 @@\n+{\n+  activity_id: 4,\n+  activity_name: \"Inject\",\n+  actor: {\n+    process: {\n+      file: {\n+        name: \"payload.exe\",\n+        path: \"C:\\\\Users\\\\jdoe\\\\AppData\\\\Local\\\\Temp\\\\payload.exe\",\n+        type: \"Executable File\",\n+        type_id: 8,\n+      },\n+      name: \"payload.exe\",\n+      path: \"C:\\\\Users\\\\jdoe\\\\AppData\\\\Local\\\\Temp\\\\payload.exe\",\n+      pid: 4812,\n+      uid: \"{A23EAE89-BD56-67E0-0000-0010E9D95E03}\",\n+    },\n+    user: {\n+      domain: \"CORP\",\n+      name: \"jdoe\",\n+    },\n+  },\n+  category_name: \"System Activity\",\n+  category_uid: 1,\n+  class_name: \"Process Activity\",\n+  class_uid: 1007,\n+  device: {\n+    hostname: \"WORKSTATION01.corp.local\",\n+  },\n+  injection_type: \"Remote Thread\",\n+  injection_type_id: 1,\n+  metadata: {\n+    event_code: \"8\",\n+    extensions: [\n+      {\n+        name: \"win\",\n+      },\n+    ],\n+    log_format: \"xml\",\n+    log_level: \"4\",\n+    log_name: \"Microsoft-Windows-Sysmon/Operational\",\n+    log_version: \"2\",\n+    logged_time: 2025-03-22T10:19:10Z,\n+    original_event_uid: \"1008\",\n+    product: {\n+      name: \"Microsoft-Windows-Sysmon\",\n+      uid: \"{5770385F-C22A-43E0-BF4C-06F5698FFBD9}\",\n+      vendor_name: \"Microsoft\",\n+    },\n+    profiles: [\n+      \"host\",\n+    ],\n+    version: \"1.7.0\",\n+  },\n+  module: {\n+    base_address: \"0x00007FFAB1234560\",\n+  },\n+  process: {\n+    file: {\n+      name: \"lsass.exe\",\n+      path: \"C:\\\\Windows\\\\System32\\\\lsass.exe\",\n+      type: \"Executable File\",\n+      type_id: 8,\n+    },\n+    name: \"lsass.exe\",\n+    path: \"C:\\\\Windows\\\\System32\\\\lsass.exe\",\n+    pid: 664,\n+    ptid: 4480,\n+    uid: \"{A23EAE89-AA00-67E0-0000-001000001000}\",\n+    user: {\n+      domain: \"NT AUTHORITY\",\n+      name: \"SYSTEM\",\n+    },\n+  },\n+  raw_data: \"<!-- Sysmon EID 8 \u2013 CreateRemoteThread (Schema 4.90) -->\\n<!-- Fires when a process creates a thread in another process. Classic injection indicator. -->\\n<Event xmlns=\\\"http://schemas.microsoft.com/win/2004/08/events/event\\\">\\n  <System>\\n    <Provider Name=\\\"Microsoft-Windows-Sysmon\\\" Guid=\\\"{5770385F-C22A-43E0-BF4C-06F5698FFBD9}\\\"/>\\n    <EventID>8</EventID>\\n    <Version>2</Version>\\n    <Level>4</Level>\\n    <Task>8</Task>\\n    <Opcode>0</Opcode>\\n    <Keywords>0x8000000000000000</Keywords>\\n    <TimeCreated SystemTime=\\\"2025-03-22T10:19:10.000000000Z\\\"/>\\n    <EventRecordID>1008</EventRecordID>\\n    <Correlation/>\\n    <Execution ProcessID=\\\"3216\\\" ThreadID=\\\"3964\\\"/>\\n    <Channel>Microsoft-Windows-Sysmon/Operational</Channel>\\n    <Computer>WORKSTATION01.corp.local</Computer>\\n    <Security UserID=\\\"S-1-5-18\\\"/>\\n  </System>\\n  <EventData>\\n    <Data Name=\\\"RuleName\\\">-</Data>\\n    <Data Name=\\\"UtcTime\\\">2025-03-22 10:19:10.000</Data>\\n    <Data Name=\\\"SourceProcessGuid\\\">{A23EAE89-BD56-67E0-0000-0010E9D95E03}</Data>\\n    <Data Name=\\\"SourceProcessId\\\">4812</Data>\\n    <Data Name=\\\"SourceImage\\\">C:\\\\Users\\\\jdoe\\\\AppData\\\\Local\\\\Temp\\\\payload.exe</Data>\\n    <Data Name=\\\"TargetProcessGuid\\\">{A23EAE89-AA00-67E0-0000-001000001000}</Data>\\n    <Data Name=\\\"TargetProcessId\\\">664</Data>\\n    <Data Name=\\\"TargetImage\\\">C:\\\\Windows\\\\System32\\\\lsass.exe</Data>\\n    <Data Name=\\\"NewThreadId\\\">4480</Data>\\n    <Data Name=\\\"StartAddress\\\">0x00007FFAB1234560</Data>\\n    <Data Name=\\\"StartModule\\\">-</Data>\\n    <Data Name=\\\"StartFunction\\\">-</Data>\\n    <Data Name=\\\"SourceUser\\\">CORP\\\\jdoe</Data>\\n    <Data Name=\\\"TargetUser\\\">NT AUTHORITY\\\\SYSTEM</Data>\\n  </EventData>\\n</Event>\\n\",\n+  raw_data_size: 1617,\n+  severity: \"Informational\",\n+  severity_id: 1,\n+  time: 2025-03-22T10:19:10Z,\n+  type_name: \"Process Activity: Inject\",\n+  type_uid: 100704,\n+  unmapped: {\n+    System: {\n+      Task: 8,\n+      Opcode: 0,\n+      Keywords: \"0x8000000000000000\",\n+    },\n+    EventData: {},\n+  },\n+}"
    },
    {
      "sha": "251d4e4e8ef30be2b78d537ed4d95225f589f917",
      "filename": "sysmon/tests/ocsf/09-RawAccessRead.tql",
      "status": "added",
      "additions": 10,
      "deletions": 0,
      "changes": 10,
      "blob_url": "https://github.com/tenzir/library/blob/2a95f0825ffa5bcf0f716d16f60c6b05a64fd317/sysmon%2Ftests%2Focsf%2F09-RawAccessRead.tql",
      "raw_url": "https://github.com/tenzir/library/raw/2a95f0825ffa5bcf0f716d16f60c6b05a64fd317/sysmon%2Ftests%2Focsf%2F09-RawAccessRead.tql",
      "contents_url": "https://api.github.com/repos/tenzir/library/contents/sysmon%2Ftests%2Focsf%2F09-RawAccessRead.tql?ref=2a95f0825ffa5bcf0f716d16f60c6b05a64fd317",
      "patch": "@@ -0,0 +1,10 @@\n+from_file f\"{env(\"TENZIR_INPUTS\")}/09-RawAccessRead.xml\" {\n+  read_all\n+}\n+sysmon::ocsf::map data\n+this = ocsf\n+ocsf::derive\n+ocsf::cast\n+\n+// Ensure deterministic tests.\n+drop metadata.processed_time"
    },
    {
      "sha": "da70ceccc14d2cc376b5d526ec840f198468f102",
      "filename": "sysmon/tests/ocsf/09-RawAccessRead.txt",
      "status": "added",
      "additions": 73,
      "deletions": 0,
      "changes": 73,
      "blob_url": "https://github.com/tenzir/library/blob/2a95f0825ffa5bcf0f716d16f60c6b05a64fd317/sysmon%2Ftests%2Focsf%2F09-RawAccessRead.txt",
      "raw_url": "https://github.com/tenzir/library/raw/2a95f0825ffa5bcf0f716d16f60c6b05a64fd317/sysmon%2Ftests%2Focsf%2F09-RawAccessRead.txt",
      "contents_url": "https://api.github.com/repos/tenzir/library/contents/sysmon%2Ftests%2Focsf%2F09-RawAccessRead.txt?ref=2a95f0825ffa5bcf0f716d16f60c6b05a64fd317",
      "patch": "@@ -0,0 +1,73 @@\n+{\n+  activity_id: 2,\n+  activity_name: \"Read\",\n+  actor: {\n+    process: {\n+      file: {\n+        name: \"ntdsutil.exe\",\n+        path: \"C:\\\\Windows\\\\System32\\\\ntdsutil.exe\",\n+        type: \"Executable File\",\n+        type_id: 8,\n+      },\n+      name: \"ntdsutil.exe\",\n+      path: \"C:\\\\Windows\\\\System32\\\\ntdsutil.exe\",\n+      pid: 9944,\n+      uid: \"{A23EAE89-BD56-67E0-0000-0010E9D95E09}\",\n+    },\n+    user: {\n+      domain: \"CORP\",\n+      name: \"Administrator\",\n+    },\n+  },\n+  category_name: \"System Activity\",\n+  category_uid: 1,\n+  class_name: \"File System Activity\",\n+  class_uid: 1001,\n+  device: {\n+    hostname: \"DC01.corp.local\",\n+  },\n+  file: {\n+    name: \"HarddiskVolume3\",\n+    path: \"\\\\Device\\\\HarddiskVolume3\",\n+    type: \"Block Device\",\n+    type_id: 4,\n+  },\n+  metadata: {\n+    event_code: \"9\",\n+    extensions: [\n+      {\n+        name: \"win\",\n+      },\n+    ],\n+    log_format: \"xml\",\n+    log_level: \"4\",\n+    log_name: \"Microsoft-Windows-Sysmon/Operational\",\n+    log_version: \"2\",\n+    logged_time: 2025-03-22T10:20:00Z,\n+    original_event_uid: \"1009\",\n+    product: {\n+      name: \"Microsoft-Windows-Sysmon\",\n+      uid: \"{5770385F-C22A-43E0-BF4C-06F5698FFBD9}\",\n+      vendor_name: \"Microsoft\",\n+    },\n+    profiles: [\n+      \"host\",\n+    ],\n+    version: \"1.7.0\",\n+  },\n+  raw_data: \"<!-- Sysmon EID 9 \u2013 RawAccessRead (Schema 4.90) -->\\n<!-- Fires when a process reads a disk sector directly (bypassing the filesystem). -->\\n<!-- Often used by credential dumpers reading NTDS.dit or the SAM hive. -->\\n<Event xmlns=\\\"http://schemas.microsoft.com/win/2004/08/events/event\\\">\\n  <System>\\n    <Provider Name=\\\"Microsoft-Windows-Sysmon\\\" Guid=\\\"{5770385F-C22A-43E0-BF4C-06F5698FFBD9}\\\"/>\\n    <EventID>9</EventID>\\n    <Version>2</Version>\\n    <Level>4</Level>\\n    <Task>9</Task>\\n    <Opcode>0</Opcode>\\n    <Keywords>0x8000000000000000</Keywords>\\n    <TimeCreated SystemTime=\\\"2025-03-22T10:20:00.000000000Z\\\"/>\\n    <EventRecordID>1009</EventRecordID>\\n    <Correlation/>\\n    <Execution ProcessID=\\\"3216\\\" ThreadID=\\\"3964\\\"/>\\n    <Channel>Microsoft-Windows-Sysmon/Operational</Channel>\\n    <Computer>DC01.corp.local</Computer>\\n    <Security UserID=\\\"S-1-5-18\\\"/>\\n  </System>\\n  <EventData>\\n    <Data Name=\\\"RuleName\\\">-</Data>\\n    <Data Name=\\\"UtcTime\\\">2025-03-22 10:20:00.000</Data>\\n    <Data Name=\\\"ProcessGuid\\\">{A23EAE89-BD56-67E0-0000-0010E9D95E09}</Data>\\n    <Data Name=\\\"ProcessId\\\">9944</Data>\\n    <Data Name=\\\"Image\\\">C:\\\\Windows\\\\System32\\\\ntdsutil.exe</Data>\\n    <Data Name=\\\"Device\\\">\\\\Device\\\\HarddiskVolume3</Data>\\n    <Data Name=\\\"User\\\">CORP\\\\Administrator</Data>\\n  </EventData>\\n</Event>\\n\",\n+  raw_data_size: 1277,\n+  severity: \"Informational\",\n+  severity_id: 1,\n+  time: 2025-03-22T10:20:00Z,\n+  type_name: \"File System Activity: Read\",\n+  type_uid: 100102,\n+  unmapped: {\n+    System: {\n+      Task: 9,\n+      Opcode: 0,\n+      Keywords: \"0x8000000000000000\",\n+    },\n+    EventData: {},\n+  },\n+}"
    },
    {
      "sha": "5b2cf6e21f36b8d714bb7a6461075ad85345d41f",
      "filename": "sysmon/tests/ocsf/10-ProcessAccess.tql",
      "status": "added",
      "additions": 10,
      "deletions": 0,
      "changes": 10,
      "blob_url": "https://github.com/tenzir/library/blob/2a95f0825ffa5bcf0f716d16f60c6b05a64fd317/sysmon%2Ftests%2Focsf%2F10-ProcessAccess.tql",
      "raw_url": "https://github.com/tenzir/library/raw/2a95f0825ffa5bcf0f716d16f60c6b05a64fd317/sysmon%2Ftests%2Focsf%2F10-ProcessAccess.tql",
      "contents_url": "https://api.github.com/repos/tenzir/library/contents/sysmon%2Ftests%2Focsf%2F10-ProcessAccess.tql?ref=2a95f0825ffa5bcf0f716d16f60c6b05a64fd317",
      "patch": "@@ -0,0 +1,10 @@\n+from_file f\"{env(\"TENZIR_INPUTS\")}/10-ProcessAccess.xml\" {\n+  read_all\n+}\n+sysmon::ocsf::map data\n+this = ocsf\n+ocsf::derive\n+ocsf::cast\n+\n+// Ensure deterministic tests.\n+drop metadata.processed_time"
    },
    {
      "sha": "3b7a889e39bf9a183d7563af9dd61c39f2b0fc0a",
      "filename": "sysmon/tests/ocsf/10-ProcessAccess.txt",
      "status": "added",
      "additions": 87,
      "deletions": 0,
      "changes": 87,
      "blob_url": "https://github.com/tenzir/library/blob/2a95f0825ffa5bcf0f716d16f60c6b05a64fd317/sysmon%2Ftests%2Focsf%2F10-ProcessAccess.txt",
      "raw_url": "https://github.com/tenzir/library/raw/2a95f0825ffa5bcf0f716d16f60c6b05a64fd317/sysmon%2Ftests%2Focsf%2F10-ProcessAccess.txt",
      "contents_url": "https://api.github.com/repos/tenzir/library/contents/sysmon%2Ftests%2Focsf%2F10-ProcessAccess.txt?ref=2a95f0825ffa5bcf0f716d16f60c6b05a64fd317",
      "patch": "@@ -0,0 +1,87 @@\n+{\n+  activity_id: 3,\n+  activity_name: \"Open\",\n+  actor: {\n+    process: {\n+      file: {\n+        name: \"payload.exe\",\n+        path: \"C:\\\\Users\\\\jdoe\\\\AppData\\\\Local\\\\Temp\\\\payload.exe\",\n+        type: \"Executable File\",\n+        type_id: 8,\n+      },\n+      name: \"payload.exe\",\n+      path: \"C:\\\\Users\\\\jdoe\\\\AppData\\\\Local\\\\Temp\\\\payload.exe\",\n+      pid: 4812,\n+      uid: \"{A23EAE89-BD56-67E0-0000-0010E9D95E03}\",\n+    },\n+    user: {\n+      domain: \"CORP\",\n+      name: \"jdoe\",\n+    },\n+  },\n+  category_name: \"System Activity\",\n+  category_uid: 1,\n+  class_name: \"Process Activity\",\n+  class_uid: 1007,\n+  device: {\n+    hostname: \"WORKSTATION01.corp.local\",\n+  },\n+  metadata: {\n+    event_code: \"10\",\n+    extensions: [\n+      {\n+        name: \"win\",\n+      },\n+    ],\n+    log_format: \"xml\",\n+    log_level: \"4\",\n+    log_name: \"Microsoft-Windows-Sysmon/Operational\",\n+    log_version: \"3\",\n+    logged_time: 2025-03-22T10:21:00Z,\n+    original_event_uid: \"1010\",\n+    product: {\n+      name: \"Microsoft-Windows-Sysmon\",\n+      uid: \"{5770385F-C22A-43E0-BF4C-06F5698FFBD9}\",\n+      vendor_name: \"Microsoft\",\n+    },\n+    profiles: [\n+      \"host\",\n+    ],\n+    version: \"1.7.0\",\n+  },\n+  process: {\n+    file: {\n+      name: \"lsass.exe\",\n+      path: \"C:\\\\Windows\\\\System32\\\\lsass.exe\",\n+      type: \"Executable File\",\n+      type_id: 8,\n+    },\n+    name: \"lsass.exe\",\n+    path: \"C:\\\\Windows\\\\System32\\\\lsass.exe\",\n+    pid: 664,\n+    uid: \"{A23EAE89-AA00-67E0-0000-001000001000}\",\n+    user: {\n+      domain: \"NT AUTHORITY\",\n+      name: \"SYSTEM\",\n+    },\n+  },\n+  raw_data: \"<!-- Sysmon EID 10 \u2013 ProcessAccess (Schema 4.90) -->\\n<!-- Fires when one process opens a handle to another. GrantedAccess 0x1010 is a classic LSASS dump indicator. -->\\n<Event xmlns=\\\"http://schemas.microsoft.com/win/2004/08/events/event\\\">\\n  <System>\\n    <Provider Name=\\\"Microsoft-Windows-Sysmon\\\" Guid=\\\"{5770385F-C22A-43E0-BF4C-06F5698FFBD9}\\\"/>\\n    <EventID>10</EventID>\\n    <Version>3</Version>\\n    <Level>4</Level>\\n    <Task>10</Task>\\n    <Opcode>0</Opcode>\\n    <Keywords>0x8000000000000000</Keywords>\\n    <TimeCreated SystemTime=\\\"2025-03-22T10:21:00.000000000Z\\\"/>\\n    <EventRecordID>1010</EventRecordID>\\n    <Correlation/>\\n    <Execution ProcessID=\\\"3216\\\" ThreadID=\\\"3964\\\"/>\\n    <Channel>Microsoft-Windows-Sysmon/Operational</Channel>\\n    <Computer>WORKSTATION01.corp.local</Computer>\\n    <Security UserID=\\\"S-1-5-18\\\"/>\\n  </System>\\n  <EventData>\\n    <Data Name=\\\"RuleName\\\">-</Data>\\n    <Data Name=\\\"UtcTime\\\">2025-03-22 10:21:00.000</Data>\\n    <Data Name=\\\"SourceProcessGuid\\\">{A23EAE89-BD56-67E0-0000-0010E9D95E03}</Data>\\n    <Data Name=\\\"SourceProcessId\\\">4812</Data>\\n    <Data Name=\\\"SourceThreadId\\\">5120</Data>\\n    <Data Name=\\\"SourceImage\\\">C:\\\\Users\\\\jdoe\\\\AppData\\\\Local\\\\Temp\\\\payload.exe</Data>\\n    <Data Name=\\\"TargetProcessGuid\\\">{A23EAE89-AA00-67E0-0000-001000001000}</Data>\\n    <Data Name=\\\"TargetProcessId\\\">664</Data>\\n    <Data Name=\\\"TargetImage\\\">C:\\\\Windows\\\\System32\\\\lsass.exe</Data>\\n    <Data Name=\\\"GrantedAccess\\\">0x1010</Data>\\n    <Data Name=\\\"CallTrace\\\">C:\\\\Windows\\\\System32\\\\ntdll.dll+0x9c774|C:\\\\Windows\\\\System32\\\\KERNELBASE.dll+0x1dca2|C:\\\\Users\\\\jdoe\\\\AppData\\\\Local\\\\Temp\\\\payload.exe+0x12a0</Data>\\n    <Data Name=\\\"SourceUser\\\">CORP\\\\jdoe</Data>\\n    <Data Name=\\\"TargetUser\\\">NT AUTHORITY\\\\SYSTEM</Data>\\n  </EventData>\\n</Event>\\n\",\n+  raw_data_size: 1715,\n+  severity: \"Informational\",\n+  severity_id: 1,\n+  time: 2025-03-22T10:21:00Z,\n+  type_name: \"Process Activity: Open\",\n+  type_uid: 100703,\n+  unmapped: {\n+    System: {\n+      Task: 10,\n+      Opcode: 0,\n+      Keywords: \"0x8000000000000000\",\n+    },\n+    EventData: {\n+      SourceThreadId: 5120,\n+      GrantedAccess: \"0x1010\",\n+      CallTrace: \"C:\\\\Windows\\\\System32\\\\ntdll.dll+0x9c774|C:\\\\Windows\\\\System32\\\\KERNELBASE.dll+0x1dca2|C:\\\\Users\\\\jdoe\\\\AppData\\\\Local\\\\Temp\\\\payload.exe+0x12a0\",\n+    },\n+  },\n+}"
    },
