    {
      "sha": "9a5443ad02b45d48f3919225bf0f024efebc5757",
      "filename": "microsoft/tests/ocsf/eid-4722.tql",
      "status": "added",
      "additions": 10,
      "deletions": 0,
      "changes": 10,
      "blob_url": "https://github.com/tenzir/library/blob/94f723890ff78a032c30c1653aae5d60a89c673a/microsoft%2Ftests%2Focsf%2Feid-4722.tql",
      "raw_url": "https://github.com/tenzir/library/raw/94f723890ff78a032c30c1653aae5d60a89c673a/microsoft%2Ftests%2Focsf%2Feid-4722.tql",
      "contents_url": "https://api.github.com/repos/tenzir/library/contents/microsoft%2Ftests%2Focsf%2Feid-4722.tql?ref=94f723890ff78a032c30c1653aae5d60a89c673a",
      "patch": "@@ -0,0 +1,10 @@\n+from_file f\"{env(\"TENZIR_INPUTS\")}/eid-4722.xml\" {\n+  read_all\n+}\n+microsoft::windows::ocsf::map data\n+this = ocsf\n+ocsf::derive\n+ocsf::cast\n+\n+// Ensure deterministic tests.\n+drop metadata.processed_time"
    },
    {
      "sha": "68e4d7335756e61cdb259564f9cba04452f338cb",
      "filename": "microsoft/tests/ocsf/eid-4722.txt",
      "status": "added",
      "additions": 70,
      "deletions": 0,
      "changes": 70,
      "blob_url": "https://github.com/tenzir/library/blob/94f723890ff78a032c30c1653aae5d60a89c673a/microsoft%2Ftests%2Focsf%2Feid-4722.txt",
      "raw_url": "https://github.com/tenzir/library/raw/94f723890ff78a032c30c1653aae5d60a89c673a/microsoft%2Ftests%2Focsf%2Feid-4722.txt",
      "contents_url": "https://api.github.com/repos/tenzir/library/contents/microsoft%2Ftests%2Focsf%2Feid-4722.txt?ref=94f723890ff78a032c30c1653aae5d60a89c673a",
      "patch": "@@ -0,0 +1,70 @@\n+{\n+  activity_id: 2,\n+  activity_name: \"Enable\",\n+  actor: {\n+    session: {\n+      uid_alt: \"0xA1B2C3\",\n+    },\n+    user: {\n+      domain: \"CORP\",\n+      name: \"jdoe\",\n+      uid: \"S-1-5-21-3107921522-2185401913-891411500-1104\",\n+    },\n+  },\n+  category_name: \"Identity & Access Management\",\n+  category_uid: 3,\n+  class_name: \"Account Change\",\n+  class_uid: 3001,\n+  device: {\n+    hostname: \"DC01.corp.local\",\n+  },\n+  metadata: {\n+    event_code: \"4722\",\n+    extensions: [\n+      {\n+        name: \"win\",\n+      },\n+    ],\n+    log_format: \"xml\",\n+    log_level: \"0\",\n+    log_name: \"Security\",\n+    log_version: \"0\",\n+    logged_time: 2024-03-23T12:34:56.789012300Z,\n+    original_event_uid: \"98770\",\n+    product: {\n+      name: \"Microsoft-Windows-Security-Auditing\",\n+      uid: \"{5770385F-C994-4D63-B9EC-B6FE73E0CE8A}\",\n+      vendor_name: \"Microsoft\",\n+    },\n+    profiles: [\n+      \"host\",\n+    ],\n+    version: \"1.7.0\",\n+  },\n+  raw_data: \"<Event xmlns=\\\"http://schemas.microsoft.com/win/2004/08/events/event\\\">\\n  <System>\\n    <Provider Name=\\\"Microsoft-Windows-Security-Auditing\\\" Guid=\\\"{5770385F-C994-4D63-B9EC-B6FE73E0CE8A}\\\"/>\\n    <EventID>4722</EventID>\\n    <Version>0</Version>\\n    <Level>0</Level>\\n    <Task>13824</Task>\\n    <Keywords>0x8020000000000000</Keywords>\\n    <TimeCreated SystemTime=\\\"2024-03-23T12:34:56.789012300Z\\\"/>\\n    <EventRecordID>98770</EventRecordID>\\n    <Correlation ActivityID=\\\"{abc123-def456}\\\"/>\\n    <Execution ProcessID=\\\"4\\\" ThreadID=\\\"72\\\"/>\\n    <Channel>Security</Channel>\\n    <Computer>DC01.corp.local</Computer>\\n  </System>\\n  <EventData>\\n    <Data Name=\\\"SubjectUserSid\\\">S-1-5-21-3107921522-2185401913-891411500-1104</Data>\\n    <Data Name=\\\"SubjectUserName\\\">jdoe</Data>\\n    <Data Name=\\\"SubjectDomainName\\\">CORP</Data>\\n    <Data Name=\\\"SubjectLogonId\\\">0xA1B2C3</Data>\\n    <Data Name=\\\"TargetUserName\\\">backdoor_svc</Data>\\n    <Data Name=\\\"TargetDomainName\\\">CORP</Data>\\n    <Data Name=\\\"TargetSid\\\">S-1-5-21-3107921522-2185401913-891411500-1500</Data>\\n  </EventData>\\n</Event>\\n\",\n+  raw_data_size: 1050,\n+  severity: \"Informational\",\n+  severity_id: 1,\n+  time: 2024-03-23T12:34:56.789012300Z,\n+  type_name: \"Account Change: Enable\",\n+  type_uid: 300102,\n+  unmapped: {\n+    System: {\n+      Task: 13824,\n+      Keywords: \"0x8020000000000000\",\n+      Correlation: {\n+        ActivityID: \"{abc123-def456}\",\n+      },\n+      Execution: {\n+        ProcessID: 4,\n+        ThreadID: 72,\n+      },\n+    },\n+    EventData: {},\n+  },\n+  user: {\n+    domain: \"CORP\",\n+    name: \"backdoor_svc\",\n+    uid: \"S-1-5-21-3107921522-2185401913-891411500-1500\",\n+  },\n+}"
    },
    {
      "sha": "33b4b33b6f8a4c403e98de25e9e37efd17b22f64",
      "filename": "microsoft/tests/ocsf/eid-4725.tql",
      "status": "added",
      "additions": 10,
      "deletions": 0,
      "changes": 10,
      "blob_url": "https://github.com/tenzir/library/blob/94f723890ff78a032c30c1653aae5d60a89c673a/microsoft%2Ftests%2Focsf%2Feid-4725.tql",
      "raw_url": "https://github.com/tenzir/library/raw/94f723890ff78a032c30c1653aae5d60a89c673a/microsoft%2Ftests%2Focsf%2Feid-4725.tql",
      "contents_url": "https://api.github.com/repos/tenzir/library/contents/microsoft%2Ftests%2Focsf%2Feid-4725.tql?ref=94f723890ff78a032c30c1653aae5d60a89c673a",
      "patch": "@@ -0,0 +1,10 @@\n+from_file f\"{env(\"TENZIR_INPUTS\")}/eid-4725.xml\" {\n+  read_all\n+}\n+microsoft::windows::ocsf::map data\n+this = ocsf\n+ocsf::derive\n+ocsf::cast\n+\n+// Ensure deterministic tests.\n+drop metadata.processed_time"
    },
    {
      "sha": "5b64830ca1e2120c86d27e27326a2ddaae3efedd",
      "filename": "microsoft/tests/ocsf/eid-4725.txt",
      "status": "added",
      "additions": 70,
      "deletions": 0,
      "changes": 70,
      "blob_url": "https://github.com/tenzir/library/blob/94f723890ff78a032c30c1653aae5d60a89c673a/microsoft%2Ftests%2Focsf%2Feid-4725.txt",
      "raw_url": "https://github.com/tenzir/library/raw/94f723890ff78a032c30c1653aae5d60a89c673a/microsoft%2Ftests%2Focsf%2Feid-4725.txt",
      "contents_url": "https://api.github.com/repos/tenzir/library/contents/microsoft%2Ftests%2Focsf%2Feid-4725.txt?ref=94f723890ff78a032c30c1653aae5d60a89c673a",
      "patch": "@@ -0,0 +1,70 @@\n+{\n+  activity_id: 5,\n+  activity_name: \"Disable\",\n+  actor: {\n+    session: {\n+      uid_alt: \"0xA1B2C3\",\n+    },\n+    user: {\n+      domain: \"CORP\",\n+      name: \"jdoe\",\n+      uid: \"S-1-5-21-3107921522-2185401913-891411500-1104\",\n+    },\n+  },\n+  category_name: \"Identity & Access Management\",\n+  category_uid: 3,\n+  class_name: \"Account Change\",\n+  class_uid: 3001,\n+  device: {\n+    hostname: \"DC01.corp.local\",\n+  },\n+  metadata: {\n+    event_code: \"4725\",\n+    extensions: [\n+      {\n+        name: \"win\",\n+      },\n+    ],\n+    log_format: \"xml\",\n+    log_level: \"0\",\n+    log_name: \"Security\",\n+    log_version: \"0\",\n+    logged_time: 2024-03-23T12:34:56.789012300Z,\n+    original_event_uid: \"98773\",\n+    product: {\n+      name: \"Microsoft-Windows-Security-Auditing\",\n+      uid: \"{5770385F-C994-4D63-B9EC-B6FE73E0CE8A}\",\n+      vendor_name: \"Microsoft\",\n+    },\n+    profiles: [\n+      \"host\",\n+    ],\n+    version: \"1.7.0\",\n+  },\n+  raw_data: \"<Event xmlns=\\\"http://schemas.microsoft.com/win/2004/08/events/event\\\">\\n  <System>\\n    <Provider Name=\\\"Microsoft-Windows-Security-Auditing\\\" Guid=\\\"{5770385F-C994-4D63-B9EC-B6FE73E0CE8A}\\\"/>\\n    <EventID>4725</EventID>\\n    <Version>0</Version>\\n    <Level>0</Level>\\n    <Task>13824</Task>\\n    <Keywords>0x8020000000000000</Keywords>\\n    <TimeCreated SystemTime=\\\"2024-03-23T12:34:56.789012300Z\\\"/>\\n    <EventRecordID>98773</EventRecordID>\\n    <Correlation ActivityID=\\\"{abc123-def456}\\\"/>\\n    <Execution ProcessID=\\\"4\\\" ThreadID=\\\"72\\\"/>\\n    <Channel>Security</Channel>\\n    <Computer>DC01.corp.local</Computer>\\n  </System>\\n  <EventData>\\n    <Data Name=\\\"SubjectUserSid\\\">S-1-5-21-3107921522-2185401913-891411500-1104</Data>\\n    <Data Name=\\\"SubjectUserName\\\">jdoe</Data>\\n    <Data Name=\\\"SubjectDomainName\\\">CORP</Data>\\n    <Data Name=\\\"SubjectLogonId\\\">0xA1B2C3</Data>\\n    <Data Name=\\\"TargetUserName\\\">backdoor_svc</Data>\\n    <Data Name=\\\"TargetDomainName\\\">CORP</Data>\\n    <Data Name=\\\"TargetSid\\\">S-1-5-21-3107921522-2185401913-891411500-1500</Data>\\n  </EventData>\\n</Event>\\n\",\n+  raw_data_size: 1050,\n+  severity: \"Informational\",\n+  severity_id: 1,\n+  time: 2024-03-23T12:34:56.789012300Z,\n+  type_name: \"Account Change: Disable\",\n+  type_uid: 300105,\n+  unmapped: {\n+    System: {\n+      Task: 13824,\n+      Keywords: \"0x8020000000000000\",\n+      Correlation: {\n+        ActivityID: \"{abc123-def456}\",\n+      },\n+      Execution: {\n+        ProcessID: 4,\n+        ThreadID: 72,\n+      },\n+    },\n+    EventData: {},\n+  },\n+  user: {\n+    domain: \"CORP\",\n+    name: \"backdoor_svc\",\n+    uid: \"S-1-5-21-3107921522-2185401913-891411500-1500\",\n+  },\n+}"
    },
    {
      "sha": "a1f619edd5074c74e3a7089f477858001b45be5b",
      "filename": "microsoft/tests/ocsf/eid-4726.tql",
      "status": "added",
      "additions": 10,
      "deletions": 0,
      "changes": 10,
      "blob_url": "https://github.com/tenzir/library/blob/94f723890ff78a032c30c1653aae5d60a89c673a/microsoft%2Ftests%2Focsf%2Feid-4726.tql",
      "raw_url": "https://github.com/tenzir/library/raw/94f723890ff78a032c30c1653aae5d60a89c673a/microsoft%2Ftests%2Focsf%2Feid-4726.tql",
      "contents_url": "https://api.github.com/repos/tenzir/library/contents/microsoft%2Ftests%2Focsf%2Feid-4726.tql?ref=94f723890ff78a032c30c1653aae5d60a89c673a",
      "patch": "@@ -0,0 +1,10 @@\n+from_file f\"{env(\"TENZIR_INPUTS\")}/eid-4726.xml\" {\n+  read_all\n+}\n+microsoft::windows::ocsf::map data\n+this = ocsf\n+ocsf::derive\n+ocsf::cast\n+\n+// Ensure deterministic tests.\n+drop metadata.processed_time"
    },
    {
      "sha": "9f7b93fc7cbea14bdac94a5921a234a61b641f9a",
      "filename": "microsoft/tests/ocsf/eid-4726.txt",
      "status": "added",
      "additions": 72,
      "deletions": 0,
      "changes": 72,
      "blob_url": "https://github.com/tenzir/library/blob/94f723890ff78a032c30c1653aae5d60a89c673a/microsoft%2Ftests%2Focsf%2Feid-4726.txt",
      "raw_url": "https://github.com/tenzir/library/raw/94f723890ff78a032c30c1653aae5d60a89c673a/microsoft%2Ftests%2Focsf%2Feid-4726.txt",
      "contents_url": "https://api.github.com/repos/tenzir/library/contents/microsoft%2Ftests%2Focsf%2Feid-4726.txt?ref=94f723890ff78a032c30c1653aae5d60a89c673a",
      "patch": "@@ -0,0 +1,72 @@\n+{\n+  activity_id: 6,\n+  activity_name: \"Delete\",\n+  actor: {\n+    session: {\n+      uid_alt: \"0xA1B2C3\",\n+    },\n+    user: {\n+      domain: \"CORP\",\n+      name: \"jdoe\",\n+      uid: \"S-1-5-21-3107921522-2185401913-891411500-1104\",\n+    },\n+  },\n+  category_name: \"Identity & Access Management\",\n+  category_uid: 3,\n+  class_name: \"Account Change\",\n+  class_uid: 3001,\n+  device: {\n+    hostname: \"DC01.corp.local\",\n+  },\n+  metadata: {\n+    event_code: \"4726\",\n+    extensions: [\n+      {\n+        name: \"win\",\n+      },\n+    ],\n+    log_format: \"xml\",\n+    log_level: \"0\",\n+    log_name: \"Security\",\n+    log_version: \"0\",\n+    logged_time: 2024-03-23T12:34:56.789012300Z,\n+    original_event_uid: \"98774\",\n+    product: {\n+      name: \"Microsoft-Windows-Security-Auditing\",\n+      uid: \"{5770385F-C994-4D63-B9EC-B6FE73E0CE8A}\",\n+      vendor_name: \"Microsoft\",\n+    },\n+    profiles: [\n+      \"host\",\n+    ],\n+    version: \"1.7.0\",\n+  },\n+  raw_data: \"<Event xmlns=\\\"http://schemas.microsoft.com/win/2004/08/events/event\\\">\\n  <System>\\n    <Provider Name=\\\"Microsoft-Windows-Security-Auditing\\\" Guid=\\\"{5770385F-C994-4D63-B9EC-B6FE73E0CE8A}\\\"/>\\n    <EventID>4726</EventID>\\n    <Version>0</Version>\\n    <Level>0</Level>\\n    <Task>13824</Task>\\n    <Keywords>0x8020000000000000</Keywords>\\n    <TimeCreated SystemTime=\\\"2024-03-23T12:34:56.789012300Z\\\"/>\\n    <EventRecordID>98774</EventRecordID>\\n    <Correlation ActivityID=\\\"{abc123-def456}\\\"/>\\n    <Execution ProcessID=\\\"4\\\" ThreadID=\\\"72\\\"/>\\n    <Channel>Security</Channel>\\n    <Computer>DC01.corp.local</Computer>\\n  </System>\\n  <EventData>\\n    <Data Name=\\\"SubjectUserSid\\\">S-1-5-21-3107921522-2185401913-891411500-1104</Data>\\n    <Data Name=\\\"SubjectUserName\\\">jdoe</Data>\\n    <Data Name=\\\"SubjectDomainName\\\">CORP</Data>\\n    <Data Name=\\\"SubjectLogonId\\\">0xA1B2C3</Data>\\n    <Data Name=\\\"TargetUserName\\\">backdoor_svc</Data>\\n    <Data Name=\\\"TargetDomainName\\\">CORP</Data>\\n    <Data Name=\\\"TargetSid\\\">S-1-5-21-3107921522-2185401913-891411500-1500</Data>\\n    <Data Name=\\\"PrivilegeList\\\">-</Data>\\n  </EventData>\\n</Event>\\n\",\n+  raw_data_size: 1090,\n+  severity: \"Informational\",\n+  severity_id: 1,\n+  time: 2024-03-23T12:34:56.789012300Z,\n+  type_name: \"Account Change: Delete\",\n+  type_uid: 300106,\n+  unmapped: {\n+    System: {\n+      Task: 13824,\n+      Keywords: \"0x8020000000000000\",\n+      Correlation: {\n+        ActivityID: \"{abc123-def456}\",\n+      },\n+      Execution: {\n+        ProcessID: 4,\n+        ThreadID: 72,\n+      },\n+    },\n+    EventData: {\n+      PrivilegeList: null,\n+    },\n+  },\n+  user: {\n+    domain: \"CORP\",\n+    name: \"backdoor_svc\",\n+    uid: \"S-1-5-21-3107921522-2185401913-891411500-1500\",\n+  },\n+}"
    },
    {
      "sha": "83849694e58c3708c7dd11603707ef959aaf6ad1",
      "filename": "microsoft/tests/ocsf/eid-4728.tql",
      "status": "added",
      "additions": 10,
      "deletions": 0,
      "changes": 10,
      "blob_url": "https://github.com/tenzir/library/blob/94f723890ff78a032c30c1653aae5d60a89c673a/microsoft%2Ftests%2Focsf%2Feid-4728.tql",
      "raw_url": "https://github.com/tenzir/library/raw/94f723890ff78a032c30c1653aae5d60a89c673a/microsoft%2Ftests%2Focsf%2Feid-4728.tql",
      "contents_url": "https://api.github.com/repos/tenzir/library/contents/microsoft%2Ftests%2Focsf%2Feid-4728.tql?ref=94f723890ff78a032c30c1653aae5d60a89c673a",
      "patch": "@@ -0,0 +1,10 @@\n+from_file f\"{env(\"TENZIR_INPUTS\")}/eid-4728.xml\" {\n+  read_all\n+}\n+microsoft::windows::ocsf::map data\n+this = ocsf\n+ocsf::derive\n+ocsf::cast\n+\n+// Ensure deterministic tests.\n+drop metadata.processed_time"
    },
    {
      "sha": "8b2869380037b9231397eacd170d9c067fad3267",
      "filename": "microsoft/tests/ocsf/eid-4728.txt",
      "status": "added",
      "additions": 74,
      "deletions": 0,
      "changes": 74,
      "blob_url": "https://github.com/tenzir/library/blob/94f723890ff78a032c30c1653aae5d60a89c673a/microsoft%2Ftests%2Focsf%2Feid-4728.txt",
      "raw_url": "https://github.com/tenzir/library/raw/94f723890ff78a032c30c1653aae5d60a89c673a/microsoft%2Ftests%2Focsf%2Feid-4728.txt",
      "contents_url": "https://api.github.com/repos/tenzir/library/contents/microsoft%2Ftests%2Focsf%2Feid-4728.txt?ref=94f723890ff78a032c30c1653aae5d60a89c673a",
      "patch": "@@ -0,0 +1,74 @@\n+{\n+  activity_id: 3,\n+  activity_name: \"Add User\",\n+  actor: {\n+    session: {\n+      uid_alt: \"0xA1B2C3\",\n+    },\n+    user: {\n+      domain: \"CORP\",\n+      name: \"jdoe\",\n+      uid: \"S-1-5-21-3107921522-2185401913-891411500-1104\",\n+    },\n+  },\n+  category_name: \"Identity & Access Management\",\n+  category_uid: 3,\n+  class_name: \"Group Management\",\n+  class_uid: 3006,\n+  device: {\n+    hostname: \"DC01.corp.local\",\n+  },\n+  group: {\n+    domain: \"CORP\",\n+    name: \"DomainAdmins\",\n+    uid: \"S-1-5-21-3107921522-2185401913-891411500-512\",\n+  },\n+  metadata: {\n+    event_code: \"4728\",\n+    extensions: [\n+      {\n+        name: \"win\",\n+      },\n+    ],\n+    log_format: \"xml\",\n+    log_level: \"0\",\n+    log_name: \"Security\",\n+    log_version: \"0\",\n+    logged_time: 2024-03-23T12:34:56.789012300Z,\n+    original_event_uid: \"98776\",\n+    product: {\n+      name: \"Microsoft-Windows-Security-Auditing\",\n+      uid: \"{5770385F-C994-4D63-B9EC-B6FE73E0CE8A}\",\n+      vendor_name: \"Microsoft\",\n+    },\n+    profiles: [\n+      \"host\",\n+    ],\n+    version: \"1.7.0\",\n+  },\n+  raw_data: \"<Event xmlns=\\\"http://schemas.microsoft.com/win/2004/08/events/event\\\">\\n  <System>\\n    <Provider Name=\\\"Microsoft-Windows-Security-Auditing\\\" Guid=\\\"{5770385F-C994-4D63-B9EC-B6FE73E0CE8A}\\\"/>\\n    <EventID>4728</EventID>\\n    <Version>0</Version>\\n    <Level>0</Level>\\n    <Task>13826</Task>\\n    <Keywords>0x8020000000000000</Keywords>\\n    <TimeCreated SystemTime=\\\"2024-03-23T12:34:56.789012300Z\\\"/>\\n    <EventRecordID>98776</EventRecordID>\\n    <Correlation ActivityID=\\\"{abc123-def456}\\\"/>\\n    <Execution ProcessID=\\\"4\\\" ThreadID=\\\"72\\\"/>\\n    <Channel>Security</Channel>\\n    <Computer>DC01.corp.local</Computer>\\n  </System>\\n  <EventData>\\n    <Data Name=\\\"SubjectUserSid\\\">S-1-5-21-3107921522-2185401913-891411500-1104</Data>\\n    <Data Name=\\\"SubjectUserName\\\">jdoe</Data>\\n    <Data Name=\\\"SubjectDomainName\\\">CORP</Data>\\n    <Data Name=\\\"SubjectLogonId\\\">0xA1B2C3</Data>\\n    <Data Name=\\\"MemberName\\\">CN=backdoor_svc,CN=Users,DC=corp,DC=local</Data>\\n    <Data Name=\\\"MemberSid\\\">S-1-5-21-3107921522-2185401913-891411500-1500</Data>\\n    <Data Name=\\\"TargetUserName\\\">DomainAdmins</Data>\\n    <Data Name=\\\"TargetDomainName\\\">CORP</Data>\\n    <Data Name=\\\"TargetSid\\\">S-1-5-21-3107921522-2185401913-891411500-512</Data>\\n    <Data Name=\\\"PrivilegeList\\\">-</Data>\\n  </EventData>\\n</Event>\\n\",\n+  raw_data_size: 1246,\n+  severity: \"Informational\",\n+  severity_id: 1,\n+  time: 2024-03-23T12:34:56.789012300Z,\n+  type_name: \"Group Management: Add User\",\n+  type_uid: 300603,\n+  unmapped: {\n+    System: {\n+      Task: 13826,\n+      Keywords: \"0x8020000000000000\",\n+      Correlation: {\n+        ActivityID: \"{abc123-def456}\",\n+      },\n+      Execution: {\n+        ProcessID: 4,\n+        ThreadID: 72,\n+      },\n+    },\n+    EventData: {},\n+  },\n+  user: {\n+    name: \"CN=backdoor_svc,CN=Users,DC=corp,DC=local\",\n+    uid: \"S-1-5-21-3107921522-2185401913-891411500-1500\",\n+  },\n+}"
    },
    {
      "sha": "52376c6072b6a1e76788fd9a65aa4e29bcc8945b",
      "filename": "microsoft/tests/ocsf/eid-4730.tql",
      "status": "added",
      "additions": 10,
      "deletions": 0,
      "changes": 10,
      "blob_url": "https://github.com/tenzir/library/blob/94f723890ff78a032c30c1653aae5d60a89c673a/microsoft%2Ftests%2Focsf%2Feid-4730.tql",
      "raw_url": "https://github.com/tenzir/library/raw/94f723890ff78a032c30c1653aae5d60a89c673a/microsoft%2Ftests%2Focsf%2Feid-4730.tql",
      "contents_url": "https://api.github.com/repos/tenzir/library/contents/microsoft%2Ftests%2Focsf%2Feid-4730.tql?ref=94f723890ff78a032c30c1653aae5d60a89c673a",
      "patch": "@@ -0,0 +1,10 @@\n+from_file f\"{env(\"TENZIR_INPUTS\")}/eid-4730.xml\" {\n+  read_all\n+}\n+microsoft::windows::ocsf::map data\n+this = ocsf\n+ocsf::derive\n+ocsf::cast\n+\n+// Ensure deterministic tests.\n+drop metadata.processed_time"
    },
    {
      "sha": "05e2cf05191f83a6ba0d25e940e5d5d25bdcf272",
      "filename": "microsoft/tests/ocsf/eid-4730.txt",
      "status": "added",
      "additions": 70,
      "deletions": 0,
      "changes": 70,
      "blob_url": "https://github.com/tenzir/library/blob/94f723890ff78a032c30c1653aae5d60a89c673a/microsoft%2Ftests%2Focsf%2Feid-4730.txt",
      "raw_url": "https://github.com/tenzir/library/raw/94f723890ff78a032c30c1653aae5d60a89c673a/microsoft%2Ftests%2Focsf%2Feid-4730.txt",
      "contents_url": "https://api.github.com/repos/tenzir/library/contents/microsoft%2Ftests%2Focsf%2Feid-4730.txt?ref=94f723890ff78a032c30c1653aae5d60a89c673a",
      "patch": "@@ -0,0 +1,70 @@\n+{\n+  activity_id: 5,\n+  activity_name: \"Delete\",\n+  actor: {\n+    session: {\n+      uid_alt: \"0xA1B2C3\",\n+    },\n+    user: {\n+      domain: \"CORP\",\n+      name: \"jdoe\",\n+      uid: \"S-1-5-21-3107921522-2185401913-891411500-1104\",\n+    },\n+  },\n+  category_name: \"Identity & Access Management\",\n+  category_uid: 3,\n+  class_name: \"Group Management\",\n+  class_uid: 3006,\n+  device: {\n+    hostname: \"DC01.corp.local\",\n+  },\n+  group: {\n+    domain: \"CORP\",\n+    name: \"OldAdmins\",\n+    uid: \"S-1-5-21-3107921522-2185401913-891411500-2000\",\n+  },\n+  metadata: {\n+    event_code: \"4730\",\n+    extensions: [\n+      {\n+        name: \"win\",\n+      },\n+    ],\n+    log_format: \"xml\",\n+    log_level: \"0\",\n+    log_name: \"Security\",\n+    log_version: \"0\",\n+    logged_time: 2024-03-23T12:34:56.789012300Z,\n+    original_event_uid: \"98778\",\n+    product: {\n+      name: \"Microsoft-Windows-Security-Auditing\",\n+      uid: \"{5770385F-C994-4D63-B9EC-B6FE73E0CE8A}\",\n+      vendor_name: \"Microsoft\",\n+    },\n+    profiles: [\n+      \"host\",\n+    ],\n+    version: \"1.7.0\",\n+  },\n+  raw_data: \"<Event xmlns=\\\"http://schemas.microsoft.com/win/2004/08/events/event\\\">\\n  <System>\\n    <Provider Name=\\\"Microsoft-Windows-Security-Auditing\\\" Guid=\\\"{5770385F-C994-4D63-B9EC-B6FE73E0CE8A}\\\"/>\\n    <EventID>4730</EventID>\\n    <Version>0</Version>\\n    <Level>0</Level>\\n    <Task>13827</Task>\\n    <Keywords>0x8020000000000000</Keywords>\\n    <TimeCreated SystemTime=\\\"2024-03-23T12:34:56.789012300Z\\\"/>\\n    <EventRecordID>98778</EventRecordID>\\n    <Correlation ActivityID=\\\"{abc123-def456}\\\"/>\\n    <Execution ProcessID=\\\"4\\\" ThreadID=\\\"72\\\"/>\\n    <Channel>Security</Channel>\\n    <Computer>DC01.corp.local</Computer>\\n  </System>\\n  <EventData>\\n    <Data Name=\\\"SubjectUserSid\\\">S-1-5-21-3107921522-2185401913-891411500-1104</Data>\\n    <Data Name=\\\"SubjectUserName\\\">jdoe</Data>\\n    <Data Name=\\\"SubjectDomainName\\\">CORP</Data>\\n    <Data Name=\\\"SubjectLogonId\\\">0xA1B2C3</Data>\\n    <Data Name=\\\"TargetUserName\\\">OldAdmins</Data>\\n    <Data Name=\\\"TargetDomainName\\\">CORP</Data>\\n    <Data Name=\\\"TargetSid\\\">S-1-5-21-3107921522-2185401913-891411500-2000</Data>\\n    <Data Name=\\\"PrivilegeList\\\">-</Data>\\n  </EventData>\\n</Event>\\n\",\n+  raw_data_size: 1087,\n+  severity: \"Informational\",\n+  severity_id: 1,\n+  time: 2024-03-23T12:34:56.789012300Z,\n+  type_name: \"Group Management: Delete\",\n+  type_uid: 300605,\n+  unmapped: {\n+    System: {\n+      Task: 13827,\n+      Keywords: \"0x8020000000000000\",\n+      Correlation: {\n+        ActivityID: \"{abc123-def456}\",\n+      },\n+      Execution: {\n+        ProcessID: 4,\n+        ThreadID: 72,\n+      },\n+    },\n+    EventData: {},\n+  },\n+}"
    },
    {
      "sha": "4efba91b8bf10118fb44f470095bd6fd0abb311a",
      "filename": "microsoft/tests/ocsf/eid-4732.txt",
      "status": "modified",
      "additions": 1,
      "deletions": 3,
      "changes": 4,
      "blob_url": "https://github.com/tenzir/library/blob/94f723890ff78a032c30c1653aae5d60a89c673a/microsoft%2Ftests%2Focsf%2Feid-4732.txt",
      "raw_url": "https://github.com/tenzir/library/raw/94f723890ff78a032c30c1653aae5d60a89c673a/microsoft%2Ftests%2Focsf%2Feid-4732.txt",
      "contents_url": "https://api.github.com/repos/tenzir/library/contents/microsoft%2Ftests%2Focsf%2Feid-4732.txt?ref=94f723890ff78a032c30c1653aae5d60a89c673a",
      "patch": "@@ -65,9 +65,7 @@\n         ThreadID: 72,\n       },\n     },\n-    EventData: {\n-      PrivilegeList: null,\n-    },\n+    EventData: {},\n   },\n   user: {\n     name: \"CN=backdoor_svc,CN=Users,DC=corp,DC=local\","
    },
    {
      "sha": "5315610554a2dd9aa6cc15999c12ec6cdfbcaa82",
      "filename": "microsoft/tests/ocsf/eid-5001.tql",
      "status": "added",
      "additions": 10,
      "deletions": 0,
      "changes": 10,
      "blob_url": "https://github.com/tenzir/library/blob/94f723890ff78a032c30c1653aae5d60a89c673a/microsoft%2Ftests%2Focsf%2Feid-5001.tql",
      "raw_url": "https://github.com/tenzir/library/raw/94f723890ff78a032c30c1653aae5d60a89c673a/microsoft%2Ftests%2Focsf%2Feid-5001.tql",
      "contents_url": "https://api.github.com/repos/tenzir/library/contents/microsoft%2Ftests%2Focsf%2Feid-5001.tql?ref=94f723890ff78a032c30c1653aae5d60a89c673a",
      "patch": "@@ -0,0 +1,10 @@\n+from_file f\"{env(\"TENZIR_INPUTS\")}/eid-5001.xml\" {\n+  read_all\n+}\n+microsoft::windows::ocsf::map data\n+this = ocsf\n+ocsf::derive\n+ocsf::cast\n+\n+// Ensure deterministic tests.\n+drop metadata.processed_time"
    },
    {
      "sha": "d281f92854719af7f4e3905d8c470b6cd0cb2e95",
      "filename": "microsoft/tests/ocsf/eid-5001.txt",
      "status": "added",
      "additions": 62,
      "deletions": 0,
      "changes": 62,
      "blob_url": "https://github.com/tenzir/library/blob/94f723890ff78a032c30c1653aae5d60a89c673a/microsoft%2Ftests%2Focsf%2Feid-5001.txt",
      "raw_url": "https://github.com/tenzir/library/raw/94f723890ff78a032c30c1653aae5d60a89c673a/microsoft%2Ftests%2Focsf%2Feid-5001.txt",
      "contents_url": "https://api.github.com/repos/tenzir/library/contents/microsoft%2Ftests%2Focsf%2Feid-5001.txt?ref=94f723890ff78a032c30c1653aae5d60a89c673a",
      "patch": "@@ -0,0 +1,62 @@\n+{\n+  activity_id: 1,\n+  activity_name: \"Create\",\n+  category_name: \"Findings\",\n+  category_uid: 2,\n+  class_name: \"Detection Finding\",\n+  class_uid: 2004,\n+  device: {\n+    hostname: \"WINHOST01.corp.local\",\n+  },\n+  finding_info: {\n+    title: \"Windows Defender Real-Time Protection Disabled\",\n+    types: [\n+      \"Software: Antivirus\",\n+    ],\n+    uid: \"45001\",\n+  },\n+  metadata: {\n+    event_code: \"5001\",\n+    extensions: [\n+      {\n+        name: \"win\",\n+      },\n+    ],\n+    log_format: \"xml\",\n+    log_level: \"3\",\n+    log_name: \"Microsoft-Windows-Windows Defender/Operational\",\n+    log_version: \"0\",\n+    logged_time: 2024-03-23T12:34:56.789012300Z,\n+    original_event_uid: \"45001\",\n+    product: {\n+      name: \"Microsoft-Windows-Windows Defender\",\n+      uid: \"{11CD958A-C507-4EF3-B3F2-5FD9DFBD2C78}\",\n+      vendor_name: \"Microsoft\",\n+    },\n+    profiles: [\n+      \"host\",\n+    ],\n+    version: \"1.7.0\",\n+  },\n+  raw_data: \"<Event xmlns=\\\"http://schemas.microsoft.com/win/2004/08/events/event\\\">\\n  <System>\\n    <Provider Name=\\\"Microsoft-Windows-Windows Defender\\\" Guid=\\\"{11CD958A-C507-4EF3-B3F2-5FD9DFBD2C78}\\\"/>\\n    <EventID>5001</EventID>\\n    <Version>0</Version>\\n    <Level>3</Level>\\n    <Task>0</Task>\\n    <Keywords>0x8000000000000000</Keywords>\\n    <TimeCreated SystemTime=\\\"2024-03-23T12:34:56.789012300Z\\\"/>\\n    <EventRecordID>45001</EventRecordID>\\n    <Correlation/>\\n    <Execution ProcessID=\\\"3120\\\" ThreadID=\\\"4056\\\"/>\\n    <Channel>Microsoft-Windows-Windows Defender/Operational</Channel>\\n    <Computer>WINHOST01.corp.local</Computer>\\n  </System>\\n  <EventData>\\n    <Data Name=\\\"Product Name\\\">Windows Defender Antivirus</Data>\\n    <Data Name=\\\"Product Version\\\">4.18.24010.12</Data>\\n  </EventData>\\n</Event>\\n\",\n+  raw_data_size: 779,\n+  severity: \"High\",\n+  severity_id: 4,\n+  time: 2024-03-23T12:34:56.789012300Z,\n+  type_name: \"Detection Finding: Create\",\n+  type_uid: 200401,\n+  unmapped: {\n+    System: {\n+      Task: 0,\n+      Keywords: \"0x8000000000000000\",\n+      Correlation: null,\n+      Execution: {\n+        ProcessID: 3120,\n+        ThreadID: 4056,\n+      },\n+    },\n+    EventData: {\n+      \"Product Version\": \"4.18.24010.12\",\n+    },\n+  },\n+}"
    },
    {
      "sha": "1189be72cebe79d7beddface7a30b54122924b81",
      "filename": "microsoft/tests/ocsf/eid-5007.tql",
      "status": "added",
      "additions": 10,
      "deletions": 0,
      "changes": 10,
      "blob_url": "https://github.com/tenzir/library/blob/94f723890ff78a032c30c1653aae5d60a89c673a/microsoft%2Ftests%2Focsf%2Feid-5007.tql",
      "raw_url": "https://github.com/tenzir/library/raw/94f723890ff78a032c30c1653aae5d60a89c673a/microsoft%2Ftests%2Focsf%2Feid-5007.tql",
      "contents_url": "https://api.github.com/repos/tenzir/library/contents/microsoft%2Ftests%2Focsf%2Feid-5007.tql?ref=94f723890ff78a032c30c1653aae5d60a89c673a",
      "patch": "@@ -0,0 +1,10 @@\n+from_file f\"{env(\"TENZIR_INPUTS\")}/eid-5007.xml\" {\n+  read_all\n+}\n+microsoft::windows::ocsf::map data\n+this = ocsf\n+ocsf::derive\n+ocsf::cast\n+\n+// Ensure deterministic tests.\n+drop metadata.processed_time"
    },
    {
      "sha": "d0dfc37a56e610abed171029ecd60681903cb3fc",
      "filename": "microsoft/tests/ocsf/eid-5007.txt",
      "status": "added",
      "additions": 64,
      "deletions": 0,
      "changes": 64,
      "blob_url": "https://github.com/tenzir/library/blob/94f723890ff78a032c30c1653aae5d60a89c673a/microsoft%2Ftests%2Focsf%2Feid-5007.txt",
      "raw_url": "https://github.com/tenzir/library/raw/94f723890ff78a032c30c1653aae5d60a89c673a/microsoft%2Ftests%2Focsf%2Feid-5007.txt",
      "contents_url": "https://api.github.com/repos/tenzir/library/contents/microsoft%2Ftests%2Focsf%2Feid-5007.txt?ref=94f723890ff78a032c30c1653aae5d60a89c673a",
      "patch": "@@ -0,0 +1,64 @@\n+{\n+  activity_id: 1,\n+  activity_name: \"Create\",\n+  category_name: \"Findings\",\n+  category_uid: 2,\n+  class_name: \"Detection Finding\",\n+  class_uid: 2004,\n+  device: {\n+    hostname: \"WINHOST01.corp.local\",\n+  },\n+  finding_info: {\n+    title: \"Windows Defender Configuration Changed\",\n+    types: [\n+      \"Software: Antivirus\",\n+    ],\n+    uid: \"45007\",\n+  },\n+  metadata: {\n+    event_code: \"5007\",\n+    extensions: [\n+      {\n+        name: \"win\",\n+      },\n+    ],\n+    log_format: \"xml\",\n+    log_level: \"4\",\n+    log_name: \"Microsoft-Windows-Windows Defender/Operational\",\n+    log_version: \"0\",\n+    logged_time: 2024-03-23T12:34:56.789012300Z,\n+    original_event_uid: \"45007\",\n+    product: {\n+      name: \"Microsoft-Windows-Windows Defender\",\n+      uid: \"{11CD958A-C507-4EF3-B3F2-5FD9DFBD2C78}\",\n+      vendor_name: \"Microsoft\",\n+    },\n+    profiles: [\n+      \"host\",\n+    ],\n+    version: \"1.7.0\",\n+  },\n+  raw_data: \"<Event xmlns=\\\"http://schemas.microsoft.com/win/2004/08/events/event\\\">\\n  <System>\\n    <Provider Name=\\\"Microsoft-Windows-Windows Defender\\\" Guid=\\\"{11CD958A-C507-4EF3-B3F2-5FD9DFBD2C78}\\\"/>\\n    <EventID>5007</EventID>\\n    <Version>0</Version>\\n    <Level>4</Level>\\n    <Task>0</Task>\\n    <Keywords>0x8000000000000000</Keywords>\\n    <TimeCreated SystemTime=\\\"2024-03-23T12:34:56.789012300Z\\\"/>\\n    <EventRecordID>45007</EventRecordID>\\n    <Correlation/>\\n    <Execution ProcessID=\\\"3120\\\" ThreadID=\\\"4056\\\"/>\\n    <Channel>Microsoft-Windows-Windows Defender/Operational</Channel>\\n    <Computer>WINHOST01.corp.local</Computer>\\n  </System>\\n  <EventData>\\n    <Data Name=\\\"Product Name\\\">Windows Defender Antivirus</Data>\\n    <Data Name=\\\"Product Version\\\">4.18.24010.12</Data>\\n    <Data Name=\\\"Old Value\\\">HKLM\\\\SOFTWARE\\\\Microsoft\\\\Windows Defender\\\\Real-Time Protection\\\\DisableRealtimeMonitoring = 0x0</Data>\\n    <Data Name=\\\"New Value\\\">HKLM\\\\SOFTWARE\\\\Microsoft\\\\Windows Defender\\\\Real-Time Protection\\\\DisableRealtimeMonitoring = 0x1</Data>\\n  </EventData>\\n</Event>\\n\",\n+  raw_data_size: 1035,\n+  severity: \"High\",\n+  severity_id: 4,\n+  time: 2024-03-23T12:34:56.789012300Z,\n+  type_name: \"Detection Finding: Create\",\n+  type_uid: 200401,\n+  unmapped: {\n+    System: {\n+      Task: 0,\n+      Keywords: \"0x8000000000000000\",\n+      Correlation: null,\n+      Execution: {\n+        ProcessID: 3120,\n+        ThreadID: 4056,\n+      },\n+    },\n+    EventData: {\n+      \"Product Version\": \"4.18.24010.12\",\n+      \"Old Value\": \"HKLM\\\\SOFTWARE\\\\Microsoft\\\\Windows Defender\\\\Real-Time Protection\\\\DisableRealtimeMonitoring = 0x0\",\n+      \"New Value\": \"HKLM\\\\SOFTWARE\\\\Microsoft\\\\Windows Defender\\\\Real-Time Protection\\\\DisableRealtimeMonitoring = 0x1\",\n+    },\n+  },\n+}"
    }
  ]
}
