    {
      "sha": "f3cc9777733f3ad96e7c964e23cd898897dcc96d",
      "filename": "microsoft/tests/ocsf/eid-0101.tql",
      "status": "added",
      "additions": 10,
      "deletions": 0,
      "changes": 10,
      "blob_url": "https://github.com/tenzir/library/blob/94f723890ff78a032c30c1653aae5d60a89c673a/microsoft%2Ftests%2Focsf%2Feid-0101.tql",
      "raw_url": "https://github.com/tenzir/library/raw/94f723890ff78a032c30c1653aae5d60a89c673a/microsoft%2Ftests%2Focsf%2Feid-0101.tql",
      "contents_url": "https://api.github.com/repos/tenzir/library/contents/microsoft%2Ftests%2Focsf%2Feid-0101.tql?ref=94f723890ff78a032c30c1653aae5d60a89c673a",
      "patch": "@@ -0,0 +1,10 @@\n+from_file f\"{env(\"TENZIR_INPUTS\")}/eid-0101.xml\" {\n+  read_all\n+}\n+microsoft::windows::ocsf::map data\n+this = ocsf\n+ocsf::derive\n+ocsf::cast\n+\n+// Ensure deterministic tests.\n+drop metadata.processed_time"
    },
    {
      "sha": "2f7cdeec3eb0a85ff1bbf40b31cb6994b67197e7",
      "filename": "microsoft/tests/ocsf/eid-0101.txt",
      "status": "added",
      "additions": 61,
      "deletions": 0,
      "changes": 61,
      "blob_url": "https://github.com/tenzir/library/blob/94f723890ff78a032c30c1653aae5d60a89c673a/microsoft%2Ftests%2Focsf%2Feid-0101.txt",
      "raw_url": "https://github.com/tenzir/library/raw/94f723890ff78a032c30c1653aae5d60a89c673a/microsoft%2Ftests%2Focsf%2Feid-0101.txt",
      "contents_url": "https://api.github.com/repos/tenzir/library/contents/microsoft%2Ftests%2Focsf%2Feid-0101.txt?ref=94f723890ff78a032c30c1653aae5d60a89c673a",
      "patch": "@@ -0,0 +1,61 @@\n+{\n+  activity_id: 6,\n+  activity_name: \"Start\",\n+  category_name: \"System Activity\",\n+  category_uid: 1,\n+  class_name: \"Scheduled Job Activity\",\n+  class_uid: 1006,\n+  device: {\n+    hostname: \"WINHOST01.corp.local\",\n+  },\n+  job: {\n+    name: \"\\\\Microsoft\\\\Windows\\\\UpdateOrchestrator\\\\payload_persist\",\n+  },\n+  metadata: {\n+    event_code: \"101\",\n+    extensions: [\n+      {\n+        name: \"win\",\n+      },\n+    ],\n+    log_format: \"xml\",\n+    log_level: \"2\",\n+    log_name: \"Microsoft-Windows-TaskScheduler/Operational\",\n+    log_version: \"0\",\n+    logged_time: 2024-03-23T12:34:56.789012300Z,\n+    original_event_uid: \"30101\",\n+    product: {\n+      name: \"Microsoft-Windows-TaskScheduler\",\n+      uid: \"{DE7B24EA-73C8-4A09-985D-5BDADCFA9017}\",\n+      vendor_name: \"Microsoft\",\n+    },\n+    profiles: [\n+      \"host\",\n+    ],\n+    version: \"1.7.0\",\n+  },\n+  raw_data: \"<Event xmlns=\\\"http://schemas.microsoft.com/win/2004/08/events/event\\\">\\n  <System>\\n    <Provider Name=\\\"Microsoft-Windows-TaskScheduler\\\" Guid=\\\"{DE7B24EA-73C8-4A09-985D-5BDADCFA9017}\\\"/>\\n    <EventID>101</EventID>\\n    <Version>0</Version>\\n    <Level>2</Level>\\n    <Task>0</Task>\\n    <Keywords>0x8000000000000000</Keywords>\\n    <TimeCreated SystemTime=\\\"2024-03-23T12:34:56.789012300Z\\\"/>\\n    <EventRecordID>30101</EventRecordID>\\n    <Correlation/>\\n    <Execution ProcessID=\\\"1032\\\" ThreadID=\\\"2048\\\"/>\\n    <Channel>Microsoft-Windows-TaskScheduler/Operational</Channel>\\n    <Computer>WINHOST01.corp.local</Computer>\\n  </System>\\n  <EventData>\\n    <Data Name=\\\"TaskName\\\">\\\\Microsoft\\\\Windows\\\\UpdateOrchestrator\\\\payload_persist</Data>\\n    <Data Name=\\\"InstanceId\\\">{1A2B3C4D-5E6F-7A8B-9C0D-1E2F3A4B5C6D}</Data>\\n    <Data Name=\\\"ResultCode\\\">-2147024894</Data>\\n  </EventData>\\n</Event>\\n\",\n+  raw_data_size: 862,\n+  severity: \"Medium\",\n+  severity_id: 3,\n+  status: \"Failure\",\n+  status_code: \"-2147024894\",\n+  status_id: 2,\n+  time: 2024-03-23T12:34:56.789012300Z,\n+  type_name: \"Scheduled Job Activity: Start\",\n+  type_uid: 100606,\n+  unmapped: {\n+    System: {\n+      Task: 0,\n+      Keywords: \"0x8000000000000000\",\n+      Correlation: null,\n+      Execution: {\n+        ProcessID: 1032,\n+        ThreadID: 2048,\n+      },\n+    },\n+    EventData: {\n+      InstanceId: \"{1A2B3C4D-5E6F-7A8B-9C0D-1E2F3A4B5C6D}\",\n+    },\n+  },\n+}"
    },
    {
      "sha": "71d0e43c7d28db0809d0c9025230eed392248de6",
      "filename": "microsoft/tests/ocsf/eid-0102.tql",
      "status": "added",
      "additions": 10,
      "deletions": 0,
      "changes": 10,
      "blob_url": "https://github.com/tenzir/library/blob/94f723890ff78a032c30c1653aae5d60a89c673a/microsoft%2Ftests%2Focsf%2Feid-0102.tql",
      "raw_url": "https://github.com/tenzir/library/raw/94f723890ff78a032c30c1653aae5d60a89c673a/microsoft%2Ftests%2Focsf%2Feid-0102.tql",
      "contents_url": "https://api.github.com/repos/tenzir/library/contents/microsoft%2Ftests%2Focsf%2Feid-0102.tql?ref=94f723890ff78a032c30c1653aae5d60a89c673a",
      "patch": "@@ -0,0 +1,10 @@\n+from_file f\"{env(\"TENZIR_INPUTS\")}/eid-0102.xml\" {\n+  read_all\n+}\n+microsoft::windows::ocsf::map data\n+this = ocsf\n+ocsf::derive\n+ocsf::cast\n+\n+// Ensure deterministic tests.\n+drop metadata.processed_time"
    },
    {
      "sha": "abc444d8033c39fd070b22d16248679847da145e",
      "filename": "microsoft/tests/ocsf/eid-0102.txt",
      "status": "added",
      "additions": 61,
      "deletions": 0,
      "changes": 61,
      "blob_url": "https://github.com/tenzir/library/blob/94f723890ff78a032c30c1653aae5d60a89c673a/microsoft%2Ftests%2Focsf%2Feid-0102.txt",
      "raw_url": "https://github.com/tenzir/library/raw/94f723890ff78a032c30c1653aae5d60a89c673a/microsoft%2Ftests%2Focsf%2Feid-0102.txt",
      "contents_url": "https://api.github.com/repos/tenzir/library/contents/microsoft%2Ftests%2Focsf%2Feid-0102.txt?ref=94f723890ff78a032c30c1653aae5d60a89c673a",
      "patch": "@@ -0,0 +1,61 @@\n+{\n+  activity_id: 99,\n+  activity_name: \"Other\",\n+  category_name: \"System Activity\",\n+  category_uid: 1,\n+  class_name: \"Scheduled Job Activity\",\n+  class_uid: 1006,\n+  device: {\n+    hostname: \"WINHOST01.corp.local\",\n+  },\n+  job: {\n+    name: \"\\\\Microsoft\\\\Windows\\\\UpdateOrchestrator\\\\payload_persist\",\n+  },\n+  metadata: {\n+    event_code: \"102\",\n+    extensions: [\n+      {\n+        name: \"win\",\n+      },\n+    ],\n+    log_format: \"xml\",\n+    log_level: \"4\",\n+    log_name: \"Microsoft-Windows-TaskScheduler/Operational\",\n+    log_version: \"0\",\n+    logged_time: 2024-03-23T12:34:58.123456700Z,\n+    original_event_uid: \"30102\",\n+    product: {\n+      name: \"Microsoft-Windows-TaskScheduler\",\n+      uid: \"{DE7B24EA-73C8-4A09-985D-5BDADCFA9017}\",\n+      vendor_name: \"Microsoft\",\n+    },\n+    profiles: [\n+      \"host\",\n+    ],\n+    version: \"1.7.0\",\n+  },\n+  raw_data: \"<Event xmlns=\\\"http://schemas.microsoft.com/win/2004/08/events/event\\\">\\n  <System>\\n    <Provider Name=\\\"Microsoft-Windows-TaskScheduler\\\" Guid=\\\"{DE7B24EA-73C8-4A09-985D-5BDADCFA9017}\\\"/>\\n    <EventID>102</EventID>\\n    <Version>0</Version>\\n    <Level>4</Level>\\n    <Task>0</Task>\\n    <Keywords>0x8000000000000000</Keywords>\\n    <TimeCreated SystemTime=\\\"2024-03-23T12:34:58.123456700Z\\\"/>\\n    <EventRecordID>30102</EventRecordID>\\n    <Correlation/>\\n    <Execution ProcessID=\\\"1032\\\" ThreadID=\\\"2048\\\"/>\\n    <Channel>Microsoft-Windows-TaskScheduler/Operational</Channel>\\n    <Computer>WINHOST01.corp.local</Computer>\\n  </System>\\n  <EventData>\\n    <Data Name=\\\"TaskName\\\">\\\\Microsoft\\\\Windows\\\\UpdateOrchestrator\\\\payload_persist</Data>\\n    <Data Name=\\\"InstanceId\\\">{EC84F653-CA0D-4CD0-828E-FDE7D609F86C}</Data>\\n    <Data Name=\\\"ResultCode\\\">0</Data>\\n  </EventData>\\n</Event>\\n\",\n+  raw_data_size: 852,\n+  severity: \"Informational\",\n+  severity_id: 1,\n+  status: \"Success\",\n+  status_code: \"0\",\n+  status_id: 1,\n+  time: 2024-03-23T12:34:58.123456700Z,\n+  type_name: \"Scheduled Job Activity: Other\",\n+  type_uid: 100699,\n+  unmapped: {\n+    System: {\n+      Task: 0,\n+      Keywords: \"0x8000000000000000\",\n+      Correlation: null,\n+      Execution: {\n+        ProcessID: 1032,\n+        ThreadID: 2048,\n+      },\n+    },\n+    EventData: {\n+      InstanceId: \"{EC84F653-CA0D-4CD0-828E-FDE7D609F86C}\",\n+    },\n+  },\n+}"
    },
    {
      "sha": "9322af9c684e483f0b0d6ccf74c5789dcc15ebb3",
      "filename": "microsoft/tests/ocsf/eid-0106.tql",
      "status": "added",
      "additions": 10,
      "deletions": 0,
      "changes": 10,
      "blob_url": "https://github.com/tenzir/library/blob/94f723890ff78a032c30c1653aae5d60a89c673a/microsoft%2Ftests%2Focsf%2Feid-0106.tql",
      "raw_url": "https://github.com/tenzir/library/raw/94f723890ff78a032c30c1653aae5d60a89c673a/microsoft%2Ftests%2Focsf%2Feid-0106.tql",
      "contents_url": "https://api.github.com/repos/tenzir/library/contents/microsoft%2Ftests%2Focsf%2Feid-0106.tql?ref=94f723890ff78a032c30c1653aae5d60a89c673a",
      "patch": "@@ -0,0 +1,10 @@\n+from_file f\"{env(\"TENZIR_INPUTS\")}/eid-0106.xml\" {\n+  read_all\n+}\n+microsoft::windows::ocsf::map data\n+this = ocsf\n+ocsf::derive\n+ocsf::cast\n+\n+// Ensure deterministic tests.\n+drop metadata.processed_time"
    },
    {
      "sha": "12b8ba27f7f8a32a1b5d4f6db72f421bb6ad305f",
      "filename": "microsoft/tests/ocsf/eid-0106.txt",
      "status": "added",
      "additions": 62,
      "deletions": 0,
      "changes": 62,
      "blob_url": "https://github.com/tenzir/library/blob/94f723890ff78a032c30c1653aae5d60a89c673a/microsoft%2Ftests%2Focsf%2Feid-0106.txt",
      "raw_url": "https://github.com/tenzir/library/raw/94f723890ff78a032c30c1653aae5d60a89c673a/microsoft%2Ftests%2Focsf%2Feid-0106.txt",
      "contents_url": "https://api.github.com/repos/tenzir/library/contents/microsoft%2Ftests%2Focsf%2Feid-0106.txt?ref=94f723890ff78a032c30c1653aae5d60a89c673a",
      "patch": "@@ -0,0 +1,62 @@\n+{\n+  activity_id: 1,\n+  activity_name: \"Create\",\n+  actor: {\n+    user: {\n+      domain: \"CORP\",\n+      name: \"jdoe\",\n+    },\n+  },\n+  category_name: \"System Activity\",\n+  category_uid: 1,\n+  class_name: \"Scheduled Job Activity\",\n+  class_uid: 1006,\n+  device: {\n+    hostname: \"WINHOST01.corp.local\",\n+  },\n+  job: {\n+    name: \"\\\\Microsoft\\\\Windows\\\\UpdateOrchestrator\\\\payload_persist\",\n+  },\n+  metadata: {\n+    event_code: \"106\",\n+    extensions: [\n+      {\n+        name: \"win\",\n+      },\n+    ],\n+    log_format: \"xml\",\n+    log_level: \"4\",\n+    log_name: \"Microsoft-Windows-TaskScheduler/Operational\",\n+    log_version: \"0\",\n+    logged_time: 2024-03-23T12:34:56.789012300Z,\n+    original_event_uid: \"30106\",\n+    product: {\n+      name: \"Microsoft-Windows-TaskScheduler\",\n+      uid: \"{DE7B24EA-73C8-4A09-985D-5BDADCFA9017}\",\n+      vendor_name: \"Microsoft\",\n+    },\n+    profiles: [\n+      \"host\",\n+    ],\n+    version: \"1.7.0\",\n+  },\n+  raw_data: \"<Event xmlns=\\\"http://schemas.microsoft.com/win/2004/08/events/event\\\">\\n  <System>\\n    <Provider Name=\\\"Microsoft-Windows-TaskScheduler\\\" Guid=\\\"{DE7B24EA-73C8-4A09-985D-5BDADCFA9017}\\\"/>\\n    <EventID>106</EventID>\\n    <Version>0</Version>\\n    <Level>4</Level>\\n    <Task>0</Task>\\n    <Keywords>0x8000000000000000</Keywords>\\n    <TimeCreated SystemTime=\\\"2024-03-23T12:34:56.789012300Z\\\"/>\\n    <EventRecordID>30106</EventRecordID>\\n    <Correlation/>\\n    <Execution ProcessID=\\\"1032\\\" ThreadID=\\\"2048\\\"/>\\n    <Channel>Microsoft-Windows-TaskScheduler/Operational</Channel>\\n    <Computer>WINHOST01.corp.local</Computer>\\n  </System>\\n  <EventData>\\n    <Data Name=\\\"TaskName\\\">\\\\Microsoft\\\\Windows\\\\UpdateOrchestrator\\\\payload_persist</Data>\\n    <Data Name=\\\"UserContext\\\">CORP\\\\jdoe</Data>\\n  </EventData>\\n</Event>\\n\",\n+  raw_data_size: 787,\n+  severity: \"Informational\",\n+  severity_id: 1,\n+  time: 2024-03-23T12:34:56.789012300Z,\n+  type_name: \"Scheduled Job Activity: Create\",\n+  type_uid: 100601,\n+  unmapped: {\n+    System: {\n+      Task: 0,\n+      Keywords: \"0x8000000000000000\",\n+      Correlation: null,\n+      Execution: {\n+        ProcessID: 1032,\n+        ThreadID: 2048,\n+      },\n+    },\n+    EventData: {},\n+  },\n+}"
    },
    {
      "sha": "22ca98628fc105f776fa9a7e8c36671b4821b396",
      "filename": "microsoft/tests/ocsf/eid-0129.tql",
      "status": "added",
      "additions": 10,
      "deletions": 0,
      "changes": 10,
      "blob_url": "https://github.com/tenzir/library/blob/94f723890ff78a032c30c1653aae5d60a89c673a/microsoft%2Ftests%2Focsf%2Feid-0129.tql",
      "raw_url": "https://github.com/tenzir/library/raw/94f723890ff78a032c30c1653aae5d60a89c673a/microsoft%2Ftests%2Focsf%2Feid-0129.tql",
      "contents_url": "https://api.github.com/repos/tenzir/library/contents/microsoft%2Ftests%2Focsf%2Feid-0129.tql?ref=94f723890ff78a032c30c1653aae5d60a89c673a",
      "patch": "@@ -0,0 +1,10 @@\n+from_file f\"{env(\"TENZIR_INPUTS\")}/eid-0129.xml\" {\n+  read_all\n+}\n+microsoft::windows::ocsf::map data\n+this = ocsf\n+ocsf::derive\n+ocsf::cast\n+\n+// Ensure deterministic tests.\n+drop metadata.processed_time"
    },
    {
      "sha": "5d8d1902ada1204c6e90e582b1285a605d606b1b",
      "filename": "microsoft/tests/ocsf/eid-0129.txt",
      "status": "added",
      "additions": 63,
      "deletions": 0,
      "changes": 63,
      "blob_url": "https://github.com/tenzir/library/blob/94f723890ff78a032c30c1653aae5d60a89c673a/microsoft%2Ftests%2Focsf%2Feid-0129.txt",
      "raw_url": "https://github.com/tenzir/library/raw/94f723890ff78a032c30c1653aae5d60a89c673a/microsoft%2Ftests%2Focsf%2Feid-0129.txt",
      "contents_url": "https://api.github.com/repos/tenzir/library/contents/microsoft%2Ftests%2Focsf%2Feid-0129.txt?ref=94f723890ff78a032c30c1653aae5d60a89c673a",
      "patch": "@@ -0,0 +1,63 @@\n+{\n+  activity_id: 6,\n+  activity_name: \"Start\",\n+  actor: {\n+    process: {\n+      pid: 6812,\n+    },\n+  },\n+  category_name: \"System Activity\",\n+  category_uid: 1,\n+  class_name: \"Scheduled Job Activity\",\n+  class_uid: 1006,\n+  device: {\n+    hostname: \"WINHOST01.corp.local\",\n+  },\n+  job: {\n+    name: \"\\\\Microsoft\\\\Windows\\\\UpdateOrchestrator\\\\payload_persist\",\n+  },\n+  metadata: {\n+    event_code: \"129\",\n+    extensions: [\n+      {\n+        name: \"win\",\n+      },\n+    ],\n+    log_format: \"xml\",\n+    log_level: \"4\",\n+    log_name: \"Microsoft-Windows-TaskScheduler/Operational\",\n+    log_version: \"0\",\n+    logged_time: 2024-03-23T12:34:56.789012300Z,\n+    original_event_uid: \"30129\",\n+    product: {\n+      name: \"Microsoft-Windows-TaskScheduler\",\n+      uid: \"{DE7B24EA-73C8-4A09-985D-5BDADCFA9017}\",\n+      vendor_name: \"Microsoft\",\n+    },\n+    profiles: [\n+      \"host\",\n+    ],\n+    version: \"1.7.0\",\n+  },\n+  raw_data: \"<Event xmlns=\\\"http://schemas.microsoft.com/win/2004/08/events/event\\\">\\n  <System>\\n    <Provider Name=\\\"Microsoft-Windows-TaskScheduler\\\" Guid=\\\"{DE7B24EA-73C8-4A09-985D-5BDADCFA9017}\\\"/>\\n    <EventID>129</EventID>\\n    <Version>0</Version>\\n    <Level>4</Level>\\n    <Task>0</Task>\\n    <Keywords>0x8000000000000000</Keywords>\\n    <TimeCreated SystemTime=\\\"2024-03-23T12:34:56.789012300Z\\\"/>\\n    <EventRecordID>30129</EventRecordID>\\n    <Correlation/>\\n    <Execution ProcessID=\\\"1032\\\" ThreadID=\\\"2048\\\"/>\\n    <Channel>Microsoft-Windows-TaskScheduler/Operational</Channel>\\n    <Computer>WINHOST01.corp.local</Computer>\\n  </System>\\n  <EventData>\\n    <Data Name=\\\"TaskName\\\">\\\\Microsoft\\\\Windows\\\\UpdateOrchestrator\\\\payload_persist</Data>\\n    <Data Name=\\\"InstanceId\\\">{EC84F653-CA0D-4CD0-828E-FDE7D609F86C}</Data>\\n    <Data Name=\\\"ProcessId\\\">6812</Data>\\n  </EventData>\\n</Event>\\n\",\n+  raw_data_size: 854,\n+  severity: \"Informational\",\n+  severity_id: 1,\n+  time: 2024-03-23T12:34:56.789012300Z,\n+  type_name: \"Scheduled Job Activity: Start\",\n+  type_uid: 100606,\n+  unmapped: {\n+    System: {\n+      Task: 0,\n+      Keywords: \"0x8000000000000000\",\n+      Correlation: null,\n+      Execution: {\n+        ProcessID: 1032,\n+        ThreadID: 2048,\n+      },\n+    },\n+    EventData: {\n+      InstanceId: \"{EC84F653-CA0D-4CD0-828E-FDE7D609F86C}\",\n+    },\n+  },\n+}"
    },
    {
      "sha": "759201f61264f39674bcda889badbd49498835f8",
      "filename": "microsoft/tests/ocsf/eid-0140.tql",
      "status": "added",
      "additions": 10,
      "deletions": 0,
      "changes": 10,
      "blob_url": "https://github.com/tenzir/library/blob/94f723890ff78a032c30c1653aae5d60a89c673a/microsoft%2Ftests%2Focsf%2Feid-0140.tql",
      "raw_url": "https://github.com/tenzir/library/raw/94f723890ff78a032c30c1653aae5d60a89c673a/microsoft%2Ftests%2Focsf%2Feid-0140.tql",
      "contents_url": "https://api.github.com/repos/tenzir/library/contents/microsoft%2Ftests%2Focsf%2Feid-0140.tql?ref=94f723890ff78a032c30c1653aae5d60a89c673a",
      "patch": "@@ -0,0 +1,10 @@\n+from_file f\"{env(\"TENZIR_INPUTS\")}/eid-0140.xml\" {\n+  read_all\n+}\n+microsoft::windows::ocsf::map data\n+this = ocsf\n+ocsf::derive\n+ocsf::cast\n+\n+// Ensure deterministic tests.\n+drop metadata.processed_time"
    },
    {
      "sha": "4d87a184c5b878f6ebfcec56e3e4c226fca21c6e",
      "filename": "microsoft/tests/ocsf/eid-0140.txt",
      "status": "added",
      "additions": 62,
      "deletions": 0,
      "changes": 62,
      "blob_url": "https://github.com/tenzir/library/blob/94f723890ff78a032c30c1653aae5d60a89c673a/microsoft%2Ftests%2Focsf%2Feid-0140.txt",
      "raw_url": "https://github.com/tenzir/library/raw/94f723890ff78a032c30c1653aae5d60a89c673a/microsoft%2Ftests%2Focsf%2Feid-0140.txt",
      "contents_url": "https://api.github.com/repos/tenzir/library/contents/microsoft%2Ftests%2Focsf%2Feid-0140.txt?ref=94f723890ff78a032c30c1653aae5d60a89c673a",
      "patch": "@@ -0,0 +1,62 @@\n+{\n+  activity_id: 2,\n+  activity_name: \"Update\",\n+  actor: {\n+    user: {\n+      domain: \"CORP\",\n+      name: \"jdoe\",\n+    },\n+  },\n+  category_name: \"System Activity\",\n+  category_uid: 1,\n+  class_name: \"Scheduled Job Activity\",\n+  class_uid: 1006,\n+  device: {\n+    hostname: \"WINHOST01.corp.local\",\n+  },\n+  job: {\n+    name: \"\\\\Microsoft\\\\Windows\\\\UpdateOrchestrator\\\\payload_persist\",\n+  },\n+  metadata: {\n+    event_code: \"140\",\n+    extensions: [\n+      {\n+        name: \"win\",\n+      },\n+    ],\n+    log_format: \"xml\",\n+    log_level: \"4\",\n+    log_name: \"Microsoft-Windows-TaskScheduler/Operational\",\n+    log_version: \"0\",\n+    logged_time: 2024-03-23T12:34:56.789012300Z,\n+    original_event_uid: \"30140\",\n+    product: {\n+      name: \"Microsoft-Windows-TaskScheduler\",\n+      uid: \"{DE7B24EA-73C8-4A09-985D-5BDADCFA9017}\",\n+      vendor_name: \"Microsoft\",\n+    },\n+    profiles: [\n+      \"host\",\n+    ],\n+    version: \"1.7.0\",\n+  },\n+  raw_data: \"<Event xmlns=\\\"http://schemas.microsoft.com/win/2004/08/events/event\\\">\\n  <System>\\n    <Provider Name=\\\"Microsoft-Windows-TaskScheduler\\\" Guid=\\\"{DE7B24EA-73C8-4A09-985D-5BDADCFA9017}\\\"/>\\n    <EventID>140</EventID>\\n    <Version>0</Version>\\n    <Level>4</Level>\\n    <Task>0</Task>\\n    <Keywords>0x8000000000000000</Keywords>\\n    <TimeCreated SystemTime=\\\"2024-03-23T12:34:56.789012300Z\\\"/>\\n    <EventRecordID>30140</EventRecordID>\\n    <Correlation/>\\n    <Execution ProcessID=\\\"1032\\\" ThreadID=\\\"2048\\\"/>\\n    <Channel>Microsoft-Windows-TaskScheduler/Operational</Channel>\\n    <Computer>WINHOST01.corp.local</Computer>\\n  </System>\\n  <EventData>\\n    <Data Name=\\\"TaskName\\\">\\\\Microsoft\\\\Windows\\\\UpdateOrchestrator\\\\payload_persist</Data>\\n    <Data Name=\\\"UserContext\\\">CORP\\\\jdoe</Data>\\n  </EventData>\\n</Event>\\n\",\n+  raw_data_size: 787,\n+  severity: \"Informational\",\n+  severity_id: 1,\n+  time: 2024-03-23T12:34:56.789012300Z,\n+  type_name: \"Scheduled Job Activity: Update\",\n+  type_uid: 100602,\n+  unmapped: {\n+    System: {\n+      Task: 0,\n+      Keywords: \"0x8000000000000000\",\n+      Correlation: null,\n+      Execution: {\n+        ProcessID: 1032,\n+        ThreadID: 2048,\n+      },\n+    },\n+    EventData: {},\n+  },\n+}"
    },
    {
      "sha": "cf04f37edc85f4108e633a9de180d741329cd2b2",
      "filename": "microsoft/tests/ocsf/eid-0141.tql",
      "status": "added",
      "additions": 10,
      "deletions": 0,
      "changes": 10,
      "blob_url": "https://github.com/tenzir/library/blob/94f723890ff78a032c30c1653aae5d60a89c673a/microsoft%2Ftests%2Focsf%2Feid-0141.tql",
      "raw_url": "https://github.com/tenzir/library/raw/94f723890ff78a032c30c1653aae5d60a89c673a/microsoft%2Ftests%2Focsf%2Feid-0141.tql",
      "contents_url": "https://api.github.com/repos/tenzir/library/contents/microsoft%2Ftests%2Focsf%2Feid-0141.tql?ref=94f723890ff78a032c30c1653aae5d60a89c673a",
      "patch": "@@ -0,0 +1,10 @@\n+from_file f\"{env(\"TENZIR_INPUTS\")}/eid-0141.xml\" {\n+  read_all\n+}\n+microsoft::windows::ocsf::map data\n+this = ocsf\n+ocsf::derive\n+ocsf::cast\n+\n+// Ensure deterministic tests.\n+drop metadata.processed_time"
    },
    {
      "sha": "494a8f37bacf69f3ca987584c2fa9559fc36a48e",
      "filename": "microsoft/tests/ocsf/eid-0141.txt",
      "status": "added",
      "additions": 62,
      "deletions": 0,
      "changes": 62,
      "blob_url": "https://github.com/tenzir/library/blob/94f723890ff78a032c30c1653aae5d60a89c673a/microsoft%2Ftests%2Focsf%2Feid-0141.txt",
      "raw_url": "https://github.com/tenzir/library/raw/94f723890ff78a032c30c1653aae5d60a89c673a/microsoft%2Ftests%2Focsf%2Feid-0141.txt",
      "contents_url": "https://api.github.com/repos/tenzir/library/contents/microsoft%2Ftests%2Focsf%2Feid-0141.txt?ref=94f723890ff78a032c30c1653aae5d60a89c673a",
      "patch": "@@ -0,0 +1,62 @@\n+{\n+  activity_id: 3,\n+  activity_name: \"Delete\",\n+  actor: {\n+    user: {\n+      domain: \"CORP\",\n+      name: \"jdoe\",\n+    },\n+  },\n+  category_name: \"System Activity\",\n+  category_uid: 1,\n+  class_name: \"Scheduled Job Activity\",\n+  class_uid: 1006,\n+  device: {\n+    hostname: \"WINHOST01.corp.local\",\n+  },\n+  job: {\n+    name: \"\\\\Microsoft\\\\Windows\\\\UpdateOrchestrator\\\\payload_persist\",\n+  },\n+  metadata: {\n+    event_code: \"141\",\n+    extensions: [\n+      {\n+        name: \"win\",\n+      },\n+    ],\n+    log_format: \"xml\",\n+    log_level: \"4\",\n+    log_name: \"Microsoft-Windows-TaskScheduler/Operational\",\n+    log_version: \"0\",\n+    logged_time: 2024-03-23T12:35:01Z,\n+    original_event_uid: \"30141\",\n+    product: {\n+      name: \"Microsoft-Windows-TaskScheduler\",\n+      uid: \"{DE7B24EA-73C8-4A09-985D-5BDADCFA9017}\",\n+      vendor_name: \"Microsoft\",\n+    },\n+    profiles: [\n+      \"host\",\n+    ],\n+    version: \"1.7.0\",\n+  },\n+  raw_data: \"<Event xmlns=\\\"http://schemas.microsoft.com/win/2004/08/events/event\\\">\\n  <System>\\n    <Provider Name=\\\"Microsoft-Windows-TaskScheduler\\\" Guid=\\\"{DE7B24EA-73C8-4A09-985D-5BDADCFA9017}\\\"/>\\n    <EventID>141</EventID>\\n    <Version>0</Version>\\n    <Level>4</Level>\\n    <Task>0</Task>\\n    <Keywords>0x8000000000000000</Keywords>\\n    <TimeCreated SystemTime=\\\"2024-03-23T12:35:01.000000000Z\\\"/>\\n    <EventRecordID>30141</EventRecordID>\\n    <Correlation/>\\n    <Execution ProcessID=\\\"1032\\\" ThreadID=\\\"2048\\\"/>\\n    <Channel>Microsoft-Windows-TaskScheduler/Operational</Channel>\\n    <Computer>WINHOST01.corp.local</Computer>\\n  </System>\\n  <EventData>\\n    <Data Name=\\\"TaskName\\\">\\\\Microsoft\\\\Windows\\\\UpdateOrchestrator\\\\payload_persist</Data>\\n    <Data Name=\\\"UserContext\\\">CORP\\\\jdoe</Data>\\n  </EventData>\\n</Event>\\n\",\n+  raw_data_size: 787,\n+  severity: \"Informational\",\n+  severity_id: 1,\n+  time: 2024-03-23T12:35:01Z,\n+  type_name: \"Scheduled Job Activity: Delete\",\n+  type_uid: 100603,\n+  unmapped: {\n+    System: {\n+      Task: 0,\n+      Keywords: \"0x8000000000000000\",\n+      Correlation: null,\n+      Execution: {\n+        ProcessID: 1032,\n+        ThreadID: 2048,\n+      },\n+    },\n+    EventData: {},\n+  },\n+}"
    },
    {
      "sha": "77869fa492a1c9d1be3f10b90636e3d780a28a14",
      "filename": "microsoft/tests/ocsf/eid-0200.tql",
      "status": "added",
      "additions": 10,
      "deletions": 0,
      "changes": 10,
      "blob_url": "https://github.com/tenzir/library/blob/94f723890ff78a032c30c1653aae5d60a89c673a/microsoft%2Ftests%2Focsf%2Feid-0200.tql",
      "raw_url": "https://github.com/tenzir/library/raw/94f723890ff78a032c30c1653aae5d60a89c673a/microsoft%2Ftests%2Focsf%2Feid-0200.tql",
      "contents_url": "https://api.github.com/repos/tenzir/library/contents/microsoft%2Ftests%2Focsf%2Feid-0200.tql?ref=94f723890ff78a032c30c1653aae5d60a89c673a",
      "patch": "@@ -0,0 +1,10 @@\n+from_file f\"{env(\"TENZIR_INPUTS\")}/eid-0200.xml\" {\n+  read_all\n+}\n+microsoft::windows::ocsf::map data\n+this = ocsf\n+ocsf::derive\n+ocsf::cast\n+\n+// Ensure deterministic tests.\n+drop metadata.processed_time"
    },
    {
      "sha": "5cb614ba33ffadafcd59b25991008d2dc0d3e3d2",
      "filename": "microsoft/tests/ocsf/eid-0200.txt",
      "status": "added",
      "additions": 69,
      "deletions": 0,
      "changes": 69,
      "blob_url": "https://github.com/tenzir/library/blob/94f723890ff78a032c30c1653aae5d60a89c673a/microsoft%2Ftests%2Focsf%2Feid-0200.txt",
      "raw_url": "https://github.com/tenzir/library/raw/94f723890ff78a032c30c1653aae5d60a89c673a/microsoft%2Ftests%2Focsf%2Feid-0200.txt",
      "contents_url": "https://api.github.com/repos/tenzir/library/contents/microsoft%2Ftests%2Focsf%2Feid-0200.txt?ref=94f723890ff78a032c30c1653aae5d60a89c673a",
      "patch": "@@ -0,0 +1,69 @@\n+{\n+  activity_id: 6,\n+  activity_name: \"Start\",\n+  actor: {\n+    process: {\n+      pid: 1032,\n+    },\n+  },\n+  category_name: \"System Activity\",\n+  category_uid: 1,\n+  class_name: \"Scheduled Job Activity\",\n+  class_uid: 1006,\n+  device: {\n+    hostname: \"WINHOST01.corp.local\",\n+  },\n+  job: {\n+    file: {\n+      name: \"payload.exe\",\n+      path: \"C:\\\\tmp\\\\payload.exe\",\n+      type: \"Regular File\",\n+      type_id: 1,\n+    },\n+    name: \"\\\\Microsoft\\\\Windows\\\\UpdateOrchestrator\\\\payload_persist\",\n+  },\n+  metadata: {\n+    event_code: \"200\",\n+    extensions: [\n+      {\n+        name: \"win\",\n+      },\n+    ],\n+    log_format: \"xml\",\n+    log_level: \"4\",\n+    log_name: \"Microsoft-Windows-TaskScheduler/Operational\",\n+    log_version: \"0\",\n+    logged_time: 2024-03-23T12:34:56.789012300Z,\n+    original_event_uid: \"30200\",\n+    product: {\n+      name: \"Microsoft-Windows-TaskScheduler\",\n+      uid: \"{DE7B24EA-73C8-4A09-985D-5BDADCFA9017}\",\n+      vendor_name: \"Microsoft\",\n+    },\n+    profiles: [\n+      \"host\",\n+    ],\n+    version: \"1.7.0\",\n+  },\n+  raw_data: \"<Event xmlns=\\\"http://schemas.microsoft.com/win/2004/08/events/event\\\">\\n  <System>\\n    <Provider Name=\\\"Microsoft-Windows-TaskScheduler\\\" Guid=\\\"{DE7B24EA-73C8-4A09-985D-5BDADCFA9017}\\\"/>\\n    <EventID>200</EventID>\\n    <Version>0</Version>\\n    <Level>4</Level>\\n    <Task>0</Task>\\n    <Keywords>0x8000000000000000</Keywords>\\n    <TimeCreated SystemTime=\\\"2024-03-23T12:34:56.789012300Z\\\"/>\\n    <EventRecordID>30200</EventRecordID>\\n    <Correlation/>\\n    <Execution ProcessID=\\\"1032\\\" ThreadID=\\\"2048\\\"/>\\n    <Channel>Microsoft-Windows-TaskScheduler/Operational</Channel>\\n    <Computer>WINHOST01.corp.local</Computer>\\n  </System>\\n  <EventData>\\n    <Data Name=\\\"TaskName\\\">\\\\Microsoft\\\\Windows\\\\UpdateOrchestrator\\\\payload_persist</Data>\\n    <Data Name=\\\"TaskInstanceId\\\">{EC84F653-CA0D-4CD0-828E-FDE7D609F86C}</Data>\\n    <Data Name=\\\"ActionName\\\">C:\\\\tmp\\\\payload.exe</Data>\\n    <Data Name=\\\"EnginePID\\\">1032</Data>\\n  </EventData>\\n</Event>\\n\",\n+  raw_data_size: 912,\n+  severity: \"Informational\",\n+  severity_id: 1,\n+  time: 2024-03-23T12:34:56.789012300Z,\n+  type_name: \"Scheduled Job Activity: Start\",\n+  type_uid: 100606,\n+  unmapped: {\n+    System: {\n+      Task: 0,\n+      Keywords: \"0x8000000000000000\",\n+      Correlation: null,\n+      Execution: {\n+        ProcessID: 1032,\n+        ThreadID: 2048,\n+      },\n+    },\n+    EventData: {\n+      TaskInstanceId: \"{EC84F653-CA0D-4CD0-828E-FDE7D609F86C}\",\n+    },\n+  },\n+}"
    },
    {
      "sha": "400e711aa5a4cee89d9187b67b077e9d30a8d2d1",
      "filename": "microsoft/tests/ocsf/eid-0201.tql",
      "status": "added",
      "additions": 10,
      "deletions": 0,
      "changes": 10,
      "blob_url": "https://github.com/tenzir/library/blob/94f723890ff78a032c30c1653aae5d60a89c673a/microsoft%2Ftests%2Focsf%2Feid-0201.tql",
      "raw_url": "https://github.com/tenzir/library/raw/94f723890ff78a032c30c1653aae5d60a89c673a/microsoft%2Ftests%2Focsf%2Feid-0201.tql",
      "contents_url": "https://api.github.com/repos/tenzir/library/contents/microsoft%2Ftests%2Focsf%2Feid-0201.tql?ref=94f723890ff78a032c30c1653aae5d60a89c673a",
      "patch": "@@ -0,0 +1,10 @@\n+from_file f\"{env(\"TENZIR_INPUTS\")}/eid-0201.xml\" {\n+  read_all\n+}\n+microsoft::windows::ocsf::map data\n+this = ocsf\n+ocsf::derive\n+ocsf::cast\n+\n+// Ensure deterministic tests.\n+drop metadata.processed_time"
    },
    {
      "sha": "71506ec2dfcf9c4791bbaad3f216e75020751a9c",
      "filename": "microsoft/tests/ocsf/eid-0201.txt",
      "status": "added",
      "additions": 67,
      "deletions": 0,
      "changes": 67,
      "blob_url": "https://github.com/tenzir/library/blob/94f723890ff78a032c30c1653aae5d60a89c673a/microsoft%2Ftests%2Focsf%2Feid-0201.txt",
      "raw_url": "https://github.com/tenzir/library/raw/94f723890ff78a032c30c1653aae5d60a89c673a/microsoft%2Ftests%2Focsf%2Feid-0201.txt",
      "contents_url": "https://api.github.com/repos/tenzir/library/contents/microsoft%2Ftests%2Focsf%2Feid-0201.txt?ref=94f723890ff78a032c30c1653aae5d60a89c673a",
      "patch": "@@ -0,0 +1,67 @@\n+{\n+  activity_id: 99,\n+  activity_name: \"Other\",\n+  category_name: \"System Activity\",\n+  category_uid: 1,\n+  class_name: \"Scheduled Job Activity\",\n+  class_uid: 1006,\n+  device: {\n+    hostname: \"WINHOST01.corp.local\",\n+  },\n+  job: {\n+    file: {\n+      name: \"payload.exe\",\n+      path: \"C:\\\\tmp\\\\payload.exe\",\n+      type: \"Regular File\",\n+      type_id: 1,\n+    },\n+    name: \"\\\\Microsoft\\\\Windows\\\\UpdateOrchestrator\\\\payload_persist\",\n+  },\n+  metadata: {\n+    event_code: \"201\",\n+    extensions: [\n+      {\n+        name: \"win\",\n+      },\n+    ],\n+    log_format: \"xml\",\n+    log_level: \"4\",\n+    log_name: \"Microsoft-Windows-TaskScheduler/Operational\",\n+    log_version: \"0\",\n+    logged_time: 2024-03-23T12:34:58.123456700Z,\n+    original_event_uid: \"30201\",\n+    product: {\n+      name: \"Microsoft-Windows-TaskScheduler\",\n+      uid: \"{DE7B24EA-73C8-4A09-985D-5BDADCFA9017}\",\n+      vendor_name: \"Microsoft\",\n+    },\n+    profiles: [\n+      \"host\",\n+    ],\n+    version: \"1.7.0\",\n+  },\n+  raw_data: \"<Event xmlns=\\\"http://schemas.microsoft.com/win/2004/08/events/event\\\">\\n  <System>\\n    <Provider Name=\\\"Microsoft-Windows-TaskScheduler\\\" Guid=\\\"{DE7B24EA-73C8-4A09-985D-5BDADCFA9017}\\\"/>\\n    <EventID>201</EventID>\\n    <Version>0</Version>\\n    <Level>4</Level>\\n    <Task>0</Task>\\n    <Keywords>0x8000000000000000</Keywords>\\n    <TimeCreated SystemTime=\\\"2024-03-23T12:34:58.123456700Z\\\"/>\\n    <EventRecordID>30201</EventRecordID>\\n    <Correlation/>\\n    <Execution ProcessID=\\\"1032\\\" ThreadID=\\\"2048\\\"/>\\n    <Channel>Microsoft-Windows-TaskScheduler/Operational</Channel>\\n    <Computer>WINHOST01.corp.local</Computer>\\n  </System>\\n  <EventData>\\n    <Data Name=\\\"TaskName\\\">\\\\Microsoft\\\\Windows\\\\UpdateOrchestrator\\\\payload_persist</Data>\\n    <Data Name=\\\"TaskInstanceId\\\">{EC84F653-CA0D-4CD0-828E-FDE7D609F86C}</Data>\\n    <Data Name=\\\"ActionName\\\">C:\\\\tmp\\\\payload.exe</Data>\\n    <Data Name=\\\"ResultCode\\\">0</Data>\\n  </EventData>\\n</Event>\\n\",\n+  raw_data_size: 910,\n+  severity: \"Informational\",\n+  severity_id: 1,\n+  status: \"Success\",\n+  status_code: \"0\",\n+  status_id: 1,\n+  time: 2024-03-23T12:34:58.123456700Z,\n+  type_name: \"Scheduled Job Activity: Other\",\n+  type_uid: 100699,\n+  unmapped: {\n+    System: {\n+      Task: 0,\n+      Keywords: \"0x8000000000000000\",\n+      Correlation: null,\n+      Execution: {\n+        ProcessID: 1032,\n+        ThreadID: 2048,\n+      },\n+    },\n+    EventData: {\n+      TaskInstanceId: \"{EC84F653-CA0D-4CD0-828E-FDE7D609F86C}\",\n+    },\n+  },\n+}"
    },
    {
      "sha": "3c7eb19967a903cda01d8090b32adc4d93a1680d",
      "filename": "microsoft/tests/ocsf/eid-1006.tql",
      "status": "added",
      "additions": 10,
      "deletions": 0,
      "changes": 10,
      "blob_url": "https://github.com/tenzir/library/blob/94f723890ff78a032c30c1653aae5d60a89c673a/microsoft%2Ftests%2Focsf%2Feid-1006.tql",
      "raw_url": "https://github.com/tenzir/library/raw/94f723890ff78a032c30c1653aae5d60a89c673a/microsoft%2Ftests%2Focsf%2Feid-1006.tql",
      "contents_url": "https://api.github.com/repos/tenzir/library/contents/microsoft%2Ftests%2Focsf%2Feid-1006.tql?ref=94f723890ff78a032c30c1653aae5d60a89c673a",
      "patch": "@@ -0,0 +1,10 @@\n+from_file f\"{env(\"TENZIR_INPUTS\")}/eid-1006.xml\" {\n+  read_all\n+}\n+microsoft::windows::ocsf::map data\n+this = ocsf\n+ocsf::derive\n+ocsf::cast\n+\n+// Ensure deterministic tests.\n+drop metadata.processed_time"
    },
    {
      "sha": "578a3d41975ddacb964043cc1a360d45a35742f9",
      "filename": "microsoft/tests/ocsf/eid-1006.txt",
      "status": "added",
      "additions": 98,
      "deletions": 0,
      "changes": 98,
      "blob_url": "https://github.com/tenzir/library/blob/94f723890ff78a032c30c1653aae5d60a89c673a/microsoft%2Ftests%2Focsf%2Feid-1006.txt",
      "raw_url": "https://github.com/tenzir/library/raw/94f723890ff78a032c30c1653aae5d60a89c673a/microsoft%2Ftests%2Focsf%2Feid-1006.txt",
      "contents_url": "https://api.github.com/repos/tenzir/library/contents/microsoft%2Ftests%2Focsf%2Feid-1006.txt?ref=94f723890ff78a032c30c1653aae5d60a89c673a",
      "patch": "@@ -0,0 +1,98 @@\n+{\n+  activity_id: 1,\n+  activity_name: \"Create\",\n+  actor: {\n+    process: {\n+      file: {\n+        name: \"payload.exe\",\n+        path: \"C:\\\\tmp\\\\payload.exe\",\n+        type: \"Regular File\",\n+        type_id: 1,\n+      },\n+      name: \"payload.exe\",\n+      path: \"C:\\\\tmp\\\\payload.exe\",\n+    },\n+    user: {\n+      domain: \"CORP\",\n+      name: \"jdoe\",\n+    },\n+  },\n+  category_name: \"Findings\",\n+  category_uid: 2,\n+  class_name: \"Detection Finding\",\n+  class_uid: 2004,\n+  device: {\n+    hostname: \"WINHOST01.corp.local\",\n+  },\n+  evidences: [\n+    {\n+      file: {\n+        name: \"payload.exe\",\n+        path: \"C:\\\\tmp\\\\payload.exe\",\n+        type: \"Regular File\",\n+        type_id: 1,\n+      },\n+    },\n+  ],\n+  finding_info: {\n+    title: \"Trojan:Win32/Meterpreter.A!MSR\",\n+    types: [\n+      \"Trojan\",\n+    ],\n+    uid: \"2147735503\",\n+  },\n+  malware: [\n+    {\n+      name: \"Trojan:Win32/Meterpreter.A!MSR\",\n+    },\n+  ],\n+  metadata: {\n+    event_code: \"1006\",\n+    extensions: [\n+      {\n+        name: \"win\",\n+      },\n+    ],\n+    log_format: \"xml\",\n+    log_level: \"3\",\n+    log_name: \"Microsoft-Windows-Windows Defender/Operational\",\n+    log_version: \"0\",\n+    logged_time: 2024-03-23T12:34:56.789012300Z,\n+    original_event_uid: \"41006\",\n+    product: {\n+      name: \"Microsoft-Windows-Windows Defender\",\n+      uid: \"{11CD958A-C507-4EF3-B3F2-5FD9DFBD2C78}\",\n+      vendor_name: \"Microsoft\",\n+    },\n+    profiles: [\n+      \"host\",\n+      \"security_control\",\n+    ],\n+    version: \"1.7.0\",\n+  },\n+  raw_data: \"<Event xmlns=\\\"http://schemas.microsoft.com/win/2004/08/events/event\\\">\\n  <System>\\n    <Provider Name=\\\"Microsoft-Windows-Windows Defender\\\" Guid=\\\"{11CD958A-C507-4EF3-B3F2-5FD9DFBD2C78}\\\"/>\\n    <EventID>1006</EventID>\\n    <Version>0</Version>\\n    <Level>3</Level>\\n    <Task>0</Task>\\n    <Keywords>0x8000000000000000</Keywords>\\n    <TimeCreated SystemTime=\\\"2024-03-23T12:34:56.789012300Z\\\"/>\\n    <EventRecordID>41006</EventRecordID>\\n    <Correlation/>\\n    <Execution ProcessID=\\\"3120\\\" ThreadID=\\\"4056\\\"/>\\n    <Channel>Microsoft-Windows-Windows Defender/Operational</Channel>\\n    <Computer>WINHOST01.corp.local</Computer>\\n  </System>\\n  <EventData>\\n    <Data Name=\\\"Threat Name\\\">Trojan:Win32/Meterpreter.A!MSR</Data>\\n    <Data Name=\\\"ID\\\">2147735503</Data>\\n    <Data Name=\\\"Severity\\\">Severe</Data>\\n    <Data Name=\\\"Category\\\">Trojan</Data>\\n    <Data Name=\\\"Path\\\">C:\\\\tmp\\\\payload.exe</Data>\\n    <Data Name=\\\"Detection Origin\\\">Local machine</Data>\\n    <Data Name=\\\"Detection Type\\\">Concrete</Data>\\n    <Data Name=\\\"Detection Source\\\">Real-time Protection</Data>\\n    <Data Name=\\\"User\\\">CORP\\\\jdoe</Data>\\n    <Data Name=\\\"Process Name\\\">C:\\\\tmp\\\\payload.exe</Data>\\n    <Data Name=\\\"Security intelligence Version\\\">1.405.12.0</Data>\\n    <Data Name=\\\"Engine Version\\\">1.1.24010.10</Data>\\n  </EventData>\\n</Event>\\n\",\n+  raw_data_size: 1271,\n+  severity: \"Critical\",\n+  severity_id: 5,\n+  time: 2024-03-23T12:34:56.789012300Z,\n+  type_name: \"Detection Finding: Create\",\n+  type_uid: 200401,\n+  unmapped: {\n+    System: {\n+      Task: 0,\n+      Keywords: \"0x8000000000000000\",\n+      Correlation: null,\n+      Execution: {\n+        ProcessID: 3120,\n+        ThreadID: 4056,\n+      },\n+    },\n+    EventData: {\n+      \"Detection Origin\": \"Local machine\",\n+      \"Detection Type\": \"Concrete\",\n+      \"Detection Source\": \"Real-time Protection\",\n+      \"Security intelligence Version\": \"1.405.12.0\",\n+      \"Engine Version\": \"1.1.24010.10\",\n+    },\n+  },\n+}"
    },
    {
      "sha": "eb01c684ef69e77e4ab3bfca0d407fdc3270ceca",
      "filename": "microsoft/tests/ocsf/eid-1007.tql",
      "status": "added",
      "additions": 10,
      "deletions": 0,
      "changes": 10,
      "blob_url": "https://github.com/tenzir/library/blob/94f723890ff78a032c30c1653aae5d60a89c673a/microsoft%2Ftests%2Focsf%2Feid-1007.tql",
      "raw_url": "https://github.com/tenzir/library/raw/94f723890ff78a032c30c1653aae5d60a89c673a/microsoft%2Ftests%2Focsf%2Feid-1007.tql",
      "contents_url": "https://api.github.com/repos/tenzir/library/contents/microsoft%2Ftests%2Focsf%2Feid-1007.tql?ref=94f723890ff78a032c30c1653aae5d60a89c673a",
      "patch": "@@ -0,0 +1,10 @@\n+from_file f\"{env(\"TENZIR_INPUTS\")}/eid-1007.xml\" {\n+  read_all\n+}\n+microsoft::windows::ocsf::map data\n+this = ocsf\n+ocsf::derive\n+ocsf::cast\n+\n+// Ensure deterministic tests.\n+drop metadata.processed_time"
    },
    {
      "sha": "75f6b9576ce0f0798652b1b6e28ab660b5f4858d",
      "filename": "microsoft/tests/ocsf/eid-1007.txt",
      "status": "added",
      "additions": 77,
      "deletions": 0,
      "changes": 77,
      "blob_url": "https://github.com/tenzir/library/blob/94f723890ff78a032c30c1653aae5d60a89c673a/microsoft%2Ftests%2Focsf%2Feid-1007.txt",
      "raw_url": "https://github.com/tenzir/library/raw/94f723890ff78a032c30c1653aae5d60a89c673a/microsoft%2Ftests%2Focsf%2Feid-1007.txt",
      "contents_url": "https://api.github.com/repos/tenzir/library/contents/microsoft%2Ftests%2Focsf%2Feid-1007.txt?ref=94f723890ff78a032c30c1653aae5d60a89c673a",
      "patch": "@@ -0,0 +1,77 @@\n+{\n+  activity_id: 1,\n+  activity_name: \"Create\",\n+  actor: {\n+    user: {\n+      domain: \"NT AUTHORITY\",\n+      name: \"SYSTEM\",\n+    },\n+  },\n+  category_name: \"Findings\",\n+  category_uid: 2,\n+  class_name: \"Detection Finding\",\n+  class_uid: 2004,\n+  device: {\n+    hostname: \"WINHOST01.corp.local\",\n+  },\n+  disposition: \"Quarantined\",\n+  disposition_id: 3,\n+  finding_info: {\n+    title: \"Trojan:Win32/Meterpreter.A!MSR\",\n+    types: [\n+      \"Trojan\",\n+    ],\n+    uid: \"2147735503\",\n+  },\n+  malware: [\n+    {\n+      name: \"Trojan:Win32/Meterpreter.A!MSR\",\n+    },\n+  ],\n+  metadata: {\n+    event_code: \"1007\",\n+    extensions: [\n+      {\n+        name: \"win\",\n+      },\n+    ],\n+    log_format: \"xml\",\n+    log_level: \"4\",\n+    log_name: \"Microsoft-Windows-Windows Defender/Operational\",\n+    log_version: \"0\",\n+    logged_time: 2024-03-23T12:34:58.123456700Z,\n+    original_event_uid: \"41007\",\n+    product: {\n+      name: \"Microsoft-Windows-Windows Defender\",\n+      uid: \"{11CD958A-C507-4EF3-B3F2-5FD9DFBD2C78}\",\n+      vendor_name: \"Microsoft\",\n+    },\n+    profiles: [\n+      \"host\",\n+      \"security_control\",\n+    ],\n+    version: \"1.7.0\",\n+  },\n+  raw_data: \"<Event xmlns=\\\"http://schemas.microsoft.com/win/2004/08/events/event\\\">\\n  <System>\\n    <Provider Name=\\\"Microsoft-Windows-Windows Defender\\\" Guid=\\\"{11CD958A-C507-4EF3-B3F2-5FD9DFBD2C78}\\\"/>\\n    <EventID>1007</EventID>\\n    <Version>0</Version>\\n    <Level>4</Level>\\n    <Task>0</Task>\\n    <Keywords>0x8000000000000000</Keywords>\\n    <TimeCreated SystemTime=\\\"2024-03-23T12:34:58.123456700Z\\\"/>\\n    <EventRecordID>41007</EventRecordID>\\n    <Correlation/>\\n    <Execution ProcessID=\\\"3120\\\" ThreadID=\\\"4056\\\"/>\\n    <Channel>Microsoft-Windows-Windows Defender/Operational</Channel>\\n    <Computer>WINHOST01.corp.local</Computer>\\n  </System>\\n  <EventData>\\n    <Data Name=\\\"Threat Name\\\">Trojan:Win32/Meterpreter.A!MSR</Data>\\n    <Data Name=\\\"ID\\\">2147735503</Data>\\n    <Data Name=\\\"Severity\\\">Severe</Data>\\n    <Data Name=\\\"Category\\\">Trojan</Data>\\n    <Data Name=\\\"Action\\\">Quarantine</Data>\\n    <Data Name=\\\"User\\\">NT AUTHORITY\\\\SYSTEM</Data>\\n    <Data Name=\\\"Security intelligence Version\\\">1.405.12.0</Data>\\n    <Data Name=\\\"Engine Version\\\">1.1.24010.10</Data>\\n  </EventData>\\n</Event>\\n\",\n+  raw_data_size: 1054,\n+  severity: \"Critical\",\n+  severity_id: 5,\n+  time: 2024-03-23T12:34:58.123456700Z,\n+  type_name: \"Detection Finding: Create\",\n+  type_uid: 200401,\n+  unmapped: {\n+    System: {\n+      Task: 0,\n+      Keywords: \"0x8000000000000000\",\n+      Correlation: null,\n+      Execution: {\n+        ProcessID: 3120,\n+        ThreadID: 4056,\n+      },\n+    },\n+    EventData: {\n+      \"Security intelligence Version\": \"1.405.12.0\",\n+      \"Engine Version\": \"1.1.24010.10\",\n+    },\n+  },\n+}"
    },
    {
      "sha": "95d1c8b30a70755c917798c3ccbfb0121bd56033",
      "filename": "microsoft/tests/ocsf/eid-1102.tql",
      "status": "added",
      "additions": 10,
      "deletions": 0,
      "changes": 10,
      "blob_url": "https://github.com/tenzir/library/blob/94f723890ff78a032c30c1653aae5d60a89c673a/microsoft%2Ftests%2Focsf%2Feid-1102.tql",
      "raw_url": "https://github.com/tenzir/library/raw/94f723890ff78a032c30c1653aae5d60a89c673a/microsoft%2Ftests%2Focsf%2Feid-1102.tql",
      "contents_url": "https://api.github.com/repos/tenzir/library/contents/microsoft%2Ftests%2Focsf%2Feid-1102.tql?ref=94f723890ff78a032c30c1653aae5d60a89c673a",
      "patch": "@@ -0,0 +1,10 @@\n+from_file f\"{env(\"TENZIR_INPUTS\")}/eid-1102.xml\" {\n+  read_all\n+}\n+microsoft::windows::ocsf::map data\n+this = ocsf\n+ocsf::derive\n+ocsf::cast\n+\n+// Ensure deterministic tests.\n+drop metadata.processed_time"
    },
    {
      "sha": "a5df130d4e2d887e6b3a75991a92cd2d2fa16e42",
      "filename": "microsoft/tests/ocsf/eid-1102.txt",
      "status": "added",
      "additions": 68,
      "deletions": 0,
      "changes": 68,
      "blob_url": "https://github.com/tenzir/library/blob/94f723890ff78a032c30c1653aae5d60a89c673a/microsoft%2Ftests%2Focsf%2Feid-1102.txt",
      "raw_url": "https://github.com/tenzir/library/raw/94f723890ff78a032c30c1653aae5d60a89c673a/microsoft%2Ftests%2Focsf%2Feid-1102.txt",
      "contents_url": "https://api.github.com/repos/tenzir/library/contents/microsoft%2Ftests%2Focsf%2Feid-1102.txt?ref=94f723890ff78a032c30c1653aae5d60a89c673a",
      "patch": "@@ -0,0 +1,68 @@\n+{\n+  activity_id: 1,\n+  activity_name: \"Clear\",\n+  actor: {\n+    process: {\n+      pid: 4660,\n+    },\n+    session: {\n+      uid_alt: \"0xA1B2C3\",\n+    },\n+    user: {\n+      domain: \"CORP\",\n+      name: \"jdoe\",\n+      uid: \"S-1-5-21-3107921522-2185401913-891411500-1104\",\n+    },\n+  },\n+  category_name: \"System Activity\",\n+  category_uid: 1,\n+  class_name: \"Event Log Activity\",\n+  class_uid: 1008,\n+  device: {\n+    hostname: \"WINHOST01.corp.local\",\n+  },\n+  metadata: {\n+    event_code: \"1102\",\n+    extensions: [\n+      {\n+        name: \"win\",\n+      },\n+    ],\n+    log_format: \"xml\",\n+    log_level: \"4\",\n+    log_name: \"Security\",\n+    log_version: \"0\",\n+    logged_time: 2024-03-23T12:34:56.789012300Z,\n+    original_event_uid: \"99001\",\n+    product: {\n+      name: \"Microsoft-Windows-Eventlog\",\n+      uid: \"{FC65DDD8-D6EF-4962-83D5-6E5CFE9CE148}\",\n+      vendor_name: \"Microsoft\",\n+    },\n+    profiles: [\n+      \"host\",\n+    ],\n+    version: \"1.7.0\",\n+  },\n+  raw_data: \"<Event xmlns=\\\"http://schemas.microsoft.com/win/2004/08/events/event\\\">\\n  <System>\\n    <Provider Name=\\\"Microsoft-Windows-Eventlog\\\" Guid=\\\"{FC65DDD8-D6EF-4962-83D5-6E5CFE9CE148}\\\"/>\\n    <EventID>1102</EventID>\\n    <Version>0</Version>\\n    <Level>4</Level>\\n    <Task>104</Task>\\n    <Keywords>0x4020000000000000</Keywords>\\n    <TimeCreated SystemTime=\\\"2024-03-23T12:34:56.789012300Z\\\"/>\\n    <EventRecordID>99001</EventRecordID>\\n    <Correlation/>\\n    <Execution ProcessID=\\\"4\\\" ThreadID=\\\"72\\\"/>\\n    <Channel>Security</Channel>\\n    <Computer>WINHOST01.corp.local</Computer>\\n  </System>\\n  <EventData>\\n    <Data Name=\\\"SubjectUserSid\\\">S-1-5-21-3107921522-2185401913-891411500-1104</Data>\\n    <Data Name=\\\"SubjectUserName\\\">jdoe</Data>\\n    <Data Name=\\\"SubjectDomainName\\\">CORP</Data>\\n    <Data Name=\\\"SubjectLogonId\\\">0xA1B2C3</Data>\\n    <Data Name=\\\"ClientProcessId\\\">0x1234</Data>\\n    <Data Name=\\\"ClientProcessStartKey\\\">131972735680000000</Data>\\n  </EventData>\\n</Event>\\n\",\n+  raw_data_size: 949,\n+  severity: \"High\",\n+  severity_id: 4,\n+  time: 2024-03-23T12:34:56.789012300Z,\n+  type_name: \"Event Log Activity: Clear\",\n+  type_uid: 100801,\n+  unmapped: {\n+    System: {\n+      Task: 104,\n+      Keywords: \"0x4020000000000000\",\n+      Correlation: null,\n+      Execution: {\n+        ProcessID: 4,\n+        ThreadID: 72,\n+      },\n+    },\n+    EventData: {\n+      ClientProcessStartKey: 131972735680000000,\n+    },\n+  },\n+}"
    },
