    {
      "sha": "6c7eff4561252fad301dabf685d2747282402c9d",
      "filename": "microsoft/tests/ocsf/eid-4624.tql",
      "status": "added",
      "additions": 10,
      "deletions": 0,
      "changes": 10,
      "blob_url": "https://github.com/tenzir/library/blob/b3bf5a42f796ac7cd53158de61444477d1e3484f/microsoft%2Ftests%2Focsf%2Feid-4624.tql",
      "raw_url": "https://github.com/tenzir/library/raw/b3bf5a42f796ac7cd53158de61444477d1e3484f/microsoft%2Ftests%2Focsf%2Feid-4624.tql",
      "contents_url": "https://api.github.com/repos/tenzir/library/contents/microsoft%2Ftests%2Focsf%2Feid-4624.tql?ref=b3bf5a42f796ac7cd53158de61444477d1e3484f",
      "patch": "@@ -0,0 +1,10 @@\n+from_file f\"{env(\"TENZIR_INPUTS\")}/eid-4624.xml\" {\n+  read_all\n+}\n+microsoft::windows::ocsf::map data\n+this = ocsf\n+ocsf::derive\n+ocsf::cast\n+\n+// Ensure deterministic tests.\n+drop metadata.processed_time"
    },
    {
      "sha": "3e176103b264d2905fb923fa5ec6f74d4219312d",
      "filename": "microsoft/tests/ocsf/eid-4624.txt",
      "status": "added",
      "additions": 99,
      "deletions": 0,
      "changes": 99,
      "blob_url": "https://github.com/tenzir/library/blob/b3bf5a42f796ac7cd53158de61444477d1e3484f/microsoft%2Ftests%2Focsf%2Feid-4624.txt",
      "raw_url": "https://github.com/tenzir/library/raw/b3bf5a42f796ac7cd53158de61444477d1e3484f/microsoft%2Ftests%2Focsf%2Feid-4624.txt",
      "contents_url": "https://api.github.com/repos/tenzir/library/contents/microsoft%2Ftests%2Focsf%2Feid-4624.txt?ref=b3bf5a42f796ac7cd53158de61444477d1e3484f",
      "patch": "@@ -0,0 +1,99 @@\n+{\n+  activity_id: 1,\n+  activity_name: \"Logon\",\n+  actor: {\n+    session: {\n+      uid_alt: \"0x0\",\n+    },\n+    user: {\n+      domain: null,\n+      name: null,\n+      uid: \"S-1-0-0\",\n+    },\n+  },\n+  auth_protocol: \"Kerberos\",\n+  auth_protocol_id: 2,\n+  category_name: \"Identity & Access Management\",\n+  category_uid: 3,\n+  class_name: \"Authentication\",\n+  class_uid: 3002,\n+  device: {\n+    hostname: \"DC01.corp.local\",\n+  },\n+  logon_type: \"Network\",\n+  logon_type_id: 3,\n+  metadata: {\n+    event_code: \"4624\",\n+    extensions: [\n+      {\n+        name: \"win\",\n+      },\n+    ],\n+    log_format: \"xml\",\n+    log_level: \"0\",\n+    log_name: \"Security\",\n+    log_version: \"2\",\n+    logged_time: 2024-03-23T12:34:56.789012300Z,\n+    original_event_uid: \"98761\",\n+    product: {\n+      name: \"Microsoft-Windows-Security-Auditing\",\n+      uid: \"{5770385F-C994-4D63-B9EC-B6FE73E0CE8A}\",\n+      vendor_name: \"Microsoft\",\n+    },\n+    profiles: [\n+      \"host\",\n+    ],\n+    version: \"1.7.0\",\n+  },\n+  raw_data: \"<Event xmlns=\\\"http://schemas.microsoft.com/win/2004/08/events/event\\\">\\n  <System>\\n    <Provider Name=\\\"Microsoft-Windows-Security-Auditing\\\" Guid=\\\"{5770385F-C994-4D63-B9EC-B6FE73E0CE8A}\\\"/>\\n    <EventID>4624</EventID>\\n    <Version>2</Version>\\n    <Level>0</Level>\\n    <Task>12544</Task>\\n    <Keywords>0x8020000000000000</Keywords>\\n    <TimeCreated SystemTime=\\\"2024-03-23T12:34:56.789012300Z\\\"/>\\n    <EventRecordID>98761</EventRecordID>\\n    <Correlation ActivityID=\\\"{abc123-def456}\\\"/>\\n    <Execution ProcessID=\\\"4\\\" ThreadID=\\\"72\\\"/>\\n    <Channel>Security</Channel>\\n    <Computer>DC01.corp.local</Computer>\\n  </System>\\n  <EventData>\\n    <Data Name=\\\"SubjectUserSid\\\">S-1-0-0</Data>\\n    <Data Name=\\\"SubjectUserName\\\">-</Data>\\n    <Data Name=\\\"SubjectDomainName\\\">-</Data>\\n    <Data Name=\\\"SubjectLogonId\\\">0x0</Data>\\n    <Data Name=\\\"TargetUserSid\\\">S-1-5-21-3107921522-2185401913-891411500-1104</Data>\\n    <Data Name=\\\"TargetUserName\\\">jdoe</Data>\\n    <Data Name=\\\"TargetDomainName\\\">CORP</Data>\\n    <Data Name=\\\"TargetLogonId\\\">0xA1B2C3</Data>\\n    <Data Name=\\\"LogonType\\\">3</Data>\\n    <Data Name=\\\"LogonProcessName\\\">Kerberos</Data>\\n    <Data Name=\\\"AuthenticationPackageName\\\">Kerberos</Data>\\n    <Data Name=\\\"WorkstationName\\\">-</Data>\\n    <Data Name=\\\"LogonGuid\\\">{B4C8A1F2-3D9E-4A12-8B7C-1F2E3D4A5B6C}</Data>\\n    <Data Name=\\\"TransmittedServices\\\">-</Data>\\n    <Data Name=\\\"LmPackageName\\\">-</Data>\\n    <Data Name=\\\"KeyLength\\\">0</Data>\\n    <Data Name=\\\"ProcessId\\\">0x0</Data>\\n    <Data Name=\\\"ProcessName\\\">-</Data>\\n    <Data Name=\\\"IpAddress\\\">10.0.0.42</Data>\\n    <Data Name=\\\"IpPort\\\">49827</Data>\\n    <Data Name=\\\"ImpersonationLevel\\\">%%1833</Data>\\n    <Data Name=\\\"RestrictedAdminMode\\\">-</Data>\\n    <Data Name=\\\"TargetOutboundUserName\\\">-</Data>\\n    <Data Name=\\\"TargetOutboundDomainName\\\">-</Data>\\n    <Data Name=\\\"VirtualAccount\\\">%%1843</Data>\\n    <Data Name=\\\"TargetLinkedLogonId\\\">0x0</Data>\\n    <Data Name=\\\"ElevatedToken\\\">%%1842</Data>\\n  </EventData>\\n</Event>\\n\",\n+  raw_data_size: 1918,\n+  session: {\n+    uid: \"{B4C8A1F2-3D9E-4A12-8B7C-1F2E3D4A5B6C}\",\n+    uid_alt: \"0xA1B2C3\",\n+  },\n+  severity: \"Informational\",\n+  severity_id: 1,\n+  src_endpoint: {\n+    hostname: null,\n+    ip: 10.0.0.42,\n+    port: 49827,\n+  },\n+  status: \"Success\",\n+  status_id: 1,\n+  time: 2024-03-23T12:34:56.789012300Z,\n+  type_name: \"Authentication: Logon\",\n+  type_uid: 300201,\n+  unmapped: {\n+    System: {\n+      Task: 12544,\n+      Keywords: \"0x8020000000000000\",\n+      Correlation: {\n+        ActivityID: \"{abc123-def456}\",\n+      },\n+      Execution: {\n+        ProcessID: 4,\n+        ThreadID: 72,\n+      },\n+    },\n+    EventData: {\n+      LogonProcessName: \"Kerberos\",\n+      TransmittedServices: null,\n+      LmPackageName: null,\n+      KeyLength: 0,\n+      ProcessId: \"0x0\",\n+      ProcessName: null,\n+      ImpersonationLevel: \"%%1833\",\n+      RestrictedAdminMode: null,\n+      TargetOutboundUserName: null,\n+      TargetOutboundDomainName: null,\n+      VirtualAccount: \"%%1843\",\n+      TargetLinkedLogonId: \"0x0\",\n+      ElevatedToken: \"%%1842\",\n+    },\n+  },\n+  user: {\n+    domain: \"CORP\",\n+    name: \"jdoe\",\n+    uid: \"S-1-5-21-3107921522-2185401913-891411500-1104\",\n+  },\n+}"
    },
    {
      "sha": "6d0ab14bcd5a7dfab1a9a65d9e8ddad783029c02",
      "filename": "microsoft/tests/ocsf/eid-4625.tql",
      "status": "added",
      "additions": 10,
      "deletions": 0,
      "changes": 10,
      "blob_url": "https://github.com/tenzir/library/blob/b3bf5a42f796ac7cd53158de61444477d1e3484f/microsoft%2Ftests%2Focsf%2Feid-4625.tql",
      "raw_url": "https://github.com/tenzir/library/raw/b3bf5a42f796ac7cd53158de61444477d1e3484f/microsoft%2Ftests%2Focsf%2Feid-4625.tql",
      "contents_url": "https://api.github.com/repos/tenzir/library/contents/microsoft%2Ftests%2Focsf%2Feid-4625.tql?ref=b3bf5a42f796ac7cd53158de61444477d1e3484f",
      "patch": "@@ -0,0 +1,10 @@\n+from_file f\"{env(\"TENZIR_INPUTS\")}/eid-4625.xml\" {\n+  read_all\n+}\n+microsoft::windows::ocsf::map data\n+this = ocsf\n+ocsf::derive\n+ocsf::cast\n+\n+// Ensure deterministic tests.\n+drop metadata.processed_time"
    },
    {
      "sha": "daa157140aca8fe161a484654221b336845e3150",
      "filename": "microsoft/tests/ocsf/eid-4625.txt",
      "status": "added",
      "additions": 91,
      "deletions": 0,
      "changes": 91,
      "blob_url": "https://github.com/tenzir/library/blob/b3bf5a42f796ac7cd53158de61444477d1e3484f/microsoft%2Ftests%2Focsf%2Feid-4625.txt",
      "raw_url": "https://github.com/tenzir/library/raw/b3bf5a42f796ac7cd53158de61444477d1e3484f/microsoft%2Ftests%2Focsf%2Feid-4625.txt",
      "contents_url": "https://api.github.com/repos/tenzir/library/contents/microsoft%2Ftests%2Focsf%2Feid-4625.txt?ref=b3bf5a42f796ac7cd53158de61444477d1e3484f",
      "patch": "@@ -0,0 +1,91 @@\n+{\n+  activity_id: 1,\n+  activity_name: \"Logon\",\n+  actor: {\n+    session: {\n+      uid_alt: \"0x0\",\n+    },\n+    user: {\n+      domain: null,\n+      name: null,\n+      uid: \"S-1-0-0\",\n+    },\n+  },\n+  auth_protocol: \"NTLM\",\n+  auth_protocol_id: 1,\n+  category_name: \"Identity & Access Management\",\n+  category_uid: 3,\n+  class_name: \"Authentication\",\n+  class_uid: 3002,\n+  device: {\n+    hostname: \"DC01.corp.local\",\n+  },\n+  logon_type: \"Network\",\n+  logon_type_id: 3,\n+  metadata: {\n+    event_code: \"4625\",\n+    extensions: [\n+      {\n+        name: \"win\",\n+      },\n+    ],\n+    log_format: \"xml\",\n+    log_level: \"0\",\n+    log_name: \"Security\",\n+    log_version: \"0\",\n+    logged_time: 2024-03-23T12:34:56.789012300Z,\n+    original_event_uid: \"98762\",\n+    product: {\n+      name: \"Microsoft-Windows-Security-Auditing\",\n+      uid: \"{5770385F-C994-4D63-B9EC-B6FE73E0CE8A}\",\n+      vendor_name: \"Microsoft\",\n+    },\n+    profiles: [\n+      \"host\",\n+    ],\n+    version: \"1.7.0\",\n+  },\n+  raw_data: \"<Event xmlns=\\\"http://schemas.microsoft.com/win/2004/08/events/event\\\">\\n  <System>\\n    <Provider Name=\\\"Microsoft-Windows-Security-Auditing\\\" Guid=\\\"{5770385F-C994-4D63-B9EC-B6FE73E0CE8A}\\\"/>\\n    <EventID>4625</EventID>\\n    <Version>0</Version>\\n    <Level>0</Level>\\n    <Task>12546</Task>\\n    <Keywords>0x8020000000000000</Keywords>\\n    <TimeCreated SystemTime=\\\"2024-03-23T12:34:56.789012300Z\\\"/>\\n    <EventRecordID>98762</EventRecordID>\\n    <Correlation ActivityID=\\\"{abc123-def456}\\\"/>\\n    <Execution ProcessID=\\\"4\\\" ThreadID=\\\"72\\\"/>\\n    <Channel>Security</Channel>\\n    <Computer>DC01.corp.local</Computer>\\n  </System>\\n  <EventData>\\n    <Data Name=\\\"SubjectUserSid\\\">S-1-0-0</Data>\\n    <Data Name=\\\"SubjectUserName\\\">-</Data>\\n    <Data Name=\\\"SubjectDomainName\\\">-</Data>\\n    <Data Name=\\\"SubjectLogonId\\\">0x0</Data>\\n    <Data Name=\\\"TargetUserSid\\\">S-1-0-0</Data>\\n    <Data Name=\\\"TargetUserName\\\">Administrator</Data>\\n    <Data Name=\\\"TargetDomainName\\\">CORP</Data>\\n    <Data Name=\\\"Status\\\">0xC000006D</Data>\\n    <Data Name=\\\"FailureReason\\\">%%2313</Data>\\n    <Data Name=\\\"SubStatus\\\">0xC000006A</Data>\\n    <Data Name=\\\"LogonType\\\">3</Data>\\n    <Data Name=\\\"LogonProcessName\\\">NtLmSsp</Data>\\n    <Data Name=\\\"AuthenticationPackageName\\\">NTLM</Data>\\n    <Data Name=\\\"WorkstationName\\\">WINHOST01</Data>\\n    <Data Name=\\\"TransmittedServices\\\">-</Data>\\n    <Data Name=\\\"LmPackageName\\\">-</Data>\\n    <Data Name=\\\"KeyLength\\\">0</Data>\\n    <Data Name=\\\"ProcessId\\\">0x0</Data>\\n    <Data Name=\\\"ProcessName\\\">-</Data>\\n    <Data Name=\\\"IpAddress\\\">10.0.0.42</Data>\\n    <Data Name=\\\"IpPort\\\">49827</Data>\\n  </EventData>\\n</Event>\\n\",\n+  raw_data_size: 1569,\n+  severity: \"Low\",\n+  severity_id: 2,\n+  src_endpoint: {\n+    hostname: \"WINHOST01\",\n+    ip: 10.0.0.42,\n+    port: 49827,\n+  },\n+  status: \"Failure\",\n+  status_code: \"0xC000006D\",\n+  status_id: 2,\n+  time: 2024-03-23T12:34:56.789012300Z,\n+  type_name: \"Authentication: Logon\",\n+  type_uid: 300201,\n+  unmapped: {\n+    System: {\n+      Task: 12546,\n+      Keywords: \"0x8020000000000000\",\n+      Correlation: {\n+        ActivityID: \"{abc123-def456}\",\n+      },\n+      Execution: {\n+        ProcessID: 4,\n+        ThreadID: 72,\n+      },\n+    },\n+    EventData: {\n+      FailureReason: \"%%2313\",\n+      SubStatus: \"0xC000006A\",\n+      LogonProcessName: \"NtLmSsp\",\n+      TransmittedServices: null,\n+      LmPackageName: null,\n+      KeyLength: 0,\n+      ProcessId: \"0x0\",\n+      ProcessName: null,\n+    },\n+  },\n+  user: {\n+    domain: \"CORP\",\n+    name: \"Administrator\",\n+    uid: \"S-1-0-0\",\n+  },\n+}"
    },
    {
      "sha": "0dce69959b8960ea06c6312ceaddb0df35263be2",
      "filename": "microsoft/tests/ocsf/eid-4648.tql",
      "status": "added",
      "additions": 10,
      "deletions": 0,
      "changes": 10,
      "blob_url": "https://github.com/tenzir/library/blob/b3bf5a42f796ac7cd53158de61444477d1e3484f/microsoft%2Ftests%2Focsf%2Feid-4648.tql",
      "raw_url": "https://github.com/tenzir/library/raw/b3bf5a42f796ac7cd53158de61444477d1e3484f/microsoft%2Ftests%2Focsf%2Feid-4648.tql",
      "contents_url": "https://api.github.com/repos/tenzir/library/contents/microsoft%2Ftests%2Focsf%2Feid-4648.tql?ref=b3bf5a42f796ac7cd53158de61444477d1e3484f",
      "patch": "@@ -0,0 +1,10 @@\n+from_file f\"{env(\"TENZIR_INPUTS\")}/eid-4648.xml\" {\n+  read_all\n+}\n+microsoft::windows::ocsf::map data\n+this = ocsf\n+ocsf::derive\n+ocsf::cast\n+\n+// Ensure deterministic tests.\n+drop metadata.processed_time"
    },
    {
      "sha": "c96af6c36146ef8b459fe349631caf7a265d4b58",
      "filename": "microsoft/tests/ocsf/eid-4648.txt",
      "status": "added",
      "additions": 91,
      "deletions": 0,
      "changes": 91,
      "blob_url": "https://github.com/tenzir/library/blob/b3bf5a42f796ac7cd53158de61444477d1e3484f/microsoft%2Ftests%2Focsf%2Feid-4648.txt",
      "raw_url": "https://github.com/tenzir/library/raw/b3bf5a42f796ac7cd53158de61444477d1e3484f/microsoft%2Ftests%2Focsf%2Feid-4648.txt",
      "contents_url": "https://api.github.com/repos/tenzir/library/contents/microsoft%2Ftests%2Focsf%2Feid-4648.txt?ref=b3bf5a42f796ac7cd53158de61444477d1e3484f",
      "patch": "@@ -0,0 +1,91 @@\n+{\n+  activity_id: 1,\n+  activity_name: \"Logon\",\n+  actor: {\n+    process: {\n+      file: {\n+        name: \"payload.exe\",\n+        path: \"C:\\\\tmp\\\\payload.exe\",\n+        type: \"Executable File\",\n+        type_id: 8,\n+      },\n+      name: \"payload.exe\",\n+      path: \"C:\\\\tmp\\\\payload.exe\",\n+      pid: 10597059,\n+    },\n+    session: {\n+      uid: \"{00000000-0000-0000-0000-000000000000}\",\n+      uid_alt: \"0xA1B2C3\",\n+    },\n+    user: {\n+      domain: \"CORP\",\n+      name: \"jdoe\",\n+      uid: \"S-1-5-21-3107921522-2185401913-891411500-1104\",\n+    },\n+  },\n+  category_name: \"Identity & Access Management\",\n+  category_uid: 3,\n+  class_name: \"Authentication\",\n+  class_uid: 3002,\n+  device: {\n+    hostname: \"WINHOST01.corp.local\",\n+  },\n+  dst_endpoint: {\n+    hostname: \"fileserver.corp.local\",\n+  },\n+  metadata: {\n+    event_code: \"4648\",\n+    extensions: [\n+      {\n+        name: \"win\",\n+      },\n+    ],\n+    log_format: \"xml\",\n+    log_level: \"0\",\n+    log_name: \"Security\",\n+    log_version: \"0\",\n+    logged_time: 2024-03-23T12:34:56.789012300Z,\n+    original_event_uid: \"98763\",\n+    product: {\n+      name: \"Microsoft-Windows-Security-Auditing\",\n+      uid: \"{5770385F-C994-4D63-B9EC-B6FE73E0CE8A}\",\n+      vendor_name: \"Microsoft\",\n+    },\n+    profiles: [\n+      \"host\",\n+    ],\n+    version: \"1.7.0\",\n+  },\n+  raw_data: \"<Event xmlns=\\\"http://schemas.microsoft.com/win/2004/08/events/event\\\">\\n  <System>\\n    <Provider Name=\\\"Microsoft-Windows-Security-Auditing\\\" Guid=\\\"{5770385F-C994-4D63-B9EC-B6FE73E0CE8A}\\\"/>\\n    <EventID>4648</EventID>\\n    <Version>0</Version>\\n    <Level>0</Level>\\n    <Task>12544</Task>\\n    <Keywords>0x8020000000000000</Keywords>\\n    <TimeCreated SystemTime=\\\"2024-03-23T12:34:56.789012300Z\\\"/>\\n    <EventRecordID>98763</EventRecordID>\\n    <Correlation ActivityID=\\\"{abc123-def456}\\\"/>\\n    <Execution ProcessID=\\\"4\\\" ThreadID=\\\"72\\\"/>\\n    <Channel>Security</Channel>\\n    <Computer>WINHOST01.corp.local</Computer>\\n  </System>\\n  <EventData>\\n    <Data Name=\\\"SubjectUserSid\\\">S-1-5-21-3107921522-2185401913-891411500-1104</Data>\\n    <Data Name=\\\"SubjectUserName\\\">jdoe</Data>\\n    <Data Name=\\\"SubjectDomainName\\\">CORP</Data>\\n    <Data Name=\\\"SubjectLogonId\\\">0xA1B2C3</Data>\\n    <Data Name=\\\"LogonGuid\\\">{00000000-0000-0000-0000-000000000000}</Data>\\n    <Data Name=\\\"TargetUserName\\\">svc_backup</Data>\\n    <Data Name=\\\"TargetDomainName\\\">CORP</Data>\\n    <Data Name=\\\"TargetLogonGuid\\\">{00000000-0000-0000-0000-000000000000}</Data>\\n    <Data Name=\\\"TargetServerName\\\">fileserver.corp.local</Data>\\n    <Data Name=\\\"TargetInfo\\\">fileserver.corp.local</Data>\\n    <Data Name=\\\"ProcessId\\\">0xA1B2C3</Data>\\n    <Data Name=\\\"ProcessName\\\">C:\\\\tmp\\\\payload.exe</Data>\\n    <Data Name=\\\"IpAddress\\\">10.0.0.1</Data>\\n    <Data Name=\\\"IpPort\\\">445</Data>\\n  </EventData>\\n</Event>\\n\",\n+  raw_data_size: 1421,\n+  severity: \"Informational\",\n+  severity_id: 1,\n+  src_endpoint: {\n+    ip: 10.0.0.1,\n+    port: 445,\n+  },\n+  time: 2024-03-23T12:34:56.789012300Z,\n+  type_name: \"Authentication: Logon\",\n+  type_uid: 300201,\n+  unmapped: {\n+    System: {\n+      Task: 12544,\n+      Keywords: \"0x8020000000000000\",\n+      Correlation: {\n+        ActivityID: \"{abc123-def456}\",\n+      },\n+      Execution: {\n+        ProcessID: 4,\n+        ThreadID: 72,\n+      },\n+    },\n+    EventData: {\n+      TargetLogonGuid: \"{00000000-0000-0000-0000-000000000000}\",\n+      TargetInfo: \"fileserver.corp.local\",\n+    },\n+  },\n+  user: {\n+    domain: \"CORP\",\n+    name: \"svc_backup\",\n+  },\n+}"
    },
    {
      "sha": "1e81b5f7ffc078e529f29e61828df407b67b0d7e",
      "filename": "microsoft/tests/ocsf/eid-4688.tql",
      "status": "added",
      "additions": 10,
      "deletions": 0,
      "changes": 10,
      "blob_url": "https://github.com/tenzir/library/blob/b3bf5a42f796ac7cd53158de61444477d1e3484f/microsoft%2Ftests%2Focsf%2Feid-4688.tql",
      "raw_url": "https://github.com/tenzir/library/raw/b3bf5a42f796ac7cd53158de61444477d1e3484f/microsoft%2Ftests%2Focsf%2Feid-4688.tql",
      "contents_url": "https://api.github.com/repos/tenzir/library/contents/microsoft%2Ftests%2Focsf%2Feid-4688.tql?ref=b3bf5a42f796ac7cd53158de61444477d1e3484f",
      "patch": "@@ -0,0 +1,10 @@\n+from_file f\"{env(\"TENZIR_INPUTS\")}/eid-4688.xml\" {\n+  read_all\n+}\n+microsoft::windows::ocsf::map data\n+this = ocsf\n+ocsf::derive\n+ocsf::cast\n+\n+// Ensure deterministic tests.\n+drop metadata.processed_time"
    },
    {
      "sha": "7c701d33666f421d8af45f1214922a2f0f5b08e6",
      "filename": "microsoft/tests/ocsf/eid-4688.txt",
      "status": "added",
      "additions": 99,
      "deletions": 0,
      "changes": 99,
      "blob_url": "https://github.com/tenzir/library/blob/b3bf5a42f796ac7cd53158de61444477d1e3484f/microsoft%2Ftests%2Focsf%2Feid-4688.txt",
      "raw_url": "https://github.com/tenzir/library/raw/b3bf5a42f796ac7cd53158de61444477d1e3484f/microsoft%2Ftests%2Focsf%2Feid-4688.txt",
      "contents_url": "https://api.github.com/repos/tenzir/library/contents/microsoft%2Ftests%2Focsf%2Feid-4688.txt?ref=b3bf5a42f796ac7cd53158de61444477d1e3484f",
      "patch": "@@ -0,0 +1,99 @@\n+{\n+  activity_id: 1,\n+  activity_name: \"Launch\",\n+  actor: {\n+    session: {\n+      uid_alt: \"0xA1B2C3\",\n+    },\n+    user: {\n+      domain: \"CORP\",\n+      name: \"jdoe\",\n+      uid: \"S-1-5-21-3107921522-2185401913-891411500-1104\",\n+    },\n+  },\n+  category_name: \"System Activity\",\n+  category_uid: 1,\n+  class_name: \"Process Activity\",\n+  class_uid: 1007,\n+  device: {\n+    hostname: \"WINHOST01.corp.local\",\n+  },\n+  launch_type: \"Spawn\",\n+  launch_type_id: 1,\n+  metadata: {\n+    event_code: \"4688\",\n+    extensions: [\n+      {\n+        name: \"win\",\n+      },\n+    ],\n+    log_format: \"xml\",\n+    log_level: \"0\",\n+    log_name: \"Security\",\n+    log_version: \"2\",\n+    logged_time: 2024-03-23T12:34:56.789012300Z,\n+    original_event_uid: \"98764\",\n+    product: {\n+      name: \"Microsoft-Windows-Security-Auditing\",\n+      uid: \"{5770385F-C994-4D63-B9EC-B6FE73E0CE8A}\",\n+      vendor_name: \"Microsoft\",\n+    },\n+    profiles: [\n+      \"host\",\n+    ],\n+    version: \"1.7.0\",\n+  },\n+  process: {\n+    cmd_line: \"payload.exe --c2 10.0.0.1\",\n+    file: {\n+      name: \"payload.exe\",\n+      path: \"C:\\\\tmp\\\\payload.exe\",\n+      type: \"Executable File\",\n+      type_id: 8,\n+    },\n+    name: \"payload.exe\",\n+    parent_process: {\n+      file: {\n+        name: \"wscript.exe\",\n+        path: \"C:\\\\Windows\\\\System32\\\\wscript.exe\",\n+        type: \"Executable File\",\n+        type_id: 8,\n+      },\n+      name: \"wscript.exe\",\n+      path: \"C:\\\\Windows\\\\System32\\\\wscript.exe\",\n+      pid: 4660,\n+    },\n+    path: \"C:\\\\tmp\\\\payload.exe\",\n+    pid: 6732,\n+  },\n+  raw_data: \"<Event xmlns=\\\"http://schemas.microsoft.com/win/2004/08/events/event\\\">\\n  <System>\\n    <Provider Name=\\\"Microsoft-Windows-Security-Auditing\\\" Guid=\\\"{5770385F-C994-4D63-B9EC-B6FE73E0CE8A}\\\"/>\\n    <EventID>4688</EventID>\\n    <Version>2</Version>\\n    <Level>0</Level>\\n    <Task>13312</Task>\\n    <Keywords>0x8020000000000000</Keywords>\\n    <TimeCreated SystemTime=\\\"2024-03-23T12:34:56.789012300Z\\\"/>\\n    <EventRecordID>98764</EventRecordID>\\n    <Correlation ActivityID=\\\"{abc123-def456}\\\"/>\\n    <Execution ProcessID=\\\"4\\\" ThreadID=\\\"72\\\"/>\\n    <Channel>Security</Channel>\\n    <Computer>WINHOST01.corp.local</Computer>\\n  </System>\\n  <EventData>\\n    <Data Name=\\\"SubjectUserSid\\\">S-1-5-21-3107921522-2185401913-891411500-1104</Data>\\n    <Data Name=\\\"SubjectUserName\\\">jdoe</Data>\\n    <Data Name=\\\"SubjectDomainName\\\">CORP</Data>\\n    <Data Name=\\\"SubjectLogonId\\\">0xA1B2C3</Data>\\n    <Data Name=\\\"NewProcessId\\\">0x1a4c</Data>\\n    <Data Name=\\\"NewProcessName\\\">C:\\\\tmp\\\\payload.exe</Data>\\n    <Data Name=\\\"TokenElevationType\\\">%%1937</Data>\\n    <Data Name=\\\"ProcessId\\\">0x1234</Data>\\n    <Data Name=\\\"CommandLine\\\">payload.exe --c2 10.0.0.1</Data>\\n    <Data Name=\\\"TargetUserSid\\\">S-1-0-0</Data>\\n    <Data Name=\\\"TargetUserName\\\">-</Data>\\n    <Data Name=\\\"TargetDomainName\\\">-</Data>\\n    <Data Name=\\\"TargetLogonId\\\">0x0</Data>\\n    <Data Name=\\\"ParentProcessName\\\">C:\\\\Windows\\\\System32\\\\wscript.exe</Data>\\n    <Data Name=\\\"MandatoryLabel\\\">S-1-16-8192</Data>\\n  </EventData>\\n</Event>\\n\",\n+  raw_data_size: 1429,\n+  severity: \"Informational\",\n+  severity_id: 1,\n+  status: \"Success\",\n+  status_id: 1,\n+  time: 2024-03-23T12:34:56.789012300Z,\n+  type_name: \"Process Activity: Launch\",\n+  type_uid: 100701,\n+  unmapped: {\n+    System: {\n+      Task: 13312,\n+      Keywords: \"0x8020000000000000\",\n+      Correlation: {\n+        ActivityID: \"{abc123-def456}\",\n+      },\n+      Execution: {\n+        ProcessID: 4,\n+        ThreadID: 72,\n+      },\n+    },\n+    EventData: {\n+      TokenElevationType: \"%%1937\",\n+      TargetUserSid: \"S-1-0-0\",\n+      TargetUserName: null,\n+      TargetDomainName: null,\n+      TargetLogonId: \"0x0\",\n+      MandatoryLabel: \"S-1-16-8192\",\n+    },\n+  },\n+}"
    },
    {
      "sha": "654fedc73ed827efe4b06f67b16a46197e53c305",
      "filename": "microsoft/tests/ocsf/eid-4697.tql",
      "status": "added",
      "additions": 10,
      "deletions": 0,
      "changes": 10,
      "blob_url": "https://github.com/tenzir/library/blob/b3bf5a42f796ac7cd53158de61444477d1e3484f/microsoft%2Ftests%2Focsf%2Feid-4697.tql",
      "raw_url": "https://github.com/tenzir/library/raw/b3bf5a42f796ac7cd53158de61444477d1e3484f/microsoft%2Ftests%2Focsf%2Feid-4697.tql",
      "contents_url": "https://api.github.com/repos/tenzir/library/contents/microsoft%2Ftests%2Focsf%2Feid-4697.tql?ref=b3bf5a42f796ac7cd53158de61444477d1e3484f",
      "patch": "@@ -0,0 +1,10 @@\n+from_file f\"{env(\"TENZIR_INPUTS\")}/eid-4697.xml\" {\n+  read_all\n+}\n+microsoft::windows::ocsf::map data\n+this = ocsf\n+ocsf::derive\n+ocsf::cast\n+\n+// Ensure deterministic tests.\n+drop metadata.processed_time"
    },
    {
      "sha": "69de86a7c83e2636459054fd20b143824c8e4900",
      "filename": "microsoft/tests/ocsf/eid-4697.txt",
      "status": "added",
      "additions": 78,
      "deletions": 0,
      "changes": 78,
      "blob_url": "https://github.com/tenzir/library/blob/b3bf5a42f796ac7cd53158de61444477d1e3484f/microsoft%2Ftests%2Focsf%2Feid-4697.txt",
      "raw_url": "https://github.com/tenzir/library/raw/b3bf5a42f796ac7cd53158de61444477d1e3484f/microsoft%2Ftests%2Focsf%2Feid-4697.txt",
      "contents_url": "https://api.github.com/repos/tenzir/library/contents/microsoft%2Ftests%2Focsf%2Feid-4697.txt?ref=b3bf5a42f796ac7cd53158de61444477d1e3484f",
      "patch": "@@ -0,0 +1,78 @@\n+{\n+  activity_id: 1,\n+  activity_name: \"Create\",\n+  actor: {\n+    session: {\n+      uid_alt: \"0xA1B2C3\",\n+    },\n+    user: {\n+      domain: \"CORP\",\n+      name: \"jdoe\",\n+      uid: \"S-1-5-21-3107921522-2185401913-891411500-1104\",\n+    },\n+  },\n+  category_name: \"System Activity\",\n+  category_uid: 1,\n+  class_name: \"Windows Service Activity\",\n+  class_uid: 201004,\n+  device: {\n+    hostname: \"WINHOST01.corp.local\",\n+  },\n+  metadata: {\n+    event_code: \"4697\",\n+    extensions: [\n+      {\n+        name: \"win\",\n+      },\n+    ],\n+    log_format: \"xml\",\n+    log_level: \"0\",\n+    log_name: \"Security\",\n+    log_version: \"0\",\n+    logged_time: 2024-03-23T12:34:56.789012300Z,\n+    original_event_uid: \"98765\",\n+    product: {\n+      name: \"Microsoft-Windows-Security-Auditing\",\n+      uid: \"{5770385F-C994-4D63-B9EC-B6FE73E0CE8A}\",\n+      vendor_name: \"Microsoft\",\n+    },\n+    profiles: [\n+      \"host\",\n+    ],\n+    version: \"1.7.0\",\n+  },\n+  raw_data: \"<Event xmlns=\\\"http://schemas.microsoft.com/win/2004/08/events/event\\\">\\n  <System>\\n    <Provider Name=\\\"Microsoft-Windows-Security-Auditing\\\" Guid=\\\"{5770385F-C994-4D63-B9EC-B6FE73E0CE8A}\\\"/>\\n    <EventID>4697</EventID>\\n    <Version>0</Version>\\n    <Level>0</Level>\\n    <Task>12289</Task>\\n    <Keywords>0x8020000000000000</Keywords>\\n    <TimeCreated SystemTime=\\\"2024-03-23T12:34:56.789012300Z\\\"/>\\n    <EventRecordID>98765</EventRecordID>\\n    <Correlation ActivityID=\\\"{abc123-def456}\\\"/>\\n    <Execution ProcessID=\\\"4\\\" ThreadID=\\\"72\\\"/>\\n    <Channel>Security</Channel>\\n    <Computer>WINHOST01.corp.local</Computer>\\n  </System>\\n  <EventData>\\n    <Data Name=\\\"SubjectUserSid\\\">S-1-5-21-3107921522-2185401913-891411500-1104</Data>\\n    <Data Name=\\\"SubjectUserName\\\">jdoe</Data>\\n    <Data Name=\\\"SubjectDomainName\\\">CORP</Data>\\n    <Data Name=\\\"SubjectLogonId\\\">0xA1B2C3</Data>\\n    <Data Name=\\\"ServiceName\\\">PayloadSvc</Data>\\n    <Data Name=\\\"ServiceFileName\\\">C:\\\\tmp\\\\payload.exe --svc</Data>\\n    <Data Name=\\\"ServiceType\\\">0x10</Data>\\n    <Data Name=\\\"ServiceStartType\\\">2</Data>\\n    <Data Name=\\\"ServiceAccount\\\">LocalSystem</Data>\\n  </EventData>\\n</Event>\\n\",\n+  raw_data_size: 1124,\n+  severity: \"Informational\",\n+  severity_id: 1,\n+  time: 2024-03-23T12:34:56.789012300Z,\n+  type_name: \"Windows Service Activity: Create\",\n+  type_uid: 20100401,\n+  unmapped: {\n+    System: {\n+      Task: 12289,\n+      Keywords: \"0x8020000000000000\",\n+      Correlation: {\n+        ActivityID: \"{abc123-def456}\",\n+      },\n+      Execution: {\n+        ProcessID: 4,\n+        ThreadID: 72,\n+      },\n+    },\n+    EventData: {\n+      ServiceType: \"0x10\",\n+      ServiceStartType: 2,\n+    },\n+  },\n+  win_service: {\n+    name: \"PayloadSvc\",\n+    service_file: {\n+      name: \"payload.exe\",\n+      path: \"C:\\\\tmp\\\\payload.exe --svc\",\n+      type: \"Executable File\",\n+      type_id: 8,\n+    },\n+    service_start_name: \"LocalSystem\",\n+  },\n+}"
    },
    {
      "sha": "4e670c7fdf5de48807af0cdabb8861fe4d1142bd",
      "filename": "microsoft/tests/ocsf/eid-4698.tql",
      "status": "added",
      "additions": 10,
      "deletions": 0,
      "changes": 10,
      "blob_url": "https://github.com/tenzir/library/blob/b3bf5a42f796ac7cd53158de61444477d1e3484f/microsoft%2Ftests%2Focsf%2Feid-4698.tql",
      "raw_url": "https://github.com/tenzir/library/raw/b3bf5a42f796ac7cd53158de61444477d1e3484f/microsoft%2Ftests%2Focsf%2Feid-4698.tql",
      "contents_url": "https://api.github.com/repos/tenzir/library/contents/microsoft%2Ftests%2Focsf%2Feid-4698.tql?ref=b3bf5a42f796ac7cd53158de61444477d1e3484f",
      "patch": "@@ -0,0 +1,10 @@\n+from_file f\"{env(\"TENZIR_INPUTS\")}/eid-4698.xml\" {\n+  read_all\n+}\n+microsoft::windows::ocsf::map data\n+this = ocsf\n+ocsf::derive\n+ocsf::cast\n+\n+// Ensure deterministic tests.\n+drop metadata.processed_time"
    },
    {
      "sha": "d732905cf516294caa619b3373ef31f54f0b4f24",
      "filename": "microsoft/tests/ocsf/eid-4698.txt",
      "status": "added",
      "additions": 77,
      "deletions": 0,
      "changes": 77,
      "blob_url": "https://github.com/tenzir/library/blob/b3bf5a42f796ac7cd53158de61444477d1e3484f/microsoft%2Ftests%2Focsf%2Feid-4698.txt",
      "raw_url": "https://github.com/tenzir/library/raw/b3bf5a42f796ac7cd53158de61444477d1e3484f/microsoft%2Ftests%2Focsf%2Feid-4698.txt",
      "contents_url": "https://api.github.com/repos/tenzir/library/contents/microsoft%2Ftests%2Focsf%2Feid-4698.txt?ref=b3bf5a42f796ac7cd53158de61444477d1e3484f",
      "patch": "@@ -0,0 +1,77 @@\n+{\n+  activity_id: 1,\n+  activity_name: \"Create\",\n+  actor: {\n+    process: {\n+      pid: 6732,\n+    },\n+    session: {\n+      uid_alt: \"0xA1B2C3\",\n+    },\n+    user: {\n+      domain: \"CORP\",\n+      name: \"jdoe\",\n+      uid: \"S-1-5-21-3107921522-2185401913-891411500-1104\",\n+    },\n+  },\n+  category_name: \"System Activity\",\n+  category_uid: 1,\n+  class_name: \"Scheduled Job Activity\",\n+  class_uid: 1006,\n+  device: {\n+    hostname: \"WINHOST01.corp.local\",\n+  },\n+  job: {\n+    name: \"\\\\Microsoft\\\\Windows\\\\UpdateOrchestrator\\\\payload_persist\",\n+  },\n+  metadata: {\n+    event_code: \"4698\",\n+    extensions: [\n+      {\n+        name: \"win\",\n+      },\n+    ],\n+    log_format: \"xml\",\n+    log_level: \"0\",\n+    log_name: \"Security\",\n+    log_version: \"0\",\n+    logged_time: 2024-03-23T12:34:56.789012300Z,\n+    original_event_uid: \"98766\",\n+    product: {\n+      name: \"Microsoft-Windows-Security-Auditing\",\n+      uid: \"{5770385F-C994-4D63-B9EC-B6FE73E0CE8A}\",\n+      vendor_name: \"Microsoft\",\n+    },\n+    profiles: [\n+      \"host\",\n+    ],\n+    version: \"1.7.0\",\n+  },\n+  raw_data: \"<Event xmlns=\\\"http://schemas.microsoft.com/win/2004/08/events/event\\\">\\n  <System>\\n    <Provider Name=\\\"Microsoft-Windows-Security-Auditing\\\" Guid=\\\"{5770385F-C994-4D63-B9EC-B6FE73E0CE8A}\\\"/>\\n    <EventID>4698</EventID>\\n    <Version>0</Version>\\n    <Level>0</Level>\\n    <Task>12804</Task>\\n    <Keywords>0x8020000000000000</Keywords>\\n    <TimeCreated SystemTime=\\\"2024-03-23T12:34:56.789012300Z\\\"/>\\n    <EventRecordID>98766</EventRecordID>\\n    <Correlation ActivityID=\\\"{abc123-def456}\\\"/>\\n    <Execution ProcessID=\\\"4\\\" ThreadID=\\\"72\\\"/>\\n    <Channel>Security</Channel>\\n    <Computer>WINHOST01.corp.local</Computer>\\n  </System>\\n  <EventData>\\n    <Data Name=\\\"SubjectUserSid\\\">S-1-5-21-3107921522-2185401913-891411500-1104</Data>\\n    <Data Name=\\\"SubjectUserName\\\">jdoe</Data>\\n    <Data Name=\\\"SubjectDomainName\\\">CORP</Data>\\n    <Data Name=\\\"SubjectLogonId\\\">0xA1B2C3</Data>\\n    <Data Name=\\\"TaskName\\\">\\\\Microsoft\\\\Windows\\\\UpdateOrchestrator\\\\payload_persist</Data>\\n    <Data Name=\\\"TaskContent\\\">&lt;Task version=&quot;1.2&quot; xmlns=&quot;http://schemas.microsoft.com/windows/2004/02/mit/task&quot;&gt;&lt;Triggers&gt;&lt;BootTrigger&gt;&lt;StartBoundary&gt;2024-03-23T12:00:00&lt;/StartBoundary&gt;&lt;Enabled&gt;true&lt;/Enabled&gt;&lt;/BootTrigger&gt;&lt;/Triggers&gt;&lt;Actions Context=&quot;Author&quot;&gt;&lt;Exec&gt;&lt;Command&gt;C:\\\\tmp\\\\payload.exe&lt;/Command&gt;&lt;Arguments&gt;--c2 10.0.0.1&lt;/Arguments&gt;&lt;/Exec&gt;&lt;/Actions&gt;&lt;/Task&gt;</Data>\\n    <Data Name=\\\"ClientProcessStartKey\\\">720575940379820032</Data>\\n    <Data Name=\\\"ClientProcessId\\\">0x1a4c</Data>\\n    <Data Name=\\\"ParentProcessId\\\">0x1234</Data>\\n    <Data Name=\\\"RpcCallClientLocality\\\">0</Data>\\n    <Data Name=\\\"FQDN\\\">WINHOST01.corp.local</Data>\\n  </EventData>\\n</Event>\\n\",\n+  raw_data_size: 1728,\n+  severity: \"Informational\",\n+  severity_id: 1,\n+  time: 2024-03-23T12:34:56.789012300Z,\n+  type_name: \"Scheduled Job Activity: Create\",\n+  type_uid: 100601,\n+  unmapped: {\n+    System: {\n+      Task: 12804,\n+      Keywords: \"0x8020000000000000\",\n+      Correlation: {\n+        ActivityID: \"{abc123-def456}\",\n+      },\n+      Execution: {\n+        ProcessID: 4,\n+        ThreadID: 72,\n+      },\n+    },\n+    EventData: {\n+      TaskContent: \"<Task version=\\\"1.2\\\" xmlns=\\\"http://schemas.microsoft.com/windows/2004/02/mit/task\\\"><Triggers><BootTrigger><StartBoundary>2024-03-23T12:00:00</StartBoundary><Enabled>true</Enabled></BootTrigger></Triggers><Actions Context=\\\"Author\\\"><Exec><Command>C:\\\\tmp\\\\payload.exe</Command><Arguments>--c2 10.0.0.1</Arguments></Exec></Actions></Task>\",\n+      ClientProcessStartKey: 720575940379820032,\n+      ParentProcessId: \"0x1234\",\n+      RpcCallClientLocality: 0,\n+      FQDN: \"WINHOST01.corp.local\",\n+    },\n+  },\n+}"
    },
    {
      "sha": "f7a6a93de30891d856c72c64f8e631a894945e56",
      "filename": "microsoft/tests/ocsf/eid-4720.tql",
      "status": "added",
      "additions": 10,
      "deletions": 0,
      "changes": 10,
      "blob_url": "https://github.com/tenzir/library/blob/b3bf5a42f796ac7cd53158de61444477d1e3484f/microsoft%2Ftests%2Focsf%2Feid-4720.tql",
      "raw_url": "https://github.com/tenzir/library/raw/b3bf5a42f796ac7cd53158de61444477d1e3484f/microsoft%2Ftests%2Focsf%2Feid-4720.tql",
      "contents_url": "https://api.github.com/repos/tenzir/library/contents/microsoft%2Ftests%2Focsf%2Feid-4720.tql?ref=b3bf5a42f796ac7cd53158de61444477d1e3484f",
      "patch": "@@ -0,0 +1,10 @@\n+from_file f\"{env(\"TENZIR_INPUTS\")}/eid-4720.xml\" {\n+  read_all\n+}\n+microsoft::windows::ocsf::map data\n+this = ocsf\n+ocsf::derive\n+ocsf::cast\n+\n+// Ensure deterministic tests.\n+drop metadata.processed_time"
    },
    {
      "sha": "eea62f69b563551b2dbb2f66e422bedb6ff9ee73",
      "filename": "microsoft/tests/ocsf/eid-4720.txt",
      "status": "added",
      "additions": 90,
      "deletions": 0,
      "changes": 90,
      "blob_url": "https://github.com/tenzir/library/blob/b3bf5a42f796ac7cd53158de61444477d1e3484f/microsoft%2Ftests%2Focsf%2Feid-4720.txt",
      "raw_url": "https://github.com/tenzir/library/raw/b3bf5a42f796ac7cd53158de61444477d1e3484f/microsoft%2Ftests%2Focsf%2Feid-4720.txt",
      "contents_url": "https://api.github.com/repos/tenzir/library/contents/microsoft%2Ftests%2Focsf%2Feid-4720.txt?ref=b3bf5a42f796ac7cd53158de61444477d1e3484f",
      "patch": "@@ -0,0 +1,90 @@\n+{\n+  activity_id: 1,\n+  activity_name: \"Create\",\n+  actor: {\n+    session: {\n+      uid_alt: \"0xA1B2C3\",\n+    },\n+    user: {\n+      domain: \"CORP\",\n+      name: \"jdoe\",\n+      uid: \"S-1-5-21-3107921522-2185401913-891411500-1104\",\n+    },\n+  },\n+  category_name: \"Identity & Access Management\",\n+  category_uid: 3,\n+  class_name: \"Account Change\",\n+  class_uid: 3001,\n+  device: {\n+    hostname: \"DC01.corp.local\",\n+  },\n+  metadata: {\n+    event_code: \"4720\",\n+    extensions: [\n+      {\n+        name: \"win\",\n+      },\n+    ],\n+    log_format: \"xml\",\n+    log_level: \"0\",\n+    log_name: \"Security\",\n+    log_version: \"0\",\n+    logged_time: 2024-03-23T12:34:56.789012300Z,\n+    original_event_uid: \"98767\",\n+    product: {\n+      name: \"Microsoft-Windows-Security-Auditing\",\n+      uid: \"{5770385F-C994-4D63-B9EC-B6FE73E0CE8A}\",\n+      vendor_name: \"Microsoft\",\n+    },\n+    profiles: [\n+      \"host\",\n+    ],\n+    version: \"1.7.0\",\n+  },\n+  raw_data: \"<Event xmlns=\\\"http://schemas.microsoft.com/win/2004/08/events/event\\\">\\n  <System>\\n    <Provider Name=\\\"Microsoft-Windows-Security-Auditing\\\" Guid=\\\"{5770385F-C994-4D63-B9EC-B6FE73E0CE8A}\\\"/>\\n    <EventID>4720</EventID>\\n    <Version>0</Version>\\n    <Level>0</Level>\\n    <Task>13824</Task>\\n    <Keywords>0x8020000000000000</Keywords>\\n    <TimeCreated SystemTime=\\\"2024-03-23T12:34:56.789012300Z\\\"/>\\n    <EventRecordID>98767</EventRecordID>\\n    <Correlation ActivityID=\\\"{abc123-def456}\\\"/>\\n    <Execution ProcessID=\\\"4\\\" ThreadID=\\\"72\\\"/>\\n    <Channel>Security</Channel>\\n    <Computer>DC01.corp.local</Computer>\\n  </System>\\n  <EventData>\\n    <Data Name=\\\"SubjectUserSid\\\">S-1-5-21-3107921522-2185401913-891411500-1104</Data>\\n    <Data Name=\\\"SubjectUserName\\\">jdoe</Data>\\n    <Data Name=\\\"SubjectDomainName\\\">CORP</Data>\\n    <Data Name=\\\"SubjectLogonId\\\">0xA1B2C3</Data>\\n    <Data Name=\\\"TargetUserName\\\">backdoor_svc</Data>\\n    <Data Name=\\\"TargetDomainName\\\">CORP</Data>\\n    <Data Name=\\\"TargetSid\\\">S-1-5-21-3107921522-2185401913-891411500-1500</Data>\\n    <Data Name=\\\"SamAccountName\\\">backdoor_svc</Data>\\n    <Data Name=\\\"DisplayName\\\">%%1793</Data>\\n    <Data Name=\\\"UserPrincipalName\\\">-</Data>\\n    <Data Name=\\\"HomeDirectory\\\">%%1793</Data>\\n    <Data Name=\\\"HomePath\\\">%%1793</Data>\\n    <Data Name=\\\"ScriptPath\\\">%%1793</Data>\\n    <Data Name=\\\"ProfilePath\\\">%%1793</Data>\\n    <Data Name=\\\"UserWorkstations\\\">%%1793</Data>\\n    <Data Name=\\\"PasswordLastSet\\\">%%1794</Data>\\n    <Data Name=\\\"AccountExpires\\\">%%1794</Data>\\n    <Data Name=\\\"PrimaryGroupId\\\">513</Data>\\n    <Data Name=\\\"AllowedToDelegateTo\\\">-</Data>\\n    <Data Name=\\\"OldUacValue\\\">0x0</Data>\\n    <Data Name=\\\"NewUacValue\\\">0x15</Data>\\n    <Data Name=\\\"UserAccountControl\\\">%%2080 %%2082 %%2084</Data>\\n    <Data Name=\\\"UserParameters\\\">%%1793</Data>\\n    <Data Name=\\\"SidHistory\\\">-</Data>\\n    <Data Name=\\\"LogonHours\\\">%%1797</Data>\\n    <Data Name=\\\"PrivilegeList\\\">-</Data>\\n  </EventData>\\n</Event>\\n\",\n+  raw_data_size: 1899,\n+  severity: \"Informational\",\n+  severity_id: 1,\n+  time: 2024-03-23T12:34:56.789012300Z,\n+  type_name: \"Account Change: Create\",\n+  type_uid: 300101,\n+  unmapped: {\n+    System: {\n+      Task: 13824,\n+      Keywords: \"0x8020000000000000\",\n+      Correlation: {\n+        ActivityID: \"{abc123-def456}\",\n+      },\n+      Execution: {\n+        ProcessID: 4,\n+        ThreadID: 72,\n+      },\n+    },\n+    EventData: {\n+      SamAccountName: \"backdoor_svc\",\n+      DisplayName: \"%%1793\",\n+      UserPrincipalName: null,\n+      HomeDirectory: \"%%1793\",\n+      HomePath: \"%%1793\",\n+      ScriptPath: \"%%1793\",\n+      ProfilePath: \"%%1793\",\n+      UserWorkstations: \"%%1793\",\n+      PasswordLastSet: \"%%1794\",\n+      AccountExpires: \"%%1794\",\n+      PrimaryGroupId: 513,\n+      AllowedToDelegateTo: null,\n+      OldUacValue: \"0x0\",\n+      NewUacValue: \"0x15\",\n+      UserAccountControl: \"%%2080 %%2082 %%2084\",\n+      UserParameters: \"%%1793\",\n+      SidHistory: null,\n+      LogonHours: \"%%1797\",\n+      PrivilegeList: null,\n+    },\n+  },\n+  user: {\n+    domain: \"CORP\",\n+    name: \"backdoor_svc\",\n+    uid: \"S-1-5-21-3107921522-2185401913-891411500-1500\",\n+  },\n+}"
    },
    {
      "sha": "5478b59648dd9b0b6d33c94c4032528f2e227416",
      "filename": "microsoft/tests/ocsf/eid-4732.tql",
      "status": "added",
      "additions": 10,
      "deletions": 0,
      "changes": 10,
      "blob_url": "https://github.com/tenzir/library/blob/b3bf5a42f796ac7cd53158de61444477d1e3484f/microsoft%2Ftests%2Focsf%2Feid-4732.tql",
      "raw_url": "https://github.com/tenzir/library/raw/b3bf5a42f796ac7cd53158de61444477d1e3484f/microsoft%2Ftests%2Focsf%2Feid-4732.tql",
      "contents_url": "https://api.github.com/repos/tenzir/library/contents/microsoft%2Ftests%2Focsf%2Feid-4732.tql?ref=b3bf5a42f796ac7cd53158de61444477d1e3484f",
      "patch": "@@ -0,0 +1,10 @@\n+from_file f\"{env(\"TENZIR_INPUTS\")}/eid-4732.xml\" {\n+  read_all\n+}\n+microsoft::windows::ocsf::map data\n+this = ocsf\n+ocsf::derive\n+ocsf::cast\n+\n+// Ensure deterministic tests.\n+drop metadata.processed_time"
    },
    {
      "sha": "7853404c45e8d5213149dd2146e27a282878e2a9",
      "filename": "microsoft/tests/ocsf/eid-4732.txt",
      "status": "added",
      "additions": 76,
      "deletions": 0,
      "changes": 76,
      "blob_url": "https://github.com/tenzir/library/blob/b3bf5a42f796ac7cd53158de61444477d1e3484f/microsoft%2Ftests%2Focsf%2Feid-4732.txt",
      "raw_url": "https://github.com/tenzir/library/raw/b3bf5a42f796ac7cd53158de61444477d1e3484f/microsoft%2Ftests%2Focsf%2Feid-4732.txt",
      "contents_url": "https://api.github.com/repos/tenzir/library/contents/microsoft%2Ftests%2Focsf%2Feid-4732.txt?ref=b3bf5a42f796ac7cd53158de61444477d1e3484f",
      "patch": "@@ -0,0 +1,76 @@\n+{\n+  activity_id: 3,\n+  activity_name: \"Add User\",\n+  actor: {\n+    session: {\n+      uid_alt: \"0xA1B2C3\",\n+    },\n+    user: {\n+      domain: \"CORP\",\n+      name: \"jdoe\",\n+      uid: \"S-1-5-21-3107921522-2185401913-891411500-1104\",\n+    },\n+  },\n+  category_name: \"Identity & Access Management\",\n+  category_uid: 3,\n+  class_name: \"Group Management\",\n+  class_uid: 3006,\n+  device: {\n+    hostname: \"WINHOST01.corp.local\",\n+  },\n+  group: {\n+    domain: \"Builtin\",\n+    name: \"Administrators\",\n+    uid: \"S-1-5-32-544\",\n+  },\n+  metadata: {\n+    event_code: \"4732\",\n+    extensions: [\n+      {\n+        name: \"win\",\n+      },\n+    ],\n+    log_format: \"xml\",\n+    log_level: \"0\",\n+    log_name: \"Security\",\n+    log_version: \"0\",\n+    logged_time: 2024-03-23T12:34:56.789012300Z,\n+    original_event_uid: \"98768\",\n+    product: {\n+      name: \"Microsoft-Windows-Security-Auditing\",\n+      uid: \"{5770385F-C994-4D63-B9EC-B6FE73E0CE8A}\",\n+      vendor_name: \"Microsoft\",\n+    },\n+    profiles: [\n+      \"host\",\n+    ],\n+    version: \"1.7.0\",\n+  },\n+  raw_data: \"<Event xmlns=\\\"http://schemas.microsoft.com/win/2004/08/events/event\\\">\\n  <System>\\n    <Provider Name=\\\"Microsoft-Windows-Security-Auditing\\\" Guid=\\\"{5770385F-C994-4D63-B9EC-B6FE73E0CE8A}\\\"/>\\n    <EventID>4732</EventID>\\n    <Version>0</Version>\\n    <Level>0</Level>\\n    <Task>13826</Task>\\n    <Keywords>0x8020000000000000</Keywords>\\n    <TimeCreated SystemTime=\\\"2024-03-23T12:34:56.789012300Z\\\"/>\\n    <EventRecordID>98768</EventRecordID>\\n    <Correlation ActivityID=\\\"{abc123-def456}\\\"/>\\n    <Execution ProcessID=\\\"4\\\" ThreadID=\\\"72\\\"/>\\n    <Channel>Security</Channel>\\n    <Computer>WINHOST01.corp.local</Computer>\\n  </System>\\n  <EventData>\\n    <Data Name=\\\"SubjectUserSid\\\">S-1-5-21-3107921522-2185401913-891411500-1104</Data>\\n    <Data Name=\\\"SubjectUserName\\\">jdoe</Data>\\n    <Data Name=\\\"SubjectDomainName\\\">CORP</Data>\\n    <Data Name=\\\"SubjectLogonId\\\">0xA1B2C3</Data>\\n    <Data Name=\\\"MemberName\\\">CN=backdoor_svc,CN=Users,DC=corp,DC=local</Data>\\n    <Data Name=\\\"MemberSid\\\">S-1-5-21-3107921522-2185401913-891411500-1500</Data>\\n    <Data Name=\\\"TargetUserName\\\">Administrators</Data>\\n    <Data Name=\\\"TargetDomainName\\\">Builtin</Data>\\n    <Data Name=\\\"TargetSid\\\">S-1-5-32-544</Data>\\n    <Data Name=\\\"PrivilegeList\\\">-</Data>\\n  </EventData>\\n</Event>\\n\",\n+  raw_data_size: 1224,\n+  severity: \"Informational\",\n+  severity_id: 1,\n+  time: 2024-03-23T12:34:56.789012300Z,\n+  type_name: \"Group Management: Add User\",\n+  type_uid: 300603,\n+  unmapped: {\n+    System: {\n+      Task: 13826,\n+      Keywords: \"0x8020000000000000\",\n+      Correlation: {\n+        ActivityID: \"{abc123-def456}\",\n+      },\n+      Execution: {\n+        ProcessID: 4,\n+        ThreadID: 72,\n+      },\n+    },\n+    EventData: {\n+      PrivilegeList: null,\n+    },\n+  },\n+  user: {\n+    name: \"CN=backdoor_svc,CN=Users,DC=corp,DC=local\",\n+    uid: \"S-1-5-21-3107921522-2185401913-891411500-1500\",\n+  },\n+}"
    },
    {
      "sha": "d59dd3f4d1014e3cff22eaeced07fde5dc0e4e16",
      "filename": "microsoft/tests/ocsf/eid-4769.tql",
      "status": "added",
      "additions": 10,
      "deletions": 0,
      "changes": 10,
      "blob_url": "https://github.com/tenzir/library/blob/b3bf5a42f796ac7cd53158de61444477d1e3484f/microsoft%2Ftests%2Focsf%2Feid-4769.tql",
      "raw_url": "https://github.com/tenzir/library/raw/b3bf5a42f796ac7cd53158de61444477d1e3484f/microsoft%2Ftests%2Focsf%2Feid-4769.tql",
      "contents_url": "https://api.github.com/repos/tenzir/library/contents/microsoft%2Ftests%2Focsf%2Feid-4769.tql?ref=b3bf5a42f796ac7cd53158de61444477d1e3484f",
      "patch": "@@ -0,0 +1,10 @@\n+from_file f\"{env(\"TENZIR_INPUTS\")}/eid-4769.xml\" {\n+  read_all\n+}\n+microsoft::windows::ocsf::map data\n+this = ocsf\n+ocsf::derive\n+ocsf::cast\n+\n+// Ensure deterministic tests.\n+drop metadata.processed_time"
    },
    {
      "sha": "0ff6b35a55c42c47b927dbee1207ee944b0e0c12",
      "filename": "microsoft/tests/ocsf/eid-4769.txt",
      "status": "added",
      "additions": 77,
      "deletions": 0,
      "changes": 77,
      "blob_url": "https://github.com/tenzir/library/blob/b3bf5a42f796ac7cd53158de61444477d1e3484f/microsoft%2Ftests%2Focsf%2Feid-4769.txt",
      "raw_url": "https://github.com/tenzir/library/raw/b3bf5a42f796ac7cd53158de61444477d1e3484f/microsoft%2Ftests%2Focsf%2Feid-4769.txt",
      "contents_url": "https://api.github.com/repos/tenzir/library/contents/microsoft%2Ftests%2Focsf%2Feid-4769.txt?ref=b3bf5a42f796ac7cd53158de61444477d1e3484f",
      "patch": "@@ -0,0 +1,77 @@\n+{\n+  activity_id: 4,\n+  activity_name: \"Service Ticket Request\",\n+  category_name: \"Identity & Access Management\",\n+  category_uid: 3,\n+  class_name: \"Authentication\",\n+  class_uid: 3002,\n+  device: {\n+    hostname: \"DC01.corp.local\",\n+  },\n+  dst_endpoint: {\n+    svc_name: \"cifs/fileserver.corp.local\",\n+  },\n+  metadata: {\n+    event_code: \"4769\",\n+    extensions: [\n+      {\n+        name: \"win\",\n+      },\n+    ],\n+    log_format: \"xml\",\n+    log_level: \"0\",\n+    log_name: \"Security\",\n+    log_version: \"0\",\n+    logged_time: 2024-03-23T12:34:56.789012300Z,\n+    original_event_uid: \"98769\",\n+    product: {\n+      name: \"Microsoft-Windows-Security-Auditing\",\n+      uid: \"{5770385F-C994-4D63-B9EC-B6FE73E0CE8A}\",\n+      vendor_name: \"Microsoft\",\n+    },\n+    profiles: [\n+      \"host\",\n+    ],\n+    version: \"1.7.0\",\n+  },\n+  raw_data: \"<Event xmlns=\\\"http://schemas.microsoft.com/win/2004/08/events/event\\\">\\n  <System>\\n    <Provider Name=\\\"Microsoft-Windows-Security-Auditing\\\" Guid=\\\"{5770385F-C994-4D63-B9EC-B6FE73E0CE8A}\\\"/>\\n    <EventID>4769</EventID>\\n    <Version>0</Version>\\n    <Level>0</Level>\\n    <Task>14337</Task>\\n    <Keywords>0x8020000000000000</Keywords>\\n    <TimeCreated SystemTime=\\\"2024-03-23T12:34:56.789012300Z\\\"/>\\n    <EventRecordID>98769</EventRecordID>\\n    <Correlation ActivityID=\\\"{abc123-def456}\\\"/>\\n    <Execution ProcessID=\\\"4\\\" ThreadID=\\\"72\\\"/>\\n    <Channel>Security</Channel>\\n    <Computer>DC01.corp.local</Computer>\\n  </System>\\n  <EventData>\\n    <Data Name=\\\"TargetUserName\\\">jdoe@CORP.LOCAL</Data>\\n    <Data Name=\\\"TargetDomainName\\\">CORP.LOCAL</Data>\\n    <Data Name=\\\"ServiceName\\\">cifs/fileserver.corp.local</Data>\\n    <Data Name=\\\"ServiceSid\\\">S-1-5-21-3107921522-2185401913-891411500-1103</Data>\\n    <Data Name=\\\"TicketOptions\\\">0x40810000</Data>\\n    <Data Name=\\\"TicketEncryptionType\\\">0x12</Data>\\n    <Data Name=\\\"IpAddress\\\">::ffff:10.0.0.42</Data>\\n    <Data Name=\\\"IpPort\\\">49827</Data>\\n    <Data Name=\\\"Status\\\">0x0</Data>\\n    <Data Name=\\\"LogonGuid\\\">{B4C8A1F2-3D9E-4A12-8B7C-1F2E3D4A5B6C}</Data>\\n    <Data Name=\\\"TransmittedServices\\\">-</Data>\\n  </EventData>\\n</Event>\\n\",\n+  raw_data_size: 1239,\n+  session: {\n+    uid: \"{B4C8A1F2-3D9E-4A12-8B7C-1F2E3D4A5B6C}\",\n+  },\n+  severity: \"Informational\",\n+  severity_id: 1,\n+  src_endpoint: {\n+    ip: 10.0.0.42,\n+    port: 49827,\n+  },\n+  status: \"Success\",\n+  status_code: \"0x0\",\n+  status_id: 1,\n+  time: 2024-03-23T12:34:56.789012300Z,\n+  type_name: \"Authentication: Service Ticket Request\",\n+  type_uid: 300204,\n+  unmapped: {\n+    System: {\n+      Task: 14337,\n+      Keywords: \"0x8020000000000000\",\n+      Correlation: {\n+        ActivityID: \"{abc123-def456}\",\n+      },\n+      Execution: {\n+        ProcessID: 4,\n+        ThreadID: 72,\n+      },\n+    },\n+    EventData: {\n+      ServiceSid: \"S-1-5-21-3107921522-2185401913-891411500-1103\",\n+      TicketOptions: \"0x40810000\",\n+      TicketEncryptionType: \"0x12\",\n+      TransmittedServices: null,\n+    },\n+  },\n+  user: {\n+    domain: \"CORP.LOCAL\",\n+    name: \"jdoe\",\n+  },\n+}"
    },
