    {
      "sha": "0082ca0761d62303837166596f9e2c92a8d22bc6",
      "filename": "microsoft/tests/inputs/eid-4624.xml",
      "status": "added",
      "additions": 45,
      "deletions": 0,
      "changes": 45,
      "blob_url": "https://github.com/tenzir/library/blob/b3bf5a42f796ac7cd53158de61444477d1e3484f/microsoft%2Ftests%2Finputs%2Feid-4624.xml",
      "raw_url": "https://github.com/tenzir/library/raw/b3bf5a42f796ac7cd53158de61444477d1e3484f/microsoft%2Ftests%2Finputs%2Feid-4624.xml",
      "contents_url": "https://api.github.com/repos/tenzir/library/contents/microsoft%2Ftests%2Finputs%2Feid-4624.xml?ref=b3bf5a42f796ac7cd53158de61444477d1e3484f",
      "patch": "@@ -0,0 +1,45 @@\n+<Event xmlns=\"http://schemas.microsoft.com/win/2004/08/events/event\">\n+  <System>\n+    <Provider Name=\"Microsoft-Windows-Security-Auditing\" Guid=\"{5770385F-C994-4D63-B9EC-B6FE73E0CE8A}\"/>\n+    <EventID>4624</EventID>\n+    <Version>2</Version>\n+    <Level>0</Level>\n+    <Task>12544</Task>\n+    <Keywords>0x8020000000000000</Keywords>\n+    <TimeCreated SystemTime=\"2024-03-23T12:34:56.789012300Z\"/>\n+    <EventRecordID>98761</EventRecordID>\n+    <Correlation ActivityID=\"{abc123-def456}\"/>\n+    <Execution ProcessID=\"4\" ThreadID=\"72\"/>\n+    <Channel>Security</Channel>\n+    <Computer>DC01.corp.local</Computer>\n+  </System>\n+  <EventData>\n+    <Data Name=\"SubjectUserSid\">S-1-0-0</Data>\n+    <Data Name=\"SubjectUserName\">-</Data>\n+    <Data Name=\"SubjectDomainName\">-</Data>\n+    <Data Name=\"SubjectLogonId\">0x0</Data>\n+    <Data Name=\"TargetUserSid\">S-1-5-21-3107921522-2185401913-891411500-1104</Data>\n+    <Data Name=\"TargetUserName\">jdoe</Data>\n+    <Data Name=\"TargetDomainName\">CORP</Data>\n+    <Data Name=\"TargetLogonId\">0xA1B2C3</Data>\n+    <Data Name=\"LogonType\">3</Data>\n+    <Data Name=\"LogonProcessName\">Kerberos</Data>\n+    <Data Name=\"AuthenticationPackageName\">Kerberos</Data>\n+    <Data Name=\"WorkstationName\">-</Data>\n+    <Data Name=\"LogonGuid\">{B4C8A1F2-3D9E-4A12-8B7C-1F2E3D4A5B6C}</Data>\n+    <Data Name=\"TransmittedServices\">-</Data>\n+    <Data Name=\"LmPackageName\">-</Data>\n+    <Data Name=\"KeyLength\">0</Data>\n+    <Data Name=\"ProcessId\">0x0</Data>\n+    <Data Name=\"ProcessName\">-</Data>\n+    <Data Name=\"IpAddress\">10.0.0.42</Data>\n+    <Data Name=\"IpPort\">49827</Data>\n+    <Data Name=\"ImpersonationLevel\">%%1833</Data>\n+    <Data Name=\"RestrictedAdminMode\">-</Data>\n+    <Data Name=\"TargetOutboundUserName\">-</Data>\n+    <Data Name=\"TargetOutboundDomainName\">-</Data>\n+    <Data Name=\"VirtualAccount\">%%1843</Data>\n+    <Data Name=\"TargetLinkedLogonId\">0x0</Data>\n+    <Data Name=\"ElevatedToken\">%%1842</Data>\n+  </EventData>\n+</Event>"
    },
    {
      "sha": "efbdaec6c389d69331223b3c3f5b01909fd30fbe",
      "filename": "microsoft/tests/inputs/eid-4625.xml",
      "status": "added",
      "additions": 39,
      "deletions": 0,
      "changes": 39,
      "blob_url": "https://github.com/tenzir/library/blob/b3bf5a42f796ac7cd53158de61444477d1e3484f/microsoft%2Ftests%2Finputs%2Feid-4625.xml",
      "raw_url": "https://github.com/tenzir/library/raw/b3bf5a42f796ac7cd53158de61444477d1e3484f/microsoft%2Ftests%2Finputs%2Feid-4625.xml",
      "contents_url": "https://api.github.com/repos/tenzir/library/contents/microsoft%2Ftests%2Finputs%2Feid-4625.xml?ref=b3bf5a42f796ac7cd53158de61444477d1e3484f",
      "patch": "@@ -0,0 +1,39 @@\n+<Event xmlns=\"http://schemas.microsoft.com/win/2004/08/events/event\">\n+  <System>\n+    <Provider Name=\"Microsoft-Windows-Security-Auditing\" Guid=\"{5770385F-C994-4D63-B9EC-B6FE73E0CE8A}\"/>\n+    <EventID>4625</EventID>\n+    <Version>0</Version>\n+    <Level>0</Level>\n+    <Task>12546</Task>\n+    <Keywords>0x8020000000000000</Keywords>\n+    <TimeCreated SystemTime=\"2024-03-23T12:34:56.789012300Z\"/>\n+    <EventRecordID>98762</EventRecordID>\n+    <Correlation ActivityID=\"{abc123-def456}\"/>\n+    <Execution ProcessID=\"4\" ThreadID=\"72\"/>\n+    <Channel>Security</Channel>\n+    <Computer>DC01.corp.local</Computer>\n+  </System>\n+  <EventData>\n+    <Data Name=\"SubjectUserSid\">S-1-0-0</Data>\n+    <Data Name=\"SubjectUserName\">-</Data>\n+    <Data Name=\"SubjectDomainName\">-</Data>\n+    <Data Name=\"SubjectLogonId\">0x0</Data>\n+    <Data Name=\"TargetUserSid\">S-1-0-0</Data>\n+    <Data Name=\"TargetUserName\">Administrator</Data>\n+    <Data Name=\"TargetDomainName\">CORP</Data>\n+    <Data Name=\"Status\">0xC000006D</Data>\n+    <Data Name=\"FailureReason\">%%2313</Data>\n+    <Data Name=\"SubStatus\">0xC000006A</Data>\n+    <Data Name=\"LogonType\">3</Data>\n+    <Data Name=\"LogonProcessName\">NtLmSsp</Data>\n+    <Data Name=\"AuthenticationPackageName\">NTLM</Data>\n+    <Data Name=\"WorkstationName\">WINHOST01</Data>\n+    <Data Name=\"TransmittedServices\">-</Data>\n+    <Data Name=\"LmPackageName\">-</Data>\n+    <Data Name=\"KeyLength\">0</Data>\n+    <Data Name=\"ProcessId\">0x0</Data>\n+    <Data Name=\"ProcessName\">-</Data>\n+    <Data Name=\"IpAddress\">10.0.0.42</Data>\n+    <Data Name=\"IpPort\">49827</Data>\n+  </EventData>\n+</Event>"
    },
    {
      "sha": "2a9d22cba621b7ba7b9ee975e64b6f32cf8e0e69",
      "filename": "microsoft/tests/inputs/eid-4648.xml",
      "status": "added",
      "additions": 32,
      "deletions": 0,
      "changes": 32,
      "blob_url": "https://github.com/tenzir/library/blob/b3bf5a42f796ac7cd53158de61444477d1e3484f/microsoft%2Ftests%2Finputs%2Feid-4648.xml",
      "raw_url": "https://github.com/tenzir/library/raw/b3bf5a42f796ac7cd53158de61444477d1e3484f/microsoft%2Ftests%2Finputs%2Feid-4648.xml",
      "contents_url": "https://api.github.com/repos/tenzir/library/contents/microsoft%2Ftests%2Finputs%2Feid-4648.xml?ref=b3bf5a42f796ac7cd53158de61444477d1e3484f",
      "patch": "@@ -0,0 +1,32 @@\n+<Event xmlns=\"http://schemas.microsoft.com/win/2004/08/events/event\">\n+  <System>\n+    <Provider Name=\"Microsoft-Windows-Security-Auditing\" Guid=\"{5770385F-C994-4D63-B9EC-B6FE73E0CE8A}\"/>\n+    <EventID>4648</EventID>\n+    <Version>0</Version>\n+    <Level>0</Level>\n+    <Task>12544</Task>\n+    <Keywords>0x8020000000000000</Keywords>\n+    <TimeCreated SystemTime=\"2024-03-23T12:34:56.789012300Z\"/>\n+    <EventRecordID>98763</EventRecordID>\n+    <Correlation ActivityID=\"{abc123-def456}\"/>\n+    <Execution ProcessID=\"4\" ThreadID=\"72\"/>\n+    <Channel>Security</Channel>\n+    <Computer>WINHOST01.corp.local</Computer>\n+  </System>\n+  <EventData>\n+    <Data Name=\"SubjectUserSid\">S-1-5-21-3107921522-2185401913-891411500-1104</Data>\n+    <Data Name=\"SubjectUserName\">jdoe</Data>\n+    <Data Name=\"SubjectDomainName\">CORP</Data>\n+    <Data Name=\"SubjectLogonId\">0xA1B2C3</Data>\n+    <Data Name=\"LogonGuid\">{00000000-0000-0000-0000-000000000000}</Data>\n+    <Data Name=\"TargetUserName\">svc_backup</Data>\n+    <Data Name=\"TargetDomainName\">CORP</Data>\n+    <Data Name=\"TargetLogonGuid\">{00000000-0000-0000-0000-000000000000}</Data>\n+    <Data Name=\"TargetServerName\">fileserver.corp.local</Data>\n+    <Data Name=\"TargetInfo\">fileserver.corp.local</Data>\n+    <Data Name=\"ProcessId\">0xA1B2C3</Data>\n+    <Data Name=\"ProcessName\">C:\\tmp\\payload.exe</Data>\n+    <Data Name=\"IpAddress\">10.0.0.1</Data>\n+    <Data Name=\"IpPort\">445</Data>\n+  </EventData>\n+</Event>"
    },
    {
      "sha": "890a3bc391cc6bd3ed67392cec88cb056ec18d7a",
      "filename": "microsoft/tests/inputs/eid-4688.xml",
      "status": "added",
      "additions": 33,
      "deletions": 0,
      "changes": 33,
      "blob_url": "https://github.com/tenzir/library/blob/b3bf5a42f796ac7cd53158de61444477d1e3484f/microsoft%2Ftests%2Finputs%2Feid-4688.xml",
      "raw_url": "https://github.com/tenzir/library/raw/b3bf5a42f796ac7cd53158de61444477d1e3484f/microsoft%2Ftests%2Finputs%2Feid-4688.xml",
      "contents_url": "https://api.github.com/repos/tenzir/library/contents/microsoft%2Ftests%2Finputs%2Feid-4688.xml?ref=b3bf5a42f796ac7cd53158de61444477d1e3484f",
      "patch": "@@ -0,0 +1,33 @@\n+<Event xmlns=\"http://schemas.microsoft.com/win/2004/08/events/event\">\n+  <System>\n+    <Provider Name=\"Microsoft-Windows-Security-Auditing\" Guid=\"{5770385F-C994-4D63-B9EC-B6FE73E0CE8A}\"/>\n+    <EventID>4688</EventID>\n+    <Version>2</Version>\n+    <Level>0</Level>\n+    <Task>13312</Task>\n+    <Keywords>0x8020000000000000</Keywords>\n+    <TimeCreated SystemTime=\"2024-03-23T12:34:56.789012300Z\"/>\n+    <EventRecordID>98764</EventRecordID>\n+    <Correlation ActivityID=\"{abc123-def456}\"/>\n+    <Execution ProcessID=\"4\" ThreadID=\"72\"/>\n+    <Channel>Security</Channel>\n+    <Computer>WINHOST01.corp.local</Computer>\n+  </System>\n+  <EventData>\n+    <Data Name=\"SubjectUserSid\">S-1-5-21-3107921522-2185401913-891411500-1104</Data>\n+    <Data Name=\"SubjectUserName\">jdoe</Data>\n+    <Data Name=\"SubjectDomainName\">CORP</Data>\n+    <Data Name=\"SubjectLogonId\">0xA1B2C3</Data>\n+    <Data Name=\"NewProcessId\">0x1a4c</Data>\n+    <Data Name=\"NewProcessName\">C:\\tmp\\payload.exe</Data>\n+    <Data Name=\"TokenElevationType\">%%1937</Data>\n+    <Data Name=\"ProcessId\">0x1234</Data>\n+    <Data Name=\"CommandLine\">payload.exe --c2 10.0.0.1</Data>\n+    <Data Name=\"TargetUserSid\">S-1-0-0</Data>\n+    <Data Name=\"TargetUserName\">-</Data>\n+    <Data Name=\"TargetDomainName\">-</Data>\n+    <Data Name=\"TargetLogonId\">0x0</Data>\n+    <Data Name=\"ParentProcessName\">C:\\Windows\\System32\\wscript.exe</Data>\n+    <Data Name=\"MandatoryLabel\">S-1-16-8192</Data>\n+  </EventData>\n+</Event>"
    },
    {
      "sha": "13fe66840e10366006b3e2166dadc6583a44cfdd",
      "filename": "microsoft/tests/inputs/eid-4697.xml",
      "status": "added",
      "additions": 27,
      "deletions": 0,
      "changes": 27,
      "blob_url": "https://github.com/tenzir/library/blob/b3bf5a42f796ac7cd53158de61444477d1e3484f/microsoft%2Ftests%2Finputs%2Feid-4697.xml",
      "raw_url": "https://github.com/tenzir/library/raw/b3bf5a42f796ac7cd53158de61444477d1e3484f/microsoft%2Ftests%2Finputs%2Feid-4697.xml",
      "contents_url": "https://api.github.com/repos/tenzir/library/contents/microsoft%2Ftests%2Finputs%2Feid-4697.xml?ref=b3bf5a42f796ac7cd53158de61444477d1e3484f",
      "patch": "@@ -0,0 +1,27 @@\n+<Event xmlns=\"http://schemas.microsoft.com/win/2004/08/events/event\">\n+  <System>\n+    <Provider Name=\"Microsoft-Windows-Security-Auditing\" Guid=\"{5770385F-C994-4D63-B9EC-B6FE73E0CE8A}\"/>\n+    <EventID>4697</EventID>\n+    <Version>0</Version>\n+    <Level>0</Level>\n+    <Task>12289</Task>\n+    <Keywords>0x8020000000000000</Keywords>\n+    <TimeCreated SystemTime=\"2024-03-23T12:34:56.789012300Z\"/>\n+    <EventRecordID>98765</EventRecordID>\n+    <Correlation ActivityID=\"{abc123-def456}\"/>\n+    <Execution ProcessID=\"4\" ThreadID=\"72\"/>\n+    <Channel>Security</Channel>\n+    <Computer>WINHOST01.corp.local</Computer>\n+  </System>\n+  <EventData>\n+    <Data Name=\"SubjectUserSid\">S-1-5-21-3107921522-2185401913-891411500-1104</Data>\n+    <Data Name=\"SubjectUserName\">jdoe</Data>\n+    <Data Name=\"SubjectDomainName\">CORP</Data>\n+    <Data Name=\"SubjectLogonId\">0xA1B2C3</Data>\n+    <Data Name=\"ServiceName\">PayloadSvc</Data>\n+    <Data Name=\"ServiceFileName\">C:\\tmp\\payload.exe --svc</Data>\n+    <Data Name=\"ServiceType\">0x10</Data>\n+    <Data Name=\"ServiceStartType\">2</Data>\n+    <Data Name=\"ServiceAccount\">LocalSystem</Data>\n+  </EventData>\n+</Event>"
    },
    {
      "sha": "af4ab2017140dde10c2700863ba9917aafaa812d",
      "filename": "microsoft/tests/inputs/eid-4698.xml",
      "status": "added",
      "additions": 29,
      "deletions": 0,
      "changes": 29,
      "blob_url": "https://github.com/tenzir/library/blob/b3bf5a42f796ac7cd53158de61444477d1e3484f/microsoft%2Ftests%2Finputs%2Feid-4698.xml",
      "raw_url": "https://github.com/tenzir/library/raw/b3bf5a42f796ac7cd53158de61444477d1e3484f/microsoft%2Ftests%2Finputs%2Feid-4698.xml",
      "contents_url": "https://api.github.com/repos/tenzir/library/contents/microsoft%2Ftests%2Finputs%2Feid-4698.xml?ref=b3bf5a42f796ac7cd53158de61444477d1e3484f",
      "patch": "@@ -0,0 +1,29 @@\n+<Event xmlns=\"http://schemas.microsoft.com/win/2004/08/events/event\">\n+  <System>\n+    <Provider Name=\"Microsoft-Windows-Security-Auditing\" Guid=\"{5770385F-C994-4D63-B9EC-B6FE73E0CE8A}\"/>\n+    <EventID>4698</EventID>\n+    <Version>0</Version>\n+    <Level>0</Level>\n+    <Task>12804</Task>\n+    <Keywords>0x8020000000000000</Keywords>\n+    <TimeCreated SystemTime=\"2024-03-23T12:34:56.789012300Z\"/>\n+    <EventRecordID>98766</EventRecordID>\n+    <Correlation ActivityID=\"{abc123-def456}\"/>\n+    <Execution ProcessID=\"4\" ThreadID=\"72\"/>\n+    <Channel>Security</Channel>\n+    <Computer>WINHOST01.corp.local</Computer>\n+  </System>\n+  <EventData>\n+    <Data Name=\"SubjectUserSid\">S-1-5-21-3107921522-2185401913-891411500-1104</Data>\n+    <Data Name=\"SubjectUserName\">jdoe</Data>\n+    <Data Name=\"SubjectDomainName\">CORP</Data>\n+    <Data Name=\"SubjectLogonId\">0xA1B2C3</Data>\n+    <Data Name=\"TaskName\">\\Microsoft\\Windows\\UpdateOrchestrator\\payload_persist</Data>\n+    <Data Name=\"TaskContent\">&lt;Task version=&quot;1.2&quot; xmlns=&quot;http://schemas.microsoft.com/windows/2004/02/mit/task&quot;&gt;&lt;Triggers&gt;&lt;BootTrigger&gt;&lt;StartBoundary&gt;2024-03-23T12:00:00&lt;/StartBoundary&gt;&lt;Enabled&gt;true&lt;/Enabled&gt;&lt;/BootTrigger&gt;&lt;/Triggers&gt;&lt;Actions Context=&quot;Author&quot;&gt;&lt;Exec&gt;&lt;Command&gt;C:\\tmp\\payload.exe&lt;/Command&gt;&lt;Arguments&gt;--c2 10.0.0.1&lt;/Arguments&gt;&lt;/Exec&gt;&lt;/Actions&gt;&lt;/Task&gt;</Data>\n+    <Data Name=\"ClientProcessStartKey\">720575940379820032</Data>\n+    <Data Name=\"ClientProcessId\">0x1a4c</Data>\n+    <Data Name=\"ParentProcessId\">0x1234</Data>\n+    <Data Name=\"RpcCallClientLocality\">0</Data>\n+    <Data Name=\"FQDN\">WINHOST01.corp.local</Data>\n+  </EventData>\n+</Event>"
    },
    {
      "sha": "31714452d5d1c78328e52cd69697d9b005b09150",
      "filename": "microsoft/tests/inputs/eid-4720.xml",
      "status": "added",
      "additions": 44,
      "deletions": 0,
      "changes": 44,
      "blob_url": "https://github.com/tenzir/library/blob/b3bf5a42f796ac7cd53158de61444477d1e3484f/microsoft%2Ftests%2Finputs%2Feid-4720.xml",
      "raw_url": "https://github.com/tenzir/library/raw/b3bf5a42f796ac7cd53158de61444477d1e3484f/microsoft%2Ftests%2Finputs%2Feid-4720.xml",
      "contents_url": "https://api.github.com/repos/tenzir/library/contents/microsoft%2Ftests%2Finputs%2Feid-4720.xml?ref=b3bf5a42f796ac7cd53158de61444477d1e3484f",
      "patch": "@@ -0,0 +1,44 @@\n+<Event xmlns=\"http://schemas.microsoft.com/win/2004/08/events/event\">\n+  <System>\n+    <Provider Name=\"Microsoft-Windows-Security-Auditing\" Guid=\"{5770385F-C994-4D63-B9EC-B6FE73E0CE8A}\"/>\n+    <EventID>4720</EventID>\n+    <Version>0</Version>\n+    <Level>0</Level>\n+    <Task>13824</Task>\n+    <Keywords>0x8020000000000000</Keywords>\n+    <TimeCreated SystemTime=\"2024-03-23T12:34:56.789012300Z\"/>\n+    <EventRecordID>98767</EventRecordID>\n+    <Correlation ActivityID=\"{abc123-def456}\"/>\n+    <Execution ProcessID=\"4\" ThreadID=\"72\"/>\n+    <Channel>Security</Channel>\n+    <Computer>DC01.corp.local</Computer>\n+  </System>\n+  <EventData>\n+    <Data Name=\"SubjectUserSid\">S-1-5-21-3107921522-2185401913-891411500-1104</Data>\n+    <Data Name=\"SubjectUserName\">jdoe</Data>\n+    <Data Name=\"SubjectDomainName\">CORP</Data>\n+    <Data Name=\"SubjectLogonId\">0xA1B2C3</Data>\n+    <Data Name=\"TargetUserName\">backdoor_svc</Data>\n+    <Data Name=\"TargetDomainName\">CORP</Data>\n+    <Data Name=\"TargetSid\">S-1-5-21-3107921522-2185401913-891411500-1500</Data>\n+    <Data Name=\"SamAccountName\">backdoor_svc</Data>\n+    <Data Name=\"DisplayName\">%%1793</Data>\n+    <Data Name=\"UserPrincipalName\">-</Data>\n+    <Data Name=\"HomeDirectory\">%%1793</Data>\n+    <Data Name=\"HomePath\">%%1793</Data>\n+    <Data Name=\"ScriptPath\">%%1793</Data>\n+    <Data Name=\"ProfilePath\">%%1793</Data>\n+    <Data Name=\"UserWorkstations\">%%1793</Data>\n+    <Data Name=\"PasswordLastSet\">%%1794</Data>\n+    <Data Name=\"AccountExpires\">%%1794</Data>\n+    <Data Name=\"PrimaryGroupId\">513</Data>\n+    <Data Name=\"AllowedToDelegateTo\">-</Data>\n+    <Data Name=\"OldUacValue\">0x0</Data>\n+    <Data Name=\"NewUacValue\">0x15</Data>\n+    <Data Name=\"UserAccountControl\">%%2080 %%2082 %%2084</Data>\n+    <Data Name=\"UserParameters\">%%1793</Data>\n+    <Data Name=\"SidHistory\">-</Data>\n+    <Data Name=\"LogonHours\">%%1797</Data>\n+    <Data Name=\"PrivilegeList\">-</Data>\n+  </EventData>\n+</Event>"
    },
    {
      "sha": "a0338842e44e40e977d8fa60baaccba4d4b3e3be",
      "filename": "microsoft/tests/inputs/eid-4732.xml",
      "status": "added",
      "additions": 28,
      "deletions": 0,
      "changes": 28,
      "blob_url": "https://github.com/tenzir/library/blob/b3bf5a42f796ac7cd53158de61444477d1e3484f/microsoft%2Ftests%2Finputs%2Feid-4732.xml",
      "raw_url": "https://github.com/tenzir/library/raw/b3bf5a42f796ac7cd53158de61444477d1e3484f/microsoft%2Ftests%2Finputs%2Feid-4732.xml",
      "contents_url": "https://api.github.com/repos/tenzir/library/contents/microsoft%2Ftests%2Finputs%2Feid-4732.xml?ref=b3bf5a42f796ac7cd53158de61444477d1e3484f",
      "patch": "@@ -0,0 +1,28 @@\n+<Event xmlns=\"http://schemas.microsoft.com/win/2004/08/events/event\">\n+  <System>\n+    <Provider Name=\"Microsoft-Windows-Security-Auditing\" Guid=\"{5770385F-C994-4D63-B9EC-B6FE73E0CE8A}\"/>\n+    <EventID>4732</EventID>\n+    <Version>0</Version>\n+    <Level>0</Level>\n+    <Task>13826</Task>\n+    <Keywords>0x8020000000000000</Keywords>\n+    <TimeCreated SystemTime=\"2024-03-23T12:34:56.789012300Z\"/>\n+    <EventRecordID>98768</EventRecordID>\n+    <Correlation ActivityID=\"{abc123-def456}\"/>\n+    <Execution ProcessID=\"4\" ThreadID=\"72\"/>\n+    <Channel>Security</Channel>\n+    <Computer>WINHOST01.corp.local</Computer>\n+  </System>\n+  <EventData>\n+    <Data Name=\"SubjectUserSid\">S-1-5-21-3107921522-2185401913-891411500-1104</Data>\n+    <Data Name=\"SubjectUserName\">jdoe</Data>\n+    <Data Name=\"SubjectDomainName\">CORP</Data>\n+    <Data Name=\"SubjectLogonId\">0xA1B2C3</Data>\n+    <Data Name=\"MemberName\">CN=backdoor_svc,CN=Users,DC=corp,DC=local</Data>\n+    <Data Name=\"MemberSid\">S-1-5-21-3107921522-2185401913-891411500-1500</Data>\n+    <Data Name=\"TargetUserName\">Administrators</Data>\n+    <Data Name=\"TargetDomainName\">Builtin</Data>\n+    <Data Name=\"TargetSid\">S-1-5-32-544</Data>\n+    <Data Name=\"PrivilegeList\">-</Data>\n+  </EventData>\n+</Event>"
    },
    {
      "sha": "a6330196f1ee985642308337923400d0a4f7119a",
      "filename": "microsoft/tests/inputs/eid-4769.xml",
      "status": "added",
      "additions": 29,
      "deletions": 0,
      "changes": 29,
      "blob_url": "https://github.com/tenzir/library/blob/b3bf5a42f796ac7cd53158de61444477d1e3484f/microsoft%2Ftests%2Finputs%2Feid-4769.xml",
      "raw_url": "https://github.com/tenzir/library/raw/b3bf5a42f796ac7cd53158de61444477d1e3484f/microsoft%2Ftests%2Finputs%2Feid-4769.xml",
      "contents_url": "https://api.github.com/repos/tenzir/library/contents/microsoft%2Ftests%2Finputs%2Feid-4769.xml?ref=b3bf5a42f796ac7cd53158de61444477d1e3484f",
      "patch": "@@ -0,0 +1,29 @@\n+<Event xmlns=\"http://schemas.microsoft.com/win/2004/08/events/event\">\n+  <System>\n+    <Provider Name=\"Microsoft-Windows-Security-Auditing\" Guid=\"{5770385F-C994-4D63-B9EC-B6FE73E0CE8A}\"/>\n+    <EventID>4769</EventID>\n+    <Version>0</Version>\n+    <Level>0</Level>\n+    <Task>14337</Task>\n+    <Keywords>0x8020000000000000</Keywords>\n+    <TimeCreated SystemTime=\"2024-03-23T12:34:56.789012300Z\"/>\n+    <EventRecordID>98769</EventRecordID>\n+    <Correlation ActivityID=\"{abc123-def456}\"/>\n+    <Execution ProcessID=\"4\" ThreadID=\"72\"/>\n+    <Channel>Security</Channel>\n+    <Computer>DC01.corp.local</Computer>\n+  </System>\n+  <EventData>\n+    <Data Name=\"TargetUserName\">jdoe@CORP.LOCAL</Data>\n+    <Data Name=\"TargetDomainName\">CORP.LOCAL</Data>\n+    <Data Name=\"ServiceName\">cifs/fileserver.corp.local</Data>\n+    <Data Name=\"ServiceSid\">S-1-5-21-3107921522-2185401913-891411500-1103</Data>\n+    <Data Name=\"TicketOptions\">0x40810000</Data>\n+    <Data Name=\"TicketEncryptionType\">0x12</Data>\n+    <Data Name=\"IpAddress\">::ffff:10.0.0.42</Data>\n+    <Data Name=\"IpPort\">49827</Data>\n+    <Data Name=\"Status\">0x0</Data>\n+    <Data Name=\"LogonGuid\">{B4C8A1F2-3D9E-4A12-8B7C-1F2E3D4A5B6C}</Data>\n+    <Data Name=\"TransmittedServices\">-</Data>\n+  </EventData>\n+</Event>"
    },
    {
      "sha": "813dba03d674c1cd16e2b58b7ebfaf0013f6dd0d",
      "filename": "microsoft/tests/inputs/eid-4771.xml",
      "status": "added",
      "additions": 29,
      "deletions": 0,
      "changes": 29,
      "blob_url": "https://github.com/tenzir/library/blob/b3bf5a42f796ac7cd53158de61444477d1e3484f/microsoft%2Ftests%2Finputs%2Feid-4771.xml",
      "raw_url": "https://github.com/tenzir/library/raw/b3bf5a42f796ac7cd53158de61444477d1e3484f/microsoft%2Ftests%2Finputs%2Feid-4771.xml",
      "contents_url": "https://api.github.com/repos/tenzir/library/contents/microsoft%2Ftests%2Finputs%2Feid-4771.xml?ref=b3bf5a42f796ac7cd53158de61444477d1e3484f",
      "patch": "@@ -0,0 +1,29 @@\n+<Event xmlns=\"http://schemas.microsoft.com/win/2004/08/events/event\">\n+  <System>\n+    <Provider Name=\"Microsoft-Windows-Security-Auditing\" Guid=\"{5770385F-C994-4D63-B9EC-B6FE73E0CE8A}\"/>\n+    <EventID>4771</EventID>\n+    <Version>0</Version>\n+    <Level>0</Level>\n+    <Task>14339</Task>\n+    <Keywords>0x8020000000000000</Keywords>\n+    <TimeCreated SystemTime=\"2024-03-23T12:34:56.789012300Z\"/>\n+    <EventRecordID>98770</EventRecordID>\n+    <Correlation ActivityID=\"{abc123-def456}\"/>\n+    <Execution ProcessID=\"4\" ThreadID=\"72\"/>\n+    <Channel>Security</Channel>\n+    <Computer>DC01.corp.local</Computer>\n+  </System>\n+  <EventData>\n+    <Data Name=\"TargetUserName\">krbtgt</Data>\n+    <Data Name=\"TargetSid\">S-1-5-21-3107921522-2185401913-891411500-502</Data>\n+    <Data Name=\"ServiceName\">krbtgt/CORP.LOCAL</Data>\n+    <Data Name=\"TicketOptions\">0x40810010</Data>\n+    <Data Name=\"Status\">0x18</Data>\n+    <Data Name=\"PreAuthType\">2</Data>\n+    <Data Name=\"IpAddress\">::ffff:10.0.0.42</Data>\n+    <Data Name=\"IpPort\">49827</Data>\n+    <Data Name=\"CertIssuerName\">-</Data>\n+    <Data Name=\"CertSerialNumber\">-</Data>\n+    <Data Name=\"CertThumbprint\">-</Data>\n+  </EventData>\n+</Event>"
    },
    {
      "sha": "c6c148a415f84b2eb436e7f49797312d67521366",
      "filename": "microsoft/tests/inputs/eid-4776.xml",
      "status": "added",
      "additions": 22,
      "deletions": 0,
      "changes": 22,
      "blob_url": "https://github.com/tenzir/library/blob/b3bf5a42f796ac7cd53158de61444477d1e3484f/microsoft%2Ftests%2Finputs%2Feid-4776.xml",
      "raw_url": "https://github.com/tenzir/library/raw/b3bf5a42f796ac7cd53158de61444477d1e3484f/microsoft%2Ftests%2Finputs%2Feid-4776.xml",
      "contents_url": "https://api.github.com/repos/tenzir/library/contents/microsoft%2Ftests%2Finputs%2Feid-4776.xml?ref=b3bf5a42f796ac7cd53158de61444477d1e3484f",
      "patch": "@@ -0,0 +1,22 @@\n+<Event xmlns=\"http://schemas.microsoft.com/win/2004/08/events/event\">\n+  <System>\n+    <Provider Name=\"Microsoft-Windows-Security-Auditing\" Guid=\"{5770385F-C994-4D63-B9EC-B6FE73E0CE8A}\"/>\n+    <EventID>4776</EventID>\n+    <Version>0</Version>\n+    <Level>0</Level>\n+    <Task>14336</Task>\n+    <Keywords>0x8020000000000000</Keywords>\n+    <TimeCreated SystemTime=\"2024-03-23T12:34:56.789012300Z\"/>\n+    <EventRecordID>98771</EventRecordID>\n+    <Correlation ActivityID=\"{abc123-def456}\"/>\n+    <Execution ProcessID=\"4\" ThreadID=\"72\"/>\n+    <Channel>Security</Channel>\n+    <Computer>DC01.corp.local</Computer>\n+  </System>\n+  <EventData>\n+    <Data Name=\"PackageName\">MICROSOFT_AUTHENTICATION_PACKAGE_V1_0</Data>\n+    <Data Name=\"TargetUserName\">Administrator</Data>\n+    <Data Name=\"Workstation\">WINHOST01</Data>\n+    <Data Name=\"Status\">0xC000006A</Data>\n+  </EventData>\n+</Event>"
    },
    {
      "sha": "7c035e0b89b0ca7776eefdab5a5455bd7b6f77c5",
      "filename": "microsoft/tests/inputs/eid-6005.xml",
      "status": "added",
      "additions": 19,
      "deletions": 0,
      "changes": 19,
      "blob_url": "https://github.com/tenzir/library/blob/b3bf5a42f796ac7cd53158de61444477d1e3484f/microsoft%2Ftests%2Finputs%2Feid-6005.xml",
      "raw_url": "https://github.com/tenzir/library/raw/b3bf5a42f796ac7cd53158de61444477d1e3484f/microsoft%2Ftests%2Finputs%2Feid-6005.xml",
      "contents_url": "https://api.github.com/repos/tenzir/library/contents/microsoft%2Ftests%2Finputs%2Feid-6005.xml?ref=b3bf5a42f796ac7cd53158de61444477d1e3484f",
      "patch": "@@ -0,0 +1,19 @@\n+<Event xmlns=\"http://schemas.microsoft.com/win/2004/08/events/event\">\n+  <System>\n+    <Provider Name=\"EventLog\"/>\n+    <EventID>6005</EventID>\n+    <Version>0</Version>\n+    <Level>4</Level>\n+    <Task>0</Task>\n+    <Keywords>0x8080000000000000</Keywords>\n+    <TimeCreated SystemTime=\"2024-03-23T12:34:56.789012300Z\"/>\n+    <EventRecordID>1</EventRecordID>\n+    <Correlation/>\n+    <Execution ProcessID=\"4\" ThreadID=\"8\"/>\n+    <Channel>System</Channel>\n+    <Computer>WINHOST01.corp.local</Computer>\n+  </System>\n+  <EventData>\n+    <Data>The Event log service was started.</Data>\n+  </EventData>\n+</Event>"
    },
    {
      "sha": "4522cfbdb53fd7a1209d39cd9fe6aa70bf50a9f1",
      "filename": "microsoft/tests/inputs/eid-6006.xml",
      "status": "added",
      "additions": 19,
      "deletions": 0,
      "changes": 19,
      "blob_url": "https://github.com/tenzir/library/blob/b3bf5a42f796ac7cd53158de61444477d1e3484f/microsoft%2Ftests%2Finputs%2Feid-6006.xml",
      "raw_url": "https://github.com/tenzir/library/raw/b3bf5a42f796ac7cd53158de61444477d1e3484f/microsoft%2Ftests%2Finputs%2Feid-6006.xml",
      "contents_url": "https://api.github.com/repos/tenzir/library/contents/microsoft%2Ftests%2Finputs%2Feid-6006.xml?ref=b3bf5a42f796ac7cd53158de61444477d1e3484f",
      "patch": "@@ -0,0 +1,19 @@\n+<Event xmlns=\"http://schemas.microsoft.com/win/2004/08/events/event\">\n+  <System>\n+    <Provider Name=\"EventLog\"/>\n+    <EventID>6006</EventID>\n+    <Version>0</Version>\n+    <Level>4</Level>\n+    <Task>0</Task>\n+    <Keywords>0x8080000000000000</Keywords>\n+    <TimeCreated SystemTime=\"2024-03-23T12:34:58.123456700Z\"/>\n+    <EventRecordID>2</EventRecordID>\n+    <Correlation/>\n+    <Execution ProcessID=\"4\" ThreadID=\"8\"/>\n+    <Channel>System</Channel>\n+    <Computer>WINHOST01.corp.local</Computer>\n+  </System>\n+  <EventData>\n+    <Data>The Event log service was stopped.</Data>\n+  </EventData>\n+</Event>"
    },
    {
      "sha": "eeccccac20d7cd33f473e529e6f9d3bad17a139b",
      "filename": "microsoft/tests/inputs/eid-7034.xml",
      "status": "added",
      "additions": 21,
      "deletions": 0,
      "changes": 21,
      "blob_url": "https://github.com/tenzir/library/blob/b3bf5a42f796ac7cd53158de61444477d1e3484f/microsoft%2Ftests%2Finputs%2Feid-7034.xml",
      "raw_url": "https://github.com/tenzir/library/raw/b3bf5a42f796ac7cd53158de61444477d1e3484f/microsoft%2Ftests%2Finputs%2Feid-7034.xml",
      "contents_url": "https://api.github.com/repos/tenzir/library/contents/microsoft%2Ftests%2Finputs%2Feid-7034.xml?ref=b3bf5a42f796ac7cd53158de61444477d1e3484f",
      "patch": "@@ -0,0 +1,21 @@\n+<Event xmlns=\"http://schemas.microsoft.com/win/2004/08/events/event\">\n+  <System>\n+    <Provider Name=\"Service Control Manager\" Guid=\"{555908D1-A6D7-4695-8E1E-26931D2012F4}\"\n+              EventSourceName=\"Service Control Manager\"/>\n+    <EventID Qualifiers=\"49152\">7034</EventID>\n+    <Version>0</Version>\n+    <Level>2</Level>\n+    <Task>0</Task>\n+    <Keywords>0x8080000000000000</Keywords>\n+    <TimeCreated SystemTime=\"2024-03-23T12:35:01.000000000Z\"/>\n+    <EventRecordID>44321</EventRecordID>\n+    <Correlation/>\n+    <Execution ProcessID=\"724\" ThreadID=\"3532\"/>\n+    <Channel>System</Channel>\n+    <Computer>WINHOST01.corp.local</Computer>\n+  </System>\n+  <EventData>\n+    <Data Name=\"param1\">PayloadSvc</Data>\n+    <Data Name=\"param2\">1</Data>\n+  </EventData>\n+</Event>"
    },
    {
      "sha": "37882d366cda4310cd1aa7cd8d8d1cc425f129e3",
      "filename": "microsoft/tests/inputs/eid-7045.xml",
      "status": "added",
      "additions": 24,
      "deletions": 0,
      "changes": 24,
      "blob_url": "https://github.com/tenzir/library/blob/b3bf5a42f796ac7cd53158de61444477d1e3484f/microsoft%2Ftests%2Finputs%2Feid-7045.xml",
      "raw_url": "https://github.com/tenzir/library/raw/b3bf5a42f796ac7cd53158de61444477d1e3484f/microsoft%2Ftests%2Finputs%2Feid-7045.xml",
      "contents_url": "https://api.github.com/repos/tenzir/library/contents/microsoft%2Ftests%2Finputs%2Feid-7045.xml?ref=b3bf5a42f796ac7cd53158de61444477d1e3484f",
      "patch": "@@ -0,0 +1,24 @@\n+<Event xmlns=\"http://schemas.microsoft.com/win/2004/08/events/event\">\n+  <System>\n+    <Provider Name=\"Service Control Manager\" Guid=\"{555908D1-A6D7-4695-8E1E-26931D2012F4}\"\n+              EventSourceName=\"Service Control Manager\"/>\n+    <EventID Qualifiers=\"16384\">7045</EventID>\n+    <Version>0</Version>\n+    <Level>4</Level>\n+    <Task>0</Task>\n+    <Keywords>0x8080000000000000</Keywords>\n+    <TimeCreated SystemTime=\"2024-03-23T12:34:56.789012300Z\"/>\n+    <EventRecordID>44322</EventRecordID>\n+    <Correlation/>\n+    <Execution ProcessID=\"724\" ThreadID=\"3532\"/>\n+    <Channel>System</Channel>\n+    <Computer>WINHOST01.corp.local</Computer>\n+  </System>\n+  <EventData>\n+    <Data Name=\"ServiceName\">PayloadSvc</Data>\n+    <Data Name=\"ImagePath\">C:\\tmp\\payload.exe --svc</Data>\n+    <Data Name=\"ServiceType\">Own Process</Data>\n+    <Data Name=\"StartType\">Auto Start</Data>\n+    <Data Name=\"AccountName\">LocalSystem</Data>\n+  </EventData>\n+</Event>"
    },
    {
      "sha": "af06c46ac3f4b20e7239e1e0a9f9cb9b5d3d395a",
      "filename": "microsoft/tests/ocsf/eid-1000.tql",
      "status": "added",
      "additions": 10,
      "deletions": 0,
      "changes": 10,
      "blob_url": "https://github.com/tenzir/library/blob/b3bf5a42f796ac7cd53158de61444477d1e3484f/microsoft%2Ftests%2Focsf%2Feid-1000.tql",
      "raw_url": "https://github.com/tenzir/library/raw/b3bf5a42f796ac7cd53158de61444477d1e3484f/microsoft%2Ftests%2Focsf%2Feid-1000.tql",
      "contents_url": "https://api.github.com/repos/tenzir/library/contents/microsoft%2Ftests%2Focsf%2Feid-1000.tql?ref=b3bf5a42f796ac7cd53158de61444477d1e3484f",
      "patch": "@@ -0,0 +1,10 @@\n+from_file f\"{env(\"TENZIR_INPUTS\")}/eid-1000.xml\" {\n+  read_all\n+}\n+microsoft::windows::ocsf::map data\n+this = ocsf\n+ocsf::derive\n+ocsf::cast\n+\n+// Ensure deterministic tests.\n+drop metadata.processed_time"
    },
    {
      "sha": "eb1a64919c432a409ada2ef45e7ee3bb6a7771c0",
      "filename": "microsoft/tests/ocsf/eid-1000.txt",
      "status": "added",
      "additions": 77,
      "deletions": 0,
      "changes": 77,
      "blob_url": "https://github.com/tenzir/library/blob/b3bf5a42f796ac7cd53158de61444477d1e3484f/microsoft%2Ftests%2Focsf%2Feid-1000.txt",
      "raw_url": "https://github.com/tenzir/library/raw/b3bf5a42f796ac7cd53158de61444477d1e3484f/microsoft%2Ftests%2Focsf%2Feid-1000.txt",
      "contents_url": "https://api.github.com/repos/tenzir/library/contents/microsoft%2Ftests%2Focsf%2Feid-1000.txt?ref=b3bf5a42f796ac7cd53158de61444477d1e3484f",
      "patch": "@@ -0,0 +1,77 @@\n+{\n+  activity_id: 2,\n+  activity_name: \"Terminate\",\n+  category_name: \"System Activity\",\n+  category_uid: 1,\n+  class_name: \"Process Activity\",\n+  class_uid: 1007,\n+  device: {\n+    hostname: \"WINHOST01.corp.local\",\n+  },\n+  metadata: {\n+    event_code: \"1000\",\n+    extensions: [\n+      {\n+        name: \"win\",\n+      },\n+    ],\n+    log_format: \"xml\",\n+    log_level: \"2\",\n+    log_name: \"Application\",\n+    log_version: \"0\",\n+    logged_time: 2024-03-23T12:35:01Z,\n+    original_event_uid: \"8001\",\n+    product: {\n+      name: \"Application Error\",\n+      uid: null,\n+      vendor_name: \"Microsoft\",\n+    },\n+    profiles: [\n+      \"host\",\n+    ],\n+    version: \"1.7.0\",\n+  },\n+  process: {\n+    file: {\n+      name: \"payload.exe\",\n+      path: \"C:\\\\tmp\\\\payload.exe\",\n+      type: \"Executable File\",\n+      type_id: 8,\n+      version: \"0.0.0.0\",\n+    },\n+    name: \"payload.exe\",\n+    path: \"C:\\\\tmp\\\\payload.exe\",\n+    pid: 6732,\n+  },\n+  raw_data: \"<Event xmlns=\\\"http://schemas.microsoft.com/win/2004/08/events/event\\\">\\n  <System>\\n    <Provider Name=\\\"Application Error\\\"/>\\n    <EventID Qualifiers=\\\"0\\\">1000</EventID>\\n    <Version>0</Version>\\n    <Level>2</Level>\\n    <Task>100</Task>\\n    <Keywords>0x80000000000000</Keywords>\\n    <TimeCreated SystemTime=\\\"2024-03-23T12:35:01.000000000Z\\\"/>\\n    <EventRecordID>8001</EventRecordID>\\n    <Correlation/>\\n    <Execution ProcessID=\\\"0\\\" ThreadID=\\\"0\\\"/>\\n    <Channel>Application</Channel>\\n    <Computer>WINHOST01.corp.local</Computer>\\n  </System>\\n  <EventData>\\n    <Data Name=\\\"param1\\\">payload.exe</Data>\\n    <Data Name=\\\"param2\\\">0.0.0.0</Data>\\n    <Data Name=\\\"param3\\\">67df1234</Data>\\n    <Data Name=\\\"param4\\\">payload.exe</Data>\\n    <Data Name=\\\"param5\\\">0.0.0.0</Data>\\n    <Data Name=\\\"param6\\\">67df1234</Data>\\n    <Data Name=\\\"param7\\\">c0000005</Data>\\n    <Data Name=\\\"param8\\\">000000000000a3f0</Data>\\n    <Data Name=\\\"param9\\\">0x1a4c</Data>\\n    <Data Name=\\\"param10\\\">01da7c3f0b9a1234</Data>\\n    <Data Name=\\\"param11\\\">C:\\\\tmp\\\\payload.exe</Data>\\n    <Data Name=\\\"param12\\\">C:\\\\tmp\\\\payload.exe</Data>\\n    <Data Name=\\\"param13\\\">f87a1b2c-3d4e-5f6a-7b8c-9d0e1f2a3b4c</Data>\\n  </EventData>\\n</Event>\\n\",\n+  raw_data_size: 1161,\n+  severity: \"Medium\",\n+  severity_id: 3,\n+  status: \"Failure\",\n+  status_code: \"c0000005\",\n+  status_id: 2,\n+  time: 2024-03-23T12:35:01Z,\n+  type_name: \"Process Activity: Terminate\",\n+  type_uid: 100702,\n+  unmapped: {\n+    System: {\n+      Task: 100,\n+      Keywords: \"0x80000000000000\",\n+      Correlation: null,\n+      Execution: {\n+        ProcessID: 0,\n+        ThreadID: 0,\n+      },\n+    },\n+    EventData: {\n+      param3: \"67df1234\",\n+      param4: \"payload.exe\",\n+      param5: 0.0.0.0,\n+      param6: \"67df1234\",\n+      param8: \"000000000000a3f0\",\n+      param10: \"01da7c3f0b9a1234\",\n+      param12: \"C:\\\\tmp\\\\payload.exe\",\n+      param13: \"f87a1b2c-3d4e-5f6a-7b8c-9d0e1f2a3b4c\",\n+    },\n+  },\n+}"
    },
    {
      "sha": "b597b8e51fcc387b85c86621c50b24d00bc6b749",
      "filename": "microsoft/tests/ocsf/eid-1001.tql",
      "status": "added",
      "additions": 10,
      "deletions": 0,
      "changes": 10,
      "blob_url": "https://github.com/tenzir/library/blob/b3bf5a42f796ac7cd53158de61444477d1e3484f/microsoft%2Ftests%2Focsf%2Feid-1001.tql",
      "raw_url": "https://github.com/tenzir/library/raw/b3bf5a42f796ac7cd53158de61444477d1e3484f/microsoft%2Ftests%2Focsf%2Feid-1001.tql",
      "contents_url": "https://api.github.com/repos/tenzir/library/contents/microsoft%2Ftests%2Focsf%2Feid-1001.tql?ref=b3bf5a42f796ac7cd53158de61444477d1e3484f",
      "patch": "@@ -0,0 +1,10 @@\n+from_file f\"{env(\"TENZIR_INPUTS\")}/eid-1001.xml\" {\n+  read_all\n+}\n+microsoft::windows::ocsf::map data\n+this = ocsf\n+ocsf::derive\n+ocsf::cast\n+\n+// Ensure deterministic tests.\n+drop metadata.processed_time"
    },
    {
      "sha": "f11b8061df293bab8146876a97888b607ccec810",
      "filename": "microsoft/tests/ocsf/eid-1001.txt",
      "status": "added",
      "additions": 77,
      "deletions": 0,
      "changes": 77,
      "blob_url": "https://github.com/tenzir/library/blob/b3bf5a42f796ac7cd53158de61444477d1e3484f/microsoft%2Ftests%2Focsf%2Feid-1001.txt",
      "raw_url": "https://github.com/tenzir/library/raw/b3bf5a42f796ac7cd53158de61444477d1e3484f/microsoft%2Ftests%2Focsf%2Feid-1001.txt",
      "contents_url": "https://api.github.com/repos/tenzir/library/contents/microsoft%2Ftests%2Focsf%2Feid-1001.txt?ref=b3bf5a42f796ac7cd53158de61444477d1e3484f",
      "patch": "@@ -0,0 +1,77 @@\n+{\n+  activity_id: 2,\n+  activity_name: \"Terminate\",\n+  category_name: \"System Activity\",\n+  category_uid: 1,\n+  class_name: \"Process Activity\",\n+  class_uid: 1007,\n+  device: {\n+    hostname: \"WINHOST01.corp.local\",\n+  },\n+  metadata: {\n+    event_code: \"1001\",\n+    extensions: [\n+      {\n+        name: \"win\",\n+      },\n+    ],\n+    log_format: \"xml\",\n+    log_level: \"4\",\n+    log_name: \"Application\",\n+    log_version: \"0\",\n+    logged_time: 2024-03-23T12:35:01Z,\n+    original_event_uid: \"8002\",\n+    product: {\n+      name: \"Windows Error Reporting\",\n+      uid: null,\n+      vendor_name: \"Microsoft\",\n+    },\n+    profiles: [\n+      \"host\",\n+    ],\n+    version: \"1.7.0\",\n+  },\n+  process: {\n+    file: {\n+      name: \"payload.exe\",\n+      path: \"C:\\\\tmp\\\\payload.exe\",\n+      type: \"Executable File\",\n+      type_id: 8,\n+      version: \"0.0.0.0\",\n+    },\n+    name: \"payload.exe\",\n+    path: \"C:\\\\tmp\\\\payload.exe\",\n+  },\n+  raw_data: \"<Event xmlns=\\\"http://schemas.microsoft.com/win/2004/08/events/event\\\">\\n  <System>\\n    <Provider Name=\\\"Windows Error Reporting\\\"/>\\n    <EventID Qualifiers=\\\"0\\\">1001</EventID>\\n    <Version>0</Version>\\n    <Level>4</Level>\\n    <Task>0</Task>\\n    <Keywords>0x80000000000000</Keywords>\\n    <TimeCreated SystemTime=\\\"2024-03-23T12:35:01.000000000Z\\\"/>\\n    <EventRecordID>8002</EventRecordID>\\n    <Correlation/>\\n    <Execution ProcessID=\\\"0\\\" ThreadID=\\\"0\\\"/>\\n    <Channel>Application</Channel>\\n    <Computer>WINHOST01.corp.local</Computer>\\n  </System>\\n  <EventData>\\n    <Data Name=\\\"param1\\\">1234567890</Data>\\n    <Data Name=\\\"param2\\\">APPCRASH</Data>\\n    <Data Name=\\\"param3\\\">Not available</Data>\\n    <Data Name=\\\"param4\\\">0</Data>\\n    <Data Name=\\\"param5\\\">payload.exe</Data>\\n    <Data Name=\\\"param6\\\">0.0.0.0</Data>\\n    <Data Name=\\\"param7\\\">payload.exe</Data>\\n    <Data Name=\\\"param8\\\">0.0.0.0</Data>\\n    <Data Name=\\\"param9\\\">c0000005</Data>\\n    <Data Name=\\\"param10\\\">000000000000a3f0</Data>\\n    <Data Name=\\\"param11\\\">f87a1b2c-3d4e-5f6a-7b8c-9d0e1f2a3b4c</Data>\\n    <Data Name=\\\"param12\\\">C:\\\\tmp\\\\payload.exe</Data>\\n    <Data Name=\\\"param13\\\">C:\\\\tmp\\\\payload.exe</Data>\\n  </EventData>\\n</Event>\\n\",\n+  raw_data_size: 1159,\n+  severity: \"Medium\",\n+  severity_id: 3,\n+  status: \"Failure\",\n+  status_code: \"c0000005\",\n+  status_id: 2,\n+  time: 2024-03-23T12:35:01Z,\n+  type_name: \"Process Activity: Terminate\",\n+  type_uid: 100702,\n+  unmapped: {\n+    System: {\n+      Task: 0,\n+      Keywords: \"0x80000000000000\",\n+      Correlation: null,\n+      Execution: {\n+        ProcessID: 0,\n+        ThreadID: 0,\n+      },\n+    },\n+    EventData: {\n+      param1: 1234567890,\n+      param2: \"APPCRASH\",\n+      param3: \"Not available\",\n+      param4: 0,\n+      param7: \"payload.exe\",\n+      param8: 0.0.0.0,\n+      param10: \"000000000000a3f0\",\n+      param11: \"f87a1b2c-3d4e-5f6a-7b8c-9d0e1f2a3b4c\",\n+      param13: \"C:\\\\tmp\\\\payload.exe\",\n+    },\n+  },\n+}"
    },
    {
      "sha": "2ad59209d000fcb36d6520dd9ab56ced58f455b3",
      "filename": "microsoft/tests/ocsf/eid-1002.tql",
      "status": "added",
      "additions": 10,
      "deletions": 0,
      "changes": 10,
      "blob_url": "https://github.com/tenzir/library/blob/b3bf5a42f796ac7cd53158de61444477d1e3484f/microsoft%2Ftests%2Focsf%2Feid-1002.tql",
      "raw_url": "https://github.com/tenzir/library/raw/b3bf5a42f796ac7cd53158de61444477d1e3484f/microsoft%2Ftests%2Focsf%2Feid-1002.tql",
      "contents_url": "https://api.github.com/repos/tenzir/library/contents/microsoft%2Ftests%2Focsf%2Feid-1002.tql?ref=b3bf5a42f796ac7cd53158de61444477d1e3484f",
      "patch": "@@ -0,0 +1,10 @@\n+from_file f\"{env(\"TENZIR_INPUTS\")}/eid-1002.xml\" {\n+  read_all\n+}\n+microsoft::windows::ocsf::map data\n+this = ocsf\n+ocsf::derive\n+ocsf::cast\n+\n+// Ensure deterministic tests.\n+drop metadata.processed_time"
    },
    {
      "sha": "4930b1f334caa26fe310f5c2ef331b3022346b03",
      "filename": "microsoft/tests/ocsf/eid-1002.txt",
      "status": "added",
      "additions": 73,
      "deletions": 0,
      "changes": 73,
      "blob_url": "https://github.com/tenzir/library/blob/b3bf5a42f796ac7cd53158de61444477d1e3484f/microsoft%2Ftests%2Focsf%2Feid-1002.txt",
      "raw_url": "https://github.com/tenzir/library/raw/b3bf5a42f796ac7cd53158de61444477d1e3484f/microsoft%2Ftests%2Focsf%2Feid-1002.txt",
      "contents_url": "https://api.github.com/repos/tenzir/library/contents/microsoft%2Ftests%2Focsf%2Feid-1002.txt?ref=b3bf5a42f796ac7cd53158de61444477d1e3484f",
      "patch": "@@ -0,0 +1,73 @@\n+{\n+  activity_id: 2,\n+  activity_name: \"Terminate\",\n+  category_name: \"System Activity\",\n+  category_uid: 1,\n+  class_name: \"Process Activity\",\n+  class_uid: 1007,\n+  device: {\n+    hostname: \"WINHOST01.corp.local\",\n+  },\n+  metadata: {\n+    event_code: \"1002\",\n+    extensions: [\n+      {\n+        name: \"win\",\n+      },\n+    ],\n+    log_format: \"xml\",\n+    log_level: \"2\",\n+    log_name: \"Application\",\n+    log_version: \"0\",\n+    logged_time: 2024-03-23T12:35:01Z,\n+    original_event_uid: \"8003\",\n+    product: {\n+      name: \"Application Hang\",\n+      uid: null,\n+      vendor_name: \"Microsoft\",\n+    },\n+    profiles: [\n+      \"host\",\n+    ],\n+    version: \"1.7.0\",\n+  },\n+  process: {\n+    file: {\n+      name: \"payload.exe\",\n+      path: \"C:\\\\tmp\\\\payload.exe\",\n+      type: \"Executable File\",\n+      type_id: 8,\n+      version: \"0.0.0.0\",\n+    },\n+    name: \"payload.exe\",\n+    path: \"C:\\\\tmp\\\\payload.exe\",\n+    pid: 6732,\n+  },\n+  raw_data: \"<Event xmlns=\\\"http://schemas.microsoft.com/win/2004/08/events/event\\\">\\n  <System>\\n    <Provider Name=\\\"Application Hang\\\"/>\\n    <EventID Qualifiers=\\\"0\\\">1002</EventID>\\n    <Version>0</Version>\\n    <Level>2</Level>\\n    <Task>101</Task>\\n    <Keywords>0x80000000000000</Keywords>\\n    <TimeCreated SystemTime=\\\"2024-03-23T12:35:01.000000000Z\\\"/>\\n    <EventRecordID>8003</EventRecordID>\\n    <Correlation/>\\n    <Execution ProcessID=\\\"0\\\" ThreadID=\\\"0\\\"/>\\n    <Channel>Application</Channel>\\n    <Computer>WINHOST01.corp.local</Computer>\\n  </System>\\n  <EventData>\\n    <Data Name=\\\"param1\\\">payload.exe</Data>\\n    <Data Name=\\\"param2\\\">0.0.0.0</Data>\\n    <Data Name=\\\"param3\\\">67df1234</Data>\\n    <Data Name=\\\"param4\\\">0x1a4c</Data>\\n    <Data Name=\\\"param5\\\">01da7c3f0b9a1234</Data>\\n    <Data Name=\\\"param6\\\">60000</Data>\\n    <Data Name=\\\"param7\\\">4</Data>\\n    <Data Name=\\\"param8\\\">f87a1b2c-3d4e-5f6a-7b8c-9d0e1f2a3b4c</Data>\\n    <Data Name=\\\"param9\\\">C:\\\\tmp\\\\payload.exe</Data>\\n  </EventData>\\n</Event>\\n\",\n+  raw_data_size: 966,\n+  severity: \"Medium\",\n+  severity_id: 3,\n+  status: \"Failure\",\n+  status_id: 2,\n+  time: 2024-03-23T12:35:01Z,\n+  type_name: \"Process Activity: Terminate\",\n+  type_uid: 100702,\n+  unmapped: {\n+    System: {\n+      Task: 101,\n+      Keywords: \"0x80000000000000\",\n+      Correlation: null,\n+      Execution: {\n+        ProcessID: 0,\n+        ThreadID: 0,\n+      },\n+    },\n+    EventData: {\n+      param3: \"67df1234\",\n+      param5: \"01da7c3f0b9a1234\",\n+      param6: 60000,\n+      param7: 4,\n+      param8: \"f87a1b2c-3d4e-5f6a-7b8c-9d0e1f2a3b4c\",\n+    },\n+  },\n+}"
    },
